#
# A fatal error has been detected by the Java Runtime Environment:
#
#  SIGSEGV (0xb) at pc=0x00007f3df0c129eb, pid=6454, tid=139904022333184
#
# JRE version: OpenJDK Runtime Environment (8.0_72-b15) (build 1.8.0_72-internal-b15)
# Java VM: OpenJDK 64-Bit Server VM (25.72-b15 mixed mode linux-amd64 compressed oops)
# Problematic frame:
# C  [libgdx-box2d64.so+0x219eb]  b2BlockAllocator::Allocate(int)+0x4b
#
# Failed to write core dump. Core dumps have been disabled. To enable core dumping, try "ulimit -c unlimited" before starting Java again
#
# If you would like to submit a bug report, please visit:
#   http://bugreport.java.com/bugreport/crash.jsp
# The crash happened outside the Java Virtual Machine in native code.
# See problematic frame for where to report the bug.
#

---------------  T H R E A D  ---------------

Current thread (0x00007f3e44477800):  JavaThread "LWJGL Application" [_thread_in_native, id=6481, stack(0x00007f3df17dc000,0x00007f3df18dd000)]

siginfo: si_signo: 11 (SIGSEGV), si_code: 1 (SEGV_MAPERR), si_addr: 0x0000002600000002

Registers:
RAX=0x0000002600000002, RBX=0x00007f3ddc4eff80, RCX=0x0000000000000002, RDX=0x00007f3ddc4eff80
RSP=0x00007f3df18db1d0, RBP=0x00007f3ddc4effb0, RSI=0x00000000000000b8, RDI=0x00007f3ddc4eff80
R8 =0x0000000000000001, R9 =0x0000000000000001, R10=0x0000000000000000, R11=0x0000000000000001
R12=0x0000000000000000, R13=0x0000000000000006, R14=0x00007f3df18db608, R15=0x00007f3e44477800
RIP=0x00007f3df0c129eb, EFLAGS=0x0000000000010202, CSGSFS=0x0000000000000033, ERR=0x0000000000000004
  TRAPNO=0x000000000000000e

Top of Stack: (sp=0x00007f3df18db1d0)
0x00007f3df18db1d0:   00007f3ddc51f3d0 00007f3ddc4eff80
0x00007f3df18db1e0:   00007f3df18db230 0000000000000000
0x00007f3df18db1f0:   00007f3df0b826e0 00007f3df0c282af
0x00007f3df18db200:   00000000dc4eff80 0000000000000000
0x00007f3df18db210:   000000003ff1463b 00000000d876dbe0
0x00007f3df18db220:   00007f3df18db2e0 00007f3df0c2e020
0x00007f3df18db230:   40bef2bd00000002 000000004560f5f8
0x00007f3df18db240:   0000000000000000 0000000000000000
0x00007f3df18db250:   0000010100000000 0000000000000001
0x00007f3df18db260:   0000000000000000 00007f3d3f800000
0x00007f3df18db270:   00007f3ddca58590 00007f3e354917a3
0x00007f3df18db280:   0000000000000000 0000000000000000
0x00007f3df18db290:   0000000000000001 000000003f800000
0x00007f3df18db2a0:   00000000d876dbe0 00007f3e35491378
0x00007f3df18db2b0:   00000000ffffffff 0000000000000000
0x00007f3df18db2c0:   00000000d8792888 00007f3e44477800
0x00007f3df18db2d0:   00002000000002d1 00000000d8792938
0x00007f3df18db2e0:   00007f3df18db5c8 00007f3e3549087c
0x00007f3df18db2f0:   00007f3e00000000 00007f3e00000001
0x00007f3df18db300:   00007f3d3f800000 00007f3e3549bcec
0x00007f3df18db310:   00007f3e00000000 0000000000000000
0x00007f3df18db320:   00007f3df18db360 00007f3df0c25874
0x00007f3df18db330:   bdd67750490ba000 bdd613053f7e98fd
0x00007f3df18db340:   00007f3e490ba000 00007f3df18db3c0
0x00007f3df18db350:   0000000000000000 00007f3df0c2c32d
0x00007f3df18db360:   4560fafc403ef2bd 0000000000000000
0x00007f3df18db370:   0000000040800000 00007f3e3553039e
0x00007f3df18db380:   00000000d8792888 00007f3e35490184
0x00007f3df18db390:   00007f3df18db5c8 00000000d876dbe0
0x00007f3df18db3a0:   00007f3ddc51f3d0 00000000d8792938
0x00007f3df18db3b0:   00000000d8792888 00007f3e44477800
0x00007f3df18db3c0:   00007f3df18db5c8 00007f3e3549cfbc 

Instructions: (pc=0x00007f3df0c129eb)
0x00007f3df0c129cb:   0f b6 04 30 3c 0d 44 0f b6 e8 0f 87 ae 01 00 00
0x00007f3df0c129db:   48 8d 2c c7 48 89 fb 48 8b 45 10 48 85 c0 74 35
0x00007f3df0c129eb:   48 8b 10 48 89 c7 48 89 f8 48 89 55 10 48 83 c4
0x00007f3df0c129fb:   08 5b 5d 41 5c 41 5d c3 0f 1f 44 00 00 48 83 c4 

Register to memory mapping:

RAX=0x0000002600000002 is an unknown value
RBX=0x00007f3ddc4eff80 is an unknown value
RCX=0x0000000000000002 is an unknown value
RDX=0x00007f3ddc4eff80 is an unknown value
RSP=0x00007f3df18db1d0 is pointing into the stack for thread: 0x00007f3e44477800
RBP=0x00007f3ddc4effb0 is an unknown value
RSI=0x00000000000000b8 is an unknown value
RDI=0x00007f3ddc4eff80 is an unknown value
R8 =0x0000000000000001 is an unknown value
R9 =0x0000000000000001 is an unknown value
R10=0x0000000000000000 is an unknown value
R11=0x0000000000000001 is an unknown value
R12=0x0000000000000000 is an unknown value
R13=0x0000000000000006 is an unknown value
R14=0x00007f3df18db608 is pointing into the stack for thread: 0x00007f3e44477800
R15=0x00007f3e44477800 is a thread


Stack: [0x00007f3df17dc000,0x00007f3df18dd000],  sp=0x00007f3df18db1d0,  free space=1020k
Native frames: (J=compiled Java code, j=interpreted, Vv=VM code, C=native code)
C  [libgdx-box2d64.so+0x219eb]  b2BlockAllocator::Allocate(int)+0x4b

Java frames: (J=compiled Java code, j=interpreted, Vv=VM code)
J 1341  com.badlogic.gdx.physics.box2d.World.jniCreateBody(JIFFFFFFFFZZZZZF)J (0 bytes) @ 0x00007f3e35491699 [0x00007f3e35491640+0x59]
J 1340 C1 com.badlogic.gdx.physics.box2d.World.createBody(Lcom/badlogic/gdx/physics/box2d/BodyDef;)Lcom/badlogic/gdx/physics/box2d/Body; (120 bytes) @ 0x00007f3e3549087c [0x00007f3e354906e0+0x19c]
J 1347 C1 ru.wtf.sprites.SimpleWallPart.addToWorld(FFF)V (69 bytes) @ 0x00007f3e3549cfbc [0x00007f3e3549ce40+0x17c]
J 1515 C1 ru.wtf.objects.SimpleWallManager.buildNextBody(FFFFLru/wtf/objects/WallType;)Lru/wtf/sprites/SimpleWallPart; (47 bytes) @ 0x00007f3e35534594 [0x00007f3e35534480+0x114]
j  ru.wtf.objects.SimpleWallManager.buildRow(FFFFLru/wtf/objects/WallType;)V+56
j  ru.wtf.objects.SimpleWallManager.buildWall(FFFIFLru/wtf/objects/WallType;)V+110
J 1471 C1 ru.wtf.screens.GameScreen.wallGeneration()V (92 bytes) @ 0x00007f3e35518094 [0x00007f3e35517b20+0x574]
J 1461 C1 ru.wtf.screens.GameScreen.render(F)V (221 bytes) @ 0x00007f3e35502fbc [0x00007f3e35502520+0xa9c]
J 1449 C1 ru.wtf.MyGdxGame.render()V (5 bytes) @ 0x00007f3e354fb0bc [0x00007f3e354faee0+0x1dc]
j  com.badlogic.gdx.backends.lwjgl.LwjglApplication.mainLoop()V+684
j  com.badlogic.gdx.backends.lwjgl.LwjglApplication$1.run()V+27
v  ~StubRoutines::call_stub

---------------  P R O C E S S  ---------------

Java Threads: ( => current thread )
  0x00007f3ddc01c800 JavaThread "process reaper" daemon [_thread_blocked, id=6483, stack(0x00007f3df17a3000,0x00007f3df17dc000)]
  0x00007f3e4400b000 JavaThread "DestroyJavaVM" [_thread_blocked, id=6461, stack(0x00007f3e4d114000,0x00007f3e4d215000)]
=>0x00007f3e44477800 JavaThread "LWJGL Application" [_thread_in_native, id=6481, stack(0x00007f3df17dc000,0x00007f3df18dd000)]
  0x00007f3e443d2000 JavaThread "AWT-XAWT" daemon [_thread_in_native, id=6477, stack(0x00007f3e1899e000,0x00007f3e18a9f000)]
  0x00007f3e443b5000 JavaThread "Java2D Disposer" daemon [_thread_blocked, id=6476, stack(0x00007f3e18eaf000,0x00007f3e18fb0000)]
  0x00007f3e440c2800 JavaThread "Service Thread" daemon [_thread_blocked, id=6473, stack(0x00007f3e1b0e5000,0x00007f3e1b1e6000)]
  0x00007f3e440b3000 JavaThread "C1 CompilerThread2" daemon [_thread_blocked, id=6472, stack(0x00007f3e1b1e6000,0x00007f3e1b2e7000)]
  0x00007f3e440b1000 JavaThread "C2 CompilerThread1" daemon [_thread_blocked, id=6471, stack(0x00007f3e1b2e7000,0x00007f3e1b3e8000)]
  0x00007f3e440ae000 JavaThread "C2 CompilerThread0" daemon [_thread_in_native, id=6470, stack(0x00007f3e1b3e8000,0x00007f3e1b4e9000)]
  0x00007f3e440ac000 JavaThread "Signal Dispatcher" daemon [_thread_blocked, id=6469, stack(0x00007f3e1b4e9000,0x00007f3e1b5ea000)]
  0x00007f3e44084800 JavaThread "Finalizer" daemon [_thread_blocked, id=6468, stack(0x00007f3e1bdfe000,0x00007f3e1beff000)]
  0x00007f3e44080000 JavaThread "Reference Handler" daemon [_thread_blocked, id=6467, stack(0x00007f3e1beff000,0x00007f3e1c000000)]

Other Threads:
  0x00007f3e44078800 VMThread [stack: 0x00007f3e2c09f000,0x00007f3e2c1a0000] [id=6466]
  0x00007f3e440c5000 WatcherThread [stack: 0x00007f3e1afe4000,0x00007f3e1b0e5000] [id=6474]

VM state:not at safepoint (normal execution)

VM Mutex/Monitor currently owned by a thread: None

Heap:
 PSYoungGen      total 37888K, used 16664K [0x00000000d6700000, 0x00000000d9100000, 0x0000000100000000)
  eden space 32768K, 35% used [0x00000000d6700000,0x00000000d724b1c0,0x00000000d8700000)
  from space 5120K, 99% used [0x00000000d8700000,0x00000000d8bfaed0,0x00000000d8c00000)
  to   space 5120K, 0% used [0x00000000d8c00000,0x00000000d8c00000,0x00000000d9100000)
 ParOldGen       total 86016K, used 158K [0x0000000083400000, 0x0000000088800000, 0x00000000d6700000)
  object space 86016K, 0% used [0x0000000083400000,0x0000000083427bc0,0x0000000088800000)
 Metaspace       used 10793K, capacity 10981K, committed 11136K, reserved 1058816K
  class space    used 986K, capacity 1064K, committed 1152K, reserved 1048576K

Card table byte_map: [0x00007f3e494d4000,0x00007f3e498bb000] byte_map_base: 0x00007f3e490ba000

Marking Bits: (ParMarkBitMap*) 0x00007f3e4c3f1080
 Begin Bits: [0x00007f3e2c1a0000, 0x00007f3e2e0d0000)
 End Bits:   [0x00007f3e2e0d0000, 0x00007f3e30000000)

Polling page: 0x00007f3e4d23a000

CodeCache: size=245760Kb used=5542Kb max_used=5547Kb free=240217Kb
 bounds [0x00007f3e35000000, 0x00007f3e35580000, 0x00007f3e44000000]
 total_blobs=2177 nmethods=1564 adapters=527
 compilation: enabled

Compilation events (10 events):
Event: 25,371 Thread 0x00007f3e440b3000 nmethod 1559 0x00007f3e35550f90 code [0x00007f3e35551100, 0x00007f3e355512a8]
Event: 25,505 Thread 0x00007f3e440b1000 1561       4       com.badlogic.gdx.utils.FloatArray::get (54 bytes)
Event: 25,505 Thread 0x00007f3e440b3000 1562       3       com.badlogic.gdx.graphics.g2d.BitmapFontCache::clear (75 bytes)
Event: 25,505 Thread 0x00007f3e440b3000 nmethod 1562 0x00007f3e3554d910 code [0x00007f3e3554dac0, 0x00007f3e3554df88]
Event: 25,505 Thread 0x00007f3e440b3000 1563       3       com.badlogic.gdx.utils.Pools::freeAll (90 bytes)
Event: 25,506 Thread 0x00007f3e440b1000 nmethod 1561 0x00007f3e3554add0 code [0x00007f3e3554af20, 0x00007f3e3554afd8]
Event: 25,506 Thread 0x00007f3e440b3000 nmethod 1563 0x00007f3e35540950 code [0x00007f3e35540b20, 0x00007f3e355412b8]
Event: 27,089 Thread 0x00007f3e440b3000 1564       3       com.badlogic.gdx.graphics.g2d.BitmapFontCache::requirePageGlyphs (116 bytes)
Event: 27,090 Thread 0x00007f3e440b3000 nmethod 1564 0x00007f3e35554dd0 code [0x00007f3e35554fc0, 0x00007f3e35555918]
Event: 27,489 Thread 0x00007f3e440ae000 1565       4       sun.misc.FloatingDecimal$BinaryToASCIIBuffer::dtoa (1509 bytes)

GC Heap History (2 events):
Event: 1,298 GC heap before
{Heap before GC invocations=1 (full 0):
 PSYoungGen      total 37888K, used 32768K [0x00000000d6700000, 0x00000000d9100000, 0x0000000100000000)
  eden space 32768K, 100% used [0x00000000d6700000,0x00000000d8700000,0x00000000d8700000)
  from space 5120K, 0% used [0x00000000d8c00000,0x00000000d8c00000,0x00000000d9100000)
  to   space 5120K, 0% used [0x00000000d8700000,0x00000000d8700000,0x00000000d8c00000)
 ParOldGen       total 86016K, used 0K [0x0000000083400000, 0x0000000088800000, 0x00000000d6700000)
  object space 86016K, 0% used [0x0000000083400000,0x0000000083400000,0x0000000088800000)
 Metaspace       used 10335K, capacity 10533K, committed 10624K, reserved 1058816K
  class space    used 983K, capacity 1064K, committed 1152K, reserved 1048576K
Event: 1,303 GC heap after
Heap after GC invocations=1 (full 0):
 PSYoungGen      total 37888K, used 5099K [0x00000000d6700000, 0x00000000d9100000, 0x0000000100000000)
  eden space 32768K, 0% used [0x00000000d6700000,0x00000000d6700000,0x00000000d8700000)
  from space 5120K, 99% used [0x00000000d8700000,0x00000000d8bfaed0,0x00000000d8c00000)
  to   space 5120K, 0% used [0x00000000d8c00000,0x00000000d8c00000,0x00000000d9100000)
 ParOldGen       total 86016K, used 158K [0x0000000083400000, 0x0000000088800000, 0x00000000d6700000)
  object space 86016K, 0% used [0x0000000083400000,0x0000000083427bc0,0x0000000088800000)
 Metaspace       used 10335K, capacity 10533K, committed 10624K, reserved 1058816K
  class space    used 983K, capacity 1064K, committed 1152K, reserved 1048576K
}

Deoptimization events (4 events):
Event: 0,111 Thread 0x00007f3e4400b000 Uncommon trap: reason=unstable_if action=reinterpret pc=0x00007f3e35136a04 method=java.lang.String.indexOf(II)I @ 49
Event: 0,497 Thread 0x00007f3e44477800 Uncommon trap: reason=unstable_if action=reinterpret pc=0x00007f3e351a2fe4 method=java.lang.String.replace(CC)Ljava/lang/String; @ 26
Event: 3,653 Thread 0x00007f3e44477800 Uncommon trap: reason=unstable_if action=reinterpret pc=0x00007f3e35391c98 method=ru.wtf.sprites.SimpleWallPart.update(F)V @ 33
Event: 3,920 Thread 0x00007f3e44477800 Uncommon trap: reason=unstable_if action=reinterpret pc=0x00007f3e35410588 method=ru.wtf.sprites.SimpleWallPart.update(F)V @ 134

Internal exceptions (10 events):
Event: 0,226 Thread 0x00007f3e4400b000 Exception <a 'java/security/PrivilegedActionException'> (0x00000000d6c68008) thrown at [/build/openjdk-8-YNUxN3/openjdk-8-8u72-b15/src/hotspot/src/share/vm/prims/jvm.cpp, line 1386]
Event: 0,226 Thread 0x00007f3e4400b000 Exception <a 'java/security/PrivilegedActionException'> (0x00000000d6c68c60) thrown at [/build/openjdk-8-YNUxN3/openjdk-8-8u72-b15/src/hotspot/src/share/vm/prims/jvm.cpp, line 1386]
Event: 0,226 Thread 0x00007f3e4400b000 Exception <a 'java/security/PrivilegedActionException'> (0x00000000d6c69888) thrown at [/build/openjdk-8-YNUxN3/openjdk-8-8u72-b15/src/hotspot/src/share/vm/prims/jvm.cpp, line 1386]
Event: 0,226 Thread 0x00007f3e4400b000 Exception <a 'java/security/PrivilegedActionException'> (0x00000000d6c6ba08) thrown at [/build/openjdk-8-YNUxN3/openjdk-8-8u72-b15/src/hotspot/src/share/vm/prims/jvm.cpp, line 1386]
Event: 0,226 Thread 0x00007f3e4400b000 Exception <a 'java/security/PrivilegedActionException'> (0x00000000d6c6c660) thrown at [/build/openjdk-8-YNUxN3/openjdk-8-8u72-b15/src/hotspot/src/share/vm/prims/jvm.cpp, line 1386]
Event: 0,226 Thread 0x00007f3e4400b000 Exception <a 'java/security/PrivilegedActionException'> (0x00000000d6c6d288) thrown at [/build/openjdk-8-YNUxN3/openjdk-8-8u72-b15/src/hotspot/src/share/vm/prims/jvm.cpp, line 1386]
Event: 0,226 Thread 0x00007f3e4400b000 Exception <a 'java/security/PrivilegedActionException'> (0x00000000d6c6f1c8) thrown at [/build/openjdk-8-YNUxN3/openjdk-8-8u72-b15/src/hotspot/src/share/vm/prims/jvm.cpp, line 1386]
Event: 0,226 Thread 0x00007f3e4400b000 Exception <a 'java/security/PrivilegedActionException'> (0x00000000d6c6fe20) thrown at [/build/openjdk-8-YNUxN3/openjdk-8-8u72-b15/src/hotspot/src/share/vm/prims/jvm.cpp, line 1386]
Event: 0,226 Thread 0x00007f3e4400b000 Exception <a 'java/security/PrivilegedActionException'> (0x00000000d6c70a48) thrown at [/build/openjdk-8-YNUxN3/openjdk-8-8u72-b15/src/hotspot/src/share/vm/prims/jvm.cpp, line 1386]
Event: 0,541 Thread 0x00007f3e44477800 Exception <a 'java/lang/NoClassDefFoundError': org/lwjgl/opengles/GLContext> (0x00000000d706eef0) thrown at [/build/openjdk-8-YNUxN3/openjdk-8-8u72-b15/src/hotspot/src/share/vm/classfile/systemDictionary.cpp, line 199]

Events (10 events):
Event: 3,653 Thread 0x00007f3e44477800 DEOPT UNPACKING pc=0x00007f3e35004f69 sp=0x00007f3df18db6e8 mode 2
Event: 3,920 Thread 0x00007f3e44477800 Uncommon trap: trap_request=0xffffff65 fr.pc=0x00007f3e35410588
Event: 3,920 Thread 0x00007f3e44477800 DEOPT PACKING pc=0x00007f3e35410588 sp=0x00007f3df18db730
Event: 3,920 Thread 0x00007f3e44477800 DEOPT UNPACKING pc=0x00007f3e35004f69 sp=0x00007f3df18db6e8 mode 2
Event: 4,062 Executing VM operation: EnableBiasedLocking
Event: 4,063 Executing VM operation: EnableBiasedLocking done
Event: 5,871 Thread 0x00007f3e44477800 DEOPT PACKING pc=0x00007f3e353df220 sp=0x00007f3df18db770
Event: 5,871 Thread 0x00007f3e44477800 DEOPT UNPACKING pc=0x00007f3e35046f73 sp=0x00007f3df18db540 mode 0
Event: 5,888 Thread 0x00007f3e44477800 DEOPT PACKING pc=0x00007f3e353db1fe sp=0x00007f3df18db810
Event: 5,888 Thread 0x00007f3e44477800 DEOPT UNPACKING pc=0x00007f3e35046f73 sp=0x00007f3df18db5a8 mode 0


Dynamic libraries:
00400000-00401000 r-xp 00000000 08:02 10223905                           /usr/lib/jvm/java-8-openjdk-amd64/jre/bin/java
00600000-00601000 r--p 00000000 08:02 10223905                           /usr/lib/jvm/java-8-openjdk-amd64/jre/bin/java
00601000-00602000 rw-p 00001000 08:02 10223905                           /usr/lib/jvm/java-8-openjdk-amd64/jre/bin/java
02318000-02339000 rw-p 00000000 00:00 0                                  [heap]
4143f000-414db000 rw-p 00000000 00:00 0 
415f0000-415f2000 r-xs 00000000 08:02 2361988                            /tmp/.glkNoi3C (deleted)
83400000-88800000 rw-p 00000000 00:00 0 
88800000-d6700000 ---p 00000000 00:00 0 
d6700000-d9100000 rw-p 00000000 00:00 0 
d9100000-100000000 ---p 00000000 00:00 0 
100000000-100120000 rw-p 00000000 00:00 0 
100120000-140000000 ---p 00000000 00:00 0 
7f3dd0000000-7f3dd0021000 rw-p 00000000 00:00 0 
7f3dd0021000-7f3dd4000000 ---p 00000000 00:00 0 
7f3dd8000000-7f3dd8021000 rw-p 00000000 00:00 0 
7f3dd8021000-7f3ddc000000 ---p 00000000 00:00 0 
7f3ddc000000-7f3ddcb41000 rw-p 00000000 00:00 0 
7f3ddcb41000-7f3de0000000 ---p 00000000 00:00 0 
7f3de0000000-7f3de0021000 rw-p 00000000 00:00 0 
7f3de0021000-7f3de4000000 ---p 00000000 00:00 0 
7f3de4feb000-7f3de53eb000 rw-s 1805be000 00:05 12181                     /dev/nvidiactl
7f3de53eb000-7f3de6dad000 r-xp 00000000 08:02 8787499                    /usr/lib/nvidia-340/libnvidia-glcore.so.340.96
7f3de6dad000-7f3de6dcb000 rwxp 019c2000 08:02 8787499                    /usr/lib/nvidia-340/libnvidia-glcore.so.340.96
7f3de6dcb000-7f3de7249000 r-xp 019e0000 08:02 8787499                    /usr/lib/nvidia-340/libnvidia-glcore.so.340.96
7f3de7249000-7f3de7448000 ---p 01e5e000 08:02 8787499                    /usr/lib/nvidia-340/libnvidia-glcore.so.340.96
7f3de7448000-7f3de7fe2000 rw-p 01e5d000 08:02 8787499                    /usr/lib/nvidia-340/libnvidia-glcore.so.340.96
7f3de7fe2000-7f3de7fff000 rw-p 00000000 00:00 0 
7f3de7fff000-7f3dec000000 rw-s 00000000 00:14 47904                      /run/shm/pulse-shm-696575979
7f3dec000000-7f3dec021000 rw-p 00000000 00:00 0 
7f3dec021000-7f3df0000000 ---p 00000000 00:00 0 
7f3df01f1000-7f3df03f1000 rw-s b2bea000 00:05 12181                      /dev/nvidiactl
7f3df03f1000-7f3df07f1000 rw-s 1aa2cf000 00:05 12181                     /dev/nvidiactl
7f3df07f1000-7f3df09f1000 rw-s 180704000 00:05 12181                     /dev/nvidiactl
7f3df09f1000-7f3df0bb1000 rw-p 00000000 00:00 0 
7f3df0bb1000-7f3df0bf1000 ---p 00000000 00:00 0 
7f3df0bf1000-7f3df0c3d000 r-xp 00000000 08:02 2361969                    /tmp/libgdxtookuk/72da4579/libgdx-box2d64.so
7f3df0c3d000-7f3df0e3c000 ---p 0004c000 08:02 2361969                    /tmp/libgdxtookuk/72da4579/libgdx-box2d64.so
7f3df0e3c000-7f3df0e3e000 r--p 0004b000 08:02 2361969                    /tmp/libgdxtookuk/72da4579/libgdx-box2d64.so
7f3df0e3e000-7f3df0e3f000 rw-p 0004d000 08:02 2361969                    /tmp/libgdxtookuk/72da4579/libgdx-box2d64.so
7f3df0e3f000-7f3df0ebf000 rw-s 5e89e000 00:05 12181                      /dev/nvidiactl
7f3df0ebf000-7f3df0f3f000 rw-s 5e9a2000 00:05 12181                      /dev/nvidiactl
7f3df0f3f000-7f3df0fbf000 rw-s 8d34b000 00:05 12181                      /dev/nvidiactl
7f3df10bf000-7f3df10df000 rw-s e01e0000 00:05 12182                      /dev/nvidia0
7f3df10df000-7f3df111f000 rw-s 177af7000 00:05 12181                     /dev/nvidiactl
7f3df111f000-7f3df113f000 rw-s 1804b7000 00:05 12181                     /dev/nvidiactl
7f3df113f000-7f3df117f000 rw-s 1a732a000 00:05 12181                     /dev/nvidiactl
7f3df117f000-7f3df1233000 rw-s 2107b0000 00:05 12181                     /dev/nvidiactl
7f3df1233000-7f3df1236000 r-xp 00000000 08:02 8916893                    /usr/lib/nvidia-340/tls/libnvidia-tls.so.340.96
7f3df1236000-7f3df1435000 ---p 00003000 08:02 8916893                    /usr/lib/nvidia-340/tls/libnvidia-tls.so.340.96
7f3df1435000-7f3df1436000 rw-p 00002000 08:02 8916893                    /usr/lib/nvidia-340/tls/libnvidia-tls.so.340.96
7f3df1436000-7f3df14fd000 r-xp 00000000 08:02 8787509                    /usr/lib/nvidia-340/libGL.so.340.96
7f3df14fd000-7f3df152c000 rwxp 000c7000 08:02 8787509                    /usr/lib/nvidia-340/libGL.so.340.96
7f3df152c000-7f3df1548000 r-xp 000f6000 08:02 8787509                    /usr/lib/nvidia-340/libGL.so.340.96
7f3df1548000-7f3df1747000 ---p 00112000 08:02 8787509                    /usr/lib/nvidia-340/libGL.so.340.96
7f3df1747000-7f3df176c000 rw-p 00111000 08:02 8787509                    /usr/lib/nvidia-340/libGL.so.340.96
7f3df176c000-7f3df1782000 rw-p 00000000 00:00 0 
7f3df17a3000-7f3df17a6000 ---p 00000000 00:00 0 
7f3df17a6000-7f3df17dc000 rw-p 00000000 00:00 0                          [stack:6483]
7f3df17dc000-7f3df17df000 ---p 00000000 00:00 0 
7f3df17df000-7f3df18dd000 rw-p 00000000 00:00 0                          [stack:6481]
7f3df18dd000-7f3df18de000 ---p 00000000 00:00 0 
7f3df18de000-7f3df20de000 rw-p 00000000 00:00 0                          [stack:6479]
7f3df20de000-7f3df20f5000 r-xp 00000000 08:02 4329538                    /lib/x86_64-linux-gnu/libresolv-2.19.so
7f3df20f5000-7f3df22f5000 ---p 00017000 08:02 4329538                    /lib/x86_64-linux-gnu/libresolv-2.19.so
7f3df22f5000-7f3df22f6000 r--p 00017000 08:02 4329538                    /lib/x86_64-linux-gnu/libresolv-2.19.so
7f3df22f6000-7f3df22f7000 rw-p 00018000 08:02 4329538                    /lib/x86_64-linux-gnu/libresolv-2.19.so
7f3df22f7000-7f3df22f9000 rw-p 00000000 00:00 0 
7f3df22f9000-7f3df2300000 r-xp 00000000 08:02 4858557                    /usr/lib/x86_64-linux-gnu/libogg.so.0.8.1
7f3df2300000-7f3df2500000 ---p 00007000 08:02 4858557                    /usr/lib/x86_64-linux-gnu/libogg.so.0.8.1
7f3df2500000-7f3df2501000 r--p 00007000 08:02 4858557                    /usr/lib/x86_64-linux-gnu/libogg.so.0.8.1
7f3df2501000-7f3df2502000 rw-p 00008000 08:02 4858557                    /usr/lib/x86_64-linux-gnu/libogg.so.0.8.1
7f3df2502000-7f3df252e000 r-xp 00000000 08:02 4858835                    /usr/lib/x86_64-linux-gnu/libvorbis.so.0.4.5
7f3df252e000-7f3df272d000 ---p 0002c000 08:02 4858835                    /usr/lib/x86_64-linux-gnu/libvorbis.so.0.4.5
7f3df272d000-7f3df272e000 r--p 0002b000 08:02 4858835                    /usr/lib/x86_64-linux-gnu/libvorbis.so.0.4.5
7f3df272e000-7f3df272f000 rw-p 0002c000 08:02 4858835                    /usr/lib/x86_64-linux-gnu/libvorbis.so.0.4.5
7f3df272f000-7f3df29e2000 r-xp 00000000 08:02 4858837                    /usr/lib/x86_64-linux-gnu/libvorbisenc.so.2.0.8
7f3df29e2000-7f3df2be1000 ---p 002b3000 08:02 4858837                    /usr/lib/x86_64-linux-gnu/libvorbisenc.so.2.0.8
7f3df2be1000-7f3df2bfd000 r--p 002b2000 08:02 4858837                    /usr/lib/x86_64-linux-gnu/libvorbisenc.so.2.0.8
7f3df2bfd000-7f3df2bfe000 rw-p 002ce000 08:02 4858837                    /usr/lib/x86_64-linux-gnu/libvorbisenc.so.2.0.8
7f3df2bfe000-7f3df2c2e000 r-xp 00000000 08:02 4854939                    /usr/lib/x86_64-linux-gnu/libFLAC.so.8.3.0
7f3df2c2e000-7f3df2e2d000 ---p 00030000 08:02 4854939                    /usr/lib/x86_64-linux-gnu/libFLAC.so.8.3.0
7f3df2e2d000-7f3df2e2e000 r--p 0002f000 08:02 4854939                    /usr/lib/x86_64-linux-gnu/libFLAC.so.8.3.0
7f3df2e2e000-7f3df2e2f000 rw-p 00030000 08:02 4854939                    /usr/lib/x86_64-linux-gnu/libFLAC.so.8.3.0
7f3df2e2f000-7f3df2e34000 r-xp 00000000 08:02 4857928                    /usr/lib/x86_64-linux-gnu/libasyncns.so.0.3.1
7f3df2e34000-7f3df3033000 ---p 00005000 08:02 4857928                    /usr/lib/x86_64-linux-gnu/libasyncns.so.0.3.1
7f3df3033000-7f3df3034000 r--p 00004000 08:02 4857928                    /usr/lib/x86_64-linux-gnu/libasyncns.so.0.3.1
7f3df3034000-7f3df3035000 rw-p 00005000 08:02 4857928                    /usr/lib/x86_64-linux-gnu/libasyncns.so.0.3.1
7f3df3035000-7f3df3096000 r-xp 00000000 08:02 4854167                    /usr/lib/x86_64-linux-gnu/libsndfile.so.1.0.25
7f3df3096000-7f3df3296000 ---p 00061000 08:02 4854167                    /usr/lib/x86_64-linux-gnu/libsndfile.so.1.0.25
7f3df3296000-7f3df3298000 r--p 00061000 08:02 4854167                    /usr/lib/x86_64-linux-gnu/libsndfile.so.1.0.25
7f3df3298000-7f3df3299000 rw-p 00063000 08:02 4854167                    /usr/lib/x86_64-linux-gnu/libsndfile.so.1.0.25
7f3df3299000-7f3df329d000 rw-p 00000000 00:00 0 
7f3df329d000-7f3df32a5000 r-xp 00000000 08:02 4329558                    /lib/x86_64-linux-gnu/libwrap.so.0.7.6
7f3df32a5000-7f3df34a4000 ---p 00008000 08:02 4329558                    /lib/x86_64-linux-gnu/libwrap.so.0.7.6
7f3df34a4000-7f3df34a5000 r--p 00007000 08:02 4329558                    /lib/x86_64-linux-gnu/libwrap.so.0.7.6
7f3df34a5000-7f3df34a6000 rw-p 00008000 08:02 4329558                    /lib/x86_64-linux-gnu/libwrap.so.0.7.6
7f3df34a6000-7f3df34a7000 rw-p 00000000 00:00 0 
7f3df34a7000-7f3df34eb000 r-xp 00000000 08:02 4325642                    /lib/x86_64-linux-gnu/libdbus-1.so.3.7.6
7f3df34eb000-7f3df36ea000 ---p 00044000 08:02 4325642                    /lib/x86_64-linux-gnu/libdbus-1.so.3.7.6
7f3df36ea000-7f3df36eb000 r--p 00043000 08:02 4325642                    /lib/x86_64-linux-gnu/libdbus-1.so.3.7.6
7f3df36eb000-7f3df36ec000 rw-p 00044000 08:02 4325642                    /lib/x86_64-linux-gnu/libdbus-1.so.3.7.6
7f3df36ec000-7f3df3752000 r-xp 00000000 08:02 5245376                    /usr/lib/x86_64-linux-gnu/pulseaudio/libpulsecommon-4.0.so
7f3df3752000-7f3df3951000 ---p 00066000 08:02 5245376                    /usr/lib/x86_64-linux-gnu/pulseaudio/libpulsecommon-4.0.so
7f3df3951000-7f3df3952000 r--p 00065000 08:02 5245376                    /usr/lib/x86_64-linux-gnu/pulseaudio/libpulsecommon-4.0.so
7f3df3952000-7f3df3953000 rw-p 00066000 08:02 5245376                    /usr/lib/x86_64-linux-gnu/pulseaudio/libpulsecommon-4.0.so
7f3df3953000-7f3df395d000 r-xp 00000000 08:02 4329438                    /lib/x86_64-linux-gnu/libjson-c.so.2.0.0
7f3df395d000-7f3df3b5c000 ---p 0000a000 08:02 4329438                    /lib/x86_64-linux-gnu/libjson-c.so.2.0.0
7f3df3b5c000-7f3df3b5d000 r--p 00009000 08:02 4329438                    /lib/x86_64-linux-gnu/libjson-c.so.2.0.0
7f3df3b5d000-7f3df3b5e000 rw-p 0000a000 08:02 4329438                    /lib/x86_64-linux-gnu/libjson-c.so.2.0.0
7f3df3b5e000-7f3df3ba5000 r-xp 00000000 08:02 4850824                    /usr/lib/x86_64-linux-gnu/libpulse.so.0.16.2
7f3df3ba5000-7f3df3da5000 ---p 00047000 08:02 4850824                    /usr/lib/x86_64-linux-gnu/libpulse.so.0.16.2
7f3df3da5000-7f3df3da6000 r--p 00047000 08:02 4850824                    /usr/lib/x86_64-linux-gnu/libpulse.so.0.16.2
7f3df3da6000-7f3df3da7000 rw-p 00048000 08:02 4850824                    /usr/lib/x86_64-linux-gnu/libpulse.so.0.16.2
7f3df3da7000-7f3df3dfc000 r-xp 00000000 08:02 2361960                    /tmp/libgdxtookuk/31ce78a2/libopenal64.so
7f3df3dfc000-7f3df3ffb000 ---p 00055000 08:02 2361960                    /tmp/libgdxtookuk/31ce78a2/libopenal64.so
7f3df3ffb000-7f3df3ffe000 r--p 00054000 08:02 2361960                    /tmp/libgdxtookuk/31ce78a2/libopenal64.so
7f3df3ffe000-7f3df3fff000 rw-p 00057000 08:02 2361960                    /tmp/libgdxtookuk/31ce78a2/libopenal64.so
7f3df3fff000-7f3df4000000 rw-p 00000000 00:00 0 
7f3df4000000-7f3df4021000 rw-p 00000000 00:00 0 
7f3df4021000-7f3df8000000 ---p 00000000 00:00 0 
7f3df8000000-7f3df8021000 rw-p 00000000 00:00 0 
7f3df8021000-7f3dfc000000 ---p 00000000 00:00 0 
7f3dfc000000-7f3dfc3c8000 rw-p 00000000 00:00 0 
7f3dfc3c8000-7f3e00000000 ---p 00000000 00:00 0 
7f3e00000000-7f3e00021000 rw-p 00000000 00:00 0 
7f3e00021000-7f3e04000000 ---p 00000000 00:00 0 
7f3e04000000-7f3e04c18000 rw-p 00000000 00:00 0 
7f3e04c18000-7f3e08000000 ---p 00000000 00:00 0 
7f3e08000000-7f3e082b5000 rw-p 00000000 00:00 0 
7f3e082b5000-7f3e0c000000 ---p 00000000 00:00 0 
7f3e0c000000-7f3e0c021000 rw-p 00000000 00:00 0 
7f3e0c021000-7f3e10000000 ---p 00000000 00:00 0 
7f3e10000000-7f3e10021000 rw-p 00000000 00:00 0 
7f3e10021000-7f3e14000000 ---p 00000000 00:00 0 
7f3e14000000-7f3e14021000 rw-p 00000000 00:00 0 
7f3e14021000-7f3e18000000 ---p 00000000 00:00 0 
7f3e18011000-7f3e18018000 rw-s 18079c000 00:05 12181                     /dev/nvidiactl
7f3e18018000-7f3e18019000 ---p 00000000 00:00 0 
7f3e18019000-7f3e18119000 rw-p 00000000 00:00 0                          [stack:6480]
7f3e18119000-7f3e1811d000 r-xp 00000000 08:02 4857889                    /usr/lib/x86_64-linux-gnu/libXxf86vm.so.1.0.0
7f3e1811d000-7f3e1831d000 ---p 00004000 08:02 4857889                    /usr/lib/x86_64-linux-gnu/libXxf86vm.so.1.0.0
7f3e1831d000-7f3e1831e000 r--p 00004000 08:02 4857889                    /usr/lib/x86_64-linux-gnu/libXxf86vm.so.1.0.0
7f3e1831e000-7f3e1831f000 rw-p 00005000 08:02 4857889                    /usr/lib/x86_64-linux-gnu/libXxf86vm.so.1.0.0
7f3e1831f000-7f3e18328000 r-xp 00000000 08:02 4857871                    /usr/lib/x86_64-linux-gnu/libXrandr.so.2.2.0
7f3e18328000-7f3e18527000 ---p 00009000 08:02 4857871                    /usr/lib/x86_64-linux-gnu/libXrandr.so.2.2.0
7f3e18527000-7f3e18528000 r--p 00008000 08:02 4857871                    /usr/lib/x86_64-linux-gnu/libXrandr.so.2.2.0
7f3e18528000-7f3e18529000 rw-p 00009000 08:02 4857871                    /usr/lib/x86_64-linux-gnu/libXrandr.so.2.2.0
7f3e18529000-7f3e18599000 r-xp 00000000 08:02 2361958                    /tmp/libgdxtookuk/31ce78a2/liblwjgl64.so
7f3e18599000-7f3e18799000 ---p 00070000 08:02 2361958                    /tmp/libgdxtookuk/31ce78a2/liblwjgl64.so
7f3e18799000-7f3e1879b000 r--p 00070000 08:02 2361958                    /tmp/libgdxtookuk/31ce78a2/liblwjgl64.so
7f3e1879b000-7f3e1879c000 rw-p 00072000 08:02 2361958                    /tmp/libgdxtookuk/31ce78a2/liblwjgl64.so
7f3e1879c000-7f3e1879d000 r-xp 00000000 08:02 10223939                   /usr/lib/jvm/java-8-openjdk-amd64/jre/lib/amd64/libjawt.so
7f3e1879d000-7f3e1899c000 ---p 00001000 08:02 10223939                   /usr/lib/jvm/java-8-openjdk-amd64/jre/lib/amd64/libjawt.so
7f3e1899c000-7f3e1899d000 r--p 00000000 08:02 10223939                   /usr/lib/jvm/java-8-openjdk-amd64/jre/lib/amd64/libjawt.so
7f3e1899d000-7f3e1899e000 rw-p 00001000 08:02 10223939                   /usr/lib/jvm/java-8-openjdk-amd64/jre/lib/amd64/libjawt.so
7f3e1899e000-7f3e189a1000 ---p 00000000 00:00 0 
7f3e189a1000-7f3e18a9f000 rw-p 00000000 00:00 0                          [stack:6477]
7f3e18a9f000-7f3e18aa4000 r-xp 00000000 08:02 4850228                    /usr/lib/x86_64-linux-gnu/libXfixes.so.3.1.0
7f3e18aa4000-7f3e18ca3000 ---p 00005000 08:02 4850228                    /usr/lib/x86_64-linux-gnu/libXfixes.so.3.1.0
7f3e18ca3000-7f3e18ca4000 r--p 00004000 08:02 4850228                    /usr/lib/x86_64-linux-gnu/libXfixes.so.3.1.0
7f3e18ca4000-7f3e18ca5000 rw-p 00005000 08:02 4850228                    /usr/lib/x86_64-linux-gnu/libXfixes.so.3.1.0
7f3e18ca5000-7f3e18cae000 r-xp 00000000 08:02 4857845                    /usr/lib/x86_64-linux-gnu/libXcursor.so.1.0.2
7f3e18cae000-7f3e18ead000 ---p 00009000 08:02 4857845                    /usr/lib/x86_64-linux-gnu/libXcursor.so.1.0.2
7f3e18ead000-7f3e18eae000 r--p 00008000 08:02 4857845                    /usr/lib/x86_64-linux-gnu/libXcursor.so.1.0.2
7f3e18eae000-7f3e18eaf000 rw-p 00009000 08:02 4857845                    /usr/lib/x86_64-linux-gnu/libXcursor.so.1.0.2
7f3e18eaf000-7f3e18eb2000 ---p 00000000 00:00 0 
7f3e18eb2000-7f3e18fb0000 rw-p 00000000 00:00 0                          [stack:6476]
7f3e18fb0000-7f3e18fd5000 r-xp 00000000 08:02 4329349                    /lib/x86_64-linux-gnu/libpng12.so.0.50.0
7f3e18fd5000-7f3e191d4000 ---p 00025000 08:02 4329349                    /lib/x86_64-linux-gnu/libpng12.so.0.50.0
7f3e191d4000-7f3e191d5000 r--p 00024000 08:02 4329349                    /lib/x86_64-linux-gnu/libpng12.so.0.50.0
7f3e191d5000-7f3e191d6000 rw-p 00025000 08:02 4329349                    /lib/x86_64-linux-gnu/libpng12.so.0.50.0
7f3e191d6000-7f3e19273000 r-xp 00000000 08:02 4849820                    /usr/lib/x86_64-linux-gnu/libfreetype.so.6.11.1
7f3e19273000-7f3e19472000 ---p 0009d000 08:02 4849820                    /usr/lib/x86_64-linux-gnu/libfreetype.so.6.11.1
7f3e19472000-7f3e19478000 r--p 0009c000 08:02 4849820                    /usr/lib/x86_64-linux-gnu/libfreetype.so.6.11.1
7f3e19478000-7f3e19479000 rw-p 000a2000 08:02 4849820                    /usr/lib/x86_64-linux-gnu/libfreetype.so.6.11.1
7f3e19479000-7f3e1947b000 rw-p 00000000 00:00 0 
7f3e1947b000-7f3e1947d000 rw-s 00000000 08:02 2361988                    /tmp/.glkNoi3C (deleted)
7f3e1947d000-7f3e1947e000 rw-s 1a7305000 00:05 12181                     /dev/nvidiactl
7f3e1947e000-7f3e19482000 rw-s 1bb7fd000 00:05 12181                     /dev/nvidiactl
7f3e19482000-7f3e19483000 rw-s e7eea000 00:05 12182                      /dev/nvidia0
7f3e19483000-7f3e19484000 rw-s e7ee9000 00:05 12182                      /dev/nvidia0
7f3e19484000-7f3e19485000 rw-s f6642000 00:05 12182                      /dev/nvidia0
7f3e19485000-7f3e1949a000 r--p 00000000 08:02 5508768                    /usr/share/locale-langpack/ru/LC_MESSAGES/pulseaudio.mo
7f3e1949a000-7f3e194ec000 r-xp 00000000 08:02 10223925                   /usr/lib/jvm/java-8-openjdk-amd64/jre/lib/amd64/libfontmanager.so
7f3e194ec000-7f3e196eb000 ---p 00052000 08:02 10223925                   /usr/lib/jvm/java-8-openjdk-amd64/jre/lib/amd64/libfontmanager.so
7f3e196eb000-7f3e196ee000 r--p 00051000 08:02 10223925                   /usr/lib/jvm/java-8-openjdk-amd64/jre/lib/amd64/libfontmanager.so
7f3e196ee000-7f3e196ef000 rw-p 00054000 08:02 10223925                   /usr/lib/jvm/java-8-openjdk-amd64/jre/lib/amd64/libfontmanager.so
7f3e196ef000-7f3e196f4000 r-xp 00000000 08:02 4857849                    /usr/lib/x86_64-linux-gnu/libXdmcp.so.6.0.0
7f3e196f4000-7f3e198f3000 ---p 00005000 08:02 4857849                    /usr/lib/x86_64-linux-gnu/libXdmcp.so.6.0.0
7f3e198f3000-7f3e198f4000 r--p 00004000 08:02 4857849                    /usr/lib/x86_64-linux-gnu/libXdmcp.so.6.0.0
7f3e198f4000-7f3e198f5000 rw-p 00005000 08:02 4857849                    /usr/lib/x86_64-linux-gnu/libXdmcp.so.6.0.0
7f3e198f5000-7f3e198f7000 r-xp 00000000 08:02 4857838                    /usr/lib/x86_64-linux-gnu/libXau.so.6.0.0
7f3e198f7000-7f3e19af7000 ---p 00002000 08:02 4857838                    /usr/lib/x86_64-linux-gnu/libXau.so.6.0.0
7f3e19af7000-7f3e19af8000 r--p 00002000 08:02 4857838                    /usr/lib/x86_64-linux-gnu/libXau.so.6.0.0
7f3e19af8000-7f3e19af9000 rw-p 00003000 08:02 4857838                    /usr/lib/x86_64-linux-gnu/libXau.so.6.0.0
7f3e19af9000-7f3e19b16000 r-xp 00000000 08:02 4858908                    /usr/lib/x86_64-linux-gnu/libxcb.so.1.1.0
7f3e19b16000-7f3e19d16000 ---p 0001d000 08:02 4858908                    /usr/lib/x86_64-linux-gnu/libxcb.so.1.1.0
7f3e19d16000-7f3e19d17000 r--p 0001d000 08:02 4858908                    /usr/lib/x86_64-linux-gnu/libxcb.so.1.1.0
7f3e19d17000-7f3e19d18000 rw-p 0001e000 08:02 4858908                    /usr/lib/x86_64-linux-gnu/libxcb.so.1.1.0
7f3e19d18000-7f3e19d27000 r-xp 00000000 08:02 4858166                    /usr/lib/x86_64-linux-gnu/libXi.so.6.1.0
7f3e19d27000-7f3e19f26000 ---p 0000f000 08:02 4858166                    /usr/lib/x86_64-linux-gnu/libXi.so.6.1.0
7f3e19f26000-7f3e19f27000 r--p 0000e000 08:02 4858166                    /usr/lib/x86_64-linux-gnu/libXi.so.6.1.0
7f3e19f27000-7f3e19f28000 rw-p 0000f000 08:02 4858166                    /usr/lib/x86_64-linux-gnu/libXi.so.6.1.0
7f3e19f28000-7f3e19f2d000 r-xp 00000000 08:02 4857879                    /usr/lib/x86_64-linux-gnu/libXtst.so.6.1.0
7f3e19f2d000-7f3e1a12c000 ---p 00005000 08:02 4857879                    /usr/lib/x86_64-linux-gnu/libXtst.so.6.1.0
7f3e1a12c000-7f3e1a12d000 r--p 00004000 08:02 4857879                    /usr/lib/x86_64-linux-gnu/libXtst.so.6.1.0
7f3e1a12d000-7f3e1a12e000 rw-p 00005000 08:02 4857879                    /usr/lib/x86_64-linux-gnu/libXtst.so.6.1.0
7f3e1a12e000-7f3e1a137000 r-xp 00000000 08:02 4858750                    /usr/lib/x86_64-linux-gnu/libXrender.so.1.3.0
7f3e1a137000-7f3e1a336000 ---p 00009000 08:02 4858750                    /usr/lib/x86_64-linux-gnu/libXrender.so.1.3.0
7f3e1a336000-7f3e1a337000 r--p 00008000 08:02 4858750                    /usr/lib/x86_64-linux-gnu/libXrender.so.1.3.0
7f3e1a337000-7f3e1a338000 rw-p 00009000 08:02 4858750                    /usr/lib/x86_64-linux-gnu/libXrender.so.1.3.0
7f3e1a338000-7f3e1a468000 r-xp 00000000 08:02 4857834                    /usr/lib/x86_64-linux-gnu/libX11.so.6.3.0
7f3e1a468000-7f3e1a668000 ---p 00130000 08:02 4857834                    /usr/lib/x86_64-linux-gnu/libX11.so.6.3.0
7f3e1a668000-7f3e1a669000 r--p 00130000 08:02 4857834                    /usr/lib/x86_64-linux-gnu/libX11.so.6.3.0
7f3e1a669000-7f3e1a66d000 rw-p 00131000 08:02 4857834                    /usr/lib/x86_64-linux-gnu/libX11.so.6.3.0
7f3e1a66d000-7f3e1a67e000 r-xp 00000000 08:02 4849899                    /usr/lib/x86_64-linux-gnu/libXext.so.6.4.0
7f3e1a67e000-7f3e1a87d000 ---p 00011000 08:02 4849899                    /usr/lib/x86_64-linux-gnu/libXext.so.6.4.0
7f3e1a87d000-7f3e1a87e000 r--p 00010000 08:02 4849899                    /usr/lib/x86_64-linux-gnu/libXext.so.6.4.0
7f3e1a87e000-7f3e1a87f000 rw-p 00011000 08:02 4849899                    /usr/lib/x86_64-linux-gnu/libXext.so.6.4.0
7f3e1a87f000-7f3e1a8d5000 r-xp 00000000 08:02 10223948                   /usr/lib/jvm/java-8-openjdk-amd64/jre/lib/amd64/libawt_xawt.so
7f3e1a8d5000-7f3e1aad5000 ---p 00056000 08:02 10223948                   /usr/lib/jvm/java-8-openjdk-amd64/jre/lib/amd64/libawt_xawt.so
7f3e1aad5000-7f3e1aad6000 r--p 00056000 08:02 10223948                   /usr/lib/jvm/java-8-openjdk-amd64/jre/lib/amd64/libawt_xawt.so
7f3e1aad6000-7f3e1aad9000 rw-p 00057000 08:02 10223948                   /usr/lib/jvm/java-8-openjdk-amd64/jre/lib/amd64/libawt_xawt.so
7f3e1aad9000-7f3e1aada000 rw-p 00000000 00:00 0 
7f3e1aada000-7f3e1ab7a000 r-xp 00000000 08:02 10223924                   /usr/lib/jvm/java-8-openjdk-amd64/jre/lib/amd64/libawt.so
7f3e1ab7a000-7f3e1ad7a000 ---p 000a0000 08:02 10223924                   /usr/lib/jvm/java-8-openjdk-amd64/jre/lib/amd64/libawt.so
7f3e1ad7a000-7f3e1ad7b000 r--p 000a0000 08:02 10223924                   /usr/lib/jvm/java-8-openjdk-amd64/jre/lib/amd64/libawt.so
7f3e1ad7b000-7f3e1ad86000 rw-p 000a1000 08:02 10223924                   /usr/lib/jvm/java-8-openjdk-amd64/jre/lib/amd64/libawt.so
7f3e1ad86000-7f3e1adab000 rw-p 00000000 00:00 0 
7f3e1adab000-7f3e1ade3000 r-xp 00000000 08:02 2361957                    /tmp/libgdxtookuk/6ef2d459/libgdx64.so
7f3e1ade3000-7f3e1afe2000 ---p 00038000 08:02 2361957                    /tmp/libgdxtookuk/6ef2d459/libgdx64.so
7f3e1afe2000-7f3e1afe3000 r--p 00037000 08:02 2361957                    /tmp/libgdxtookuk/6ef2d459/libgdx64.so
7f3e1afe3000-7f3e1afe4000 rw-p 00038000 08:02 2361957                    /tmp/libgdxtookuk/6ef2d459/libgdx64.so
7f3e1afe4000-7f3e1afe5000 ---p 00000000 00:00 0 
7f3e1afe5000-7f3e1b0e5000 rw-p 00000000 00:00 0                          [stack:6474]
7f3e1b0e5000-7f3e1b0e8000 ---p 00000000 00:00 0 
7f3e1b0e8000-7f3e1b1e6000 rw-p 00000000 00:00 0                          [stack:6473]
7f3e1b1e6000-7f3e1b1e9000 ---p 00000000 00:00 0 
7f3e1b1e9000-7f3e1b2e7000 rw-p 00000000 00:00 0                          [stack:6472]
7f3e1b2e7000-7f3e1b2ea000 ---p 00000000 00:00 0 
7f3e1b2ea000-7f3e1b3e8000 rw-p 00000000 00:00 0                          [stack:6471]
7f3e1b3e8000-7f3e1b3eb000 ---p 00000000 00:00 0 
7f3e1b3eb000-7f3e1b4e9000 rw-p 00000000 00:00 0                          [stack:6470]
7f3e1b4e9000-7f3e1b4ec000 ---p 00000000 00:00 0 
7f3e1b4ec000-7f3e1b5ea000 rw-p 00000000 00:00 0                          [stack:6469]
7f3e1b5ea000-7f3e1bdfe000 r--p 00000000 08:02 4856822                    /usr/lib/locale/locale-archive
7f3e1bdfe000-7f3e1be01000 ---p 00000000 00:00 0 
7f3e1be01000-7f3e1beff000 rw-p 00000000 00:00 0                          [stack:6468]
7f3e1beff000-7f3e1bf02000 ---p 00000000 00:00 0 
7f3e1bf02000-7f3e1c000000 rw-p 00000000 00:00 0                          [stack:6467]
7f3e1c000000-7f3e1c021000 rw-p 00000000 00:00 0 
7f3e1c021000-7f3e20000000 ---p 00000000 00:00 0 
7f3e20000000-7f3e20021000 rw-p 00000000 00:00 0 
7f3e20021000-7f3e24000000 ---p 00000000 00:00 0 
7f3e24000000-7f3e24021000 rw-p 00000000 00:00 0 
7f3e24021000-7f3e28000000 ---p 00000000 00:00 0 
7f3e28000000-7f3e28021000 rw-p 00000000 00:00 0 
7f3e28021000-7f3e2c000000 ---p 00000000 00:00 0 
7f3e2c000000-7f3e2c001000 rw-s 210624000 00:05 12181                     /dev/nvidiactl
7f3e2c001000-7f3e2c002000 rw-s f6641000 00:05 12182                      /dev/nvidia0
7f3e2c002000-7f3e2c003000 rw-s 210623000 00:05 12181                     /dev/nvidiactl
7f3e2c003000-7f3e2c004000 rw-s 20f230000 00:05 12181                     /dev/nvidiactl
7f3e2c004000-7f3e2c005000 rw-s f6060000 00:05 12182                      /dev/nvidia0
7f3e2c005000-7f3e2c018000 r--s 00346000 08:02 10223952                   /usr/lib/jvm/java-8-openjdk-amd64/jre/lib/resources.jar
7f3e2c018000-7f3e2c01f000 r--s 00000000 08:02 5112935                    /usr/lib/x86_64-linux-gnu/gconv/gconv-modules.cache
7f3e2c01f000-7f3e2c04e000 r--p 00000000 08:02 5508670                    /usr/share/locale-langpack/ru/LC_MESSAGES/libc.mo
7f3e2c04e000-7f3e2c054000 r--s 002f8000 08:02 10223964                   /usr/lib/jvm/java-8-openjdk-amd64/jre/lib/charsets.jar
7f3e2c054000-7f3e2c058000 r--s 00097000 08:02 10223982                   /usr/lib/jvm/java-8-openjdk-amd64/jre/lib/jsse.jar
7f3e2c058000-7f3e2c059000 r--s 00002000 08:02 2378559                    /home/tookuk/.gradle/caches/modules-2/files-2.1/net.java.jinput/jinput-platform/2.0.5/53f9c919f34d2ca9de8c51fc4e1e8282029a9232/jinput-platform-2.0.5-natives-osx.jar
7f3e2c059000-7f3e2c05a000 r--s 00025000 08:02 2378547                    /home/tookuk/.gradle/caches/modules-2/files-2.1/net.java.jinput/jinput-platform/2.0.5/385ee093e01f587f30ee1c8a2ee7d408fd732e16/jinput-platform-2.0.5-natives-windows.jar
7f3e2c05a000-7f3e2c05b000 r--s 00002000 08:02 2375278                    /home/tookuk/.gradle/caches/modules-2/files-2.1/net.java.jinput/jinput-platform/2.0.5/7ff832a6eb9ab6a767f1ade2b548092d0fa64795/jinput-platform-2.0.5-natives-linux.jar
7f3e2c05b000-7f3e2c069000 r--s 000f2000 08:02 2375112                    /home/tookuk/.gradle/caches/modules-2/files-2.1/org.lwjgl.lwjgl/lwjgl/2.9.2/a9d80fe5935c7a9149f6584d9777cfd471f65489/lwjgl-2.9.2.jar
7f3e2c069000-7f3e2c083000 r--s 001a0000 08:02 2374269                    /home/tookuk/.gradle/caches/modules-2/files-2.1/com.badlogicgames.gdx/gdx/1.7.1/2179cc613447c297623a4a6d2ba6692c3aaff804/gdx-1.7.1.jar
7f3e2c083000-7f3e2c09f000 r--s 00393000 08:02 10223973                   /usr/lib/jvm/java-8-openjdk-amd64/jre/lib/ext/cldrdata.jar
7f3e2c09f000-7f3e2c0a0000 ---p 00000000 00:00 0 
7f3e2c0a0000-7f3e30000000 rw-p 00000000 00:00 0                          [stack:6466]
7f3e30000000-7f3e30021000 rw-p 00000000 00:00 0 
7f3e30021000-7f3e34000000 ---p 00000000 00:00 0 
7f3e34000000-7f3e34001000 r--s 00001000 08:02 2375277                    /home/tookuk/.gradle/caches/modules-2/files-2.1/net.java.jutils/jutils/1.0.0/e12fe1fda814bd348c1579329c86943d2cd3c6a6/jutils-1.0.0.jar
7f3e34001000-7f3e34005000 r--s 0002f000 08:02 2375237                    /home/tookuk/.gradle/caches/modules-2/files-2.1/net.java.jinput/jinput/2.0.5/39c7796b469a600f72380316f6b1f11db6c2c7c4/jinput-2.0.5.jar
7f3e34005000-7f3e34020000 r--s 001d7000 08:02 10223971                   /usr/lib/jvm/java-8-openjdk-amd64/jre/lib/ext/nashorn.jar
7f3e34020000-7f3e35000000 rw-p 00000000 00:00 0 
7f3e35000000-7f3e35580000 rwxp 00000000 00:00 0 
7f3e35580000-7f3e44000000 ---p 00000000 00:00 0 
7f3e44000000-7f3e44486000 rw-p 00000000 00:00 0 
7f3e44486000-7f3e48000000 ---p 00000000 00:00 0 
7f3e48000000-7f3e48001000 r--s 00068000 08:02 2375235                    /home/tookuk/.gradle/caches/modules-2/files-2.1/org.lwjgl.lwjgl/lwjgl-platform/2.9.2/d55b46b40b40249d627a83a7f7f22649709d70c3/lwjgl-platform-2.9.2-natives-osx.jar
7f3e48001000-7f3e48002000 r--s 0008d000 08:02 2375175                    /home/tookuk/.gradle/caches/modules-2/files-2.1/org.lwjgl.lwjgl/lwjgl-platform/2.9.2/d276cdf61fe2b516c7b7f4aa1b8dea91dbdc8d56/lwjgl-platform-2.9.2-natives-linux.jar
7f3e48002000-7f3e48003000 r--s 00095000 08:02 2375166                    /home/tookuk/.gradle/caches/modules-2/files-2.1/org.lwjgl.lwjgl/lwjgl-platform/2.9.2/510c7d317f5e9e700b9cfaac5fd38bdebf0702e0/lwjgl-platform-2.9.2-natives-windows.jar
7f3e48003000-7f3e48005000 r--s 00017000 08:02 2375163                    /home/tookuk/.gradle/caches/modules-2/files-2.1/org.jcraft/jorbis/0.0.17/8872d22b293e8f5d7d56ff92be966e6dc28ebdc6/jorbis-0.0.17.jar
7f3e48005000-7f3e48006000 r--s 00015000 08:02 2375162                    /home/tookuk/.gradle/caches/modules-2/files-2.1/com.badlogicgames.jlayer/jlayer/1.0.1-gdx/7cca83cec5c1b2f011362f4d85aabd71a73b049d/jlayer-1.0.1-gdx.jar
7f3e48006000-7f3e4800a000 r--s 00027000 08:02 2375157                    /home/tookuk/.gradle/caches/modules-2/files-2.1/org.lwjgl.lwjgl/lwjgl_util/2.9.2/4b9e37300a87799856e0bd15ed81663cdb6b0947/lwjgl_util-2.9.2.jar
7f3e4800a000-7f3e4800d000 r--s 00020000 08:02 2375044                    /home/tookuk/.gradle/caches/modules-2/files-2.1/com.badlogicgames.gdx/gdx-backend-lwjgl/1.7.1/d4531b364d1c2513cb99e7bdd9515ae317007cf5/gdx-backend-lwjgl-1.7.1.jar
7f3e4800d000-7f3e481da000 r--s 03be5000 08:02 10223962                   /usr/lib/jvm/java-8-openjdk-amd64/jre/lib/rt.jar
7f3e481da000-7f3e48e36000 rw-p 00000000 00:00 0 
7f3e48e36000-7f3e48e37000 ---p 00000000 00:00 0 
7f3e48e37000-7f3e48f37000 rw-p 00000000 00:00 0                          [stack:6465]
7f3e48f37000-7f3e48f38000 ---p 00000000 00:00 0 
7f3e48f38000-7f3e49038000 rw-p 00000000 00:00 0                          [stack:6464]
7f3e49038000-7f3e49039000 ---p 00000000 00:00 0 
7f3e49039000-7f3e49139000 rw-p 00000000 00:00 0                          [stack:6463]
7f3e49139000-7f3e4913a000 ---p 00000000 00:00 0 
7f3e4913a000-7f3e49264000 rw-p 00000000 00:00 0                          [stack:6462]
7f3e49264000-7f3e494d4000 ---p 00000000 00:00 0 
7f3e494d4000-7f3e494fe000 rw-p 00000000 00:00 0 
7f3e494fe000-7f3e4976d000 ---p 00000000 00:00 0 
7f3e4976d000-7f3e49783000 rw-p 00000000 00:00 0 
7f3e49783000-7f3e498ba000 ---p 00000000 00:00 0 
7f3e498ba000-7f3e498d1000 rw-p 00000000 00:00 0 
7f3e498d1000-7f3e49c7b000 ---p 00000000 00:00 0 
7f3e49c7b000-7f3e49c83000 r-xp 00000000 08:02 10223933                   /usr/lib/jvm/java-8-openjdk-amd64/jre/lib/amd64/libzip.so
7f3e49c83000-7f3e49e82000 ---p 00008000 08:02 10223933                   /usr/lib/jvm/java-8-openjdk-amd64/jre/lib/amd64/libzip.so
7f3e49e82000-7f3e49e83000 r--p 00007000 08:02 10223933                   /usr/lib/jvm/java-8-openjdk-amd64/jre/lib/amd64/libzip.so
7f3e49e83000-7f3e49e84000 rw-p 00008000 08:02 10223933                   /usr/lib/jvm/java-8-openjdk-amd64/jre/lib/amd64/libzip.so
7f3e49e84000-7f3e49e8f000 r-xp 00000000 08:02 4357895                    /lib/x86_64-linux-gnu/libnss_files-2.19.so
7f3e49e8f000-7f3e4a08e000 ---p 0000b000 08:02 4357895                    /lib/x86_64-linux-gnu/libnss_files-2.19.so
7f3e4a08e000-7f3e4a08f000 r--p 0000a000 08:02 4357895                    /lib/x86_64-linux-gnu/libnss_files-2.19.so
7f3e4a08f000-7f3e4a090000 rw-p 0000b000 08:02 4357895                    /lib/x86_64-linux-gnu/libnss_files-2.19.so
7f3e4a090000-7f3e4a09b000 r-xp 00000000 08:02 4357887                    /lib/x86_64-linux-gnu/libnss_nis-2.19.so
7f3e4a09b000-7f3e4a29a000 ---p 0000b000 08:02 4357887                    /lib/x86_64-linux-gnu/libnss_nis-2.19.so
7f3e4a29a000-7f3e4a29b000 r--p 0000a000 08:02 4357887                    /lib/x86_64-linux-gnu/libnss_nis-2.19.so
7f3e4a29b000-7f3e4a29c000 rw-p 0000b000 08:02 4357887                    /lib/x86_64-linux-gnu/libnss_nis-2.19.so
7f3e4a29c000-7f3e4a2b3000 r-xp 00000000 08:02 4357883                    /lib/x86_64-linux-gnu/libnsl-2.19.so
7f3e4a2b3000-7f3e4a4b2000 ---p 00017000 08:02 4357883                    /lib/x86_64-linux-gnu/libnsl-2.19.so
7f3e4a4b2000-7f3e4a4b3000 r--p 00016000 08:02 4357883                    /lib/x86_64-linux-gnu/libnsl-2.19.so
7f3e4a4b3000-7f3e4a4b4000 rw-p 00017000 08:02 4357883                    /lib/x86_64-linux-gnu/libnsl-2.19.so
7f3e4a4b4000-7f3e4a4b6000 rw-p 00000000 00:00 0 
7f3e4a4b6000-7f3e4a4bf000 r-xp 00000000 08:02 4357882                    /lib/x86_64-linux-gnu/libnss_compat-2.19.so
7f3e4a4bf000-7f3e4a6be000 ---p 00009000 08:02 4357882                    /lib/x86_64-linux-gnu/libnss_compat-2.19.so
7f3e4a6be000-7f3e4a6bf000 r--p 00008000 08:02 4357882                    /lib/x86_64-linux-gnu/libnss_compat-2.19.so
7f3e4a6bf000-7f3e4a6c0000 rw-p 00009000 08:02 4357882                    /lib/x86_64-linux-gnu/libnss_compat-2.19.so
7f3e4a6c0000-7f3e4a6ec000 r-xp 00000000 08:02 10223919                   /usr/lib/jvm/java-8-openjdk-amd64/jre/lib/amd64/libjava.so
7f3e4a6ec000-7f3e4a8ec000 ---p 0002c000 08:02 10223919                   /usr/lib/jvm/java-8-openjdk-amd64/jre/lib/amd64/libjava.so
7f3e4a8ec000-7f3e4a8ed000 r--p 0002c000 08:02 10223919                   /usr/lib/jvm/java-8-openjdk-amd64/jre/lib/amd64/libjava.so
7f3e4a8ed000-7f3e4a8ef000 rw-p 0002d000 08:02 10223919                   /usr/lib/jvm/java-8-openjdk-amd64/jre/lib/amd64/libjava.so
7f3e4a8ef000-7f3e4a8ff000 r-xp 00000000 08:02 10223920                   /usr/lib/jvm/java-8-openjdk-amd64/jre/lib/amd64/libverify.so
7f3e4a8ff000-7f3e4aafe000 ---p 00010000 08:02 10223920                   /usr/lib/jvm/java-8-openjdk-amd64/jre/lib/amd64/libverify.so
7f3e4aafe000-7f3e4ab00000 r--p 0000f000 08:02 10223920                   /usr/lib/jvm/java-8-openjdk-amd64/jre/lib/amd64/libverify.so
7f3e4ab00000-7f3e4ab01000 rw-p 00011000 08:02 10223920                   /usr/lib/jvm/java-8-openjdk-amd64/jre/lib/amd64/libverify.so
7f3e4ab01000-7f3e4ab08000 r-xp 00000000 08:02 4357891                    /lib/x86_64-linux-gnu/librt-2.19.so
7f3e4ab08000-7f3e4ad07000 ---p 00007000 08:02 4357891                    /lib/x86_64-linux-gnu/librt-2.19.so
7f3e4ad07000-7f3e4ad08000 r--p 00006000 08:02 4357891                    /lib/x86_64-linux-gnu/librt-2.19.so
7f3e4ad08000-7f3e4ad09000 rw-p 00007000 08:02 4357891                    /lib/x86_64-linux-gnu/librt-2.19.so
7f3e4ad09000-7f3e4ad1f000 r-xp 00000000 08:02 4349286                    /lib/x86_64-linux-gnu/libgcc_s.so.1
7f3e4ad1f000-7f3e4af1e000 ---p 00016000 08:02 4349286                    /lib/x86_64-linux-gnu/libgcc_s.so.1
7f3e4af1e000-7f3e4af1f000 rw-p 00015000 08:02 4349286                    /lib/x86_64-linux-gnu/libgcc_s.so.1
7f3e4af1f000-7f3e4b024000 r-xp 00000000 08:02 4340626                    /lib/x86_64-linux-gnu/libm-2.19.so
7f3e4b024000-7f3e4b223000 ---p 00105000 08:02 4340626                    /lib/x86_64-linux-gnu/libm-2.19.so
7f3e4b223000-7f3e4b224000 r--p 00104000 08:02 4340626                    /lib/x86_64-linux-gnu/libm-2.19.so
7f3e4b224000-7f3e4b225000 rw-p 00105000 08:02 4340626                    /lib/x86_64-linux-gnu/libm-2.19.so
7f3e4b225000-7f3e4b30b000 r-xp 00000000 08:02 4850012                    /usr/lib/x86_64-linux-gnu/libstdc++.so.6.0.19
7f3e4b30b000-7f3e4b50a000 ---p 000e6000 08:02 4850012                    /usr/lib/x86_64-linux-gnu/libstdc++.so.6.0.19
7f3e4b50a000-7f3e4b512000 r--p 000e5000 08:02 4850012                    /usr/lib/x86_64-linux-gnu/libstdc++.so.6.0.19
7f3e4b512000-7f3e4b514000 rw-p 000ed000 08:02 4850012                    /usr/lib/x86_64-linux-gnu/libstdc++.so.6.0.19
7f3e4b514000-7f3e4b529000 rw-p 00000000 00:00 0 
7f3e4b529000-7f3e4c115000 r-xp 00000000 08:02 10223931                   /usr/lib/jvm/java-8-openjdk-amd64/jre/lib/amd64/server/libjvm.so
7f3e4c115000-7f3e4c315000 ---p 00bec000 08:02 10223931                   /usr/lib/jvm/java-8-openjdk-amd64/jre/lib/amd64/server/libjvm.so
7f3e4c315000-7f3e4c3b3000 r--p 00bec000 08:02 10223931                   /usr/lib/jvm/java-8-openjdk-amd64/jre/lib/amd64/server/libjvm.so
7f3e4c3b3000-7f3e4c3dc000 rw-p 00c8a000 08:02 10223931                   /usr/lib/jvm/java-8-openjdk-amd64/jre/lib/amd64/server/libjvm.so
7f3e4c3dc000-7f3e4c40c000 rw-p 00000000 00:00 0 
7f3e4c40c000-7f3e4c425000 r-xp 00000000 08:02 4357884                    /lib/x86_64-linux-gnu/libpthread-2.19.so
7f3e4c425000-7f3e4c624000 ---p 00019000 08:02 4357884                    /lib/x86_64-linux-gnu/libpthread-2.19.so
7f3e4c624000-7f3e4c625000 r--p 00018000 08:02 4357884                    /lib/x86_64-linux-gnu/libpthread-2.19.so
7f3e4c625000-7f3e4c626000 rw-p 00019000 08:02 4357884                    /lib/x86_64-linux-gnu/libpthread-2.19.so
7f3e4c626000-7f3e4c62a000 rw-p 00000000 00:00 0 
7f3e4c62a000-7f3e4c62d000 r-xp 00000000 08:02 4357879                    /lib/x86_64-linux-gnu/libdl-2.19.so
7f3e4c62d000-7f3e4c82c000 ---p 00003000 08:02 4357879                    /lib/x86_64-linux-gnu/libdl-2.19.so
7f3e4c82c000-7f3e4c82d000 r--p 00002000 08:02 4357879                    /lib/x86_64-linux-gnu/libdl-2.19.so
7f3e4c82d000-7f3e4c82e000 rw-p 00003000 08:02 4357879                    /lib/x86_64-linux-gnu/libdl-2.19.so
7f3e4c82e000-7f3e4c846000 r-xp 00000000 08:02 4329561                    /lib/x86_64-linux-gnu/libz.so.1.2.8
7f3e4c846000-7f3e4ca45000 ---p 00018000 08:02 4329561                    /lib/x86_64-linux-gnu/libz.so.1.2.8
7f3e4ca45000-7f3e4ca46000 r--p 00017000 08:02 4329561                    /lib/x86_64-linux-gnu/libz.so.1.2.8
7f3e4ca46000-7f3e4ca47000 rw-p 00018000 08:02 4329561                    /lib/x86_64-linux-gnu/libz.so.1.2.8
7f3e4ca47000-7f3e4cc02000 r-xp 00000000 08:02 4357892                    /lib/x86_64-linux-gnu/libc-2.19.so
7f3e4cc02000-7f3e4ce01000 ---p 001bb000 08:02 4357892                    /lib/x86_64-linux-gnu/libc-2.19.so
7f3e4ce01000-7f3e4ce05000 r--p 001ba000 08:02 4357892                    /lib/x86_64-linux-gnu/libc-2.19.so
7f3e4ce05000-7f3e4ce07000 rw-p 001be000 08:02 4357892                    /lib/x86_64-linux-gnu/libc-2.19.so
7f3e4ce07000-7f3e4ce0c000 rw-p 00000000 00:00 0 
7f3e4ce0c000-7f3e4ce19000 r-xp 00000000 08:02 10223946                   /usr/lib/jvm/java-8-openjdk-amd64/jre/lib/amd64/jli/libjli.so
7f3e4ce19000-7f3e4d019000 ---p 0000d000 08:02 10223946                   /usr/lib/jvm/java-8-openjdk-amd64/jre/lib/amd64/jli/libjli.so
7f3e4d019000-7f3e4d01a000 r--p 0000d000 08:02 10223946                   /usr/lib/jvm/java-8-openjdk-amd64/jre/lib/amd64/jli/libjli.so
7f3e4d01a000-7f3e4d01b000 rw-p 0000e000 08:02 10223946                   /usr/lib/jvm/java-8-openjdk-amd64/jre/lib/amd64/jli/libjli.so
7f3e4d01b000-7f3e4d03e000 r-xp 00000000 08:02 4357885                    /lib/x86_64-linux-gnu/ld-2.19.so
7f3e4d03e000-7f3e4d03f000 r--s 000fa000 08:02 2375101                    /home/tookuk/.gradle/caches/modules-2/files-2.1/com.badlogicgames.gdx/gdx-box2d-platform/1.7.1/6c9c371807914fcf8b354bb51ab67af2a4fda2dc/gdx-box2d-platform-1.7.1-natives-desktop.jar
7f3e4d03f000-7f3e4d040000 r--s 000d2000 08:02 2375051                    /home/tookuk/.gradle/caches/modules-2/files-2.1/com.badlogicgames.gdx/gdx-platform/1.7.1/5cf3464f2b86da3534f6f5e3020bc303db3c4202/gdx-platform-1.7.1-natives-desktop.jar
7f3e4d040000-7f3e4d042000 r--s 00010000 08:02 2374270                    /home/tookuk/.gradle/caches/modules-2/files-2.1/com.badlogicgames.gdx/gdx-box2d/1.7.1/fd23897393900f8f888222795e3229eff600fb3d/gdx-box2d-1.7.1.jar
7f3e4d042000-7f3e4d043000 r--s 0000a000 08:02 10223975                   /usr/lib/jvm/java-8-openjdk-amd64/jre/lib/ext/jaccess.jar
7f3e4d043000-7f3e4d045000 r--s 00001000 08:02 10223972                   /usr/lib/jvm/java-8-openjdk-amd64/jre/lib/ext/dnsns.jar
7f3e4d045000-7f3e4d049000 r--s 00037000 08:02 10223980                   /usr/lib/jvm/java-8-openjdk-amd64/jre/lib/ext/sunpkcs11.jar
7f3e4d049000-7f3e4d114000 rw-p 00000000 00:00 0 
7f3e4d114000-7f3e4d117000 ---p 00000000 00:00 0 
7f3e4d117000-7f3e4d21a000 rw-p 00000000 00:00 0                          [stack:6461]
7f3e4d21a000-7f3e4d21d000 r--s 0000f000 08:02 10223978                   /usr/lib/jvm/java-8-openjdk-amd64/jre/lib/ext/icedtea-sound.jar
7f3e4d21d000-7f3e4d21e000 r--s 00008000 08:02 10223974                   /usr/lib/jvm/java-8-openjdk-amd64/jre/lib/ext/sunec.jar
7f3e4d21e000-7f3e4d21f000 r--s 00010000 08:02 10223976                   /usr/lib/jvm/java-8-openjdk-amd64/jre/lib/ext/zipfs.jar
7f3e4d21f000-7f3e4d229000 r--s 00116000 08:02 10223979                   /usr/lib/jvm/java-8-openjdk-amd64/jre/lib/ext/localedata.jar
7f3e4d229000-7f3e4d22b000 r--s 00006000 08:02 5250933                    /usr/share/java/java-atk-wrapper.jar
7f3e4d22b000-7f3e4d231000 r--s 0003a000 08:02 10223977                   /usr/lib/jvm/java-8-openjdk-amd64/jre/lib/ext/sunjce_provider.jar
7f3e4d231000-7f3e4d239000 rw-s 00000000 08:02 2361987                    /tmp/hsperfdata_tookuk/6454
7f3e4d239000-7f3e4d23a000 rw-p 00000000 00:00 0 
7f3e4d23a000-7f3e4d23b000 r--p 00000000 00:00 0 
7f3e4d23b000-7f3e4d23d000 rw-p 00000000 00:00 0 
7f3e4d23d000-7f3e4d23e000 r--p 00022000 08:02 4357885                    /lib/x86_64-linux-gnu/ld-2.19.so
7f3e4d23e000-7f3e4d23f000 rw-p 00023000 08:02 4357885                    /lib/x86_64-linux-gnu/ld-2.19.so
7f3e4d23f000-7f3e4d240000 rw-p 00000000 00:00 0 
7fff9f596000-7fff9f5b8000 rw-p 00000000 00:00 0                          [stack]
7fff9f5b8000-7fff9f5ba000 r-xp 00000000 00:00 0                          [vdso]
ffffffffff600000-ffffffffff601000 r-xp 00000000 00:00 0                  [vsyscall]

VM Arguments:
jvm_args: -Dfile.encoding=UTF-8 
java_command: ru.wtf.desktop.DesktopLauncher
java_class_path (initial): /home/tookuk/eclipseWorkspace/tryGame/desktop/bin:/home/tookuk/eclipseWorkspace/tryGame/core/bin:/home/tookuk/.gradle/caches/modules-2/files-2.1/com.badlogicgames.gdx/gdx/1.7.1/2179cc613447c297623a4a6d2ba6692c3aaff804/gdx-1.7.1.jar:/home/tookuk/.gradle/caches/modules-2/files-2.1/com.badlogicgames.gdx/gdx-box2d/1.7.1/fd23897393900f8f888222795e3229eff600fb3d/gdx-box2d-1.7.1.jar:/home/tookuk/.gradle/caches/modules-2/files-2.1/com.badlogicgames.gdx/gdx-backend-lwjgl/1.7.1/d4531b364d1c2513cb99e7bdd9515ae317007cf5/gdx-backend-lwjgl-1.7.1.jar:/home/tookuk/.gradle/caches/modules-2/files-2.1/com.badlogicgames.gdx/gdx-platform/1.7.1/5cf3464f2b86da3534f6f5e3020bc303db3c4202/gdx-platform-1.7.1-natives-desktop.jar:/home/tookuk/.gradle/caches/modules-2/files-2.1/com.badlogicgames.gdx/gdx-box2d-platform/1.7.1/6c9c371807914fcf8b354bb51ab67af2a4fda2dc/gdx-box2d-platform-1.7.1-natives-desktop.jar:/home/tookuk/.gradle/caches/modules-2/files-2.1/org.lwjgl.lwjgl/lwjgl/2.9.2/a9d80fe5935c7a9149f6584d9777cfd471f65489/lwjgl-2.9.2.jar:/home/tookuk/.gradle/caches/modules-2/files-2.1/org.lwjgl.lwjgl/lwjgl_util/2.9.2/4b9e37300a87799856e0bd15ed81663cdb6b0947/lwjgl_util-2.9.2.jar:/home/tookuk/.gradle/caches/modules-2/files-2.1/com.badlogicgames.jlayer/jlayer/1.0.1-gdx/7cca83cec5c1b2f011362f4d85aabd71a73b049d/jlayer-1.0.1-gdx.jar:/home/tookuk/.gradle/caches/modules-2/files-2.1/org.jcraft/jorbis/0.0.17/8872d22b293e8f5d7d56ff92be966e6dc28ebdc6/jorbis-0.0.17.jar:/home/tookuk/.gradle/caches/modules-2/files-2.1/org.lwjgl.lwjgl/lwjgl-platform/2.9.2/510c7d317f5e9e700b9cfaac5fd38bdebf0702e0/lwjgl-platform-2.9.2-natives-windows.jar:/home/tookuk/.gradle/caches/modules-2/files-2.1/org.lwjgl.lwjgl/lwjgl-platform/2.9.2/d276cdf61fe2b516c7b7f4aa1b8dea91dbdc8d56/lwjgl-platform-2.9.2-natives-linux.jar:/home/tookuk/.gradle/caches/modules-2/files-2.1/org.lwjgl.lwjgl/lwjgl-platform/2.9.2/d55b46b40b40249d627a83a7f7f22649709d70c3/lwjgl-platform-2.9.2-natives-osx.jar:/home/tookuk/.gradle/cac
Launcher Type: SUN_STANDARD

Environment Variables:
JAVA_HOME=/usr/lib/jvm/java-8-openjdk-amd64
PATH=/usr/local/sbin:/usr/local/bin:/usr/sbin:/usr/bin:/sbin:/bin:/usr/games:/usr/local/games:/home/tookuk/bin:/usr/lib/jvm/java-8-openjdk-amd64/bin
SHELL=/bin/bash
DISPLAY=:0

Signal Handlers:
SIGSEGV: [libjvm.so+0x9f42a0], sa_mask[0]=11111111011111111101111111111110, sa_flags=SA_RESTART|SA_SIGINFO
SIGBUS: [libjvm.so+0x9f42a0], sa_mask[0]=11111111011111111101111111111110, sa_flags=SA_RESTART|SA_SIGINFO
SIGFPE: [libjvm.so+0x8558d0], sa_mask[0]=11111111011111111101111111111110, sa_flags=SA_RESTART|SA_SIGINFO
SIGPIPE: [libjvm.so+0x8558d0], sa_mask[0]=11111111011111111101111111111110, sa_flags=SA_RESTART|SA_SIGINFO
SIGXFSZ: [libjvm.so+0x8558d0], sa_mask[0]=11111111011111111101111111111110, sa_flags=SA_RESTART|SA_SIGINFO
SIGILL: [libjvm.so+0x8558d0], sa_mask[0]=11111111011111111101111111111110, sa_flags=SA_RESTART|SA_SIGINFO
SIGUSR1: SIG_DFL, sa_mask[0]=00000000000000000000000000000000, sa_flags=none
SIGUSR2: [libjvm.so+0x8557a0], sa_mask[0]=00100000000000000000000000000000, sa_flags=SA_RESTART|SA_SIGINFO
SIGHUP: [libjvm.so+0x855990], sa_mask[0]=11111111011111111101111111111110, sa_flags=SA_RESTART|SA_SIGINFO
SIGINT: [libjvm.so+0x855990], sa_mask[0]=11111111011111111101111111111110, sa_flags=SA_RESTART|SA_SIGINFO
SIGTERM: [libjvm.so+0x855990], sa_mask[0]=11111111011111111101111111111110, sa_flags=SA_RESTART|SA_SIGINFO
SIGQUIT: [libjvm.so+0x855990], sa_mask[0]=11111111011111111101111111111110, sa_flags=SA_RESTART|SA_SIGINFO


---------------  S Y S T E M  ---------------

OS:DISTRIB_ID=Ubuntu
DISTRIB_RELEASE=14.04
DISTRIB_CODENAME=trusty
DISTRIB_DESCRIPTION="Ubuntu 14.04.4 LTS"

uname:Linux 3.13.0-83-generic #127-Ubuntu SMP Fri Mar 11 00:25:37 UTC 2016 x86_64
libc:glibc 2.19 NPTL 2.19 
rlimit: STACK 8192k, CORE 0k, NPROC 63601, NOFILE 4096, AS infinity
load average:0,32 0,70 0,61

/proc/meminfo:
MemTotal:        8172168 kB
MemFree:         3159716 kB
Buffers:          597756 kB
Cached:          1477408 kB
SwapCached:            0 kB
Active:          3174996 kB
Inactive:        1245328 kB
Active(anon):    2347784 kB
Inactive(anon):   117160 kB
Active(file):     827212 kB
Inactive(file):  1128168 kB
Unevictable:          48 kB
Mlocked:              48 kB
SwapTotal:             0 kB
SwapFree:              0 kB
Dirty:               112 kB
Writeback:             0 kB
AnonPages:       2345340 kB
Mapped:           440548 kB
Shmem:            119780 kB
Slab:             387576 kB
SReclaimable:     349640 kB
SUnreclaim:        37936 kB
KernelStack:        4696 kB
PageTables:        41600 kB
NFS_Unstable:          0 kB
Bounce:                0 kB
WritebackTmp:          0 kB
CommitLimit:     4086084 kB
Committed_AS:    6780216 kB
VmallocTotal:   34359738367 kB
VmallocUsed:      119796 kB
VmallocChunk:   34359614588 kB
HardwareCorrupted:     0 kB
AnonHugePages:   1099776 kB
HugePages_Total:       0
HugePages_Free:        0
HugePages_Rsvd:        0
HugePages_Surp:        0
Hugepagesize:       2048 kB
DirectMap4k:      237440 kB
DirectMap2M:     8146944 kB


CPU:total 4 (4 cores per cpu, 1 threads per core) family 6 model 30 stepping 5, cmov, cx8, fxsr, mmx, sse, sse2, sse3, ssse3, sse4.1, sse4.2, popcnt, tsc, tscinvbit

/proc/cpuinfo:
processor	: 0
vendor_id	: GenuineIntel
cpu family	: 6
model		: 30
model name	: Intel(R) Core(TM) i5 CPU         760  @ 2.80GHz
stepping	: 5
microcode	: 0x3
cpu MHz		: 2926.000
cache size	: 8192 KB
physical id	: 0
siblings	: 4
core id		: 0
cpu cores	: 4
apicid		: 0
initial apicid	: 0
fpu		: yes
fpu_exception	: yes
cpuid level	: 11
wp		: yes
flags		: fpu vme de pse tsc msr pae mce cx8 apic sep mtrr pge mca cmov pat pse36 clflush dts acpi mmx fxsr sse sse2 ss ht tm pbe syscall nx rdtscp lm constant_tsc arch_perfmon pebs bts rep_good nopl xtopology nonstop_tsc aperfmperf pni dtes64 monitor ds_cpl vmx smx est tm2 ssse3 cx16 xtpr pdcm sse4_1 sse4_2 popcnt lahf_lm ida dtherm tpr_shadow vnmi flexpriority ept vpid
bogomips	: 5596.13
clflush size	: 64
cache_alignment	: 64
address sizes	: 36 bits physical, 48 bits virtual
power management:

processor	: 1
vendor_id	: GenuineIntel
cpu family	: 6
model		: 30
model name	: Intel(R) Core(TM) i5 CPU         760  @ 2.80GHz
stepping	: 5
microcode	: 0x3
cpu MHz		: 2926.000
cache size	: 8192 KB
physical id	: 0
siblings	: 4
core id		: 1
cpu cores	: 4
apicid		: 2
initial apicid	: 2
fpu		: yes
fpu_exception	: yes
cpuid level	: 11
wp		: yes
flags		: fpu vme de pse tsc msr pae mce cx8 apic sep mtrr pge mca cmov pat pse36 clflush dts acpi mmx fxsr sse sse2 ss ht tm pbe syscall nx rdtscp lm constant_tsc arch_perfmon pebs bts rep_good nopl xtopology nonstop_tsc aperfmperf pni dtes64 monitor ds_cpl vmx smx est tm2 ssse3 cx16 xtpr pdcm sse4_1 sse4_2 popcnt lahf_lm ida dtherm tpr_shadow vnmi flexpriority ept vpid
bogomips	: 5596.13
clflush size	: 64
cache_alignment	: 64
address sizes	: 36 bits physical, 48 bits virtual
power management:

processor	: 2
vendor_id	: GenuineIntel
cpu family	: 6
model		: 30
model name	: Intel(R) Core(TM) i5 CPU         760  @ 2.80GHz
stepping	: 5
microcode	: 0x3
cpu MHz		: 1197.000
cache size	: 8192 KB
physical id	: 0
siblings	: 4
core id		: 2
cpu cores	: 4
apicid		: 4
initial apicid	: 4
fpu		: yes
fpu_exception	: yes
cpuid level	: 11
wp		: yes
flags		: fpu vme de pse tsc msr pae mce cx8 apic sep mtrr pge mca cmov pat pse36 clflush dts acpi mmx fxsr sse sse2 ss ht tm pbe syscall nx rdtscp lm constant_tsc arch_perfmon pebs bts rep_good nopl xtopology nonstop_tsc aperfmperf pni dtes64 monitor ds_cpl vmx smx est tm2 ssse3 cx16 xtpr pdcm sse4_1 sse4_2 popcnt lahf_lm ida dtherm tpr_shadow vnmi flexpriority ept vpid
bogomips	: 5596.13
clflush size	: 64
cache_alignment	: 64
address sizes	: 36 bits physical, 48 bits virtual
power management:

processor	: 3
vendor_id	: GenuineIntel
cpu family	: 6
model		: 30
model name	: Intel(R) Core(TM) i5 CPU         760  @ 2.80GHz
stepping	: 5
microcode	: 0x3
cpu MHz		: 1197.000
cache size	: 8192 KB
physical id	: 0
siblings	: 4
core id		: 3
cpu cores	: 4
apicid		: 6
initial apicid	: 6
fpu		: yes
fpu_exception	: yes
cpuid level	: 11
wp		: yes
flags		: fpu vme de pse tsc msr pae mce cx8 apic sep mtrr pge mca cmov pat pse36 clflush dts acpi mmx fxsr sse sse2 ss ht tm pbe syscall nx rdtscp lm constant_tsc arch_perfmon pebs bts rep_good nopl xtopology nonstop_tsc aperfmperf pni dtes64 monitor ds_cpl vmx smx est tm2 ssse3 cx16 xtpr pdcm sse4_1 sse4_2 popcnt lahf_lm ida dtherm tpr_shadow vnmi flexpriority ept vpid
bogomips	: 5596.13
clflush size	: 64
cache_alignment	: 64
address sizes	: 36 bits physical, 48 bits virtual
power management:



Memory: 4k page, physical 8172168k(3159716k free), swap 0k(0k free)

vm_info: OpenJDK 64-Bit Server VM (25.72-b15) for linux-amd64 JRE (1.8.0_72-internal-b15), built on Jan 28 2016 23:42:34 by "buildd" with gcc 4.8.2

time: Mon Mar 21 22:10:53 2016
elapsed time: 27 seconds (0d 0h 0m 27s)

