#
# A fatal error has been detected by the Java Runtime Environment:
#
#  SIGSEGV (0xb) at pc=0x00007fbf550be9eb, pid=5622, tid=140460070029056
#
# JRE version: OpenJDK Runtime Environment (8.0_72-b15) (build 1.8.0_72-internal-b15)
# Java VM: OpenJDK 64-Bit Server VM (25.72-b15 mixed mode linux-amd64 compressed oops)
# Problematic frame:
# C  [libgdx-box2d64.so+0x219eb]  b2BlockAllocator::Allocate(int)+0x4b
#
# Failed to write core dump. Core dumps have been disabled. To enable core dumping, try "ulimit -c unlimited" before starting Java again
#
# If you would like to submit a bug report, please visit:
#   http://bugreport.java.com/bugreport/crash.jsp
# The crash happened outside the Java Virtual Machine in native code.
# See problematic frame for where to report the bug.
#

---------------  T H R E A D  ---------------

Current thread (0x00007fbfb8461800):  JavaThread "LWJGL Application" [_thread_in_native, id=5647, stack(0x00007fbf68844000,0x00007fbf68945000)]

siginfo: si_signo: 11 (SIGSEGV), si_code: 1 (SEGV_MAPERR), si_addr: 0x0000002600000002

Registers:
RAX=0x0000002600000002, RBX=0x00007fbf484efe80, RCX=0x0000000000000002, RDX=0x00007fbf484efe80
RSP=0x00007fbf68943210, RBP=0x00007fbf484efeb0, RSI=0x00000000000000b8, RDI=0x00007fbf484efe80
R8 =0x0000000000000001, R9 =0x0000000000000001, R10=0x0000000000000000, R11=0x0000000000000001
R12=0x0000000000000000, R13=0x0000000000000006, R14=0x00007fbf68943230, R15=0x00007fbfb8461800
RIP=0x00007fbf550be9eb, EFLAGS=0x0000000000010202, CSGSFS=0x0000000000000033, ERR=0x0000000000000004
  TRAPNO=0x000000000000000e

Top of Stack: (sp=0x00007fbf68943210)
0x00007fbf68943210:   00007fbfa855e678 00007fbf484efe80
0x00007fbf68943220:   00007fbf68943270 0000000000000000
0x00007fbf68943230:   00007fbf54fd6590 00007fbf550d42af
0x00007fbf68943240:   00007fbf689435c8 00007fbfa931a724
0x00007fbf68943250:   000000003f20d97c 00000000d8718db8
0x00007fbf68943260:   00007fbf68943320 00007fbf550da020
0x00007fbf68943270:   41066f8200000002 00000000458359ce
0x00007fbf68943280:   0000000000000000 0000000000000000
0x00007fbf68943290:   0000010100000000 00007fbfa9318f01
0x00007fbf689432a0:   0000000000000000 00007fbf3f800000
0x00007fbf689432b0:   00007fbf689435c8 00007fbfa9363ba3
0x00007fbf689432c0:   0000000000000000 0000000000000000
0x00007fbf689432d0:   0000000000000001 000000003f800000
0x00007fbf689432e0:   00000000d8718db8 0000000500000005
0x00007fbf689432f0:   000000003f800000 000000003f800000
0x00007fbf68943300:   00000000d89bc420 0000000500000005
0x00007fbf68943310:   000000003f800000 000000003f800000
0x00007fbf68943320:   00007fbf689435c8 00007fbfa936767c
0x00007fbf68943330:   00007fbf00000000 00007fbf00000001
0x00007fbf68943340:   000000003f800000 00007fbf00000000
0x00007fbf68943350:   0000000000000000 0000000000000000
0x00007fbf68943360:   00000000d6e6bfc0 00000000d6e6bfe8
0x00007fbf68943370:   00000000d89bc420 3f80000000000000
0x00007fbf68943380:   3f80000000000000 00007fbf68943400
0x00007fbf68943390:   00007fbf689435c8 00007fbfa9328654
0x00007fbf689433a0:   4583513440b33f58 0000000000000000
0x00007fbf689433b0:   00000000d87ffb40 00007fbfa94ecc5e
0x00007fbf689433c0:   00000000d87d1eb0 00000000d87ffbf0
0x00007fbf689433d0:   00007fbf689435c8 00000000d8718db8
0x00007fbf689433e0:   00007fbf48c4a240 00000000d87d1f60
0x00007fbf689433f0:   00007fbf689435c8 00007fbfa94ee4cc
0x00007fbf68943400:   00007fbf689435c8 00007fbfa936d924 

Instructions: (pc=0x00007fbf550be9eb)
0x00007fbf550be9cb:   0f b6 04 30 3c 0d 44 0f b6 e8 0f 87 ae 01 00 00
0x00007fbf550be9db:   48 8d 2c c7 48 89 fb 48 8b 45 10 48 85 c0 74 35
0x00007fbf550be9eb:   48 8b 10 48 89 c7 48 89 f8 48 89 55 10 48 83 c4
0x00007fbf550be9fb:   08 5b 5d 41 5c 41 5d c3 0f 1f 44 00 00 48 83 c4 

Register to memory mapping:

RAX=0x0000002600000002 is an unknown value
RBX=0x00007fbf484efe80 is an unknown value
RCX=0x0000000000000002 is an unknown value
RDX=0x00007fbf484efe80 is an unknown value
RSP=0x00007fbf68943210 is pointing into the stack for thread: 0x00007fbfb8461800
RBP=0x00007fbf484efeb0 is an unknown value
RSI=0x00000000000000b8 is an unknown value
RDI=0x00007fbf484efe80 is an unknown value
R8 =0x0000000000000001 is an unknown value
R9 =0x0000000000000001 is an unknown value
R10=0x0000000000000000 is an unknown value
R11=0x0000000000000001 is an unknown value
R12=0x0000000000000000 is an unknown value
R13=0x0000000000000006 is an unknown value
R14=0x00007fbf68943230 is pointing into the stack for thread: 0x00007fbfb8461800
R15=0x00007fbfb8461800 is a thread


Stack: [0x00007fbf68844000,0x00007fbf68945000],  sp=0x00007fbf68943210,  free space=1020k
Native frames: (J=compiled Java code, j=interpreted, Vv=VM code, C=native code)
C  [libgdx-box2d64.so+0x219eb]  b2BlockAllocator::Allocate(int)+0x4b

Java frames: (J=compiled Java code, j=interpreted, Vv=VM code)
J 903  com.badlogic.gdx.physics.box2d.World.jniCreateBody(JIFFFFFFFFZZZZZF)J (0 bytes) @ 0x00007fbfa9363a99 [0x00007fbfa9363a40+0x59]
J 902 C1 com.badlogic.gdx.physics.box2d.World.createBody(Lcom/badlogic/gdx/physics/box2d/BodyDef;)Lcom/badlogic/gdx/physics/box2d/Body; (120 bytes) @ 0x00007fbfa936767c [0x00007fbfa93674e0+0x19c]
J 914 C1 ru.wtf.sprites.SimpleWallPart.addToWorld(FFF)V (69 bytes) @ 0x00007fbfa936d924 [0x00007fbfa936d7c0+0x164]
J 915 C1 ru.wtf.objects.SimpleWallManager.buildNextBody(FFFFLru/wtf/objects/WallType;)Lru/wtf/sprites/SimpleWallPart; (54 bytes) @ 0x00007fbfa936e4fc [0x00007fbfa936e200+0x2fc]
j  ru.wtf.objects.SimpleWallManager.buildRow(FFFFLru/wtf/objects/WallType;)V+53
j  ru.wtf.objects.SimpleWallManager.buildWall(FFFIFLru/wtf/objects/WallType;)V+110
J 1589 C1 ru.wtf.screens.GameScreen.wallGeneration()V (92 bytes) @ 0x00007fbfa9584b94 [0x00007fbfa9584620+0x574]
J 1584 C1 ru.wtf.screens.GameScreen.render(F)V (221 bytes) @ 0x00007fbfa957447c [0x00007fbfa95739e0+0xa9c]
J 1570 C1 ru.wtf.MyGdxGame.render()V (5 bytes) @ 0x00007fbfa9567efc [0x00007fbfa9567d20+0x1dc]
j  com.badlogic.gdx.backends.lwjgl.LwjglApplication.mainLoop()V+684
j  com.badlogic.gdx.backends.lwjgl.LwjglApplication$1.run()V+27
v  ~StubRoutines::call_stub

---------------  P R O C E S S  ---------------

Java Threads: ( => current thread )
  0x00007fbf48012000 JavaThread "process reaper" daemon [_thread_blocked, id=5649, stack(0x00007fbf90089000,0x00007fbf900c2000)]
  0x00007fbfb800b000 JavaThread "DestroyJavaVM" [_thread_blocked, id=5624, stack(0x00007fbfc0239000,0x00007fbfc033a000)]
=>0x00007fbfb8461800 JavaThread "LWJGL Application" [_thread_in_native, id=5647, stack(0x00007fbf68844000,0x00007fbf68945000)]
  0x00007fbfb83bc000 JavaThread "AWT-XAWT" daemon [_thread_in_native, id=5643, stack(0x00007fbf6b9ee000,0x00007fbf6baef000)]
  0x00007fbfb839f000 JavaThread "Java2D Disposer" daemon [_thread_blocked, id=5642, stack(0x00007fbf6beff000,0x00007fbf6c000000)]
  0x00007fbfb80ba800 JavaThread "Service Thread" daemon [_thread_blocked, id=5640, stack(0x00007fbf921d6000,0x00007fbf922d7000)]
  0x00007fbfb80b3000 JavaThread "C1 CompilerThread2" daemon [_thread_blocked, id=5639, stack(0x00007fbf922d7000,0x00007fbf923d8000)]
  0x00007fbfb80b1000 JavaThread "C2 CompilerThread1" daemon [_thread_blocked, id=5638, stack(0x00007fbf923d8000,0x00007fbf924d9000)]
  0x00007fbfb80ae000 JavaThread "C2 CompilerThread0" daemon [_thread_blocked, id=5637, stack(0x00007fbf924d9000,0x00007fbf925da000)]
  0x00007fbfb80ac000 JavaThread "Signal Dispatcher" daemon [_thread_blocked, id=5636, stack(0x00007fbf925da000,0x00007fbf926db000)]
  0x00007fbfb8084800 JavaThread "Finalizer" daemon [_thread_blocked, id=5635, stack(0x00007fbf92eef000,0x00007fbf92ff0000)]
  0x00007fbfb8080000 JavaThread "Reference Handler" daemon [_thread_blocked, id=5634, stack(0x00007fbf92ff0000,0x00007fbf930f1000)]

Other Threads:
  0x00007fbfb8078800 VMThread [stack: 0x00007fbf930f1000,0x00007fbf931f2000] [id=5633]
  0x00007fbfb80bc800 WatcherThread [stack: 0x00007fbf920d5000,0x00007fbf921d6000] [id=5641]

VM state:not at safepoint (normal execution)

VM Mutex/Monitor currently owned by a thread: None

Heap:
 PSYoungGen      total 37888K, used 11994K [0x00000000d6700000, 0x00000000d9100000, 0x0000000100000000)
  eden space 32768K, 25% used [0x00000000d6700000,0x00000000d6f075c0,0x00000000d8700000)
  from space 5120K, 73% used [0x00000000d8700000,0x00000000d8aaf330,0x00000000d8c00000)
  to   space 5120K, 0% used [0x00000000d8c00000,0x00000000d8c00000,0x00000000d9100000)
 ParOldGen       total 86016K, used 88K [0x0000000083400000, 0x0000000088800000, 0x00000000d6700000)
  object space 86016K, 0% used [0x0000000083400000,0x0000000083416010,0x0000000088800000)
 Metaspace       used 10830K, capacity 11045K, committed 11136K, reserved 1058816K
  class space    used 985K, capacity 1064K, committed 1152K, reserved 1048576K

Card table byte_map: [0x00007fbfbc5f9000,0x00007fbfbc9e0000] byte_map_base: 0x00007fbfbc1df000

Marking Bits: (ParMarkBitMap*) 0x00007fbfbf516080
 Begin Bits: [0x00007fbfa01a0000, 0x00007fbfa20d0000)
 End Bits:   [0x00007fbfa20d0000, 0x00007fbfa4000000)

Polling page: 0x00007fbfc035f000

CodeCache: size=245760Kb used=6031Kb max_used=6043Kb free=239728Kb
 bounds [0x00007fbfa9000000, 0x00007fbfa95f0000, 0x00007fbfb8000000]
 total_blobs=2312 nmethods=1701 adapters=527
 compilation: enabled

Compilation events (10 events):
Event: 29,227 Thread 0x00007fbfb80ae000 nmethod 1700 0x00007fbfa95df4d0 code [0x00007fbfa95df6e0, 0x00007fbfa95dfe78]
Event: 29,227 Thread 0x00007fbfb80ae000 1703       4       sun.nio.cs.StreamEncoder::writeBytes (132 bytes)
Event: 29,231 Thread 0x00007fbfb80b1000 nmethod 1702 0x00007fbfa95ebbd0 code [0x00007fbfa95ebda0, 0x00007fbfa95ecec8]
Event: 29,236 Thread 0x00007fbfb80ae000 nmethod 1703 0x00007fbfa95e1050 code [0x00007fbfa95e1220, 0x00007fbfa95e1fc8]
Event: 29,568 Thread 0x00007fbfb80b1000 1704       4       com.badlogic.gdx.graphics.g2d.Sprite::draw (18 bytes)
Event: 29,569 Thread 0x00007fbfb80b1000 nmethod 1704 0x00007fbfa95cbe10 code [0x00007fbfa95cbf80, 0x00007fbfa95cc078]
Event: 30,353 Thread 0x00007fbfb80b3000 1705       3       com.badlogic.gdx.scenes.scene2d.ui.Label::invalidate (10 bytes)
Event: 30,353 Thread 0x00007fbfb80b3000 nmethod 1705 0x00007fbfa95df110 code [0x00007fbfa95df280, 0x00007fbfa95df430]
Event: 30,353 Thread 0x00007fbfb80b3000 1706       3       com.badlogic.gdx.scenes.scene2d.ui.Widget::invalidate (6 bytes)
Event: 30,354 Thread 0x00007fbfb80b3000 nmethod 1706 0x00007fbfa95b98d0 code [0x00007fbfa95b9a20, 0x00007fbfa95b9b70]

GC Heap History (6 events):
Event: 1,294 GC heap before
{Heap before GC invocations=1 (full 0):
 PSYoungGen      total 37888K, used 32768K [0x00000000d6700000, 0x00000000d9100000, 0x0000000100000000)
  eden space 32768K, 100% used [0x00000000d6700000,0x00000000d8700000,0x00000000d8700000)
  from space 5120K, 0% used [0x00000000d8c00000,0x00000000d8c00000,0x00000000d9100000)
  to   space 5120K, 0% used [0x00000000d8700000,0x00000000d8700000,0x00000000d8c00000)
 ParOldGen       total 86016K, used 0K [0x0000000083400000, 0x0000000088800000, 0x00000000d6700000)
  object space 86016K, 0% used [0x0000000083400000,0x0000000083400000,0x0000000088800000)
 Metaspace       used 10285K, capacity 10437K, committed 10624K, reserved 1058816K
  class space    used 980K, capacity 1032K, committed 1152K, reserved 1048576K
Event: 1,299 GC heap after
Heap after GC invocations=1 (full 0):
 PSYoungGen      total 37888K, used 4974K [0x00000000d6700000, 0x00000000d9100000, 0x0000000100000000)
  eden space 32768K, 0% used [0x00000000d6700000,0x00000000d6700000,0x00000000d8700000)
  from space 5120K, 97% used [0x00000000d8700000,0x00000000d8bdbbd0,0x00000000d8c00000)
  to   space 5120K, 0% used [0x00000000d8c00000,0x00000000d8c00000,0x00000000d9100000)
 ParOldGen       total 86016K, used 8K [0x0000000083400000, 0x0000000088800000, 0x00000000d6700000)
  object space 86016K, 0% used [0x0000000083400000,0x0000000083402000,0x0000000088800000)
 Metaspace       used 10285K, capacity 10437K, committed 10624K, reserved 1058816K
  class space    used 980K, capacity 1032K, committed 1152K, reserved 1048576K
}
Event: 6,329 GC heap before
{Heap before GC invocations=2 (full 0):
 PSYoungGen      total 37888K, used 37742K [0x00000000d6700000, 0x00000000d9100000, 0x0000000100000000)
  eden space 32768K, 100% used [0x00000000d6700000,0x00000000d8700000,0x00000000d8700000)
  from space 5120K, 97% used [0x00000000d8700000,0x00000000d8bdbbd0,0x00000000d8c00000)
  to   space 5120K, 0% used [0x00000000d8c00000,0x00000000d8c00000,0x00000000d9100000)
 ParOldGen       total 86016K, used 8K [0x0000000083400000, 0x0000000088800000, 0x00000000d6700000)
  object space 86016K, 0% used [0x0000000083400000,0x0000000083402000,0x0000000088800000)
 Metaspace       used 10723K, capacity 10917K, committed 11136K, reserved 1058816K
  class space    used 985K, capacity 1064K, committed 1152K, reserved 1048576K
Event: 6,337 GC heap after
Heap after GC invocations=2 (full 0):
 PSYoungGen      total 37888K, used 3772K [0x00000000d6700000, 0x00000000d9100000, 0x0000000100000000)
  eden space 32768K, 0% used [0x00000000d6700000,0x00000000d6700000,0x00000000d8700000)
  from space 5120K, 73% used [0x00000000d8c00000,0x00000000d8faf290,0x00000000d9100000)
  to   space 5120K, 0% used [0x00000000d8700000,0x00000000d8700000,0x00000000d8c00000)
 ParOldGen       total 86016K, used 16K [0x0000000083400000, 0x0000000088800000, 0x00000000d6700000)
  object space 86016K, 0% used [0x0000000083400000,0x0000000083404000,0x0000000088800000)
 Metaspace       used 10723K, capacity 10917K, committed 11136K, reserved 1058816K
  class space    used 985K, capacity 1064K, committed 1152K, reserved 1048576K
}
Event: 26,966 GC heap before
{Heap before GC invocations=3 (full 0):
 PSYoungGen      total 37888K, used 36540K [0x00000000d6700000, 0x00000000d9100000, 0x0000000100000000)
  eden space 32768K, 100% used [0x00000000d6700000,0x00000000d8700000,0x00000000d8700000)
  from space 5120K, 73% used [0x00000000d8c00000,0x00000000d8faf290,0x00000000d9100000)
  to   space 5120K, 0% used [0x00000000d8700000,0x00000000d8700000,0x00000000d8c00000)
 ParOldGen       total 86016K, used 16K [0x0000000083400000, 0x0000000088800000, 0x00000000d6700000)
  object space 86016K, 0% used [0x0000000083400000,0x0000000083404000,0x0000000088800000)
 Metaspace       used 10830K, capacity 11045K, committed 11136K, reserved 1058816K
  class space    used 985K, capacity 1064K, committed 1152K, reserved 1048576K
Event: 26,974 GC heap after
Heap after GC invocations=3 (full 0):
 PSYoungGen      total 37888K, used 3772K [0x00000000d6700000, 0x00000000d9100000, 0x0000000100000000)
  eden space 32768K, 0% used [0x00000000d6700000,0x00000000d6700000,0x00000000d8700000)
  from space 5120K, 73% used [0x00000000d8700000,0x00000000d8aaf330,0x00000000d8c00000)
  to   space 5120K, 0% used [0x00000000d8c00000,0x00000000d8c00000,0x00000000d9100000)
 ParOldGen       total 86016K, used 88K [0x0000000083400000, 0x0000000088800000, 0x00000000d6700000)
  object space 86016K, 0% used [0x0000000083400000,0x0000000083416010,0x0000000088800000)
 Metaspace       used 10830K, capacity 11045K, committed 11136K, reserved 1058816K
  class space    used 985K, capacity 1064K, committed 1152K, reserved 1048576K
}

Deoptimization events (6 events):
Event: 0,107 Thread 0x00007fbfb800b000 Uncommon trap: reason=unstable_if action=reinterpret pc=0x00007fbfa91376c4 method=java.lang.String.indexOf(II)I @ 49
Event: 0,487 Thread 0x00007fbfb8461800 Uncommon trap: reason=unstable_if action=reinterpret pc=0x00007fbfa919c9a4 method=java.lang.String.replace(CC)Ljava/lang/String; @ 26
Event: 2,452 Thread 0x00007fbfb8461800 Uncommon trap: reason=unstable_if action=reinterpret pc=0x00007fbfa93ef518 method=java.lang.Math.round(F)I @ 23
Event: 3,181 Thread 0x00007fbfb8461800 Uncommon trap: reason=unstable_if action=reinterpret pc=0x00007fbfa93cff58 method=ru.wtf.sprites.SimpleWallPart.update(F)V @ 33
Event: 3,448 Thread 0x00007fbfb8461800 Uncommon trap: reason=unstable_if action=reinterpret pc=0x00007fbfa943be0c method=ru.wtf.sprites.SimpleWallPart.update(F)V @ 134
Event: 29,084 Thread 0x00007fbfb8461800 Uncommon trap: reason=unstable_if action=reinterpret pc=0x00007fbfa93ca338 method=com.badlogic.gdx.graphics.g2d.SpriteBatch.draw(Lcom/badlogic/gdx/graphics/Texture;[FII)V @ 33

Internal exceptions (10 events):
Event: 0,225 Thread 0x00007fbfb800b000 Exception <a 'java/security/PrivilegedActionException'> (0x00000000d6c68d68) thrown at [/build/openjdk-8-YNUxN3/openjdk-8-8u72-b15/src/hotspot/src/share/vm/prims/jvm.cpp, line 1386]
Event: 0,225 Thread 0x00007fbfb800b000 Exception <a 'java/security/PrivilegedActionException'> (0x00000000d6c699c0) thrown at [/build/openjdk-8-YNUxN3/openjdk-8-8u72-b15/src/hotspot/src/share/vm/prims/jvm.cpp, line 1386]
Event: 0,225 Thread 0x00007fbfb800b000 Exception <a 'java/security/PrivilegedActionException'> (0x00000000d6c6a5e8) thrown at [/build/openjdk-8-YNUxN3/openjdk-8-8u72-b15/src/hotspot/src/share/vm/prims/jvm.cpp, line 1386]
Event: 0,225 Thread 0x00007fbfb800b000 Exception <a 'java/security/PrivilegedActionException'> (0x00000000d6c6c768) thrown at [/build/openjdk-8-YNUxN3/openjdk-8-8u72-b15/src/hotspot/src/share/vm/prims/jvm.cpp, line 1386]
Event: 0,225 Thread 0x00007fbfb800b000 Exception <a 'java/security/PrivilegedActionException'> (0x00000000d6c6d3c0) thrown at [/build/openjdk-8-YNUxN3/openjdk-8-8u72-b15/src/hotspot/src/share/vm/prims/jvm.cpp, line 1386]
Event: 0,225 Thread 0x00007fbfb800b000 Exception <a 'java/security/PrivilegedActionException'> (0x00000000d6c6dfe8) thrown at [/build/openjdk-8-YNUxN3/openjdk-8-8u72-b15/src/hotspot/src/share/vm/prims/jvm.cpp, line 1386]
Event: 0,225 Thread 0x00007fbfb800b000 Exception <a 'java/security/PrivilegedActionException'> (0x00000000d6c6ff28) thrown at [/build/openjdk-8-YNUxN3/openjdk-8-8u72-b15/src/hotspot/src/share/vm/prims/jvm.cpp, line 1386]
Event: 0,225 Thread 0x00007fbfb800b000 Exception <a 'java/security/PrivilegedActionException'> (0x00000000d6c70b80) thrown at [/build/openjdk-8-YNUxN3/openjdk-8-8u72-b15/src/hotspot/src/share/vm/prims/jvm.cpp, line 1386]
Event: 0,225 Thread 0x00007fbfb800b000 Exception <a 'java/security/PrivilegedActionException'> (0x00000000d6c717a8) thrown at [/build/openjdk-8-YNUxN3/openjdk-8-8u72-b15/src/hotspot/src/share/vm/prims/jvm.cpp, line 1386]
Event: 0,526 Thread 0x00007fbfb8461800 Exception <a 'java/lang/NoClassDefFoundError': org/lwjgl/opengles/GLContext> (0x00000000d706ff30) thrown at [/build/openjdk-8-YNUxN3/openjdk-8-8u72-b15/src/hotspot/src/share/vm/classfile/systemDictionary.cpp, line 199]

Events (10 events):
Event: 26,979 Executing VM operation: BulkRevokeBias
Event: 26,979 Executing VM operation: BulkRevokeBias done
Event: 27,282 Thread 0x00007fbfb80b1000 flushing nmethod 0x00007fbfa90fdad0
Event: 27,282 Thread 0x00007fbfb80b1000 flushing nmethod 0x00007fbfa9101810
Event: 27,282 Thread 0x00007fbfb80b1000 flushing nmethod 0x00007fbfa9101b90
Event: 27,282 Thread 0x00007fbfb80b1000 flushing nmethod 0x00007fbfa910ae90
Event: 27,282 Thread 0x00007fbfb80b1000 flushing nmethod 0x00007fbfa910e3d0
Event: 29,084 Thread 0x00007fbfb8461800 Uncommon trap: trap_request=0xffffff65 fr.pc=0x00007fbfa93ca338
Event: 29,084 Thread 0x00007fbfb8461800 DEOPT PACKING pc=0x00007fbfa93ca338 sp=0x00007fbf689436c0
Event: 29,084 Thread 0x00007fbfb8461800 DEOPT UNPACKING pc=0x00007fbfa9004f69 sp=0x00007fbf68943640 mode 2


Dynamic libraries:
00400000-00401000 r-xp 00000000 08:02 10223905                           /usr/lib/jvm/java-8-openjdk-amd64/jre/bin/java
00600000-00601000 r--p 00000000 08:02 10223905                           /usr/lib/jvm/java-8-openjdk-amd64/jre/bin/java
00601000-00602000 rw-p 00001000 08:02 10223905                           /usr/lib/jvm/java-8-openjdk-amd64/jre/bin/java
00858000-00879000 rw-p 00000000 00:00 0                                  [heap]
40bb5000-40bb7000 r-xs 00000000 08:02 2361988                            /tmp/.gl4z1nbM (deleted)
4193e000-419da000 rw-p 00000000 00:00 0 
83400000-88800000 rw-p 00000000 00:00 0 
88800000-d6700000 ---p 00000000 00:00 0 
d6700000-d9100000 rw-p 00000000 00:00 0 
d9100000-100000000 ---p 00000000 00:00 0 
100000000-100120000 rw-p 00000000 00:00 0 
100120000-140000000 ---p 00000000 00:00 0 
7fbf48000000-7fbf49119000 rw-p 00000000 00:00 0 
7fbf49119000-7fbf4c000000 ---p 00000000 00:00 0 
7fbf4c000000-7fbf4c021000 rw-p 00000000 00:00 0 
7fbf4c021000-7fbf50000000 ---p 00000000 00:00 0 
7fbf50000000-7fbf50021000 rw-p 00000000 00:00 0 
7fbf50021000-7fbf54000000 ---p 00000000 00:00 0 
7fbf5429d000-7fbf5469d000 rw-s 8d2e3000 00:05 12181                      /dev/nvidiactl
7fbf5469d000-7fbf5489d000 rw-s 1a734c000 00:05 12181                     /dev/nvidiactl
7fbf5489d000-7fbf54c9d000 rw-s 1a5ef6000 00:05 12181                     /dev/nvidiactl
7fbf54c9d000-7fbf54e9d000 rw-s 177908000 00:05 12181                     /dev/nvidiactl
7fbf54e9d000-7fbf5505d000 rw-p 00000000 00:00 0 
7fbf5505d000-7fbf5509d000 ---p 00000000 00:00 0 
7fbf5509d000-7fbf550e9000 r-xp 00000000 08:02 2361969                    /tmp/libgdxtookuk/72da4579/libgdx-box2d64.so
7fbf550e9000-7fbf552e8000 ---p 0004c000 08:02 2361969                    /tmp/libgdxtookuk/72da4579/libgdx-box2d64.so
7fbf552e8000-7fbf552ea000 r--p 0004b000 08:02 2361969                    /tmp/libgdxtookuk/72da4579/libgdx-box2d64.so
7fbf552ea000-7fbf552eb000 rw-p 0004d000 08:02 2361969                    /tmp/libgdxtookuk/72da4579/libgdx-box2d64.so
7fbf552eb000-7fbf5536b000 rw-s 912b9000 00:05 12181                      /dev/nvidiactl
7fbf5536b000-7fbf553eb000 rw-s b2ae2000 00:05 12181                      /dev/nvidiactl
7fbf553eb000-7fbf56dad000 r-xp 00000000 08:02 8787499                    /usr/lib/nvidia-340/libnvidia-glcore.so.340.96
7fbf56dad000-7fbf56dcb000 rwxp 019c2000 08:02 8787499                    /usr/lib/nvidia-340/libnvidia-glcore.so.340.96
7fbf56dcb000-7fbf57249000 r-xp 019e0000 08:02 8787499                    /usr/lib/nvidia-340/libnvidia-glcore.so.340.96
7fbf57249000-7fbf57448000 ---p 01e5e000 08:02 8787499                    /usr/lib/nvidia-340/libnvidia-glcore.so.340.96
7fbf57448000-7fbf57fe2000 rw-p 01e5d000 08:02 8787499                    /usr/lib/nvidia-340/libnvidia-glcore.so.340.96
7fbf57fe2000-7fbf57fff000 rw-p 00000000 00:00 0 
7fbf57fff000-7fbf5c000000 rw-s 00000000 00:14 41662                      /run/shm/pulse-shm-4130717112
7fbf5c000000-7fbf5c021000 rw-p 00000000 00:00 0 
7fbf5c021000-7fbf60000000 ---p 00000000 00:00 0 
7fbf60000000-7fbf60021000 rw-p 00000000 00:00 0 
7fbf60021000-7fbf64000000 ---p 00000000 00:00 0 
7fbf64000000-7fbf64021000 rw-p 00000000 00:00 0 
7fbf64021000-7fbf68000000 ---p 00000000 00:00 0 
7fbf68061000-7fbf680e1000 rw-s 1a7162000 00:05 12181                     /dev/nvidiactl
7fbf681e1000-7fbf68201000 rw-s e01e0000 00:05 12182                      /dev/nvidia0
7fbf68201000-7fbf68241000 rw-s 1a5f06000 00:05 12181                     /dev/nvidiactl
7fbf68241000-7fbf682f5000 rw-s 2107b0000 00:05 12181                     /dev/nvidiactl
7fbf682f5000-7fbf682f8000 r-xp 00000000 08:02 8916893                    /usr/lib/nvidia-340/tls/libnvidia-tls.so.340.96
7fbf682f8000-7fbf684f7000 ---p 00003000 08:02 8916893                    /usr/lib/nvidia-340/tls/libnvidia-tls.so.340.96
7fbf684f7000-7fbf684f8000 rw-p 00002000 08:02 8916893                    /usr/lib/nvidia-340/tls/libnvidia-tls.so.340.96
7fbf684f8000-7fbf685bf000 r-xp 00000000 08:02 8787509                    /usr/lib/nvidia-340/libGL.so.340.96
7fbf685bf000-7fbf685ee000 rwxp 000c7000 08:02 8787509                    /usr/lib/nvidia-340/libGL.so.340.96
7fbf685ee000-7fbf6860a000 r-xp 000f6000 08:02 8787509                    /usr/lib/nvidia-340/libGL.so.340.96
7fbf6860a000-7fbf68809000 ---p 00112000 08:02 8787509                    /usr/lib/nvidia-340/libGL.so.340.96
7fbf68809000-7fbf6882e000 rw-p 00111000 08:02 8787509                    /usr/lib/nvidia-340/libGL.so.340.96
7fbf6882e000-7fbf68844000 rw-p 00000000 00:00 0 
7fbf68844000-7fbf68847000 ---p 00000000 00:00 0 
7fbf68847000-7fbf68945000 rw-p 00000000 00:00 0                          [stack:5647]
7fbf68945000-7fbf68946000 ---p 00000000 00:00 0 
7fbf68946000-7fbf68a46000 rw-p 00000000 00:00 0                          [stack:5646]
7fbf68a46000-7fbf68a47000 ---p 00000000 00:00 0 
7fbf68a47000-7fbf69247000 rw-p 00000000 00:00 0                          [stack:5645]
7fbf69247000-7fbf6925e000 r-xp 00000000 08:02 4329538                    /lib/x86_64-linux-gnu/libresolv-2.19.so
7fbf6925e000-7fbf6945e000 ---p 00017000 08:02 4329538                    /lib/x86_64-linux-gnu/libresolv-2.19.so
7fbf6945e000-7fbf6945f000 r--p 00017000 08:02 4329538                    /lib/x86_64-linux-gnu/libresolv-2.19.so
7fbf6945f000-7fbf69460000 rw-p 00018000 08:02 4329538                    /lib/x86_64-linux-gnu/libresolv-2.19.so
7fbf69460000-7fbf69462000 rw-p 00000000 00:00 0 
7fbf69462000-7fbf69469000 r-xp 00000000 08:02 4858557                    /usr/lib/x86_64-linux-gnu/libogg.so.0.8.1
7fbf69469000-7fbf69669000 ---p 00007000 08:02 4858557                    /usr/lib/x86_64-linux-gnu/libogg.so.0.8.1
7fbf69669000-7fbf6966a000 r--p 00007000 08:02 4858557                    /usr/lib/x86_64-linux-gnu/libogg.so.0.8.1
7fbf6966a000-7fbf6966b000 rw-p 00008000 08:02 4858557                    /usr/lib/x86_64-linux-gnu/libogg.so.0.8.1
7fbf6966b000-7fbf69697000 r-xp 00000000 08:02 4858835                    /usr/lib/x86_64-linux-gnu/libvorbis.so.0.4.5
7fbf69697000-7fbf69896000 ---p 0002c000 08:02 4858835                    /usr/lib/x86_64-linux-gnu/libvorbis.so.0.4.5
7fbf69896000-7fbf69897000 r--p 0002b000 08:02 4858835                    /usr/lib/x86_64-linux-gnu/libvorbis.so.0.4.5
7fbf69897000-7fbf69898000 rw-p 0002c000 08:02 4858835                    /usr/lib/x86_64-linux-gnu/libvorbis.so.0.4.5
7fbf69898000-7fbf69b4b000 r-xp 00000000 08:02 4858837                    /usr/lib/x86_64-linux-gnu/libvorbisenc.so.2.0.8
7fbf69b4b000-7fbf69d4a000 ---p 002b3000 08:02 4858837                    /usr/lib/x86_64-linux-gnu/libvorbisenc.so.2.0.8
7fbf69d4a000-7fbf69d66000 r--p 002b2000 08:02 4858837                    /usr/lib/x86_64-linux-gnu/libvorbisenc.so.2.0.8
7fbf69d66000-7fbf69d67000 rw-p 002ce000 08:02 4858837                    /usr/lib/x86_64-linux-gnu/libvorbisenc.so.2.0.8
7fbf69d67000-7fbf69d97000 r-xp 00000000 08:02 4854939                    /usr/lib/x86_64-linux-gnu/libFLAC.so.8.3.0
7fbf69d97000-7fbf69f96000 ---p 00030000 08:02 4854939                    /usr/lib/x86_64-linux-gnu/libFLAC.so.8.3.0
7fbf69f96000-7fbf69f97000 r--p 0002f000 08:02 4854939                    /usr/lib/x86_64-linux-gnu/libFLAC.so.8.3.0
7fbf69f97000-7fbf69f98000 rw-p 00030000 08:02 4854939                    /usr/lib/x86_64-linux-gnu/libFLAC.so.8.3.0
7fbf69f98000-7fbf69f9d000 r-xp 00000000 08:02 4857928                    /usr/lib/x86_64-linux-gnu/libasyncns.so.0.3.1
7fbf69f9d000-7fbf6a19c000 ---p 00005000 08:02 4857928                    /usr/lib/x86_64-linux-gnu/libasyncns.so.0.3.1
7fbf6a19c000-7fbf6a19d000 r--p 00004000 08:02 4857928                    /usr/lib/x86_64-linux-gnu/libasyncns.so.0.3.1
7fbf6a19d000-7fbf6a19e000 rw-p 00005000 08:02 4857928                    /usr/lib/x86_64-linux-gnu/libasyncns.so.0.3.1
7fbf6a19e000-7fbf6a1ff000 r-xp 00000000 08:02 4854167                    /usr/lib/x86_64-linux-gnu/libsndfile.so.1.0.25
7fbf6a1ff000-7fbf6a3ff000 ---p 00061000 08:02 4854167                    /usr/lib/x86_64-linux-gnu/libsndfile.so.1.0.25
7fbf6a3ff000-7fbf6a401000 r--p 00061000 08:02 4854167                    /usr/lib/x86_64-linux-gnu/libsndfile.so.1.0.25
7fbf6a401000-7fbf6a402000 rw-p 00063000 08:02 4854167                    /usr/lib/x86_64-linux-gnu/libsndfile.so.1.0.25
7fbf6a402000-7fbf6a406000 rw-p 00000000 00:00 0 
7fbf6a406000-7fbf6a40e000 r-xp 00000000 08:02 4329558                    /lib/x86_64-linux-gnu/libwrap.so.0.7.6
7fbf6a40e000-7fbf6a60d000 ---p 00008000 08:02 4329558                    /lib/x86_64-linux-gnu/libwrap.so.0.7.6
7fbf6a60d000-7fbf6a60e000 r--p 00007000 08:02 4329558                    /lib/x86_64-linux-gnu/libwrap.so.0.7.6
7fbf6a60e000-7fbf6a60f000 rw-p 00008000 08:02 4329558                    /lib/x86_64-linux-gnu/libwrap.so.0.7.6
7fbf6a60f000-7fbf6a610000 rw-p 00000000 00:00 0 
7fbf6a610000-7fbf6a654000 r-xp 00000000 08:02 4325642                    /lib/x86_64-linux-gnu/libdbus-1.so.3.7.6
7fbf6a654000-7fbf6a853000 ---p 00044000 08:02 4325642                    /lib/x86_64-linux-gnu/libdbus-1.so.3.7.6
7fbf6a853000-7fbf6a854000 r--p 00043000 08:02 4325642                    /lib/x86_64-linux-gnu/libdbus-1.so.3.7.6
7fbf6a854000-7fbf6a855000 rw-p 00044000 08:02 4325642                    /lib/x86_64-linux-gnu/libdbus-1.so.3.7.6
7fbf6a855000-7fbf6a8bb000 r-xp 00000000 08:02 5245376                    /usr/lib/x86_64-linux-gnu/pulseaudio/libpulsecommon-4.0.so
7fbf6a8bb000-7fbf6aaba000 ---p 00066000 08:02 5245376                    /usr/lib/x86_64-linux-gnu/pulseaudio/libpulsecommon-4.0.so
7fbf6aaba000-7fbf6aabb000 r--p 00065000 08:02 5245376                    /usr/lib/x86_64-linux-gnu/pulseaudio/libpulsecommon-4.0.so
7fbf6aabb000-7fbf6aabc000 rw-p 00066000 08:02 5245376                    /usr/lib/x86_64-linux-gnu/pulseaudio/libpulsecommon-4.0.so
7fbf6aabc000-7fbf6aac6000 r-xp 00000000 08:02 4329438                    /lib/x86_64-linux-gnu/libjson-c.so.2.0.0
7fbf6aac6000-7fbf6acc5000 ---p 0000a000 08:02 4329438                    /lib/x86_64-linux-gnu/libjson-c.so.2.0.0
7fbf6acc5000-7fbf6acc6000 r--p 00009000 08:02 4329438                    /lib/x86_64-linux-gnu/libjson-c.so.2.0.0
7fbf6acc6000-7fbf6acc7000 rw-p 0000a000 08:02 4329438                    /lib/x86_64-linux-gnu/libjson-c.so.2.0.0
7fbf6acc7000-7fbf6ad0e000 r-xp 00000000 08:02 4850824                    /usr/lib/x86_64-linux-gnu/libpulse.so.0.16.2
7fbf6ad0e000-7fbf6af0e000 ---p 00047000 08:02 4850824                    /usr/lib/x86_64-linux-gnu/libpulse.so.0.16.2
7fbf6af0e000-7fbf6af0f000 r--p 00047000 08:02 4850824                    /usr/lib/x86_64-linux-gnu/libpulse.so.0.16.2
7fbf6af0f000-7fbf6af10000 rw-p 00048000 08:02 4850824                    /usr/lib/x86_64-linux-gnu/libpulse.so.0.16.2
7fbf6af10000-7fbf6af65000 r-xp 00000000 08:02 2361960                    /tmp/libgdxtookuk/31ce78a2/libopenal64.so
7fbf6af65000-7fbf6b164000 ---p 00055000 08:02 2361960                    /tmp/libgdxtookuk/31ce78a2/libopenal64.so
7fbf6b164000-7fbf6b167000 r--p 00054000 08:02 2361960                    /tmp/libgdxtookuk/31ce78a2/libopenal64.so
7fbf6b167000-7fbf6b168000 rw-p 00057000 08:02 2361960                    /tmp/libgdxtookuk/31ce78a2/libopenal64.so
7fbf6b168000-7fbf6b169000 rw-p 00000000 00:00 0 
7fbf6b169000-7fbf6b16d000 r-xp 00000000 08:02 4857889                    /usr/lib/x86_64-linux-gnu/libXxf86vm.so.1.0.0
7fbf6b16d000-7fbf6b36d000 ---p 00004000 08:02 4857889                    /usr/lib/x86_64-linux-gnu/libXxf86vm.so.1.0.0
7fbf6b36d000-7fbf6b36e000 r--p 00004000 08:02 4857889                    /usr/lib/x86_64-linux-gnu/libXxf86vm.so.1.0.0
7fbf6b36e000-7fbf6b36f000 rw-p 00005000 08:02 4857889                    /usr/lib/x86_64-linux-gnu/libXxf86vm.so.1.0.0
7fbf6b36f000-7fbf6b378000 r-xp 00000000 08:02 4857871                    /usr/lib/x86_64-linux-gnu/libXrandr.so.2.2.0
7fbf6b378000-7fbf6b577000 ---p 00009000 08:02 4857871                    /usr/lib/x86_64-linux-gnu/libXrandr.so.2.2.0
7fbf6b577000-7fbf6b578000 r--p 00008000 08:02 4857871                    /usr/lib/x86_64-linux-gnu/libXrandr.so.2.2.0
7fbf6b578000-7fbf6b579000 rw-p 00009000 08:02 4857871                    /usr/lib/x86_64-linux-gnu/libXrandr.so.2.2.0
7fbf6b579000-7fbf6b5e9000 r-xp 00000000 08:02 2361958                    /tmp/libgdxtookuk/31ce78a2/liblwjgl64.so
7fbf6b5e9000-7fbf6b7e9000 ---p 00070000 08:02 2361958                    /tmp/libgdxtookuk/31ce78a2/liblwjgl64.so
7fbf6b7e9000-7fbf6b7eb000 r--p 00070000 08:02 2361958                    /tmp/libgdxtookuk/31ce78a2/liblwjgl64.so
7fbf6b7eb000-7fbf6b7ec000 rw-p 00072000 08:02 2361958                    /tmp/libgdxtookuk/31ce78a2/liblwjgl64.so
7fbf6b7ec000-7fbf6b7ed000 r-xp 00000000 08:02 10223939                   /usr/lib/jvm/java-8-openjdk-amd64/jre/lib/amd64/libjawt.so
7fbf6b7ed000-7fbf6b9ec000 ---p 00001000 08:02 10223939                   /usr/lib/jvm/java-8-openjdk-amd64/jre/lib/amd64/libjawt.so
7fbf6b9ec000-7fbf6b9ed000 r--p 00000000 08:02 10223939                   /usr/lib/jvm/java-8-openjdk-amd64/jre/lib/amd64/libjawt.so
7fbf6b9ed000-7fbf6b9ee000 rw-p 00001000 08:02 10223939                   /usr/lib/jvm/java-8-openjdk-amd64/jre/lib/amd64/libjawt.so
7fbf6b9ee000-7fbf6b9f1000 ---p 00000000 00:00 0 
7fbf6b9f1000-7fbf6baef000 rw-p 00000000 00:00 0                          [stack:5643]
7fbf6baef000-7fbf6baf4000 r-xp 00000000 08:02 4850228                    /usr/lib/x86_64-linux-gnu/libXfixes.so.3.1.0
7fbf6baf4000-7fbf6bcf3000 ---p 00005000 08:02 4850228                    /usr/lib/x86_64-linux-gnu/libXfixes.so.3.1.0
7fbf6bcf3000-7fbf6bcf4000 r--p 00004000 08:02 4850228                    /usr/lib/x86_64-linux-gnu/libXfixes.so.3.1.0
7fbf6bcf4000-7fbf6bcf5000 rw-p 00005000 08:02 4850228                    /usr/lib/x86_64-linux-gnu/libXfixes.so.3.1.0
7fbf6bcf5000-7fbf6bcfe000 r-xp 00000000 08:02 4857845                    /usr/lib/x86_64-linux-gnu/libXcursor.so.1.0.2
7fbf6bcfe000-7fbf6befd000 ---p 00009000 08:02 4857845                    /usr/lib/x86_64-linux-gnu/libXcursor.so.1.0.2
7fbf6befd000-7fbf6befe000 r--p 00008000 08:02 4857845                    /usr/lib/x86_64-linux-gnu/libXcursor.so.1.0.2
7fbf6befe000-7fbf6beff000 rw-p 00009000 08:02 4857845                    /usr/lib/x86_64-linux-gnu/libXcursor.so.1.0.2
7fbf6beff000-7fbf6bf02000 ---p 00000000 00:00 0 
7fbf6bf02000-7fbf6c000000 rw-p 00000000 00:00 0                          [stack:5642]
7fbf6c000000-7fbf6c021000 rw-p 00000000 00:00 0 
7fbf6c021000-7fbf70000000 ---p 00000000 00:00 0 
7fbf70000000-7fbf70021000 rw-p 00000000 00:00 0 
7fbf70021000-7fbf74000000 ---p 00000000 00:00 0 
7fbf74000000-7fbf74704000 rw-p 00000000 00:00 0 
7fbf74704000-7fbf78000000 ---p 00000000 00:00 0 
7fbf78000000-7fbf7833f000 rw-p 00000000 00:00 0 
7fbf7833f000-7fbf7c000000 ---p 00000000 00:00 0 
7fbf7c000000-7fbf7c021000 rw-p 00000000 00:00 0 
7fbf7c021000-7fbf80000000 ---p 00000000 00:00 0 
7fbf80000000-7fbf809a8000 rw-p 00000000 00:00 0 
7fbf809a8000-7fbf84000000 ---p 00000000 00:00 0 
7fbf84000000-7fbf84021000 rw-p 00000000 00:00 0 
7fbf84021000-7fbf88000000 ---p 00000000 00:00 0 
7fbf88000000-7fbf88021000 rw-p 00000000 00:00 0 
7fbf88021000-7fbf8c000000 ---p 00000000 00:00 0 
7fbf8c000000-7fbf8c021000 rw-p 00000000 00:00 0 
7fbf8c021000-7fbf90000000 ---p 00000000 00:00 0 
7fbf90009000-7fbf90029000 rw-s 1a722a000 00:05 12181                     /dev/nvidiactl
7fbf90029000-7fbf90069000 rw-s 1a70ff000 00:05 12181                     /dev/nvidiactl
7fbf90089000-7fbf9008c000 ---p 00000000 00:00 0 
7fbf9008c000-7fbf900c2000 rw-p 00000000 00:00 0                          [stack:5649]
7fbf900c2000-7fbf900e7000 r-xp 00000000 08:02 4329349                    /lib/x86_64-linux-gnu/libpng12.so.0.50.0
7fbf900e7000-7fbf902e6000 ---p 00025000 08:02 4329349                    /lib/x86_64-linux-gnu/libpng12.so.0.50.0
7fbf902e6000-7fbf902e7000 r--p 00024000 08:02 4329349                    /lib/x86_64-linux-gnu/libpng12.so.0.50.0
7fbf902e7000-7fbf902e8000 rw-p 00025000 08:02 4329349                    /lib/x86_64-linux-gnu/libpng12.so.0.50.0
7fbf902e8000-7fbf90385000 r-xp 00000000 08:02 4849820                    /usr/lib/x86_64-linux-gnu/libfreetype.so.6.11.1
7fbf90385000-7fbf90584000 ---p 0009d000 08:02 4849820                    /usr/lib/x86_64-linux-gnu/libfreetype.so.6.11.1
7fbf90584000-7fbf9058a000 r--p 0009c000 08:02 4849820                    /usr/lib/x86_64-linux-gnu/libfreetype.so.6.11.1
7fbf9058a000-7fbf9058b000 rw-p 000a2000 08:02 4849820                    /usr/lib/x86_64-linux-gnu/libfreetype.so.6.11.1
7fbf9058b000-7fbf905dd000 r-xp 00000000 08:02 10223925                   /usr/lib/jvm/java-8-openjdk-amd64/jre/lib/amd64/libfontmanager.so
7fbf905dd000-7fbf907dc000 ---p 00052000 08:02 10223925                   /usr/lib/jvm/java-8-openjdk-amd64/jre/lib/amd64/libfontmanager.so
7fbf907dc000-7fbf907df000 r--p 00051000 08:02 10223925                   /usr/lib/jvm/java-8-openjdk-amd64/jre/lib/amd64/libfontmanager.so
7fbf907df000-7fbf907e0000 rw-p 00054000 08:02 10223925                   /usr/lib/jvm/java-8-openjdk-amd64/jre/lib/amd64/libfontmanager.so
7fbf907e0000-7fbf907e5000 r-xp 00000000 08:02 4857849                    /usr/lib/x86_64-linux-gnu/libXdmcp.so.6.0.0
7fbf907e5000-7fbf909e4000 ---p 00005000 08:02 4857849                    /usr/lib/x86_64-linux-gnu/libXdmcp.so.6.0.0
7fbf909e4000-7fbf909e5000 r--p 00004000 08:02 4857849                    /usr/lib/x86_64-linux-gnu/libXdmcp.so.6.0.0
7fbf909e5000-7fbf909e6000 rw-p 00005000 08:02 4857849                    /usr/lib/x86_64-linux-gnu/libXdmcp.so.6.0.0
7fbf909e6000-7fbf909e8000 r-xp 00000000 08:02 4857838                    /usr/lib/x86_64-linux-gnu/libXau.so.6.0.0
7fbf909e8000-7fbf90be8000 ---p 00002000 08:02 4857838                    /usr/lib/x86_64-linux-gnu/libXau.so.6.0.0
7fbf90be8000-7fbf90be9000 r--p 00002000 08:02 4857838                    /usr/lib/x86_64-linux-gnu/libXau.so.6.0.0
7fbf90be9000-7fbf90bea000 rw-p 00003000 08:02 4857838                    /usr/lib/x86_64-linux-gnu/libXau.so.6.0.0
7fbf90bea000-7fbf90c07000 r-xp 00000000 08:02 4858908                    /usr/lib/x86_64-linux-gnu/libxcb.so.1.1.0
7fbf90c07000-7fbf90e07000 ---p 0001d000 08:02 4858908                    /usr/lib/x86_64-linux-gnu/libxcb.so.1.1.0
7fbf90e07000-7fbf90e08000 r--p 0001d000 08:02 4858908                    /usr/lib/x86_64-linux-gnu/libxcb.so.1.1.0
7fbf90e08000-7fbf90e09000 rw-p 0001e000 08:02 4858908                    /usr/lib/x86_64-linux-gnu/libxcb.so.1.1.0
7fbf90e09000-7fbf90e18000 r-xp 00000000 08:02 4858166                    /usr/lib/x86_64-linux-gnu/libXi.so.6.1.0
7fbf90e18000-7fbf91017000 ---p 0000f000 08:02 4858166                    /usr/lib/x86_64-linux-gnu/libXi.so.6.1.0
7fbf91017000-7fbf91018000 r--p 0000e000 08:02 4858166                    /usr/lib/x86_64-linux-gnu/libXi.so.6.1.0
7fbf91018000-7fbf91019000 rw-p 0000f000 08:02 4858166                    /usr/lib/x86_64-linux-gnu/libXi.so.6.1.0
7fbf91019000-7fbf9101e000 r-xp 00000000 08:02 4857879                    /usr/lib/x86_64-linux-gnu/libXtst.so.6.1.0
7fbf9101e000-7fbf9121d000 ---p 00005000 08:02 4857879                    /usr/lib/x86_64-linux-gnu/libXtst.so.6.1.0
7fbf9121d000-7fbf9121e000 r--p 00004000 08:02 4857879                    /usr/lib/x86_64-linux-gnu/libXtst.so.6.1.0
7fbf9121e000-7fbf9121f000 rw-p 00005000 08:02 4857879                    /usr/lib/x86_64-linux-gnu/libXtst.so.6.1.0
7fbf9121f000-7fbf91228000 r-xp 00000000 08:02 4858750                    /usr/lib/x86_64-linux-gnu/libXrender.so.1.3.0
7fbf91228000-7fbf91427000 ---p 00009000 08:02 4858750                    /usr/lib/x86_64-linux-gnu/libXrender.so.1.3.0
7fbf91427000-7fbf91428000 r--p 00008000 08:02 4858750                    /usr/lib/x86_64-linux-gnu/libXrender.so.1.3.0
7fbf91428000-7fbf91429000 rw-p 00009000 08:02 4858750                    /usr/lib/x86_64-linux-gnu/libXrender.so.1.3.0
7fbf91429000-7fbf91559000 r-xp 00000000 08:02 4857834                    /usr/lib/x86_64-linux-gnu/libX11.so.6.3.0
7fbf91559000-7fbf91759000 ---p 00130000 08:02 4857834                    /usr/lib/x86_64-linux-gnu/libX11.so.6.3.0
7fbf91759000-7fbf9175a000 r--p 00130000 08:02 4857834                    /usr/lib/x86_64-linux-gnu/libX11.so.6.3.0
7fbf9175a000-7fbf9175e000 rw-p 00131000 08:02 4857834                    /usr/lib/x86_64-linux-gnu/libX11.so.6.3.0
7fbf9175e000-7fbf9176f000 r-xp 00000000 08:02 4849899                    /usr/lib/x86_64-linux-gnu/libXext.so.6.4.0
7fbf9176f000-7fbf9196e000 ---p 00011000 08:02 4849899                    /usr/lib/x86_64-linux-gnu/libXext.so.6.4.0
7fbf9196e000-7fbf9196f000 r--p 00010000 08:02 4849899                    /usr/lib/x86_64-linux-gnu/libXext.so.6.4.0
7fbf9196f000-7fbf91970000 rw-p 00011000 08:02 4849899                    /usr/lib/x86_64-linux-gnu/libXext.so.6.4.0
7fbf91970000-7fbf919c6000 r-xp 00000000 08:02 10223948                   /usr/lib/jvm/java-8-openjdk-amd64/jre/lib/amd64/libawt_xawt.so
7fbf919c6000-7fbf91bc6000 ---p 00056000 08:02 10223948                   /usr/lib/jvm/java-8-openjdk-amd64/jre/lib/amd64/libawt_xawt.so
7fbf91bc6000-7fbf91bc7000 r--p 00056000 08:02 10223948                   /usr/lib/jvm/java-8-openjdk-amd64/jre/lib/amd64/libawt_xawt.so
7fbf91bc7000-7fbf91bca000 rw-p 00057000 08:02 10223948                   /usr/lib/jvm/java-8-openjdk-amd64/jre/lib/amd64/libawt_xawt.so
7fbf91bca000-7fbf91bcb000 rw-p 00000000 00:00 0 
7fbf91bcb000-7fbf91c6b000 r-xp 00000000 08:02 10223924                   /usr/lib/jvm/java-8-openjdk-amd64/jre/lib/amd64/libawt.so
7fbf91c6b000-7fbf91e6b000 ---p 000a0000 08:02 10223924                   /usr/lib/jvm/java-8-openjdk-amd64/jre/lib/amd64/libawt.so
7fbf91e6b000-7fbf91e6c000 r--p 000a0000 08:02 10223924                   /usr/lib/jvm/java-8-openjdk-amd64/jre/lib/amd64/libawt.so
7fbf91e6c000-7fbf91e77000 rw-p 000a1000 08:02 10223924                   /usr/lib/jvm/java-8-openjdk-amd64/jre/lib/amd64/libawt.so
7fbf91e77000-7fbf91e9c000 rw-p 00000000 00:00 0 
7fbf91e9c000-7fbf91ed4000 r-xp 00000000 08:02 2361957                    /tmp/libgdxtookuk/6ef2d459/libgdx64.so
7fbf91ed4000-7fbf920d3000 ---p 00038000 08:02 2361957                    /tmp/libgdxtookuk/6ef2d459/libgdx64.so
7fbf920d3000-7fbf920d4000 r--p 00037000 08:02 2361957                    /tmp/libgdxtookuk/6ef2d459/libgdx64.so
7fbf920d4000-7fbf920d5000 rw-p 00038000 08:02 2361957                    /tmp/libgdxtookuk/6ef2d459/libgdx64.so
7fbf920d5000-7fbf920d6000 ---p 00000000 00:00 0 
7fbf920d6000-7fbf921d6000 rw-p 00000000 00:00 0                          [stack:5641]
7fbf921d6000-7fbf921d9000 ---p 00000000 00:00 0 
7fbf921d9000-7fbf922d7000 rw-p 00000000 00:00 0                          [stack:5640]
7fbf922d7000-7fbf922da000 ---p 00000000 00:00 0 
7fbf922da000-7fbf923d8000 rw-p 00000000 00:00 0                          [stack:5639]
7fbf923d8000-7fbf923db000 ---p 00000000 00:00 0 
7fbf923db000-7fbf924d9000 rw-p 00000000 00:00 0                          [stack:5638]
7fbf924d9000-7fbf924dc000 ---p 00000000 00:00 0 
7fbf924dc000-7fbf925da000 rw-p 00000000 00:00 0                          [stack:5637]
7fbf925da000-7fbf925dd000 ---p 00000000 00:00 0 
7fbf925dd000-7fbf926db000 rw-p 00000000 00:00 0                          [stack:5636]
7fbf926db000-7fbf92eef000 r--p 00000000 08:02 4856822                    /usr/lib/locale/locale-archive
7fbf92eef000-7fbf92ef2000 ---p 00000000 00:00 0 
7fbf92ef2000-7fbf92ff0000 rw-p 00000000 00:00 0                          [stack:5635]
7fbf92ff0000-7fbf92ff3000 ---p 00000000 00:00 0 
7fbf92ff3000-7fbf930f1000 rw-p 00000000 00:00 0                          [stack:5634]
7fbf930f1000-7fbf930f2000 ---p 00000000 00:00 0 
7fbf930f2000-7fbf94000000 rw-p 00000000 00:00 0                          [stack:5633]
7fbf94000000-7fbf94021000 rw-p 00000000 00:00 0 
7fbf94021000-7fbf98000000 ---p 00000000 00:00 0 
7fbf98000000-7fbf98021000 rw-p 00000000 00:00 0 
7fbf98021000-7fbf9c000000 ---p 00000000 00:00 0 
7fbf9c000000-7fbf9c021000 rw-p 00000000 00:00 0 
7fbf9c021000-7fbfa0000000 ---p 00000000 00:00 0 
7fbfa000c000-7fbfa000e000 rw-p 00000000 00:00 0 
7fbfa000e000-7fbfa0010000 rw-s 00000000 08:02 2361988                    /tmp/.gl4z1nbM (deleted)
7fbfa0010000-7fbfa0017000 rw-s 1a73a3000 00:05 12181                     /dev/nvidiactl
7fbfa0017000-7fbfa0018000 rw-s 1a73a1000 00:05 12181                     /dev/nvidiactl
7fbfa0018000-7fbfa001c000 rw-s 1bb7ef000 00:05 12181                     /dev/nvidiactl
7fbfa001c000-7fbfa001d000 rw-s e7eea000 00:05 12182                      /dev/nvidia0
7fbfa001d000-7fbfa001e000 rw-s e7ee9000 00:05 12182                      /dev/nvidia0
7fbfa001e000-7fbfa001f000 rw-s f6642000 00:05 12182                      /dev/nvidia0
7fbfa001f000-7fbfa0020000 rw-s 210624000 00:05 12181                     /dev/nvidiactl
7fbfa0020000-7fbfa0021000 rw-s f6641000 00:05 12182                      /dev/nvidia0
7fbfa0021000-7fbfa0022000 rw-s 210623000 00:05 12181                     /dev/nvidiactl
7fbfa0022000-7fbfa0023000 rw-s 1aa1d3000 00:05 12181                     /dev/nvidiactl
7fbfa0023000-7fbfa0024000 rw-s f6060000 00:05 12182                      /dev/nvidia0
7fbfa0024000-7fbfa0039000 r--p 00000000 08:02 5508768                    /usr/share/locale-langpack/ru/LC_MESSAGES/pulseaudio.mo
7fbfa0039000-7fbfa004c000 r--s 00346000 08:02 10223952                   /usr/lib/jvm/java-8-openjdk-amd64/jre/lib/resources.jar
7fbfa004c000-7fbfa0053000 r--s 00000000 08:02 5112935                    /usr/lib/x86_64-linux-gnu/gconv/gconv-modules.cache
7fbfa0053000-7fbfa0082000 r--p 00000000 08:02 5508670                    /usr/share/locale-langpack/ru/LC_MESSAGES/libc.mo
7fbfa0082000-7fbfa0088000 r--s 002f8000 08:02 10223964                   /usr/lib/jvm/java-8-openjdk-amd64/jre/lib/charsets.jar
7fbfa0088000-7fbfa008c000 r--s 00097000 08:02 10223982                   /usr/lib/jvm/java-8-openjdk-amd64/jre/lib/jsse.jar
7fbfa008c000-7fbfa008d000 r--s 00002000 08:02 2378559                    /home/tookuk/.gradle/caches/modules-2/files-2.1/net.java.jinput/jinput-platform/2.0.5/53f9c919f34d2ca9de8c51fc4e1e8282029a9232/jinput-platform-2.0.5-natives-osx.jar
7fbfa008d000-7fbfa0091000 r--s 0002f000 08:02 2375237                    /home/tookuk/.gradle/caches/modules-2/files-2.1/net.java.jinput/jinput/2.0.5/39c7796b469a600f72380316f6b1f11db6c2c7c4/jinput-2.0.5.jar
7fbfa0091000-7fbfa009f000 r--s 000f2000 08:02 2375112                    /home/tookuk/.gradle/caches/modules-2/files-2.1/org.lwjgl.lwjgl/lwjgl/2.9.2/a9d80fe5935c7a9149f6584d9777cfd471f65489/lwjgl-2.9.2.jar
7fbfa009f000-7fbfa4000000 rw-p 00000000 00:00 0 
7fbfa4000000-7fbfa4021000 rw-p 00000000 00:00 0 
7fbfa4021000-7fbfa8000000 ---p 00000000 00:00 0 
7fbfa8000000-7fbfa8001000 r--s 00025000 08:02 2378547                    /home/tookuk/.gradle/caches/modules-2/files-2.1/net.java.jinput/jinput-platform/2.0.5/385ee093e01f587f30ee1c8a2ee7d408fd732e16/jinput-platform-2.0.5-natives-windows.jar
7fbfa8001000-7fbfa801b000 r--s 001a0000 08:02 2374269                    /home/tookuk/.gradle/caches/modules-2/files-2.1/com.badlogicgames.gdx/gdx/1.7.1/2179cc613447c297623a4a6d2ba6692c3aaff804/gdx-1.7.1.jar
7fbfa801b000-7fbfa8037000 r--s 00393000 08:02 10223973                   /usr/lib/jvm/java-8-openjdk-amd64/jre/lib/ext/cldrdata.jar
7fbfa8037000-7fbfa8052000 r--s 001d7000 08:02 10223971                   /usr/lib/jvm/java-8-openjdk-amd64/jre/lib/ext/nashorn.jar
7fbfa8052000-7fbfa80d6000 rw-p 00000000 00:00 0 
7fbfa80d6000-7fbfa82a3000 r--s 03be5000 08:02 10223962                   /usr/lib/jvm/java-8-openjdk-amd64/jre/lib/rt.jar
7fbfa82a3000-7fbfa8eff000 rw-p 00000000 00:00 0 
7fbfa8eff000-7fbfa8f00000 ---p 00000000 00:00 0 
7fbfa8f00000-7fbfa9000000 rw-p 00000000 00:00 0                          [stack:5632]
7fbfa9000000-7fbfa95f0000 rwxp 00000000 00:00 0 
7fbfa95f0000-7fbfb8000000 ---p 00000000 00:00 0 
7fbfb8000000-7fbfb8470000 rw-p 00000000 00:00 0 
7fbfb8470000-7fbfbc000000 ---p 00000000 00:00 0 
7fbfbc000000-7fbfbc001000 r--s 00002000 08:02 2375278                    /home/tookuk/.gradle/caches/modules-2/files-2.1/net.java.jinput/jinput-platform/2.0.5/7ff832a6eb9ab6a767f1ade2b548092d0fa64795/jinput-platform-2.0.5-natives-linux.jar
7fbfbc001000-7fbfbc002000 r--s 00001000 08:02 2375277                    /home/tookuk/.gradle/caches/modules-2/files-2.1/net.java.jutils/jutils/1.0.0/e12fe1fda814bd348c1579329c86943d2cd3c6a6/jutils-1.0.0.jar
7fbfbc002000-7fbfbc003000 r--s 00068000 08:02 2375235                    /home/tookuk/.gradle/caches/modules-2/files-2.1/org.lwjgl.lwjgl/lwjgl-platform/2.9.2/d55b46b40b40249d627a83a7f7f22649709d70c3/lwjgl-platform-2.9.2-natives-osx.jar
7fbfbc003000-7fbfbc004000 r--s 0008d000 08:02 2375175                    /home/tookuk/.gradle/caches/modules-2/files-2.1/org.lwjgl.lwjgl/lwjgl-platform/2.9.2/d276cdf61fe2b516c7b7f4aa1b8dea91dbdc8d56/lwjgl-platform-2.9.2-natives-linux.jar
7fbfbc004000-7fbfbc005000 r--s 00095000 08:02 2375166                    /home/tookuk/.gradle/caches/modules-2/files-2.1/org.lwjgl.lwjgl/lwjgl-platform/2.9.2/510c7d317f5e9e700b9cfaac5fd38bdebf0702e0/lwjgl-platform-2.9.2-natives-windows.jar
7fbfbc005000-7fbfbc007000 r--s 00017000 08:02 2375163                    /home/tookuk/.gradle/caches/modules-2/files-2.1/org.jcraft/jorbis/0.0.17/8872d22b293e8f5d7d56ff92be966e6dc28ebdc6/jorbis-0.0.17.jar
7fbfbc007000-7fbfbc008000 r--s 00015000 08:02 2375162                    /home/tookuk/.gradle/caches/modules-2/files-2.1/com.badlogicgames.jlayer/jlayer/1.0.1-gdx/7cca83cec5c1b2f011362f4d85aabd71a73b049d/jlayer-1.0.1-gdx.jar
7fbfbc008000-7fbfbc00c000 r--s 00027000 08:02 2375157                    /home/tookuk/.gradle/caches/modules-2/files-2.1/org.lwjgl.lwjgl/lwjgl_util/2.9.2/4b9e37300a87799856e0bd15ed81663cdb6b0947/lwjgl_util-2.9.2.jar
7fbfbc00c000-7fbfbc00f000 r--s 00020000 08:02 2375044                    /home/tookuk/.gradle/caches/modules-2/files-2.1/com.badlogicgames.gdx/gdx-backend-lwjgl/1.7.1/d4531b364d1c2513cb99e7bdd9515ae317007cf5/gdx-backend-lwjgl-1.7.1.jar
7fbfbc00f000-7fbfbc05c000 rw-p 00000000 00:00 0 
7fbfbc05c000-7fbfbc05d000 ---p 00000000 00:00 0 
7fbfbc05d000-7fbfbc15d000 rw-p 00000000 00:00 0                          [stack:5631]
7fbfbc15d000-7fbfbc15e000 ---p 00000000 00:00 0 
7fbfbc15e000-7fbfbc25e000 rw-p 00000000 00:00 0                          [stack:5630]
7fbfbc25e000-7fbfbc25f000 ---p 00000000 00:00 0 
7fbfbc25f000-7fbfbc389000 rw-p 00000000 00:00 0                          [stack:5629]
7fbfbc389000-7fbfbc5f9000 ---p 00000000 00:00 0 
7fbfbc5f9000-7fbfbc623000 rw-p 00000000 00:00 0 
7fbfbc623000-7fbfbc892000 ---p 00000000 00:00 0 
7fbfbc892000-7fbfbc8a8000 rw-p 00000000 00:00 0 
7fbfbc8a8000-7fbfbc9df000 ---p 00000000 00:00 0 
7fbfbc9df000-7fbfbc9f8000 rw-p 00000000 00:00 0 
7fbfbc9f8000-7fbfbcda0000 ---p 00000000 00:00 0 
7fbfbcda0000-7fbfbcda8000 r-xp 00000000 08:02 10223933                   /usr/lib/jvm/java-8-openjdk-amd64/jre/lib/amd64/libzip.so
7fbfbcda8000-7fbfbcfa7000 ---p 00008000 08:02 10223933                   /usr/lib/jvm/java-8-openjdk-amd64/jre/lib/amd64/libzip.so
7fbfbcfa7000-7fbfbcfa8000 r--p 00007000 08:02 10223933                   /usr/lib/jvm/java-8-openjdk-amd64/jre/lib/amd64/libzip.so
7fbfbcfa8000-7fbfbcfa9000 rw-p 00008000 08:02 10223933                   /usr/lib/jvm/java-8-openjdk-amd64/jre/lib/amd64/libzip.so
7fbfbcfa9000-7fbfbcfb4000 r-xp 00000000 08:02 4357895                    /lib/x86_64-linux-gnu/libnss_files-2.19.so
7fbfbcfb4000-7fbfbd1b3000 ---p 0000b000 08:02 4357895                    /lib/x86_64-linux-gnu/libnss_files-2.19.so
7fbfbd1b3000-7fbfbd1b4000 r--p 0000a000 08:02 4357895                    /lib/x86_64-linux-gnu/libnss_files-2.19.so
7fbfbd1b4000-7fbfbd1b5000 rw-p 0000b000 08:02 4357895                    /lib/x86_64-linux-gnu/libnss_files-2.19.so
7fbfbd1b5000-7fbfbd1c0000 r-xp 00000000 08:02 4357887                    /lib/x86_64-linux-gnu/libnss_nis-2.19.so
7fbfbd1c0000-7fbfbd3bf000 ---p 0000b000 08:02 4357887                    /lib/x86_64-linux-gnu/libnss_nis-2.19.so
7fbfbd3bf000-7fbfbd3c0000 r--p 0000a000 08:02 4357887                    /lib/x86_64-linux-gnu/libnss_nis-2.19.so
7fbfbd3c0000-7fbfbd3c1000 rw-p 0000b000 08:02 4357887                    /lib/x86_64-linux-gnu/libnss_nis-2.19.so
7fbfbd3c1000-7fbfbd3d8000 r-xp 00000000 08:02 4357883                    /lib/x86_64-linux-gnu/libnsl-2.19.so
7fbfbd3d8000-7fbfbd5d7000 ---p 00017000 08:02 4357883                    /lib/x86_64-linux-gnu/libnsl-2.19.so
7fbfbd5d7000-7fbfbd5d8000 r--p 00016000 08:02 4357883                    /lib/x86_64-linux-gnu/libnsl-2.19.so
7fbfbd5d8000-7fbfbd5d9000 rw-p 00017000 08:02 4357883                    /lib/x86_64-linux-gnu/libnsl-2.19.so
7fbfbd5d9000-7fbfbd5db000 rw-p 00000000 00:00 0 
7fbfbd5db000-7fbfbd5e4000 r-xp 00000000 08:02 4357882                    /lib/x86_64-linux-gnu/libnss_compat-2.19.so
7fbfbd5e4000-7fbfbd7e3000 ---p 00009000 08:02 4357882                    /lib/x86_64-linux-gnu/libnss_compat-2.19.so
7fbfbd7e3000-7fbfbd7e4000 r--p 00008000 08:02 4357882                    /lib/x86_64-linux-gnu/libnss_compat-2.19.so
7fbfbd7e4000-7fbfbd7e5000 rw-p 00009000 08:02 4357882                    /lib/x86_64-linux-gnu/libnss_compat-2.19.so
7fbfbd7e5000-7fbfbd811000 r-xp 00000000 08:02 10223919                   /usr/lib/jvm/java-8-openjdk-amd64/jre/lib/amd64/libjava.so
7fbfbd811000-7fbfbda11000 ---p 0002c000 08:02 10223919                   /usr/lib/jvm/java-8-openjdk-amd64/jre/lib/amd64/libjava.so
7fbfbda11000-7fbfbda12000 r--p 0002c000 08:02 10223919                   /usr/lib/jvm/java-8-openjdk-amd64/jre/lib/amd64/libjava.so
7fbfbda12000-7fbfbda14000 rw-p 0002d000 08:02 10223919                   /usr/lib/jvm/java-8-openjdk-amd64/jre/lib/amd64/libjava.so
7fbfbda14000-7fbfbda24000 r-xp 00000000 08:02 10223920                   /usr/lib/jvm/java-8-openjdk-amd64/jre/lib/amd64/libverify.so
7fbfbda24000-7fbfbdc23000 ---p 00010000 08:02 10223920                   /usr/lib/jvm/java-8-openjdk-amd64/jre/lib/amd64/libverify.so
7fbfbdc23000-7fbfbdc25000 r--p 0000f000 08:02 10223920                   /usr/lib/jvm/java-8-openjdk-amd64/jre/lib/amd64/libverify.so
7fbfbdc25000-7fbfbdc26000 rw-p 00011000 08:02 10223920                   /usr/lib/jvm/java-8-openjdk-amd64/jre/lib/amd64/libverify.so
7fbfbdc26000-7fbfbdc2d000 r-xp 00000000 08:02 4357891                    /lib/x86_64-linux-gnu/librt-2.19.so
7fbfbdc2d000-7fbfbde2c000 ---p 00007000 08:02 4357891                    /lib/x86_64-linux-gnu/librt-2.19.so
7fbfbde2c000-7fbfbde2d000 r--p 00006000 08:02 4357891                    /lib/x86_64-linux-gnu/librt-2.19.so
7fbfbde2d000-7fbfbde2e000 rw-p 00007000 08:02 4357891                    /lib/x86_64-linux-gnu/librt-2.19.so
7fbfbde2e000-7fbfbde44000 r-xp 00000000 08:02 4349286                    /lib/x86_64-linux-gnu/libgcc_s.so.1
7fbfbde44000-7fbfbe043000 ---p 00016000 08:02 4349286                    /lib/x86_64-linux-gnu/libgcc_s.so.1
7fbfbe043000-7fbfbe044000 rw-p 00015000 08:02 4349286                    /lib/x86_64-linux-gnu/libgcc_s.so.1
7fbfbe044000-7fbfbe149000 r-xp 00000000 08:02 4340626                    /lib/x86_64-linux-gnu/libm-2.19.so
7fbfbe149000-7fbfbe348000 ---p 00105000 08:02 4340626                    /lib/x86_64-linux-gnu/libm-2.19.so
7fbfbe348000-7fbfbe349000 r--p 00104000 08:02 4340626                    /lib/x86_64-linux-gnu/libm-2.19.so
7fbfbe349000-7fbfbe34a000 rw-p 00105000 08:02 4340626                    /lib/x86_64-linux-gnu/libm-2.19.so
7fbfbe34a000-7fbfbe430000 r-xp 00000000 08:02 4850012                    /usr/lib/x86_64-linux-gnu/libstdc++.so.6.0.19
7fbfbe430000-7fbfbe62f000 ---p 000e6000 08:02 4850012                    /usr/lib/x86_64-linux-gnu/libstdc++.so.6.0.19
7fbfbe62f000-7fbfbe637000 r--p 000e5000 08:02 4850012                    /usr/lib/x86_64-linux-gnu/libstdc++.so.6.0.19
7fbfbe637000-7fbfbe639000 rw-p 000ed000 08:02 4850012                    /usr/lib/x86_64-linux-gnu/libstdc++.so.6.0.19
7fbfbe639000-7fbfbe64e000 rw-p 00000000 00:00 0 
7fbfbe64e000-7fbfbf23a000 r-xp 00000000 08:02 10223931                   /usr/lib/jvm/java-8-openjdk-amd64/jre/lib/amd64/server/libjvm.so
7fbfbf23a000-7fbfbf43a000 ---p 00bec000 08:02 10223931                   /usr/lib/jvm/java-8-openjdk-amd64/jre/lib/amd64/server/libjvm.so
7fbfbf43a000-7fbfbf4d8000 r--p 00bec000 08:02 10223931                   /usr/lib/jvm/java-8-openjdk-amd64/jre/lib/amd64/server/libjvm.so
7fbfbf4d8000-7fbfbf501000 rw-p 00c8a000 08:02 10223931                   /usr/lib/jvm/java-8-openjdk-amd64/jre/lib/amd64/server/libjvm.so
7fbfbf501000-7fbfbf531000 rw-p 00000000 00:00 0 
7fbfbf531000-7fbfbf54a000 r-xp 00000000 08:02 4357884                    /lib/x86_64-linux-gnu/libpthread-2.19.so
7fbfbf54a000-7fbfbf749000 ---p 00019000 08:02 4357884                    /lib/x86_64-linux-gnu/libpthread-2.19.so
7fbfbf749000-7fbfbf74a000 r--p 00018000 08:02 4357884                    /lib/x86_64-linux-gnu/libpthread-2.19.so
7fbfbf74a000-7fbfbf74b000 rw-p 00019000 08:02 4357884                    /lib/x86_64-linux-gnu/libpthread-2.19.so
7fbfbf74b000-7fbfbf74f000 rw-p 00000000 00:00 0 
7fbfbf74f000-7fbfbf752000 r-xp 00000000 08:02 4357879                    /lib/x86_64-linux-gnu/libdl-2.19.so
7fbfbf752000-7fbfbf951000 ---p 00003000 08:02 4357879                    /lib/x86_64-linux-gnu/libdl-2.19.so
7fbfbf951000-7fbfbf952000 r--p 00002000 08:02 4357879                    /lib/x86_64-linux-gnu/libdl-2.19.so
7fbfbf952000-7fbfbf953000 rw-p 00003000 08:02 4357879                    /lib/x86_64-linux-gnu/libdl-2.19.so
7fbfbf953000-7fbfbf96b000 r-xp 00000000 08:02 4329561                    /lib/x86_64-linux-gnu/libz.so.1.2.8
7fbfbf96b000-7fbfbfb6a000 ---p 00018000 08:02 4329561                    /lib/x86_64-linux-gnu/libz.so.1.2.8
7fbfbfb6a000-7fbfbfb6b000 r--p 00017000 08:02 4329561                    /lib/x86_64-linux-gnu/libz.so.1.2.8
7fbfbfb6b000-7fbfbfb6c000 rw-p 00018000 08:02 4329561                    /lib/x86_64-linux-gnu/libz.so.1.2.8
7fbfbfb6c000-7fbfbfd27000 r-xp 00000000 08:02 4357892                    /lib/x86_64-linux-gnu/libc-2.19.so
7fbfbfd27000-7fbfbff26000 ---p 001bb000 08:02 4357892                    /lib/x86_64-linux-gnu/libc-2.19.so
7fbfbff26000-7fbfbff2a000 r--p 001ba000 08:02 4357892                    /lib/x86_64-linux-gnu/libc-2.19.so
7fbfbff2a000-7fbfbff2c000 rw-p 001be000 08:02 4357892                    /lib/x86_64-linux-gnu/libc-2.19.so
7fbfbff2c000-7fbfbff31000 rw-p 00000000 00:00 0 
7fbfbff31000-7fbfbff3e000 r-xp 00000000 08:02 10223946                   /usr/lib/jvm/java-8-openjdk-amd64/jre/lib/amd64/jli/libjli.so
7fbfbff3e000-7fbfc013e000 ---p 0000d000 08:02 10223946                   /usr/lib/jvm/java-8-openjdk-amd64/jre/lib/amd64/jli/libjli.so
7fbfc013e000-7fbfc013f000 r--p 0000d000 08:02 10223946                   /usr/lib/jvm/java-8-openjdk-amd64/jre/lib/amd64/jli/libjli.so
7fbfc013f000-7fbfc0140000 rw-p 0000e000 08:02 10223946                   /usr/lib/jvm/java-8-openjdk-amd64/jre/lib/amd64/jli/libjli.so
7fbfc0140000-7fbfc0163000 r-xp 00000000 08:02 4357885                    /lib/x86_64-linux-gnu/ld-2.19.so
7fbfc0163000-7fbfc0164000 r--s 000fa000 08:02 2375101                    /home/tookuk/.gradle/caches/modules-2/files-2.1/com.badlogicgames.gdx/gdx-box2d-platform/1.7.1/6c9c371807914fcf8b354bb51ab67af2a4fda2dc/gdx-box2d-platform-1.7.1-natives-desktop.jar
7fbfc0164000-7fbfc0165000 r--s 000d2000 08:02 2375051                    /home/tookuk/.gradle/caches/modules-2/files-2.1/com.badlogicgames.gdx/gdx-platform/1.7.1/5cf3464f2b86da3534f6f5e3020bc303db3c4202/gdx-platform-1.7.1-natives-desktop.jar
7fbfc0165000-7fbfc0167000 r--s 00010000 08:02 2374270                    /home/tookuk/.gradle/caches/modules-2/files-2.1/com.badlogicgames.gdx/gdx-box2d/1.7.1/fd23897393900f8f888222795e3229eff600fb3d/gdx-box2d-1.7.1.jar
7fbfc0167000-7fbfc0168000 r--s 0000a000 08:02 10223975                   /usr/lib/jvm/java-8-openjdk-amd64/jre/lib/ext/jaccess.jar
7fbfc0168000-7fbfc016a000 r--s 00001000 08:02 10223972                   /usr/lib/jvm/java-8-openjdk-amd64/jre/lib/ext/dnsns.jar
7fbfc016a000-7fbfc016e000 r--s 00037000 08:02 10223980                   /usr/lib/jvm/java-8-openjdk-amd64/jre/lib/ext/sunpkcs11.jar
7fbfc016e000-7fbfc0239000 rw-p 00000000 00:00 0 
7fbfc0239000-7fbfc023c000 ---p 00000000 00:00 0 
7fbfc023c000-7fbfc033f000 rw-p 00000000 00:00 0                          [stack:5624]
7fbfc033f000-7fbfc0342000 r--s 0000f000 08:02 10223978                   /usr/lib/jvm/java-8-openjdk-amd64/jre/lib/ext/icedtea-sound.jar
7fbfc0342000-7fbfc0343000 r--s 00008000 08:02 10223974                   /usr/lib/jvm/java-8-openjdk-amd64/jre/lib/ext/sunec.jar
7fbfc0343000-7fbfc0344000 r--s 00010000 08:02 10223976                   /usr/lib/jvm/java-8-openjdk-amd64/jre/lib/ext/zipfs.jar
7fbfc0344000-7fbfc034e000 r--s 00116000 08:02 10223979                   /usr/lib/jvm/java-8-openjdk-amd64/jre/lib/ext/localedata.jar
7fbfc034e000-7fbfc0350000 r--s 00006000 08:02 5250933                    /usr/share/java/java-atk-wrapper.jar
7fbfc0350000-7fbfc0356000 r--s 0003a000 08:02 10223977                   /usr/lib/jvm/java-8-openjdk-amd64/jre/lib/ext/sunjce_provider.jar
7fbfc0356000-7fbfc035e000 rw-s 00000000 08:02 2361987                    /tmp/hsperfdata_tookuk/5622
7fbfc035e000-7fbfc035f000 rw-p 00000000 00:00 0 
7fbfc035f000-7fbfc0360000 r--p 00000000 00:00 0 
7fbfc0360000-7fbfc0362000 rw-p 00000000 00:00 0 
7fbfc0362000-7fbfc0363000 r--p 00022000 08:02 4357885                    /lib/x86_64-linux-gnu/ld-2.19.so
7fbfc0363000-7fbfc0364000 rw-p 00023000 08:02 4357885                    /lib/x86_64-linux-gnu/ld-2.19.so
7fbfc0364000-7fbfc0365000 rw-p 00000000 00:00 0 
7ffdd85b4000-7ffdd85d6000 rw-p 00000000 00:00 0                          [stack]
7ffdd85e4000-7ffdd85e6000 r-xp 00000000 00:00 0                          [vdso]
ffffffffff600000-ffffffffff601000 r-xp 00000000 00:00 0                  [vsyscall]

VM Arguments:
jvm_args: -Dfile.encoding=UTF-8 
java_command: ru.wtf.desktop.DesktopLauncher
java_class_path (initial): /home/tookuk/eclipseWorkspace/tryGame/desktop/bin:/home/tookuk/eclipseWorkspace/tryGame/core/bin:/home/tookuk/.gradle/caches/modules-2/files-2.1/com.badlogicgames.gdx/gdx/1.7.1/2179cc613447c297623a4a6d2ba6692c3aaff804/gdx-1.7.1.jar:/home/tookuk/.gradle/caches/modules-2/files-2.1/com.badlogicgames.gdx/gdx-box2d/1.7.1/fd23897393900f8f888222795e3229eff600fb3d/gdx-box2d-1.7.1.jar:/home/tookuk/.gradle/caches/modules-2/files-2.1/com.badlogicgames.gdx/gdx-backend-lwjgl/1.7.1/d4531b364d1c2513cb99e7bdd9515ae317007cf5/gdx-backend-lwjgl-1.7.1.jar:/home/tookuk/.gradle/caches/modules-2/files-2.1/com.badlogicgames.gdx/gdx-platform/1.7.1/5cf3464f2b86da3534f6f5e3020bc303db3c4202/gdx-platform-1.7.1-natives-desktop.jar:/home/tookuk/.gradle/caches/modules-2/files-2.1/com.badlogicgames.gdx/gdx-box2d-platform/1.7.1/6c9c371807914fcf8b354bb51ab67af2a4fda2dc/gdx-box2d-platform-1.7.1-natives-desktop.jar:/home/tookuk/.gradle/caches/modules-2/files-2.1/org.lwjgl.lwjgl/lwjgl/2.9.2/a9d80fe5935c7a9149f6584d9777cfd471f65489/lwjgl-2.9.2.jar:/home/tookuk/.gradle/caches/modules-2/files-2.1/org.lwjgl.lwjgl/lwjgl_util/2.9.2/4b9e37300a87799856e0bd15ed81663cdb6b0947/lwjgl_util-2.9.2.jar:/home/tookuk/.gradle/caches/modules-2/files-2.1/com.badlogicgames.jlayer/jlayer/1.0.1-gdx/7cca83cec5c1b2f011362f4d85aabd71a73b049d/jlayer-1.0.1-gdx.jar:/home/tookuk/.gradle/caches/modules-2/files-2.1/org.jcraft/jorbis/0.0.17/8872d22b293e8f5d7d56ff92be966e6dc28ebdc6/jorbis-0.0.17.jar:/home/tookuk/.gradle/caches/modules-2/files-2.1/org.lwjgl.lwjgl/lwjgl-platform/2.9.2/510c7d317f5e9e700b9cfaac5fd38bdebf0702e0/lwjgl-platform-2.9.2-natives-windows.jar:/home/tookuk/.gradle/caches/modules-2/files-2.1/org.lwjgl.lwjgl/lwjgl-platform/2.9.2/d276cdf61fe2b516c7b7f4aa1b8dea91dbdc8d56/lwjgl-platform-2.9.2-natives-linux.jar:/home/tookuk/.gradle/caches/modules-2/files-2.1/org.lwjgl.lwjgl/lwjgl-platform/2.9.2/d55b46b40b40249d627a83a7f7f22649709d70c3/lwjgl-platform-2.9.2-natives-osx.jar:/home/tookuk/.gradle/cac
Launcher Type: SUN_STANDARD

Environment Variables:
JAVA_HOME=/usr/lib/jvm/java-8-openjdk-amd64
PATH=/usr/local/sbin:/usr/local/bin:/usr/sbin:/usr/bin:/sbin:/bin:/usr/games:/usr/local/games:/home/tookuk/bin:/usr/lib/jvm/java-8-openjdk-amd64/bin
SHELL=/bin/bash
DISPLAY=:0

Signal Handlers:
SIGSEGV: [libjvm.so+0x9f42a0], sa_mask[0]=11111111011111111101111111111110, sa_flags=SA_RESTART|SA_SIGINFO
SIGBUS: [libjvm.so+0x9f42a0], sa_mask[0]=11111111011111111101111111111110, sa_flags=SA_RESTART|SA_SIGINFO
SIGFPE: [libjvm.so+0x8558d0], sa_mask[0]=11111111011111111101111111111110, sa_flags=SA_RESTART|SA_SIGINFO
SIGPIPE: [libjvm.so+0x8558d0], sa_mask[0]=11111111011111111101111111111110, sa_flags=SA_RESTART|SA_SIGINFO
SIGXFSZ: [libjvm.so+0x8558d0], sa_mask[0]=11111111011111111101111111111110, sa_flags=SA_RESTART|SA_SIGINFO
SIGILL: [libjvm.so+0x8558d0], sa_mask[0]=11111111011111111101111111111110, sa_flags=SA_RESTART|SA_SIGINFO
SIGUSR1: SIG_DFL, sa_mask[0]=00000000000000000000000000000000, sa_flags=none
SIGUSR2: [libjvm.so+0x8557a0], sa_mask[0]=00100000000000000000000000000000, sa_flags=SA_RESTART|SA_SIGINFO
SIGHUP: [libjvm.so+0x855990], sa_mask[0]=11111111011111111101111111111110, sa_flags=SA_RESTART|SA_SIGINFO
SIGINT: [libjvm.so+0x855990], sa_mask[0]=11111111011111111101111111111110, sa_flags=SA_RESTART|SA_SIGINFO
SIGTERM: [libjvm.so+0x855990], sa_mask[0]=11111111011111111101111111111110, sa_flags=SA_RESTART|SA_SIGINFO
SIGQUIT: [libjvm.so+0x855990], sa_mask[0]=11111111011111111101111111111110, sa_flags=SA_RESTART|SA_SIGINFO


---------------  S Y S T E M  ---------------

OS:DISTRIB_ID=Ubuntu
DISTRIB_RELEASE=14.04
DISTRIB_CODENAME=trusty
DISTRIB_DESCRIPTION="Ubuntu 14.04.4 LTS"

uname:Linux 3.13.0-83-generic #127-Ubuntu SMP Fri Mar 11 00:25:37 UTC 2016 x86_64
libc:glibc 2.19 NPTL 2.19 
rlimit: STACK 8192k, CORE 0k, NPROC 63601, NOFILE 4096, AS infinity
load average:0,37 0,17 0,19

/proc/meminfo:
MemTotal:        8172168 kB
MemFree:         3483244 kB
Buffers:          595232 kB
Cached:          1411732 kB
SwapCached:            0 kB
Active:          2919628 kB
Inactive:        1184368 kB
Active(anon):    2099648 kB
Inactive(anon):   112444 kB
Active(file):     819980 kB
Inactive(file):  1071924 kB
Unevictable:          48 kB
Mlocked:              48 kB
SwapTotal:             0 kB
SwapFree:              0 kB
Dirty:               104 kB
Writeback:             0 kB
AnonPages:       2097140 kB
Mapped:           435148 kB
Shmem:            115064 kB
Slab:             383480 kB
SReclaimable:     346636 kB
SUnreclaim:        36844 kB
KernelStack:        4512 kB
PageTables:        38988 kB
NFS_Unstable:          0 kB
Bounce:                0 kB
WritebackTmp:          0 kB
CommitLimit:     4086084 kB
Committed_AS:    6231268 kB
VmallocTotal:   34359738367 kB
VmallocUsed:      119764 kB
VmallocChunk:   34359614588 kB
HardwareCorrupted:     0 kB
AnonHugePages:    966656 kB
HugePages_Total:       0
HugePages_Free:        0
HugePages_Rsvd:        0
HugePages_Surp:        0
Hugepagesize:       2048 kB
DirectMap4k:      231296 kB
DirectMap2M:     8153088 kB


CPU:total 4 (4 cores per cpu, 1 threads per core) family 6 model 30 stepping 5, cmov, cx8, fxsr, mmx, sse, sse2, sse3, ssse3, sse4.1, sse4.2, popcnt, tsc, tscinvbit

/proc/cpuinfo:
processor	: 0
vendor_id	: GenuineIntel
cpu family	: 6
model		: 30
model name	: Intel(R) Core(TM) i5 CPU         760  @ 2.80GHz
stepping	: 5
microcode	: 0x3
cpu MHz		: 2926.000
cache size	: 8192 KB
physical id	: 0
siblings	: 4
core id		: 0
cpu cores	: 4
apicid		: 0
initial apicid	: 0
fpu		: yes
fpu_exception	: yes
cpuid level	: 11
wp		: yes
flags		: fpu vme de pse tsc msr pae mce cx8 apic sep mtrr pge mca cmov pat pse36 clflush dts acpi mmx fxsr sse sse2 ss ht tm pbe syscall nx rdtscp lm constant_tsc arch_perfmon pebs bts rep_good nopl xtopology nonstop_tsc aperfmperf pni dtes64 monitor ds_cpl vmx smx est tm2 ssse3 cx16 xtpr pdcm sse4_1 sse4_2 popcnt lahf_lm ida dtherm tpr_shadow vnmi flexpriority ept vpid
bogomips	: 5596.13
clflush size	: 64
cache_alignment	: 64
address sizes	: 36 bits physical, 48 bits virtual
power management:

processor	: 1
vendor_id	: GenuineIntel
cpu family	: 6
model		: 30
model name	: Intel(R) Core(TM) i5 CPU         760  @ 2.80GHz
stepping	: 5
microcode	: 0x3
cpu MHz		: 1197.000
cache size	: 8192 KB
physical id	: 0
siblings	: 4
core id		: 1
cpu cores	: 4
apicid		: 2
initial apicid	: 2
fpu		: yes
fpu_exception	: yes
cpuid level	: 11
wp		: yes
flags		: fpu vme de pse tsc msr pae mce cx8 apic sep mtrr pge mca cmov pat pse36 clflush dts acpi mmx fxsr sse sse2 ss ht tm pbe syscall nx rdtscp lm constant_tsc arch_perfmon pebs bts rep_good nopl xtopology nonstop_tsc aperfmperf pni dtes64 monitor ds_cpl vmx smx est tm2 ssse3 cx16 xtpr pdcm sse4_1 sse4_2 popcnt lahf_lm ida dtherm tpr_shadow vnmi flexpriority ept vpid
bogomips	: 5596.13
clflush size	: 64
cache_alignment	: 64
address sizes	: 36 bits physical, 48 bits virtual
power management:

processor	: 2
vendor_id	: GenuineIntel
cpu family	: 6
model		: 30
model name	: Intel(R) Core(TM) i5 CPU         760  @ 2.80GHz
stepping	: 5
microcode	: 0x3
cpu MHz		: 1729.000
cache size	: 8192 KB
physical id	: 0
siblings	: 4
core id		: 2
cpu cores	: 4
apicid		: 4
initial apicid	: 4
fpu		: yes
fpu_exception	: yes
cpuid level	: 11
wp		: yes
flags		: fpu vme de pse tsc msr pae mce cx8 apic sep mtrr pge mca cmov pat pse36 clflush dts acpi mmx fxsr sse sse2 ss ht tm pbe syscall nx rdtscp lm constant_tsc arch_perfmon pebs bts rep_good nopl xtopology nonstop_tsc aperfmperf pni dtes64 monitor ds_cpl vmx smx est tm2 ssse3 cx16 xtpr pdcm sse4_1 sse4_2 popcnt lahf_lm ida dtherm tpr_shadow vnmi flexpriority ept vpid
bogomips	: 5596.13
clflush size	: 64
cache_alignment	: 64
address sizes	: 36 bits physical, 48 bits virtual
power management:

processor	: 3
vendor_id	: GenuineIntel
cpu family	: 6
model		: 30
model name	: Intel(R) Core(TM) i5 CPU         760  @ 2.80GHz
stepping	: 5
microcode	: 0x3
cpu MHz		: 1197.000
cache size	: 8192 KB
physical id	: 0
siblings	: 4
core id		: 3
cpu cores	: 4
apicid		: 6
initial apicid	: 6
fpu		: yes
fpu_exception	: yes
cpuid level	: 11
wp		: yes
flags		: fpu vme de pse tsc msr pae mce cx8 apic sep mtrr pge mca cmov pat pse36 clflush dts acpi mmx fxsr sse sse2 ss ht tm pbe syscall nx rdtscp lm constant_tsc arch_perfmon pebs bts rep_good nopl xtopology nonstop_tsc aperfmperf pni dtes64 monitor ds_cpl vmx smx est tm2 ssse3 cx16 xtpr pdcm sse4_1 sse4_2 popcnt lahf_lm ida dtherm tpr_shadow vnmi flexpriority ept vpid
bogomips	: 5596.13
clflush size	: 64
cache_alignment	: 64
address sizes	: 36 bits physical, 48 bits virtual
power management:



Memory: 4k page, physical 8172168k(3483244k free), swap 0k(0k free)

vm_info: OpenJDK 64-Bit Server VM (25.72-b15) for linux-amd64 JRE (1.8.0_72-internal-b15), built on Jan 28 2016 23:42:34 by "buildd" with gcc 4.8.2

time: Mon Mar 21 21:49:12 2016
elapsed time: 32 seconds (0d 0h 0m 32s)

