#
# A fatal error has been detected by the Java Runtime Environment:
#
#  SIGSEGV (0xb) at pc=0x00007f7cac9c49eb, pid=6367, tid=140173461243648
#
# JRE version: OpenJDK Runtime Environment (8.0_72-b15) (build 1.8.0_72-internal-b15)
# Java VM: OpenJDK 64-Bit Server VM (25.72-b15 mixed mode linux-amd64 compressed oops)
# Problematic frame:
# C  [libgdx-box2d64.so+0x219eb]  b2BlockAllocator::Allocate(int)+0x4b
#
# Failed to write core dump. Core dumps have been disabled. To enable core dumping, try "ulimit -c unlimited" before starting Java again
#
# If you would like to submit a bug report, please visit:
#   http://bugreport.java.com/bugreport/crash.jsp
# The crash happened outside the Java Virtual Machine in native code.
# See problematic frame for where to report the bug.
#

---------------  T H R E A D  ---------------

Current thread (0x00007f7d08462000):  JavaThread "LWJGL Application" [_thread_in_native, id=6393, stack(0x00007f7cad4d4000,0x00007f7cad5d5000)]

siginfo: si_signo: 11 (SIGSEGV), si_code: 1 (SEGV_MAPERR), si_addr: 0x0000002600000002

Registers:
RAX=0x0000002600000002, RBX=0x00007f7ca44f00e0, RCX=0x0000000000000002, RDX=0x00007f7ca44f00e0
RSP=0x00007f7cad5d31d0, RBP=0x00007f7ca44f0110, RSI=0x00000000000000b8, RDI=0x00007f7ca44f00e0
R8 =0x0000000000000001, R9 =0x0000000000000001, R10=0x0000000000000000, R11=0x0000000000000001
R12=0x0000000000000000, R13=0x0000000000000006, R14=0x00007f7cad5d3608, R15=0x00007f7d08462000
RIP=0x00007f7cac9c49eb, EFLAGS=0x0000000000010202, CSGSFS=0x0000000000000033, ERR=0x0000000000000004
  TRAPNO=0x000000000000000e

Top of Stack: (sp=0x00007f7cad5d31d0)
0x00007f7cad5d31d0:   00007f7ca4969c00 00007f7ca44f00e0
0x00007f7cad5d31e0:   00007f7cad5d3230 0000000000000000
0x00007f7cad5d31f0:   00007f7cac9106d0 00007f7cac9da2af
0x00007f7cad5d3200:   00000000a44f00e0 0000000000000000
0x00007f7cad5d3210:   000000003ff1463b 00000000d87b4fa0
0x00007f7cad5d3220:   00007f7cad5d32e0 00007f7cac9e0020
0x00007f7cad5d3230:   410e993e00000002 00000000453b6bf6
0x00007f7cad5d3240:   0000000000000000 0000000000000000
0x00007f7cad5d3250:   0000010100000000 0000000000000001
0x00007f7cad5d3260:   0000000000000000 00007f7c3f800000
0x00007f7cad5d3270:   00007f7ca4a781d0 00007f7cf9467823
0x00007f7cad5d3280:   0000000000000000 0000000000000000
0x00007f7cad5d3290:   0000000000000001 000000003f800000
0x00007f7cad5d32a0:   00000000d87b4fa0 00007f7cf9467bf8
0x00007f7cad5d32b0:   00000000ffffffff 0000000000000000
0x00007f7cad5d32c0:   00000000d87d7148 00007f7d08462000
0x00007f7cad5d32d0:   0000100000000af7 00000000d881f8b8
0x00007f7cad5d32e0:   00007f7cad5d35c8 00007f7cf946823c
0x00007f7cad5d32f0:   00007f7d00000000 00007f7d00000001
0x00007f7cad5d3300:   00007f7c3f800000 00007f7cf94700ac
0x00007f7cad5d3310:   00007f7d00000000 0000000000000000
0x00007f7cad5d3320:   00007f7cad5d3360 00007f7cac9d7874
0x00007f7cad5d3330:   be0efa350ce77000 be0e83653f7d8235
0x00007f7cad5d3340:   00007f7d0ce77000 00007f7cad5d33c0
0x00007f7cad5d3350:   0000000000000000 00007f7cac9de32d
0x00007f7cad5d3360:   453b72a440be21a8 0000000000000000
0x00007f7cad5d3370:   0000000040800000 00007f7cf9473c5e
0x00007f7cad5d3380:   00000000d87d7148 00007f7cf946f584
0x00007f7cad5d3390:   00007f7cad5d35c8 00000000d87b4fa0
0x00007f7cad5d33a0:   00007f7ca4969c00 00000000d881f8b8
0x00007f7cad5d33b0:   00000000d881f808 00007f7d08462000
0x00007f7cad5d33c0:   00007f7cad5d35c8 00007f7cf9475924 

Instructions: (pc=0x00007f7cac9c49eb)
0x00007f7cac9c49cb:   0f b6 04 30 3c 0d 44 0f b6 e8 0f 87 ae 01 00 00
0x00007f7cac9c49db:   48 8d 2c c7 48 89 fb 48 8b 45 10 48 85 c0 74 35
0x00007f7cac9c49eb:   48 8b 10 48 89 c7 48 89 f8 48 89 55 10 48 83 c4
0x00007f7cac9c49fb:   08 5b 5d 41 5c 41 5d c3 0f 1f 44 00 00 48 83 c4 

Register to memory mapping:

RAX=0x0000002600000002 is an unknown value
RBX=0x00007f7ca44f00e0 is an unknown value
RCX=0x0000000000000002 is an unknown value
RDX=0x00007f7ca44f00e0 is an unknown value
RSP=0x00007f7cad5d31d0 is pointing into the stack for thread: 0x00007f7d08462000
RBP=0x00007f7ca44f0110 is an unknown value
RSI=0x00000000000000b8 is an unknown value
RDI=0x00007f7ca44f00e0 is an unknown value
R8 =0x0000000000000001 is an unknown value
R9 =0x0000000000000001 is an unknown value
R10=0x0000000000000000 is an unknown value
R11=0x0000000000000001 is an unknown value
R12=0x0000000000000000 is an unknown value
R13=0x0000000000000006 is an unknown value
R14=0x00007f7cad5d3608 is pointing into the stack for thread: 0x00007f7d08462000
R15=0x00007f7d08462000 is a thread


Stack: [0x00007f7cad4d4000,0x00007f7cad5d5000],  sp=0x00007f7cad5d31d0,  free space=1020k
Native frames: (J=compiled Java code, j=interpreted, Vv=VM code, C=native code)
C  [libgdx-box2d64.so+0x219eb]  b2BlockAllocator::Allocate(int)+0x4b

Java frames: (J=compiled Java code, j=interpreted, Vv=VM code)
J 1315  com.badlogic.gdx.physics.box2d.World.jniCreateBody(JIFFFFFFFFZZZZZF)J (0 bytes) @ 0x00007f7cf9467719 [0x00007f7cf94676c0+0x59]
J 1314 C1 com.badlogic.gdx.physics.box2d.World.createBody(Lcom/badlogic/gdx/physics/box2d/BodyDef;)Lcom/badlogic/gdx/physics/box2d/Body; (120 bytes) @ 0x00007f7cf946823c [0x00007f7cf94680a0+0x19c]
J 1322 C1 ru.wtf.sprites.SimpleWallPart.addToWorld(FFF)V (69 bytes) @ 0x00007f7cf9475924 [0x00007f7cf94757c0+0x164]
J 1325 C1 ru.wtf.objects.SimpleWallManager.buildNextBody(FFFFLru/wtf/objects/WallType;)Lru/wtf/sprites/SimpleWallPart; (47 bytes) @ 0x00007f7cf9476734 [0x00007f7cf9476600+0x134]
j  ru.wtf.objects.SimpleWallManager.buildRow(FFFFLru/wtf/objects/WallType;)V+46
j  ru.wtf.objects.SimpleWallManager.buildWall(FFFIFLru/wtf/objects/WallType;)V+110
J 1489 C1 ru.wtf.screens.GameScreen.wallGeneration()V (92 bytes) @ 0x00007f7cf9525b94 [0x00007f7cf9525620+0x574]
J 1482 C1 ru.wtf.screens.GameScreen.render(F)V (221 bytes) @ 0x00007f7cf951c67c [0x00007f7cf951bbe0+0xa9c]
J 1464 C1 ru.wtf.MyGdxGame.render()V (5 bytes) @ 0x00007f7cf9512b7c [0x00007f7cf95129a0+0x1dc]
j  com.badlogic.gdx.backends.lwjgl.LwjglApplication.mainLoop()V+684
j  com.badlogic.gdx.backends.lwjgl.LwjglApplication$1.run()V+27
v  ~StubRoutines::call_stub

---------------  P R O C E S S  ---------------

Java Threads: ( => current thread )
  0x00007f7ca401e800 JavaThread "process reaper" daemon [_thread_blocked, id=6395, stack(0x00007f7cec094000,0x00007f7cec0cd000)]
  0x00007f7d0800b000 JavaThread "DestroyJavaVM" [_thread_blocked, id=6374, stack(0x00007f7d10ed1000,0x00007f7d10fd2000)]
=>0x00007f7d08462000 JavaThread "LWJGL Application" [_thread_in_native, id=6393, stack(0x00007f7cad4d4000,0x00007f7cad5d5000)]
  0x00007f7d083bc800 JavaThread "AWT-XAWT" daemon [_thread_in_native, id=6389, stack(0x00007f7cec74c000,0x00007f7cec84d000)]
  0x00007f7d0839f800 JavaThread "Java2D Disposer" daemon [_thread_blocked, id=6388, stack(0x00007f7cecc5d000,0x00007f7cecd5e000)]
  0x00007f7d080c2800 JavaThread "Service Thread" daemon [_thread_blocked, id=6386, stack(0x00007f7ceeee3000,0x00007f7ceefe4000)]
  0x00007f7d080b3000 JavaThread "C1 CompilerThread2" daemon [_thread_blocked, id=6385, stack(0x00007f7ceefe4000,0x00007f7cef0e5000)]
  0x00007f7d080b1000 JavaThread "C2 CompilerThread1" daemon [_thread_blocked, id=6384, stack(0x00007f7cef0e5000,0x00007f7cef1e6000)]
  0x00007f7d080ae000 JavaThread "C2 CompilerThread0" daemon [_thread_blocked, id=6383, stack(0x00007f7cef1e6000,0x00007f7cef2e7000)]
  0x00007f7d080ac000 JavaThread "Signal Dispatcher" daemon [_thread_blocked, id=6382, stack(0x00007f7cef2e7000,0x00007f7cef3e8000)]
  0x00007f7d08084800 JavaThread "Finalizer" daemon [_thread_blocked, id=6381, stack(0x00007f7cefbfc000,0x00007f7cefcfd000)]
  0x00007f7d08080000 JavaThread "Reference Handler" daemon [_thread_blocked, id=6380, stack(0x00007f7cefcfd000,0x00007f7cefdfe000)]

Other Threads:
  0x00007f7d08078800 VMThread [stack: 0x00007f7cefdfe000,0x00007f7cefeff000] [id=6379]
  0x00007f7d080c4800 WatcherThread [stack: 0x00007f7ceede2000,0x00007f7ceeee3000] [id=6387]

VM state:not at safepoint (normal execution)

VM Mutex/Monitor currently owned by a thread: None

Heap:
 PSYoungGen      total 37888K, used 20094K [0x00000000d6700000, 0x00000000d9100000, 0x0000000100000000)
  eden space 32768K, 45% used [0x00000000d6700000,0x00000000d75a6e18,0x00000000d8700000)
  from space 5120K, 99% used [0x00000000d8700000,0x00000000d8bf8cb8,0x00000000d8c00000)
  to   space 5120K, 0% used [0x00000000d8c00000,0x00000000d8c00000,0x00000000d9100000)
 ParOldGen       total 86016K, used 72K [0x0000000083400000, 0x0000000088800000, 0x00000000d6700000)
  object space 86016K, 0% used [0x0000000083400000,0x0000000083412000,0x0000000088800000)
 Metaspace       used 10794K, capacity 10981K, committed 11136K, reserved 1058816K
  class space    used 986K, capacity 1064K, committed 1152K, reserved 1048576K

Card table byte_map: [0x00007f7d0d291000,0x00007f7d0d678000] byte_map_base: 0x00007f7d0ce77000

Marking Bits: (ParMarkBitMap*) 0x00007f7d101ae080
 Begin Bits: [0x00007f7cf51a0000, 0x00007f7cf70d0000)
 End Bits:   [0x00007f7cf70d0000, 0x00007f7cf9000000)

Polling page: 0x00007f7d10ff7000

CodeCache: size=245760Kb used=5440Kb max_used=5450Kb free=240319Kb
 bounds [0x00007f7cf9000000, 0x00007f7cf9560000, 0x00007f7d08000000]
 total_blobs=2176 nmethods=1565 adapters=527
 compilation: enabled

Compilation events (10 events):
Event: 18,720 Thread 0x00007f7d080b3000 1561       1       ru.wtf.world.WorldContactListener::postSolve (1 bytes)
Event: 18,720 Thread 0x00007f7d080b3000 nmethod 1561 0x00007f7cf95458d0 code [0x00007f7cf9545a20, 0x00007f7cf9545b30]
Event: 19,020 Thread 0x00007f7d080ae000 1562       4       com.badlogic.gdx.scenes.scene2d.ui.Widget::validate (93 bytes)
Event: 19,023 Thread 0x00007f7d080ae000 nmethod 1562 0x00007f7cf95525d0 code [0x00007f7cf9552720, 0x00007f7cf9552828]
Event: 19,203 Thread 0x00007f7d080b1000 1563       4       java.util.LinkedList$ListItr::hasNext (20 bytes)
Event: 19,203 Thread 0x00007f7d080b1000 nmethod 1563 0x00007f7cf953ef50 code [0x00007f7cf953f0a0, 0x00007f7cf953f138]
Event: 20,271 Thread 0x00007f7d080ae000 1564       4       com.badlogic.gdx.utils.Array::clear (33 bytes)
Event: 20,275 Thread 0x00007f7d080ae000 nmethod 1564 0x00007f7cf9515350 code [0x00007f7cf95154a0, 0x00007f7cf9515598]
Event: 20,488 Thread 0x00007f7d080b1000 1565       4       com.badlogic.gdx.graphics.Color::clamp (126 bytes)
Event: 20,490 Thread 0x00007f7d080b1000 nmethod 1565 0x00007f7cf9556d50 code [0x00007f7cf9556ee0, 0x00007f7cf9557158]

GC Heap History (2 events):
Event: 1,358 GC heap before
{Heap before GC invocations=1 (full 0):
 PSYoungGen      total 37888K, used 32768K [0x00000000d6700000, 0x00000000d9100000, 0x0000000100000000)
  eden space 32768K, 100% used [0x00000000d6700000,0x00000000d8700000,0x00000000d8700000)
  from space 5120K, 0% used [0x00000000d8c00000,0x00000000d8c00000,0x00000000d9100000)
  to   space 5120K, 0% used [0x00000000d8700000,0x00000000d8700000,0x00000000d8c00000)
 ParOldGen       total 86016K, used 0K [0x0000000083400000, 0x0000000088800000, 0x00000000d6700000)
  object space 86016K, 0% used [0x0000000083400000,0x0000000083400000,0x0000000088800000)
 Metaspace       used 10347K, capacity 10533K, committed 10624K, reserved 1058816K
  class space    used 984K, capacity 1064K, committed 1152K, reserved 1048576K
Event: 1,364 GC heap after
Heap after GC invocations=1 (full 0):
 PSYoungGen      total 37888K, used 5091K [0x00000000d6700000, 0x00000000d9100000, 0x0000000100000000)
  eden space 32768K, 0% used [0x00000000d6700000,0x00000000d6700000,0x00000000d8700000)
  from space 5120K, 99% used [0x00000000d8700000,0x00000000d8bf8cb8,0x00000000d8c00000)
  to   space 5120K, 0% used [0x00000000d8c00000,0x00000000d8c00000,0x00000000d9100000)
 ParOldGen       total 86016K, used 72K [0x0000000083400000, 0x0000000088800000, 0x00000000d6700000)
  object space 86016K, 0% used [0x0000000083400000,0x0000000083412000,0x0000000088800000)
 Metaspace       used 10347K, capacity 10533K, committed 10624K, reserved 1058816K
  class space    used 984K, capacity 1064K, committed 1152K, reserved 1048576K
}

Deoptimization events (5 events):
Event: 0,115 Thread 0x00007f7d0800b000 Uncommon trap: reason=unstable_if action=reinterpret pc=0x00007f7cf9137004 method=java.lang.String.indexOf(II)I @ 49
Event: 0,504 Thread 0x00007f7d08462000 Uncommon trap: reason=unstable_if action=reinterpret pc=0x00007f7cf91a1c24 method=java.lang.String.replace(CC)Ljava/lang/String; @ 26
Event: 2,924 Thread 0x00007f7d08462000 Uncommon trap: reason=unstable_if action=reinterpret pc=0x00007f7cf9383558 method=ru.wtf.sprites.SimpleWallPart.update(F)V @ 33
Event: 3,190 Thread 0x00007f7d08462000 Uncommon trap: reason=unstable_if action=reinterpret pc=0x00007f7cf93e5288 method=ru.wtf.sprites.SimpleWallPart.update(F)V @ 134
Event: 18,286 Thread 0x00007f7d08462000 Uncommon trap: reason=unstable_if action=reinterpret pc=0x00007f7cf94b6c58 method=com.badlogic.gdx.graphics.g2d.SpriteBatch.draw(Lcom/badlogic/gdx/graphics/Texture;[FII)V @ 33

Internal exceptions (10 events):
Event: 0,231 Thread 0x00007f7d0800b000 Exception <a 'java/security/PrivilegedActionException'> (0x00000000d6c68d68) thrown at [/build/openjdk-8-YNUxN3/openjdk-8-8u72-b15/src/hotspot/src/share/vm/prims/jvm.cpp, line 1386]
Event: 0,231 Thread 0x00007f7d0800b000 Exception <a 'java/security/PrivilegedActionException'> (0x00000000d6c699c0) thrown at [/build/openjdk-8-YNUxN3/openjdk-8-8u72-b15/src/hotspot/src/share/vm/prims/jvm.cpp, line 1386]
Event: 0,231 Thread 0x00007f7d0800b000 Exception <a 'java/security/PrivilegedActionException'> (0x00000000d6c6a5e8) thrown at [/build/openjdk-8-YNUxN3/openjdk-8-8u72-b15/src/hotspot/src/share/vm/prims/jvm.cpp, line 1386]
Event: 0,231 Thread 0x00007f7d0800b000 Exception <a 'java/security/PrivilegedActionException'> (0x00000000d6c6c768) thrown at [/build/openjdk-8-YNUxN3/openjdk-8-8u72-b15/src/hotspot/src/share/vm/prims/jvm.cpp, line 1386]
Event: 0,231 Thread 0x00007f7d0800b000 Exception <a 'java/security/PrivilegedActionException'> (0x00000000d6c6d3c0) thrown at [/build/openjdk-8-YNUxN3/openjdk-8-8u72-b15/src/hotspot/src/share/vm/prims/jvm.cpp, line 1386]
Event: 0,231 Thread 0x00007f7d0800b000 Exception <a 'java/security/PrivilegedActionException'> (0x00000000d6c6dfe8) thrown at [/build/openjdk-8-YNUxN3/openjdk-8-8u72-b15/src/hotspot/src/share/vm/prims/jvm.cpp, line 1386]
Event: 0,231 Thread 0x00007f7d0800b000 Exception <a 'java/security/PrivilegedActionException'> (0x00000000d6c6ff28) thrown at [/build/openjdk-8-YNUxN3/openjdk-8-8u72-b15/src/hotspot/src/share/vm/prims/jvm.cpp, line 1386]
Event: 0,231 Thread 0x00007f7d0800b000 Exception <a 'java/security/PrivilegedActionException'> (0x00000000d6c70b80) thrown at [/build/openjdk-8-YNUxN3/openjdk-8-8u72-b15/src/hotspot/src/share/vm/prims/jvm.cpp, line 1386]
Event: 0,231 Thread 0x00007f7d0800b000 Exception <a 'java/security/PrivilegedActionException'> (0x00000000d6c717a8) thrown at [/build/openjdk-8-YNUxN3/openjdk-8-8u72-b15/src/hotspot/src/share/vm/prims/jvm.cpp, line 1386]
Event: 0,552 Thread 0x00007f7d08462000 Exception <a 'java/lang/NoClassDefFoundError': org/lwjgl/opengles/GLContext> (0x00000000d706ff30) thrown at [/build/openjdk-8-YNUxN3/openjdk-8-8u72-b15/src/hotspot/src/share/vm/classfile/systemDictionary.cpp, line 199]

Events (10 events):
Event: 6,176 Thread 0x00007f7d08462000 DEOPT UNPACKING pc=0x00007f7cf9046f73 sp=0x00007f7cad5d3540 mode 0
Event: 6,243 Thread 0x00007f7d08462000 DEOPT PACKING pc=0x00007f7cf93e15be sp=0x00007f7cad5d3810
Event: 6,243 Thread 0x00007f7d08462000 DEOPT UNPACKING pc=0x00007f7cf9046f73 sp=0x00007f7cad5d35a8 mode 0
Event: 18,286 Thread 0x00007f7d08462000 Uncommon trap: trap_request=0xffffff65 fr.pc=0x00007f7cf94b6c58
Event: 18,286 Thread 0x00007f7d08462000 DEOPT PACKING pc=0x00007f7cf94b6c58 sp=0x00007f7cad5d3740
Event: 18,286 Thread 0x00007f7d08462000 DEOPT UNPACKING pc=0x00007f7cf9004f69 sp=0x00007f7cad5d3628 mode 2
Event: 19,921 Thread 0x00007f7d08462000 DEOPT PACKING pc=0x00007f7cf95549de sp=0x00007f7cad5d3700
Event: 19,921 Thread 0x00007f7d08462000 DEOPT UNPACKING pc=0x00007f7cf9046f73 sp=0x00007f7cad5d3488 mode 0
Event: 21,572 Thread 0x00007f7d08462000 DEOPT PACKING pc=0x00007f7cf95549de sp=0x00007f7cad5d3700
Event: 21,572 Thread 0x00007f7d08462000 DEOPT UNPACKING pc=0x00007f7cf9046f73 sp=0x00007f7cad5d3488 mode 0


Dynamic libraries:
00400000-00401000 r-xp 00000000 08:02 10223905                           /usr/lib/jvm/java-8-openjdk-amd64/jre/bin/java
00600000-00601000 r--p 00000000 08:02 10223905                           /usr/lib/jvm/java-8-openjdk-amd64/jre/bin/java
00601000-00602000 rw-p 00001000 08:02 10223905                           /usr/lib/jvm/java-8-openjdk-amd64/jre/bin/java
01db8000-01dd9000 rw-p 00000000 00:00 0                                  [heap]
40f15000-40f17000 r-xs 00000000 08:02 2361988                            /tmp/.gl1rkcGr (deleted)
410b9000-41155000 rw-p 00000000 00:00 0 
83400000-88800000 rw-p 00000000 00:00 0 
88800000-d6700000 ---p 00000000 00:00 0 
d6700000-d9100000 rw-p 00000000 00:00 0 
d9100000-100000000 ---p 00000000 00:00 0 
100000000-100120000 rw-p 00000000 00:00 0 
100120000-140000000 ---p 00000000 00:00 0 
7f7c98000000-7f7c98021000 rw-p 00000000 00:00 0 
7f7c98021000-7f7c9c000000 ---p 00000000 00:00 0 
7f7c9cdec000-7f7c9d1ec000 rw-s 1bb7c1000 00:05 12181                     /dev/nvidiactl
7f7c9d1ec000-7f7c9d3ec000 rw-s 180719000 00:05 12181                     /dev/nvidiactl
7f7c9d3ec000-7f7c9edae000 r-xp 00000000 08:02 8787499                    /usr/lib/nvidia-340/libnvidia-glcore.so.340.96
7f7c9edae000-7f7c9edcc000 rwxp 019c2000 08:02 8787499                    /usr/lib/nvidia-340/libnvidia-glcore.so.340.96
7f7c9edcc000-7f7c9f24a000 r-xp 019e0000 08:02 8787499                    /usr/lib/nvidia-340/libnvidia-glcore.so.340.96
7f7c9f24a000-7f7c9f449000 ---p 01e5e000 08:02 8787499                    /usr/lib/nvidia-340/libnvidia-glcore.so.340.96
7f7c9f449000-7f7c9ffe3000 rw-p 01e5d000 08:02 8787499                    /usr/lib/nvidia-340/libnvidia-glcore.so.340.96
7f7c9ffe3000-7f7ca0000000 rw-p 00000000 00:00 0 
7f7ca0000000-7f7ca0021000 rw-p 00000000 00:00 0 
7f7ca0021000-7f7ca4000000 ---p 00000000 00:00 0 
7f7ca4000000-7f7ca4b91000 rw-p 00000000 00:00 0 
7f7ca4b91000-7f7ca8000000 ---p 00000000 00:00 0 
7f7ca8000000-7f7ca8021000 rw-p 00000000 00:00 0 
7f7ca8021000-7f7cac000000 ---p 00000000 00:00 0 
7f7cac1a3000-7f7cac5a3000 rw-s 1a72bf000 00:05 12181                     /dev/nvidiactl
7f7cac5a3000-7f7cac7a3000 rw-s 180760000 00:05 12181                     /dev/nvidiactl
7f7cac7a3000-7f7cac963000 rw-p 00000000 00:00 0 
7f7cac963000-7f7cac9a3000 ---p 00000000 00:00 0 
7f7cac9a3000-7f7cac9ef000 r-xp 00000000 08:02 2361969                    /tmp/libgdxtookuk/72da4579/libgdx-box2d64.so
7f7cac9ef000-7f7cacbee000 ---p 0004c000 08:02 2361969                    /tmp/libgdxtookuk/72da4579/libgdx-box2d64.so
7f7cacbee000-7f7cacbf0000 r--p 0004b000 08:02 2361969                    /tmp/libgdxtookuk/72da4579/libgdx-box2d64.so
7f7cacbf0000-7f7cacbf1000 rw-p 0004d000 08:02 2361969                    /tmp/libgdxtookuk/72da4579/libgdx-box2d64.so
7f7cacbf1000-7f7cacc71000 rw-s 5e816000 00:05 12181                      /dev/nvidiactl
7f7cacc71000-7f7caccf1000 rw-s 8dfa6000 00:05 12181                      /dev/nvidiactl
7f7caccf1000-7f7cacd71000 rw-s 8d241000 00:05 12181                      /dev/nvidiactl
7f7cace71000-7f7cace91000 rw-s e01e0000 00:05 12182                      /dev/nvidia0
7f7cace91000-7f7caced1000 rw-s 1a5dc9000 00:05 12181                     /dev/nvidiactl
7f7caced1000-7f7cacf85000 rw-s 2107b0000 00:05 12181                     /dev/nvidiactl
7f7cacf85000-7f7cacf88000 r-xp 00000000 08:02 8916893                    /usr/lib/nvidia-340/tls/libnvidia-tls.so.340.96
7f7cacf88000-7f7cad187000 ---p 00003000 08:02 8916893                    /usr/lib/nvidia-340/tls/libnvidia-tls.so.340.96
7f7cad187000-7f7cad188000 rw-p 00002000 08:02 8916893                    /usr/lib/nvidia-340/tls/libnvidia-tls.so.340.96
7f7cad188000-7f7cad24f000 r-xp 00000000 08:02 8787509                    /usr/lib/nvidia-340/libGL.so.340.96
7f7cad24f000-7f7cad27e000 rwxp 000c7000 08:02 8787509                    /usr/lib/nvidia-340/libGL.so.340.96
7f7cad27e000-7f7cad29a000 r-xp 000f6000 08:02 8787509                    /usr/lib/nvidia-340/libGL.so.340.96
7f7cad29a000-7f7cad499000 ---p 00112000 08:02 8787509                    /usr/lib/nvidia-340/libGL.so.340.96
7f7cad499000-7f7cad4be000 rw-p 00111000 08:02 8787509                    /usr/lib/nvidia-340/libGL.so.340.96
7f7cad4be000-7f7cad4d4000 rw-p 00000000 00:00 0 
7f7cad4d4000-7f7cad4d7000 ---p 00000000 00:00 0 
7f7cad4d7000-7f7cad5d5000 rw-p 00000000 00:00 0                          [stack:6393]
7f7cad5d5000-7f7cad5d6000 ---p 00000000 00:00 0 
7f7cad5d6000-7f7cad6d6000 rw-p 00000000 00:00 0                          [stack:6392]
7f7cad6d6000-7f7cb16d7000 rw-s 00000000 00:14 48469                      /run/shm/pulse-shm-2779805165
7f7cb16d7000-7f7cb16d8000 ---p 00000000 00:00 0 
7f7cb16d8000-7f7cb1ed8000 rw-p 00000000 00:00 0                          [stack:6391]
7f7cb1ed8000-7f7cb1eef000 r-xp 00000000 08:02 4329538                    /lib/x86_64-linux-gnu/libresolv-2.19.so
7f7cb1eef000-7f7cb20ef000 ---p 00017000 08:02 4329538                    /lib/x86_64-linux-gnu/libresolv-2.19.so
7f7cb20ef000-7f7cb20f0000 r--p 00017000 08:02 4329538                    /lib/x86_64-linux-gnu/libresolv-2.19.so
7f7cb20f0000-7f7cb20f1000 rw-p 00018000 08:02 4329538                    /lib/x86_64-linux-gnu/libresolv-2.19.so
7f7cb20f1000-7f7cb20f3000 rw-p 00000000 00:00 0 
7f7cb20f3000-7f7cb20fa000 r-xp 00000000 08:02 4858557                    /usr/lib/x86_64-linux-gnu/libogg.so.0.8.1
7f7cb20fa000-7f7cb22fa000 ---p 00007000 08:02 4858557                    /usr/lib/x86_64-linux-gnu/libogg.so.0.8.1
7f7cb22fa000-7f7cb22fb000 r--p 00007000 08:02 4858557                    /usr/lib/x86_64-linux-gnu/libogg.so.0.8.1
7f7cb22fb000-7f7cb22fc000 rw-p 00008000 08:02 4858557                    /usr/lib/x86_64-linux-gnu/libogg.so.0.8.1
7f7cb22fc000-7f7cb2328000 r-xp 00000000 08:02 4858835                    /usr/lib/x86_64-linux-gnu/libvorbis.so.0.4.5
7f7cb2328000-7f7cb2527000 ---p 0002c000 08:02 4858835                    /usr/lib/x86_64-linux-gnu/libvorbis.so.0.4.5
7f7cb2527000-7f7cb2528000 r--p 0002b000 08:02 4858835                    /usr/lib/x86_64-linux-gnu/libvorbis.so.0.4.5
7f7cb2528000-7f7cb2529000 rw-p 0002c000 08:02 4858835                    /usr/lib/x86_64-linux-gnu/libvorbis.so.0.4.5
7f7cb2529000-7f7cb27dc000 r-xp 00000000 08:02 4858837                    /usr/lib/x86_64-linux-gnu/libvorbisenc.so.2.0.8
7f7cb27dc000-7f7cb29db000 ---p 002b3000 08:02 4858837                    /usr/lib/x86_64-linux-gnu/libvorbisenc.so.2.0.8
7f7cb29db000-7f7cb29f7000 r--p 002b2000 08:02 4858837                    /usr/lib/x86_64-linux-gnu/libvorbisenc.so.2.0.8
7f7cb29f7000-7f7cb29f8000 rw-p 002ce000 08:02 4858837                    /usr/lib/x86_64-linux-gnu/libvorbisenc.so.2.0.8
7f7cb29f8000-7f7cb2a28000 r-xp 00000000 08:02 4854939                    /usr/lib/x86_64-linux-gnu/libFLAC.so.8.3.0
7f7cb2a28000-7f7cb2c27000 ---p 00030000 08:02 4854939                    /usr/lib/x86_64-linux-gnu/libFLAC.so.8.3.0
7f7cb2c27000-7f7cb2c28000 r--p 0002f000 08:02 4854939                    /usr/lib/x86_64-linux-gnu/libFLAC.so.8.3.0
7f7cb2c28000-7f7cb2c29000 rw-p 00030000 08:02 4854939                    /usr/lib/x86_64-linux-gnu/libFLAC.so.8.3.0
7f7cb2c29000-7f7cb2c2e000 r-xp 00000000 08:02 4857928                    /usr/lib/x86_64-linux-gnu/libasyncns.so.0.3.1
7f7cb2c2e000-7f7cb2e2d000 ---p 00005000 08:02 4857928                    /usr/lib/x86_64-linux-gnu/libasyncns.so.0.3.1
7f7cb2e2d000-7f7cb2e2e000 r--p 00004000 08:02 4857928                    /usr/lib/x86_64-linux-gnu/libasyncns.so.0.3.1
7f7cb2e2e000-7f7cb2e2f000 rw-p 00005000 08:02 4857928                    /usr/lib/x86_64-linux-gnu/libasyncns.so.0.3.1
7f7cb2e2f000-7f7cb2e90000 r-xp 00000000 08:02 4854167                    /usr/lib/x86_64-linux-gnu/libsndfile.so.1.0.25
7f7cb2e90000-7f7cb3090000 ---p 00061000 08:02 4854167                    /usr/lib/x86_64-linux-gnu/libsndfile.so.1.0.25
7f7cb3090000-7f7cb3092000 r--p 00061000 08:02 4854167                    /usr/lib/x86_64-linux-gnu/libsndfile.so.1.0.25
7f7cb3092000-7f7cb3093000 rw-p 00063000 08:02 4854167                    /usr/lib/x86_64-linux-gnu/libsndfile.so.1.0.25
7f7cb3093000-7f7cb3097000 rw-p 00000000 00:00 0 
7f7cb3097000-7f7cb309f000 r-xp 00000000 08:02 4329558                    /lib/x86_64-linux-gnu/libwrap.so.0.7.6
7f7cb309f000-7f7cb329e000 ---p 00008000 08:02 4329558                    /lib/x86_64-linux-gnu/libwrap.so.0.7.6
7f7cb329e000-7f7cb329f000 r--p 00007000 08:02 4329558                    /lib/x86_64-linux-gnu/libwrap.so.0.7.6
7f7cb329f000-7f7cb32a0000 rw-p 00008000 08:02 4329558                    /lib/x86_64-linux-gnu/libwrap.so.0.7.6
7f7cb32a0000-7f7cb32a1000 rw-p 00000000 00:00 0 
7f7cb32a1000-7f7cb32e5000 r-xp 00000000 08:02 4325642                    /lib/x86_64-linux-gnu/libdbus-1.so.3.7.6
7f7cb32e5000-7f7cb34e4000 ---p 00044000 08:02 4325642                    /lib/x86_64-linux-gnu/libdbus-1.so.3.7.6
7f7cb34e4000-7f7cb34e5000 r--p 00043000 08:02 4325642                    /lib/x86_64-linux-gnu/libdbus-1.so.3.7.6
7f7cb34e5000-7f7cb34e6000 rw-p 00044000 08:02 4325642                    /lib/x86_64-linux-gnu/libdbus-1.so.3.7.6
7f7cb34e6000-7f7cb354c000 r-xp 00000000 08:02 5245376                    /usr/lib/x86_64-linux-gnu/pulseaudio/libpulsecommon-4.0.so
7f7cb354c000-7f7cb374b000 ---p 00066000 08:02 5245376                    /usr/lib/x86_64-linux-gnu/pulseaudio/libpulsecommon-4.0.so
7f7cb374b000-7f7cb374c000 r--p 00065000 08:02 5245376                    /usr/lib/x86_64-linux-gnu/pulseaudio/libpulsecommon-4.0.so
7f7cb374c000-7f7cb374d000 rw-p 00066000 08:02 5245376                    /usr/lib/x86_64-linux-gnu/pulseaudio/libpulsecommon-4.0.so
7f7cb374d000-7f7cb3757000 r-xp 00000000 08:02 4329438                    /lib/x86_64-linux-gnu/libjson-c.so.2.0.0
7f7cb3757000-7f7cb3956000 ---p 0000a000 08:02 4329438                    /lib/x86_64-linux-gnu/libjson-c.so.2.0.0
7f7cb3956000-7f7cb3957000 r--p 00009000 08:02 4329438                    /lib/x86_64-linux-gnu/libjson-c.so.2.0.0
7f7cb3957000-7f7cb3958000 rw-p 0000a000 08:02 4329438                    /lib/x86_64-linux-gnu/libjson-c.so.2.0.0
7f7cb3958000-7f7cb399f000 r-xp 00000000 08:02 4850824                    /usr/lib/x86_64-linux-gnu/libpulse.so.0.16.2
7f7cb399f000-7f7cb3b9f000 ---p 00047000 08:02 4850824                    /usr/lib/x86_64-linux-gnu/libpulse.so.0.16.2
7f7cb3b9f000-7f7cb3ba0000 r--p 00047000 08:02 4850824                    /usr/lib/x86_64-linux-gnu/libpulse.so.0.16.2
7f7cb3ba0000-7f7cb3ba1000 rw-p 00048000 08:02 4850824                    /usr/lib/x86_64-linux-gnu/libpulse.so.0.16.2
7f7cb3ba1000-7f7cb3bf6000 r-xp 00000000 08:02 2361960                    /tmp/libgdxtookuk/31ce78a2/libopenal64.so
7f7cb3bf6000-7f7cb3df5000 ---p 00055000 08:02 2361960                    /tmp/libgdxtookuk/31ce78a2/libopenal64.so
7f7cb3df5000-7f7cb3df8000 r--p 00054000 08:02 2361960                    /tmp/libgdxtookuk/31ce78a2/libopenal64.so
7f7cb3df8000-7f7cb3df9000 rw-p 00057000 08:02 2361960                    /tmp/libgdxtookuk/31ce78a2/libopenal64.so
7f7cb3df9000-7f7cb3dfa000 rw-p 00000000 00:00 0 
7f7cb3dfa000-7f7cb3dfe000 r-xp 00000000 08:02 4857889                    /usr/lib/x86_64-linux-gnu/libXxf86vm.so.1.0.0
7f7cb3dfe000-7f7cb3ffe000 ---p 00004000 08:02 4857889                    /usr/lib/x86_64-linux-gnu/libXxf86vm.so.1.0.0
7f7cb3ffe000-7f7cb3fff000 r--p 00004000 08:02 4857889                    /usr/lib/x86_64-linux-gnu/libXxf86vm.so.1.0.0
7f7cb3fff000-7f7cb4000000 rw-p 00005000 08:02 4857889                    /usr/lib/x86_64-linux-gnu/libXxf86vm.so.1.0.0
7f7cb4000000-7f7cb4021000 rw-p 00000000 00:00 0 
7f7cb4021000-7f7cb8000000 ---p 00000000 00:00 0 
7f7cb8000000-7f7cb8021000 rw-p 00000000 00:00 0 
7f7cb8021000-7f7cbc000000 ---p 00000000 00:00 0 
7f7cbc000000-7f7cbc021000 rw-p 00000000 00:00 0 
7f7cbc021000-7f7cc0000000 ---p 00000000 00:00 0 
7f7cc0000000-7f7cc0021000 rw-p 00000000 00:00 0 
7f7cc0021000-7f7cc4000000 ---p 00000000 00:00 0 
7f7cc4000000-7f7cc4252000 rw-p 00000000 00:00 0 
7f7cc4252000-7f7cc8000000 ---p 00000000 00:00 0 
7f7cc8000000-7f7cc83e4000 rw-p 00000000 00:00 0 
7f7cc83e4000-7f7ccc000000 ---p 00000000 00:00 0 
7f7ccc000000-7f7ccc021000 rw-p 00000000 00:00 0 
7f7ccc021000-7f7cd0000000 ---p 00000000 00:00 0 
7f7cd0000000-7f7cd029c000 rw-p 00000000 00:00 0 
7f7cd029c000-7f7cd4000000 ---p 00000000 00:00 0 
7f7cd4000000-7f7cd4021000 rw-p 00000000 00:00 0 
7f7cd4021000-7f7cd8000000 ---p 00000000 00:00 0 
7f7cd8000000-7f7cd8021000 rw-p 00000000 00:00 0 
7f7cd8021000-7f7cdc000000 ---p 00000000 00:00 0 
7f7cdc000000-7f7cdc021000 rw-p 00000000 00:00 0 
7f7cdc021000-7f7ce0000000 ---p 00000000 00:00 0 
7f7ce0000000-7f7ce0021000 rw-p 00000000 00:00 0 
7f7ce0021000-7f7ce4000000 ---p 00000000 00:00 0 
7f7ce4000000-7f7ce4021000 rw-p 00000000 00:00 0 
7f7ce4021000-7f7ce8000000 ---p 00000000 00:00 0 
7f7ce8000000-7f7ce8021000 rw-p 00000000 00:00 0 
7f7ce8021000-7f7cec000000 ---p 00000000 00:00 0 
7f7cec014000-7f7cec034000 rw-s 1bb7c8000 00:05 12181                     /dev/nvidiactl
7f7cec034000-7f7cec074000 rw-s 165c11000 00:05 12181                     /dev/nvidiactl
7f7cec094000-7f7cec097000 ---p 00000000 00:00 0 
7f7cec097000-7f7cec0cd000 rw-p 00000000 00:00 0                          [stack:6395]
7f7cec0cd000-7f7cec0d6000 r-xp 00000000 08:02 4857871                    /usr/lib/x86_64-linux-gnu/libXrandr.so.2.2.0
7f7cec0d6000-7f7cec2d5000 ---p 00009000 08:02 4857871                    /usr/lib/x86_64-linux-gnu/libXrandr.so.2.2.0
7f7cec2d5000-7f7cec2d6000 r--p 00008000 08:02 4857871                    /usr/lib/x86_64-linux-gnu/libXrandr.so.2.2.0
7f7cec2d6000-7f7cec2d7000 rw-p 00009000 08:02 4857871                    /usr/lib/x86_64-linux-gnu/libXrandr.so.2.2.0
7f7cec2d7000-7f7cec347000 r-xp 00000000 08:02 2361958                    /tmp/libgdxtookuk/31ce78a2/liblwjgl64.so
7f7cec347000-7f7cec547000 ---p 00070000 08:02 2361958                    /tmp/libgdxtookuk/31ce78a2/liblwjgl64.so
7f7cec547000-7f7cec549000 r--p 00070000 08:02 2361958                    /tmp/libgdxtookuk/31ce78a2/liblwjgl64.so
7f7cec549000-7f7cec54a000 rw-p 00072000 08:02 2361958                    /tmp/libgdxtookuk/31ce78a2/liblwjgl64.so
7f7cec54a000-7f7cec54b000 r-xp 00000000 08:02 10223939                   /usr/lib/jvm/java-8-openjdk-amd64/jre/lib/amd64/libjawt.so
7f7cec54b000-7f7cec74a000 ---p 00001000 08:02 10223939                   /usr/lib/jvm/java-8-openjdk-amd64/jre/lib/amd64/libjawt.so
7f7cec74a000-7f7cec74b000 r--p 00000000 08:02 10223939                   /usr/lib/jvm/java-8-openjdk-amd64/jre/lib/amd64/libjawt.so
7f7cec74b000-7f7cec74c000 rw-p 00001000 08:02 10223939                   /usr/lib/jvm/java-8-openjdk-amd64/jre/lib/amd64/libjawt.so
7f7cec74c000-7f7cec74f000 ---p 00000000 00:00 0 
7f7cec74f000-7f7cec84d000 rw-p 00000000 00:00 0                          [stack:6389]
7f7cec84d000-7f7cec852000 r-xp 00000000 08:02 4850228                    /usr/lib/x86_64-linux-gnu/libXfixes.so.3.1.0
7f7cec852000-7f7ceca51000 ---p 00005000 08:02 4850228                    /usr/lib/x86_64-linux-gnu/libXfixes.so.3.1.0
7f7ceca51000-7f7ceca52000 r--p 00004000 08:02 4850228                    /usr/lib/x86_64-linux-gnu/libXfixes.so.3.1.0
7f7ceca52000-7f7ceca53000 rw-p 00005000 08:02 4850228                    /usr/lib/x86_64-linux-gnu/libXfixes.so.3.1.0
7f7ceca53000-7f7ceca5c000 r-xp 00000000 08:02 4857845                    /usr/lib/x86_64-linux-gnu/libXcursor.so.1.0.2
7f7ceca5c000-7f7cecc5b000 ---p 00009000 08:02 4857845                    /usr/lib/x86_64-linux-gnu/libXcursor.so.1.0.2
7f7cecc5b000-7f7cecc5c000 r--p 00008000 08:02 4857845                    /usr/lib/x86_64-linux-gnu/libXcursor.so.1.0.2
7f7cecc5c000-7f7cecc5d000 rw-p 00009000 08:02 4857845                    /usr/lib/x86_64-linux-gnu/libXcursor.so.1.0.2
7f7cecc5d000-7f7cecc60000 ---p 00000000 00:00 0 
7f7cecc60000-7f7cecd5e000 rw-p 00000000 00:00 0                          [stack:6388]
7f7cecd5e000-7f7cecd83000 r-xp 00000000 08:02 4329349                    /lib/x86_64-linux-gnu/libpng12.so.0.50.0
7f7cecd83000-7f7cecf82000 ---p 00025000 08:02 4329349                    /lib/x86_64-linux-gnu/libpng12.so.0.50.0
7f7cecf82000-7f7cecf83000 r--p 00024000 08:02 4329349                    /lib/x86_64-linux-gnu/libpng12.so.0.50.0
7f7cecf83000-7f7cecf84000 rw-p 00025000 08:02 4329349                    /lib/x86_64-linux-gnu/libpng12.so.0.50.0
7f7cecf84000-7f7ced021000 r-xp 00000000 08:02 4849820                    /usr/lib/x86_64-linux-gnu/libfreetype.so.6.11.1
7f7ced021000-7f7ced220000 ---p 0009d000 08:02 4849820                    /usr/lib/x86_64-linux-gnu/libfreetype.so.6.11.1
7f7ced220000-7f7ced226000 r--p 0009c000 08:02 4849820                    /usr/lib/x86_64-linux-gnu/libfreetype.so.6.11.1
7f7ced226000-7f7ced227000 rw-p 000a2000 08:02 4849820                    /usr/lib/x86_64-linux-gnu/libfreetype.so.6.11.1
7f7ced22f000-7f7ced231000 rw-p 00000000 00:00 0 
7f7ced231000-7f7ced233000 rw-s 00000000 08:02 2361988                    /tmp/.gl1rkcGr (deleted)
7f7ced233000-7f7ced248000 r--p 00000000 08:02 5508768                    /usr/share/locale-langpack/ru/LC_MESSAGES/pulseaudio.mo
7f7ced248000-7f7ced29a000 r-xp 00000000 08:02 10223925                   /usr/lib/jvm/java-8-openjdk-amd64/jre/lib/amd64/libfontmanager.so
7f7ced29a000-7f7ced499000 ---p 00052000 08:02 10223925                   /usr/lib/jvm/java-8-openjdk-amd64/jre/lib/amd64/libfontmanager.so
7f7ced499000-7f7ced49c000 r--p 00051000 08:02 10223925                   /usr/lib/jvm/java-8-openjdk-amd64/jre/lib/amd64/libfontmanager.so
7f7ced49c000-7f7ced49d000 rw-p 00054000 08:02 10223925                   /usr/lib/jvm/java-8-openjdk-amd64/jre/lib/amd64/libfontmanager.so
7f7ced49d000-7f7ced4cc000 r--p 00000000 08:02 5508670                    /usr/share/locale-langpack/ru/LC_MESSAGES/libc.mo
7f7ced4cc000-7f7ced4d1000 r-xp 00000000 08:02 4857849                    /usr/lib/x86_64-linux-gnu/libXdmcp.so.6.0.0
7f7ced4d1000-7f7ced6d0000 ---p 00005000 08:02 4857849                    /usr/lib/x86_64-linux-gnu/libXdmcp.so.6.0.0
7f7ced6d0000-7f7ced6d1000 r--p 00004000 08:02 4857849                    /usr/lib/x86_64-linux-gnu/libXdmcp.so.6.0.0
7f7ced6d1000-7f7ced6d2000 rw-p 00005000 08:02 4857849                    /usr/lib/x86_64-linux-gnu/libXdmcp.so.6.0.0
7f7ced6d2000-7f7ced6d4000 r-xp 00000000 08:02 4857838                    /usr/lib/x86_64-linux-gnu/libXau.so.6.0.0
7f7ced6d4000-7f7ced8d4000 ---p 00002000 08:02 4857838                    /usr/lib/x86_64-linux-gnu/libXau.so.6.0.0
7f7ced8d4000-7f7ced8d5000 r--p 00002000 08:02 4857838                    /usr/lib/x86_64-linux-gnu/libXau.so.6.0.0
7f7ced8d5000-7f7ced8d6000 rw-p 00003000 08:02 4857838                    /usr/lib/x86_64-linux-gnu/libXau.so.6.0.0
7f7ced8d6000-7f7ced8f3000 r-xp 00000000 08:02 4858908                    /usr/lib/x86_64-linux-gnu/libxcb.so.1.1.0
7f7ced8f3000-7f7cedaf3000 ---p 0001d000 08:02 4858908                    /usr/lib/x86_64-linux-gnu/libxcb.so.1.1.0
7f7cedaf3000-7f7cedaf4000 r--p 0001d000 08:02 4858908                    /usr/lib/x86_64-linux-gnu/libxcb.so.1.1.0
7f7cedaf4000-7f7cedaf5000 rw-p 0001e000 08:02 4858908                    /usr/lib/x86_64-linux-gnu/libxcb.so.1.1.0
7f7cedaf5000-7f7cedb04000 r-xp 00000000 08:02 4858166                    /usr/lib/x86_64-linux-gnu/libXi.so.6.1.0
7f7cedb04000-7f7cedd03000 ---p 0000f000 08:02 4858166                    /usr/lib/x86_64-linux-gnu/libXi.so.6.1.0
7f7cedd03000-7f7cedd04000 r--p 0000e000 08:02 4858166                    /usr/lib/x86_64-linux-gnu/libXi.so.6.1.0
7f7cedd04000-7f7cedd05000 rw-p 0000f000 08:02 4858166                    /usr/lib/x86_64-linux-gnu/libXi.so.6.1.0
7f7cedd05000-7f7cedd0a000 r-xp 00000000 08:02 4857879                    /usr/lib/x86_64-linux-gnu/libXtst.so.6.1.0
7f7cedd0a000-7f7cedf09000 ---p 00005000 08:02 4857879                    /usr/lib/x86_64-linux-gnu/libXtst.so.6.1.0
7f7cedf09000-7f7cedf0a000 r--p 00004000 08:02 4857879                    /usr/lib/x86_64-linux-gnu/libXtst.so.6.1.0
7f7cedf0a000-7f7cedf0b000 rw-p 00005000 08:02 4857879                    /usr/lib/x86_64-linux-gnu/libXtst.so.6.1.0
7f7cedf0b000-7f7cedf14000 r-xp 00000000 08:02 4858750                    /usr/lib/x86_64-linux-gnu/libXrender.so.1.3.0
7f7cedf14000-7f7cee113000 ---p 00009000 08:02 4858750                    /usr/lib/x86_64-linux-gnu/libXrender.so.1.3.0
7f7cee113000-7f7cee114000 r--p 00008000 08:02 4858750                    /usr/lib/x86_64-linux-gnu/libXrender.so.1.3.0
7f7cee114000-7f7cee115000 rw-p 00009000 08:02 4858750                    /usr/lib/x86_64-linux-gnu/libXrender.so.1.3.0
7f7cee115000-7f7cee245000 r-xp 00000000 08:02 4857834                    /usr/lib/x86_64-linux-gnu/libX11.so.6.3.0
7f7cee245000-7f7cee445000 ---p 00130000 08:02 4857834                    /usr/lib/x86_64-linux-gnu/libX11.so.6.3.0
7f7cee445000-7f7cee446000 r--p 00130000 08:02 4857834                    /usr/lib/x86_64-linux-gnu/libX11.so.6.3.0
7f7cee446000-7f7cee44a000 rw-p 00131000 08:02 4857834                    /usr/lib/x86_64-linux-gnu/libX11.so.6.3.0
7f7cee44a000-7f7cee45b000 r-xp 00000000 08:02 4849899                    /usr/lib/x86_64-linux-gnu/libXext.so.6.4.0
7f7cee45b000-7f7cee65a000 ---p 00011000 08:02 4849899                    /usr/lib/x86_64-linux-gnu/libXext.so.6.4.0
7f7cee65a000-7f7cee65b000 r--p 00010000 08:02 4849899                    /usr/lib/x86_64-linux-gnu/libXext.so.6.4.0
7f7cee65b000-7f7cee65c000 rw-p 00011000 08:02 4849899                    /usr/lib/x86_64-linux-gnu/libXext.so.6.4.0
7f7cee65c000-7f7cee663000 rw-s 18057d000 00:05 12181                     /dev/nvidiactl
7f7cee663000-7f7cee664000 rw-s 18057c000 00:05 12181                     /dev/nvidiactl
7f7cee664000-7f7cee668000 rw-s 1aa39d000 00:05 12181                     /dev/nvidiactl
7f7cee668000-7f7cee669000 rw-s e7eea000 00:05 12182                      /dev/nvidia0
7f7cee669000-7f7cee66a000 rw-s e7ee9000 00:05 12182                      /dev/nvidia0
7f7cee66a000-7f7cee67d000 r--s 00346000 08:02 10223952                   /usr/lib/jvm/java-8-openjdk-amd64/jre/lib/resources.jar
7f7cee67d000-7f7cee6d3000 r-xp 00000000 08:02 10223948                   /usr/lib/jvm/java-8-openjdk-amd64/jre/lib/amd64/libawt_xawt.so
7f7cee6d3000-7f7cee8d3000 ---p 00056000 08:02 10223948                   /usr/lib/jvm/java-8-openjdk-amd64/jre/lib/amd64/libawt_xawt.so
7f7cee8d3000-7f7cee8d4000 r--p 00056000 08:02 10223948                   /usr/lib/jvm/java-8-openjdk-amd64/jre/lib/amd64/libawt_xawt.so
7f7cee8d4000-7f7cee8d7000 rw-p 00057000 08:02 10223948                   /usr/lib/jvm/java-8-openjdk-amd64/jre/lib/amd64/libawt_xawt.so
7f7cee8d7000-7f7cee8d8000 rw-p 00000000 00:00 0 
7f7cee8d8000-7f7cee978000 r-xp 00000000 08:02 10223924                   /usr/lib/jvm/java-8-openjdk-amd64/jre/lib/amd64/libawt.so
7f7cee978000-7f7ceeb78000 ---p 000a0000 08:02 10223924                   /usr/lib/jvm/java-8-openjdk-amd64/jre/lib/amd64/libawt.so
7f7ceeb78000-7f7ceeb79000 r--p 000a0000 08:02 10223924                   /usr/lib/jvm/java-8-openjdk-amd64/jre/lib/amd64/libawt.so
7f7ceeb79000-7f7ceeb84000 rw-p 000a1000 08:02 10223924                   /usr/lib/jvm/java-8-openjdk-amd64/jre/lib/amd64/libawt.so
7f7ceeb84000-7f7ceeba9000 rw-p 00000000 00:00 0 
7f7ceeba9000-7f7ceebe1000 r-xp 00000000 08:02 2361957                    /tmp/libgdxtookuk/6ef2d459/libgdx64.so
7f7ceebe1000-7f7ceede0000 ---p 00038000 08:02 2361957                    /tmp/libgdxtookuk/6ef2d459/libgdx64.so
7f7ceede0000-7f7ceede1000 r--p 00037000 08:02 2361957                    /tmp/libgdxtookuk/6ef2d459/libgdx64.so
7f7ceede1000-7f7ceede2000 rw-p 00038000 08:02 2361957                    /tmp/libgdxtookuk/6ef2d459/libgdx64.so
7f7ceede2000-7f7ceede3000 ---p 00000000 00:00 0 
7f7ceede3000-7f7ceeee3000 rw-p 00000000 00:00 0                          [stack:6387]
7f7ceeee3000-7f7ceeee6000 ---p 00000000 00:00 0 
7f7ceeee6000-7f7ceefe4000 rw-p 00000000 00:00 0                          [stack:6386]
7f7ceefe4000-7f7ceefe7000 ---p 00000000 00:00 0 
7f7ceefe7000-7f7cef0e5000 rw-p 00000000 00:00 0                          [stack:6385]
7f7cef0e5000-7f7cef0e8000 ---p 00000000 00:00 0 
7f7cef0e8000-7f7cef1e6000 rw-p 00000000 00:00 0                          [stack:6384]
7f7cef1e6000-7f7cef1e9000 ---p 00000000 00:00 0 
7f7cef1e9000-7f7cef2e7000 rw-p 00000000 00:00 0                          [stack:6383]
7f7cef2e7000-7f7cef2ea000 ---p 00000000 00:00 0 
7f7cef2ea000-7f7cef3e8000 rw-p 00000000 00:00 0                          [stack:6382]
7f7cef3e8000-7f7cefbfc000 r--p 00000000 08:02 4856822                    /usr/lib/locale/locale-archive
7f7cefbfc000-7f7cefbff000 ---p 00000000 00:00 0 
7f7cefbff000-7f7cefcfd000 rw-p 00000000 00:00 0                          [stack:6381]
7f7cefcfd000-7f7cefd00000 ---p 00000000 00:00 0 
7f7cefd00000-7f7cefdfe000 rw-p 00000000 00:00 0                          [stack:6380]
7f7cefdfe000-7f7cefdff000 ---p 00000000 00:00 0 
7f7cefdff000-7f7cf0000000 rw-p 00000000 00:00 0                          [stack:6379]
7f7cf0000000-7f7cf0021000 rw-p 00000000 00:00 0 
7f7cf0021000-7f7cf4000000 ---p 00000000 00:00 0 
7f7cf4000000-7f7cf4001000 rw-s f6642000 00:05 12182                      /dev/nvidia0
7f7cf4001000-7f7cf4002000 rw-s 210624000 00:05 12181                     /dev/nvidiactl
7f7cf4002000-7f7cf4003000 rw-s f6641000 00:05 12182                      /dev/nvidia0
7f7cf4003000-7f7cf4004000 rw-s 210623000 00:05 12181                     /dev/nvidiactl
7f7cf4004000-7f7cf4005000 rw-s 165c5d000 00:05 12181                     /dev/nvidiactl
7f7cf4005000-7f7cf4006000 rw-s f6060000 00:05 12182                      /dev/nvidia0
7f7cf4006000-7f7cf400d000 r--s 00000000 08:02 5112935                    /usr/lib/x86_64-linux-gnu/gconv/gconv-modules.cache
7f7cf400d000-7f7cf4013000 r--s 002f8000 08:02 10223964                   /usr/lib/jvm/java-8-openjdk-amd64/jre/lib/charsets.jar
7f7cf4013000-7f7cf4017000 r--s 00097000 08:02 10223982                   /usr/lib/jvm/java-8-openjdk-amd64/jre/lib/jsse.jar
7f7cf4017000-7f7cf4018000 r--s 00002000 08:02 2378559                    /home/tookuk/.gradle/caches/modules-2/files-2.1/net.java.jinput/jinput-platform/2.0.5/53f9c919f34d2ca9de8c51fc4e1e8282029a9232/jinput-platform-2.0.5-natives-osx.jar
7f7cf4018000-7f7cf4019000 r--s 00025000 08:02 2378547                    /home/tookuk/.gradle/caches/modules-2/files-2.1/net.java.jinput/jinput-platform/2.0.5/385ee093e01f587f30ee1c8a2ee7d408fd732e16/jinput-platform-2.0.5-natives-windows.jar
7f7cf4019000-7f7cf401a000 r--s 00002000 08:02 2375278                    /home/tookuk/.gradle/caches/modules-2/files-2.1/net.java.jinput/jinput-platform/2.0.5/7ff832a6eb9ab6a767f1ade2b548092d0fa64795/jinput-platform-2.0.5-natives-linux.jar
7f7cf401a000-7f7cf401b000 r--s 00001000 08:02 2375277                    /home/tookuk/.gradle/caches/modules-2/files-2.1/net.java.jutils/jutils/1.0.0/e12fe1fda814bd348c1579329c86943d2cd3c6a6/jutils-1.0.0.jar
7f7cf401b000-7f7cf401f000 r--s 0002f000 08:02 2375237                    /home/tookuk/.gradle/caches/modules-2/files-2.1/net.java.jinput/jinput/2.0.5/39c7796b469a600f72380316f6b1f11db6c2c7c4/jinput-2.0.5.jar
7f7cf401f000-7f7cf402d000 r--s 000f2000 08:02 2375112                    /home/tookuk/.gradle/caches/modules-2/files-2.1/org.lwjgl.lwjgl/lwjgl/2.9.2/a9d80fe5935c7a9149f6584d9777cfd471f65489/lwjgl-2.9.2.jar
7f7cf402d000-7f7cf4047000 r--s 001a0000 08:02 2374269                    /home/tookuk/.gradle/caches/modules-2/files-2.1/com.badlogicgames.gdx/gdx/1.7.1/2179cc613447c297623a4a6d2ba6692c3aaff804/gdx-1.7.1.jar
7f7cf4047000-7f7cf4063000 r--s 00393000 08:02 10223973                   /usr/lib/jvm/java-8-openjdk-amd64/jre/lib/ext/cldrdata.jar
7f7cf4063000-7f7cf407e000 r--s 001d7000 08:02 10223971                   /usr/lib/jvm/java-8-openjdk-amd64/jre/lib/ext/nashorn.jar
7f7cf407e000-7f7cf4f5d000 rw-p 00000000 00:00 0 
7f7cf4f5d000-7f7cf512a000 r--s 03be5000 08:02 10223962                   /usr/lib/jvm/java-8-openjdk-amd64/jre/lib/rt.jar
7f7cf512a000-7f7cf9000000 rw-p 00000000 00:00 0 
7f7cf9000000-7f7cf9560000 rwxp 00000000 00:00 0 
7f7cf9560000-7f7d08000000 ---p 00000000 00:00 0 
7f7d08000000-7f7d08471000 rw-p 00000000 00:00 0 
7f7d08471000-7f7d0c000000 ---p 00000000 00:00 0 
7f7d0c000000-7f7d0c001000 r--s 00068000 08:02 2375235                    /home/tookuk/.gradle/caches/modules-2/files-2.1/org.lwjgl.lwjgl/lwjgl-platform/2.9.2/d55b46b40b40249d627a83a7f7f22649709d70c3/lwjgl-platform-2.9.2-natives-osx.jar
7f7d0c001000-7f7d0c002000 r--s 0008d000 08:02 2375175                    /home/tookuk/.gradle/caches/modules-2/files-2.1/org.lwjgl.lwjgl/lwjgl-platform/2.9.2/d276cdf61fe2b516c7b7f4aa1b8dea91dbdc8d56/lwjgl-platform-2.9.2-natives-linux.jar
7f7d0c002000-7f7d0c003000 r--s 00095000 08:02 2375166                    /home/tookuk/.gradle/caches/modules-2/files-2.1/org.lwjgl.lwjgl/lwjgl-platform/2.9.2/510c7d317f5e9e700b9cfaac5fd38bdebf0702e0/lwjgl-platform-2.9.2-natives-windows.jar
7f7d0c003000-7f7d0c005000 r--s 00017000 08:02 2375163                    /home/tookuk/.gradle/caches/modules-2/files-2.1/org.jcraft/jorbis/0.0.17/8872d22b293e8f5d7d56ff92be966e6dc28ebdc6/jorbis-0.0.17.jar
7f7d0c005000-7f7d0c006000 r--s 00015000 08:02 2375162                    /home/tookuk/.gradle/caches/modules-2/files-2.1/com.badlogicgames.jlayer/jlayer/1.0.1-gdx/7cca83cec5c1b2f011362f4d85aabd71a73b049d/jlayer-1.0.1-gdx.jar
7f7d0c006000-7f7d0c00a000 r--s 00027000 08:02 2375157                    /home/tookuk/.gradle/caches/modules-2/files-2.1/org.lwjgl.lwjgl/lwjgl_util/2.9.2/4b9e37300a87799856e0bd15ed81663cdb6b0947/lwjgl_util-2.9.2.jar
7f7d0c00a000-7f7d0c00d000 r--s 00020000 08:02 2375044                    /home/tookuk/.gradle/caches/modules-2/files-2.1/com.badlogicgames.gdx/gdx-backend-lwjgl/1.7.1/d4531b364d1c2513cb99e7bdd9515ae317007cf5/gdx-backend-lwjgl-1.7.1.jar
7f7d0c00d000-7f7d0cbf3000 rw-p 00000000 00:00 0 
7f7d0cbf3000-7f7d0cbf4000 ---p 00000000 00:00 0 
7f7d0cbf4000-7f7d0ccf4000 rw-p 00000000 00:00 0                          [stack:6378]
7f7d0ccf4000-7f7d0ccf5000 ---p 00000000 00:00 0 
7f7d0ccf5000-7f7d0cdf5000 rw-p 00000000 00:00 0                          [stack:6377]
7f7d0cdf5000-7f7d0cdf6000 ---p 00000000 00:00 0 
7f7d0cdf6000-7f7d0cef6000 rw-p 00000000 00:00 0                          [stack:6376]
7f7d0cef6000-7f7d0cef7000 ---p 00000000 00:00 0 
7f7d0cef7000-7f7d0d021000 rw-p 00000000 00:00 0                          [stack:6375]
7f7d0d021000-7f7d0d291000 ---p 00000000 00:00 0 
7f7d0d291000-7f7d0d2bb000 rw-p 00000000 00:00 0 
7f7d0d2bb000-7f7d0d52a000 ---p 00000000 00:00 0 
7f7d0d52a000-7f7d0d540000 rw-p 00000000 00:00 0 
7f7d0d540000-7f7d0d677000 ---p 00000000 00:00 0 
7f7d0d677000-7f7d0d68e000 rw-p 00000000 00:00 0 
7f7d0d68e000-7f7d0da38000 ---p 00000000 00:00 0 
7f7d0da38000-7f7d0da40000 r-xp 00000000 08:02 10223933                   /usr/lib/jvm/java-8-openjdk-amd64/jre/lib/amd64/libzip.so
7f7d0da40000-7f7d0dc3f000 ---p 00008000 08:02 10223933                   /usr/lib/jvm/java-8-openjdk-amd64/jre/lib/amd64/libzip.so
7f7d0dc3f000-7f7d0dc40000 r--p 00007000 08:02 10223933                   /usr/lib/jvm/java-8-openjdk-amd64/jre/lib/amd64/libzip.so
7f7d0dc40000-7f7d0dc41000 rw-p 00008000 08:02 10223933                   /usr/lib/jvm/java-8-openjdk-amd64/jre/lib/amd64/libzip.so
7f7d0dc41000-7f7d0dc4c000 r-xp 00000000 08:02 4357895                    /lib/x86_64-linux-gnu/libnss_files-2.19.so
7f7d0dc4c000-7f7d0de4b000 ---p 0000b000 08:02 4357895                    /lib/x86_64-linux-gnu/libnss_files-2.19.so
7f7d0de4b000-7f7d0de4c000 r--p 0000a000 08:02 4357895                    /lib/x86_64-linux-gnu/libnss_files-2.19.so
7f7d0de4c000-7f7d0de4d000 rw-p 0000b000 08:02 4357895                    /lib/x86_64-linux-gnu/libnss_files-2.19.so
7f7d0de4d000-7f7d0de58000 r-xp 00000000 08:02 4357887                    /lib/x86_64-linux-gnu/libnss_nis-2.19.so
7f7d0de58000-7f7d0e057000 ---p 0000b000 08:02 4357887                    /lib/x86_64-linux-gnu/libnss_nis-2.19.so
7f7d0e057000-7f7d0e058000 r--p 0000a000 08:02 4357887                    /lib/x86_64-linux-gnu/libnss_nis-2.19.so
7f7d0e058000-7f7d0e059000 rw-p 0000b000 08:02 4357887                    /lib/x86_64-linux-gnu/libnss_nis-2.19.so
7f7d0e059000-7f7d0e070000 r-xp 00000000 08:02 4357883                    /lib/x86_64-linux-gnu/libnsl-2.19.so
7f7d0e070000-7f7d0e26f000 ---p 00017000 08:02 4357883                    /lib/x86_64-linux-gnu/libnsl-2.19.so
7f7d0e26f000-7f7d0e270000 r--p 00016000 08:02 4357883                    /lib/x86_64-linux-gnu/libnsl-2.19.so
7f7d0e270000-7f7d0e271000 rw-p 00017000 08:02 4357883                    /lib/x86_64-linux-gnu/libnsl-2.19.so
7f7d0e271000-7f7d0e273000 rw-p 00000000 00:00 0 
7f7d0e273000-7f7d0e27c000 r-xp 00000000 08:02 4357882                    /lib/x86_64-linux-gnu/libnss_compat-2.19.so
7f7d0e27c000-7f7d0e47b000 ---p 00009000 08:02 4357882                    /lib/x86_64-linux-gnu/libnss_compat-2.19.so
7f7d0e47b000-7f7d0e47c000 r--p 00008000 08:02 4357882                    /lib/x86_64-linux-gnu/libnss_compat-2.19.so
7f7d0e47c000-7f7d0e47d000 rw-p 00009000 08:02 4357882                    /lib/x86_64-linux-gnu/libnss_compat-2.19.so
7f7d0e47d000-7f7d0e4a9000 r-xp 00000000 08:02 10223919                   /usr/lib/jvm/java-8-openjdk-amd64/jre/lib/amd64/libjava.so
7f7d0e4a9000-7f7d0e6a9000 ---p 0002c000 08:02 10223919                   /usr/lib/jvm/java-8-openjdk-amd64/jre/lib/amd64/libjava.so
7f7d0e6a9000-7f7d0e6aa000 r--p 0002c000 08:02 10223919                   /usr/lib/jvm/java-8-openjdk-amd64/jre/lib/amd64/libjava.so
7f7d0e6aa000-7f7d0e6ac000 rw-p 0002d000 08:02 10223919                   /usr/lib/jvm/java-8-openjdk-amd64/jre/lib/amd64/libjava.so
7f7d0e6ac000-7f7d0e6bc000 r-xp 00000000 08:02 10223920                   /usr/lib/jvm/java-8-openjdk-amd64/jre/lib/amd64/libverify.so
7f7d0e6bc000-7f7d0e8bb000 ---p 00010000 08:02 10223920                   /usr/lib/jvm/java-8-openjdk-amd64/jre/lib/amd64/libverify.so
7f7d0e8bb000-7f7d0e8bd000 r--p 0000f000 08:02 10223920                   /usr/lib/jvm/java-8-openjdk-amd64/jre/lib/amd64/libverify.so
7f7d0e8bd000-7f7d0e8be000 rw-p 00011000 08:02 10223920                   /usr/lib/jvm/java-8-openjdk-amd64/jre/lib/amd64/libverify.so
7f7d0e8be000-7f7d0e8c5000 r-xp 00000000 08:02 4357891                    /lib/x86_64-linux-gnu/librt-2.19.so
7f7d0e8c5000-7f7d0eac4000 ---p 00007000 08:02 4357891                    /lib/x86_64-linux-gnu/librt-2.19.so
7f7d0eac4000-7f7d0eac5000 r--p 00006000 08:02 4357891                    /lib/x86_64-linux-gnu/librt-2.19.so
7f7d0eac5000-7f7d0eac6000 rw-p 00007000 08:02 4357891                    /lib/x86_64-linux-gnu/librt-2.19.so
7f7d0eac6000-7f7d0eadc000 r-xp 00000000 08:02 4349286                    /lib/x86_64-linux-gnu/libgcc_s.so.1
7f7d0eadc000-7f7d0ecdb000 ---p 00016000 08:02 4349286                    /lib/x86_64-linux-gnu/libgcc_s.so.1
7f7d0ecdb000-7f7d0ecdc000 rw-p 00015000 08:02 4349286                    /lib/x86_64-linux-gnu/libgcc_s.so.1
7f7d0ecdc000-7f7d0ede1000 r-xp 00000000 08:02 4340626                    /lib/x86_64-linux-gnu/libm-2.19.so
7f7d0ede1000-7f7d0efe0000 ---p 00105000 08:02 4340626                    /lib/x86_64-linux-gnu/libm-2.19.so
7f7d0efe0000-7f7d0efe1000 r--p 00104000 08:02 4340626                    /lib/x86_64-linux-gnu/libm-2.19.so
7f7d0efe1000-7f7d0efe2000 rw-p 00105000 08:02 4340626                    /lib/x86_64-linux-gnu/libm-2.19.so
7f7d0efe2000-7f7d0f0c8000 r-xp 00000000 08:02 4850012                    /usr/lib/x86_64-linux-gnu/libstdc++.so.6.0.19
7f7d0f0c8000-7f7d0f2c7000 ---p 000e6000 08:02 4850012                    /usr/lib/x86_64-linux-gnu/libstdc++.so.6.0.19
7f7d0f2c7000-7f7d0f2cf000 r--p 000e5000 08:02 4850012                    /usr/lib/x86_64-linux-gnu/libstdc++.so.6.0.19
7f7d0f2cf000-7f7d0f2d1000 rw-p 000ed000 08:02 4850012                    /usr/lib/x86_64-linux-gnu/libstdc++.so.6.0.19
7f7d0f2d1000-7f7d0f2e6000 rw-p 00000000 00:00 0 
7f7d0f2e6000-7f7d0fed2000 r-xp 00000000 08:02 10223931                   /usr/lib/jvm/java-8-openjdk-amd64/jre/lib/amd64/server/libjvm.so
7f7d0fed2000-7f7d100d2000 ---p 00bec000 08:02 10223931                   /usr/lib/jvm/java-8-openjdk-amd64/jre/lib/amd64/server/libjvm.so
7f7d100d2000-7f7d10170000 r--p 00bec000 08:02 10223931                   /usr/lib/jvm/java-8-openjdk-amd64/jre/lib/amd64/server/libjvm.so
7f7d10170000-7f7d10199000 rw-p 00c8a000 08:02 10223931                   /usr/lib/jvm/java-8-openjdk-amd64/jre/lib/amd64/server/libjvm.so
7f7d10199000-7f7d101c9000 rw-p 00000000 00:00 0 
7f7d101c9000-7f7d101e2000 r-xp 00000000 08:02 4357884                    /lib/x86_64-linux-gnu/libpthread-2.19.so
7f7d101e2000-7f7d103e1000 ---p 00019000 08:02 4357884                    /lib/x86_64-linux-gnu/libpthread-2.19.so
7f7d103e1000-7f7d103e2000 r--p 00018000 08:02 4357884                    /lib/x86_64-linux-gnu/libpthread-2.19.so
7f7d103e2000-7f7d103e3000 rw-p 00019000 08:02 4357884                    /lib/x86_64-linux-gnu/libpthread-2.19.so
7f7d103e3000-7f7d103e7000 rw-p 00000000 00:00 0 
7f7d103e7000-7f7d103ea000 r-xp 00000000 08:02 4357879                    /lib/x86_64-linux-gnu/libdl-2.19.so
7f7d103ea000-7f7d105e9000 ---p 00003000 08:02 4357879                    /lib/x86_64-linux-gnu/libdl-2.19.so
7f7d105e9000-7f7d105ea000 r--p 00002000 08:02 4357879                    /lib/x86_64-linux-gnu/libdl-2.19.so
7f7d105ea000-7f7d105eb000 rw-p 00003000 08:02 4357879                    /lib/x86_64-linux-gnu/libdl-2.19.so
7f7d105eb000-7f7d10603000 r-xp 00000000 08:02 4329561                    /lib/x86_64-linux-gnu/libz.so.1.2.8
7f7d10603000-7f7d10802000 ---p 00018000 08:02 4329561                    /lib/x86_64-linux-gnu/libz.so.1.2.8
7f7d10802000-7f7d10803000 r--p 00017000 08:02 4329561                    /lib/x86_64-linux-gnu/libz.so.1.2.8
7f7d10803000-7f7d10804000 rw-p 00018000 08:02 4329561                    /lib/x86_64-linux-gnu/libz.so.1.2.8
7f7d10804000-7f7d109bf000 r-xp 00000000 08:02 4357892                    /lib/x86_64-linux-gnu/libc-2.19.so
7f7d109bf000-7f7d10bbe000 ---p 001bb000 08:02 4357892                    /lib/x86_64-linux-gnu/libc-2.19.so
7f7d10bbe000-7f7d10bc2000 r--p 001ba000 08:02 4357892                    /lib/x86_64-linux-gnu/libc-2.19.so
7f7d10bc2000-7f7d10bc4000 rw-p 001be000 08:02 4357892                    /lib/x86_64-linux-gnu/libc-2.19.so
7f7d10bc4000-7f7d10bc9000 rw-p 00000000 00:00 0 
7f7d10bc9000-7f7d10bd6000 r-xp 00000000 08:02 10223946                   /usr/lib/jvm/java-8-openjdk-amd64/jre/lib/amd64/jli/libjli.so
7f7d10bd6000-7f7d10dd6000 ---p 0000d000 08:02 10223946                   /usr/lib/jvm/java-8-openjdk-amd64/jre/lib/amd64/jli/libjli.so
7f7d10dd6000-7f7d10dd7000 r--p 0000d000 08:02 10223946                   /usr/lib/jvm/java-8-openjdk-amd64/jre/lib/amd64/jli/libjli.so
7f7d10dd7000-7f7d10dd8000 rw-p 0000e000 08:02 10223946                   /usr/lib/jvm/java-8-openjdk-amd64/jre/lib/amd64/jli/libjli.so
7f7d10dd8000-7f7d10dfb000 r-xp 00000000 08:02 4357885                    /lib/x86_64-linux-gnu/ld-2.19.so
7f7d10dfb000-7f7d10dfc000 r--s 000fa000 08:02 2375101                    /home/tookuk/.gradle/caches/modules-2/files-2.1/com.badlogicgames.gdx/gdx-box2d-platform/1.7.1/6c9c371807914fcf8b354bb51ab67af2a4fda2dc/gdx-box2d-platform-1.7.1-natives-desktop.jar
7f7d10dfc000-7f7d10dfd000 r--s 000d2000 08:02 2375051                    /home/tookuk/.gradle/caches/modules-2/files-2.1/com.badlogicgames.gdx/gdx-platform/1.7.1/5cf3464f2b86da3534f6f5e3020bc303db3c4202/gdx-platform-1.7.1-natives-desktop.jar
7f7d10dfd000-7f7d10dff000 r--s 00010000 08:02 2374270                    /home/tookuk/.gradle/caches/modules-2/files-2.1/com.badlogicgames.gdx/gdx-box2d/1.7.1/fd23897393900f8f888222795e3229eff600fb3d/gdx-box2d-1.7.1.jar
7f7d10dff000-7f7d10e00000 r--s 0000a000 08:02 10223975                   /usr/lib/jvm/java-8-openjdk-amd64/jre/lib/ext/jaccess.jar
7f7d10e00000-7f7d10e02000 r--s 00001000 08:02 10223972                   /usr/lib/jvm/java-8-openjdk-amd64/jre/lib/ext/dnsns.jar
7f7d10e02000-7f7d10e06000 r--s 00037000 08:02 10223980                   /usr/lib/jvm/java-8-openjdk-amd64/jre/lib/ext/sunpkcs11.jar
7f7d10e06000-7f7d10ed1000 rw-p 00000000 00:00 0 
7f7d10ed1000-7f7d10ed4000 ---p 00000000 00:00 0 
7f7d10ed4000-7f7d10fd7000 rw-p 00000000 00:00 0                          [stack:6374]
7f7d10fd7000-7f7d10fda000 r--s 0000f000 08:02 10223978                   /usr/lib/jvm/java-8-openjdk-amd64/jre/lib/ext/icedtea-sound.jar
7f7d10fda000-7f7d10fdb000 r--s 00008000 08:02 10223974                   /usr/lib/jvm/java-8-openjdk-amd64/jre/lib/ext/sunec.jar
7f7d10fdb000-7f7d10fdc000 r--s 00010000 08:02 10223976                   /usr/lib/jvm/java-8-openjdk-amd64/jre/lib/ext/zipfs.jar
7f7d10fdc000-7f7d10fe6000 r--s 00116000 08:02 10223979                   /usr/lib/jvm/java-8-openjdk-amd64/jre/lib/ext/localedata.jar
7f7d10fe6000-7f7d10fe8000 r--s 00006000 08:02 5250933                    /usr/share/java/java-atk-wrapper.jar
7f7d10fe8000-7f7d10fee000 r--s 0003a000 08:02 10223977                   /usr/lib/jvm/java-8-openjdk-amd64/jre/lib/ext/sunjce_provider.jar
7f7d10fee000-7f7d10ff6000 rw-s 00000000 08:02 2361987                    /tmp/hsperfdata_tookuk/6367
7f7d10ff6000-7f7d10ff7000 rw-p 00000000 00:00 0 
7f7d10ff7000-7f7d10ff8000 r--p 00000000 00:00 0 
7f7d10ff8000-7f7d10ffa000 rw-p 00000000 00:00 0 
7f7d10ffa000-7f7d10ffb000 r--p 00022000 08:02 4357885                    /lib/x86_64-linux-gnu/ld-2.19.so
7f7d10ffb000-7f7d10ffc000 rw-p 00023000 08:02 4357885                    /lib/x86_64-linux-gnu/ld-2.19.so
7f7d10ffc000-7f7d10ffd000 rw-p 00000000 00:00 0 
7ffee607c000-7ffee609e000 rw-p 00000000 00:00 0                          [stack]
7ffee6142000-7ffee6144000 r-xp 00000000 00:00 0                          [vdso]
ffffffffff600000-ffffffffff601000 r-xp 00000000 00:00 0                  [vsyscall]

VM Arguments:
jvm_args: -Dfile.encoding=UTF-8 
java_command: ru.wtf.desktop.DesktopLauncher
java_class_path (initial): /home/tookuk/eclipseWorkspace/tryGame/desktop/bin:/home/tookuk/eclipseWorkspace/tryGame/core/bin:/home/tookuk/.gradle/caches/modules-2/files-2.1/com.badlogicgames.gdx/gdx/1.7.1/2179cc613447c297623a4a6d2ba6692c3aaff804/gdx-1.7.1.jar:/home/tookuk/.gradle/caches/modules-2/files-2.1/com.badlogicgames.gdx/gdx-box2d/1.7.1/fd23897393900f8f888222795e3229eff600fb3d/gdx-box2d-1.7.1.jar:/home/tookuk/.gradle/caches/modules-2/files-2.1/com.badlogicgames.gdx/gdx-backend-lwjgl/1.7.1/d4531b364d1c2513cb99e7bdd9515ae317007cf5/gdx-backend-lwjgl-1.7.1.jar:/home/tookuk/.gradle/caches/modules-2/files-2.1/com.badlogicgames.gdx/gdx-platform/1.7.1/5cf3464f2b86da3534f6f5e3020bc303db3c4202/gdx-platform-1.7.1-natives-desktop.jar:/home/tookuk/.gradle/caches/modules-2/files-2.1/com.badlogicgames.gdx/gdx-box2d-platform/1.7.1/6c9c371807914fcf8b354bb51ab67af2a4fda2dc/gdx-box2d-platform-1.7.1-natives-desktop.jar:/home/tookuk/.gradle/caches/modules-2/files-2.1/org.lwjgl.lwjgl/lwjgl/2.9.2/a9d80fe5935c7a9149f6584d9777cfd471f65489/lwjgl-2.9.2.jar:/home/tookuk/.gradle/caches/modules-2/files-2.1/org.lwjgl.lwjgl/lwjgl_util/2.9.2/4b9e37300a87799856e0bd15ed81663cdb6b0947/lwjgl_util-2.9.2.jar:/home/tookuk/.gradle/caches/modules-2/files-2.1/com.badlogicgames.jlayer/jlayer/1.0.1-gdx/7cca83cec5c1b2f011362f4d85aabd71a73b049d/jlayer-1.0.1-gdx.jar:/home/tookuk/.gradle/caches/modules-2/files-2.1/org.jcraft/jorbis/0.0.17/8872d22b293e8f5d7d56ff92be966e6dc28ebdc6/jorbis-0.0.17.jar:/home/tookuk/.gradle/caches/modules-2/files-2.1/org.lwjgl.lwjgl/lwjgl-platform/2.9.2/510c7d317f5e9e700b9cfaac5fd38bdebf0702e0/lwjgl-platform-2.9.2-natives-windows.jar:/home/tookuk/.gradle/caches/modules-2/files-2.1/org.lwjgl.lwjgl/lwjgl-platform/2.9.2/d276cdf61fe2b516c7b7f4aa1b8dea91dbdc8d56/lwjgl-platform-2.9.2-natives-linux.jar:/home/tookuk/.gradle/caches/modules-2/files-2.1/org.lwjgl.lwjgl/lwjgl-platform/2.9.2/d55b46b40b40249d627a83a7f7f22649709d70c3/lwjgl-platform-2.9.2-natives-osx.jar:/home/tookuk/.gradle/cac
Launcher Type: SUN_STANDARD

Environment Variables:
JAVA_HOME=/usr/lib/jvm/java-8-openjdk-amd64
PATH=/usr/local/sbin:/usr/local/bin:/usr/sbin:/usr/bin:/sbin:/bin:/usr/games:/usr/local/games:/home/tookuk/bin:/usr/lib/jvm/java-8-openjdk-amd64/bin
SHELL=/bin/bash
DISPLAY=:0

Signal Handlers:
SIGSEGV: [libjvm.so+0x9f42a0], sa_mask[0]=11111111011111111101111111111110, sa_flags=SA_RESTART|SA_SIGINFO
SIGBUS: [libjvm.so+0x9f42a0], sa_mask[0]=11111111011111111101111111111110, sa_flags=SA_RESTART|SA_SIGINFO
SIGFPE: [libjvm.so+0x8558d0], sa_mask[0]=11111111011111111101111111111110, sa_flags=SA_RESTART|SA_SIGINFO
SIGPIPE: [libjvm.so+0x8558d0], sa_mask[0]=11111111011111111101111111111110, sa_flags=SA_RESTART|SA_SIGINFO
SIGXFSZ: [libjvm.so+0x8558d0], sa_mask[0]=11111111011111111101111111111110, sa_flags=SA_RESTART|SA_SIGINFO
SIGILL: [libjvm.so+0x8558d0], sa_mask[0]=11111111011111111101111111111110, sa_flags=SA_RESTART|SA_SIGINFO
SIGUSR1: SIG_DFL, sa_mask[0]=00000000000000000000000000000000, sa_flags=none
SIGUSR2: [libjvm.so+0x8557a0], sa_mask[0]=00100000000000000000000000000000, sa_flags=SA_RESTART|SA_SIGINFO
SIGHUP: [libjvm.so+0x855990], sa_mask[0]=11111111011111111101111111111110, sa_flags=SA_RESTART|SA_SIGINFO
SIGINT: [libjvm.so+0x855990], sa_mask[0]=11111111011111111101111111111110, sa_flags=SA_RESTART|SA_SIGINFO
SIGTERM: [libjvm.so+0x855990], sa_mask[0]=11111111011111111101111111111110, sa_flags=SA_RESTART|SA_SIGINFO
SIGQUIT: [libjvm.so+0x855990], sa_mask[0]=11111111011111111101111111111110, sa_flags=SA_RESTART|SA_SIGINFO


---------------  S Y S T E M  ---------------

OS:DISTRIB_ID=Ubuntu
DISTRIB_RELEASE=14.04
DISTRIB_CODENAME=trusty
DISTRIB_DESCRIPTION="Ubuntu 14.04.4 LTS"

uname:Linux 3.13.0-83-generic #127-Ubuntu SMP Fri Mar 11 00:25:37 UTC 2016 x86_64
libc:glibc 2.19 NPTL 2.19 
rlimit: STACK 8192k, CORE 0k, NPROC 63601, NOFILE 4096, AS infinity
load average:1,15 1,10 0,69

/proc/meminfo:
MemTotal:        8172168 kB
MemFree:         3168392 kB
Buffers:          597484 kB
Cached:          1477476 kB
SwapCached:            0 kB
Active:          3166760 kB
Inactive:        1245300 kB
Active(anon):    2339716 kB
Inactive(anon):   117424 kB
Active(file):     827044 kB
Inactive(file):  1127876 kB
Unevictable:          48 kB
Mlocked:              48 kB
SwapTotal:             0 kB
SwapFree:              0 kB
Dirty:                96 kB
Writeback:             0 kB
AnonPages:       2337228 kB
Mapped:           440836 kB
Shmem:            120044 kB
Slab:             387236 kB
SReclaimable:     349340 kB
SUnreclaim:        37896 kB
KernelStack:        4688 kB
PageTables:        41584 kB
NFS_Unstable:          0 kB
Bounce:                0 kB
WritebackTmp:          0 kB
CommitLimit:     4086084 kB
Committed_AS:    6775228 kB
VmallocTotal:   34359738367 kB
VmallocUsed:      119796 kB
VmallocChunk:   34359614588 kB
HardwareCorrupted:     0 kB
AnonHugePages:   1083392 kB
HugePages_Total:       0
HugePages_Free:        0
HugePages_Rsvd:        0
HugePages_Surp:        0
Hugepagesize:       2048 kB
DirectMap4k:      237440 kB
DirectMap2M:     8146944 kB


CPU:total 4 (4 cores per cpu, 1 threads per core) family 6 model 30 stepping 5, cmov, cx8, fxsr, mmx, sse, sse2, sse3, ssse3, sse4.1, sse4.2, popcnt, tsc, tscinvbit

/proc/cpuinfo:
processor	: 0
vendor_id	: GenuineIntel
cpu family	: 6
model		: 30
model name	: Intel(R) Core(TM) i5 CPU         760  @ 2.80GHz
stepping	: 5
microcode	: 0x3
cpu MHz		: 1197.000
cache size	: 8192 KB
physical id	: 0
siblings	: 4
core id		: 0
cpu cores	: 4
apicid		: 0
initial apicid	: 0
fpu		: yes
fpu_exception	: yes
cpuid level	: 11
wp		: yes
flags		: fpu vme de pse tsc msr pae mce cx8 apic sep mtrr pge mca cmov pat pse36 clflush dts acpi mmx fxsr sse sse2 ss ht tm pbe syscall nx rdtscp lm constant_tsc arch_perfmon pebs bts rep_good nopl xtopology nonstop_tsc aperfmperf pni dtes64 monitor ds_cpl vmx smx est tm2 ssse3 cx16 xtpr pdcm sse4_1 sse4_2 popcnt lahf_lm ida dtherm tpr_shadow vnmi flexpriority ept vpid
bogomips	: 5596.13
clflush size	: 64
cache_alignment	: 64
address sizes	: 36 bits physical, 48 bits virtual
power management:

processor	: 1
vendor_id	: GenuineIntel
cpu family	: 6
model		: 30
model name	: Intel(R) Core(TM) i5 CPU         760  @ 2.80GHz
stepping	: 5
microcode	: 0x3
cpu MHz		: 2926.000
cache size	: 8192 KB
physical id	: 0
siblings	: 4
core id		: 1
cpu cores	: 4
apicid		: 2
initial apicid	: 2
fpu		: yes
fpu_exception	: yes
cpuid level	: 11
wp		: yes
flags		: fpu vme de pse tsc msr pae mce cx8 apic sep mtrr pge mca cmov pat pse36 clflush dts acpi mmx fxsr sse sse2 ss ht tm pbe syscall nx rdtscp lm constant_tsc arch_perfmon pebs bts rep_good nopl xtopology nonstop_tsc aperfmperf pni dtes64 monitor ds_cpl vmx smx est tm2 ssse3 cx16 xtpr pdcm sse4_1 sse4_2 popcnt lahf_lm ida dtherm tpr_shadow vnmi flexpriority ept vpid
bogomips	: 5596.13
clflush size	: 64
cache_alignment	: 64
address sizes	: 36 bits physical, 48 bits virtual
power management:

processor	: 2
vendor_id	: GenuineIntel
cpu family	: 6
model		: 30
model name	: Intel(R) Core(TM) i5 CPU         760  @ 2.80GHz
stepping	: 5
microcode	: 0x3
cpu MHz		: 1197.000
cache size	: 8192 KB
physical id	: 0
siblings	: 4
core id		: 2
cpu cores	: 4
apicid		: 4
initial apicid	: 4
fpu		: yes
fpu_exception	: yes
cpuid level	: 11
wp		: yes
flags		: fpu vme de pse tsc msr pae mce cx8 apic sep mtrr pge mca cmov pat pse36 clflush dts acpi mmx fxsr sse sse2 ss ht tm pbe syscall nx rdtscp lm constant_tsc arch_perfmon pebs bts rep_good nopl xtopology nonstop_tsc aperfmperf pni dtes64 monitor ds_cpl vmx smx est tm2 ssse3 cx16 xtpr pdcm sse4_1 sse4_2 popcnt lahf_lm ida dtherm tpr_shadow vnmi flexpriority ept vpid
bogomips	: 5596.13
clflush size	: 64
cache_alignment	: 64
address sizes	: 36 bits physical, 48 bits virtual
power management:

processor	: 3
vendor_id	: GenuineIntel
cpu family	: 6
model		: 30
model name	: Intel(R) Core(TM) i5 CPU         760  @ 2.80GHz
stepping	: 5
microcode	: 0x3
cpu MHz		: 1197.000
cache size	: 8192 KB
physical id	: 0
siblings	: 4
core id		: 3
cpu cores	: 4
apicid		: 6
initial apicid	: 6
fpu		: yes
fpu_exception	: yes
cpuid level	: 11
wp		: yes
flags		: fpu vme de pse tsc msr pae mce cx8 apic sep mtrr pge mca cmov pat pse36 clflush dts acpi mmx fxsr sse sse2 ss ht tm pbe syscall nx rdtscp lm constant_tsc arch_perfmon pebs bts rep_good nopl xtopology nonstop_tsc aperfmperf pni dtes64 monitor ds_cpl vmx smx est tm2 ssse3 cx16 xtpr pdcm sse4_1 sse4_2 popcnt lahf_lm ida dtherm tpr_shadow vnmi flexpriority ept vpid
bogomips	: 5596.13
clflush size	: 64
cache_alignment	: 64
address sizes	: 36 bits physical, 48 bits virtual
power management:



Memory: 4k page, physical 8172168k(3168392k free), swap 0k(0k free)

vm_info: OpenJDK 64-Bit Server VM (25.72-b15) for linux-amd64 JRE (1.8.0_72-internal-b15), built on Jan 28 2016 23:42:34 by "buildd" with gcc 4.8.2

time: Mon Mar 21 22:07:43 2016
elapsed time: 21 seconds (0d 0h 0m 21s)

