#
# A fatal error has been detected by the Java Runtime Environment:
#
#  SIGSEGV (0xb) at pc=0x00007f5b114299eb, pid=12037, tid=140029121341184
#
# JRE version: OpenJDK Runtime Environment (8.0_72-b05) (build 1.8.0_72-internal-b05)
# Java VM: OpenJDK 64-Bit Server VM (25.72-b05 mixed mode linux-amd64 compressed oops)
# Problematic frame:
# C  [libgdx-box2d64.so+0x219eb]  b2BlockAllocator::Allocate(int)+0x4b
#
# Failed to write core dump. Core dumps have been disabled. To enable core dumping, try "ulimit -c unlimited" before starting Java again
#
# If you would like to submit a bug report, please visit:
#   http://bugreport.java.com/bugreport/crash.jsp
# The crash happened outside the Java Virtual Machine in native code.
# See problematic frame for where to report the bug.
#

---------------  T H R E A D  ---------------

Current thread (0x00007f5b643e2000):  JavaThread "LWJGL Application" [_thread_in_native, id=12062, stack(0x00007f5b11f92000,0x00007f5b12093000)]

siginfo: si_signo: 11 (SIGSEGV), si_code: 1 (SEGV_MAPERR), si_addr: 0x0000002600000002

Registers:
RAX=0x0000002600000002, RBX=0x00007f5afc4ed1c0, RCX=0x0000000000000002, RDX=0x00007f5afc4ed1c0
RSP=0x00007f5b12091340, RBP=0x00007f5afc4ed1f0, RSI=0x00000000000000b8, RDI=0x00007f5afc4ed1c0
R8 =0x0000000000000001, R9 =0x0000000000000001, R10=0x0000000000000000, R11=0x00007f5b6a119b20
R12=0x0000000000000000, R13=0x0000000000000006, R14=0x00007f5b12091570, R15=0x00007f5b643e2000
RIP=0x00007f5b114299eb, EFLAGS=0x0000000000010202, CSGSFS=0x0000000000000033, ERR=0x0000000000000004
  TRAPNO=0x000000000000000e

Top of Stack: (sp=0x00007f5b12091340)
0x00007f5b12091340:   0000000000000000 00007f5afc4ed1c0
0x00007f5b12091350:   00007f5b120913a0 0000000000000000
0x00007f5b12091360:   00007f5b4e0fb4b8 00007f5b1143f2af
0x00007f5b12091370:   00007f5b54dfc38c 00007f5b12091570
0x00007f5b12091380:   00007f5afc4ed1c0 00007f5b4e0fb4b8
0x00007f5b12091390:   00007f5b120914c8 00007f5b11445020
0x00007f5b120913a0:   40a0000000000002 0000000044960000
0x00007f5b120913b0:   0000000000000000 0000000000000000
0x00007f5b120913c0:   0000010100000000 0000000000000001
0x00007f5b120913d0:   0000000000000000 000000003f800000
0x00007f5b120913e0:   0000000000000000 00007f5b54e0a4d4
0x00007f5b120913f0:   0000000000000000 0000000000000000
0x00007f5b12091400:   0000000000000001 000000003f800000
0x00007f5b12091410:   00000000ec9eaaa8 000000003f800000
0x00007f5b12091420:   00007f5b120915e0 00007f5b550e2a44
0x00007f5b12091430:   00007f5b120914b8 00007f5b54dfe98d
0x00007f5b12091440:   00000000ec953d00 00007f5b54dfe98d
0x00007f5b12091450:   00000000ec02c000 0000000500000005
0x00007f5b12091460:   000000003f800000 000000003f800000
0x00007f5b12091470:   40a0000040a00000 00007f5b12091478
0x00007f5b12091480:   00007f5b12091500 00007f5b12091488
0x00007f5b12091490:   00007f5b4e0fb4b8 00007f5b12091570
0x00007f5b120914a0:   00007f5b4e10d428 0000000000000000
0x00007f5b120914b0:   00007f5b4e0fb4b8 0000000000000000
0x00007f5b120914c0:   00007f5b120914e8 00007f5b120915b8
0x00007f5b120914d0:   00007f5b54dfe4a0 0000000000000000
0x00007f5b120914e0:   00007f5b54e062b7 00007f5b3f800000
0x00007f5b120914f0:   0000000000000001 0000000000000000
0x00007f5b12091500:   0000000000000000 0000000000000001
0x00007f5b12091510:   0000000000000001 0000000000000000
0x00007f5b12091520:   0000000000000000 0000000000000000
0x00007f5b12091530:   00007f5b00000000 0000000000000000 

Instructions: (pc=0x00007f5b114299eb)
0x00007f5b114299cb:   0f b6 04 30 3c 0d 44 0f b6 e8 0f 87 ae 01 00 00
0x00007f5b114299db:   48 8d 2c c7 48 89 fb 48 8b 45 10 48 85 c0 74 35
0x00007f5b114299eb:   48 8b 10 48 89 c7 48 89 f8 48 89 55 10 48 83 c4
0x00007f5b114299fb:   08 5b 5d 41 5c 41 5d c3 0f 1f 44 00 00 48 83 c4 

Register to memory mapping:

RAX=0x0000002600000002 is an unknown value
RBX=0x00007f5afc4ed1c0 is an unknown value
RCX=0x0000000000000002 is an unknown value
RDX=0x00007f5afc4ed1c0 is an unknown value
RSP=0x00007f5b12091340 is pointing into the stack for thread: 0x00007f5b643e2000
RBP=0x00007f5afc4ed1f0 is an unknown value
RSI=0x00000000000000b8 is an unknown value
RDI=0x00007f5afc4ed1c0 is an unknown value
R8 =0x0000000000000001 is an unknown value
R9 =0x0000000000000001 is an unknown value
R10=0x0000000000000000 is an unknown value
R11=0x00007f5b6a119b20: <offset 0x8f8b20> in /usr/lib/jvm/java-8-openjdk-amd64/jre/lib/amd64/server/libjvm.so at 0x00007f5b69821000
R12=0x0000000000000000 is an unknown value
R13=0x0000000000000006 is an unknown value
R14=0x00007f5b12091570 is pointing into the stack for thread: 0x00007f5b643e2000
R15=0x00007f5b643e2000 is a thread


Stack: [0x00007f5b11f92000,0x00007f5b12093000],  sp=0x00007f5b12091340,  free space=1020k
Native frames: (J=compiled Java code, j=interpreted, Vv=VM code, C=native code)
C  [libgdx-box2d64.so+0x219eb]  b2BlockAllocator::Allocate(int)+0x4b

Java frames: (J=compiled Java code, j=interpreted, Vv=VM code)
j  com.badlogic.gdx.physics.box2d.World.jniCreateBody(JIFFFFFFFFZZZZZF)J+0
j  com.badlogic.gdx.physics.box2d.World.createBody(Lcom/badlogic/gdx/physics/box2d/BodyDef;)Lcom/badlogic/gdx/physics/box2d/Body;+80
j  ru.wtf.sprites.SimpleWallPart.addToWorld(FF)V+22
J 875 C1 ru.wtf.objects.SimpleWallManager.buildNextBody(FFFD)Lru/wtf/sprites/SimpleWallPart; (46 bytes) @ 0x00007f5b5513c994 [0x00007f5b5513c4e0+0x4b4]
j  ru.wtf.objects.SimpleWallManager.buildRow(FFFD)V+46
j  ru.wtf.objects.SimpleWallManager.buildWall(FFDIF)V+106
j  ru.wtf.screens.GameScreen.wallGeneration()V+51
j  ru.wtf.screens.GameScreen.render(F)V+34
j  com.badlogic.gdx.Game.render()V+19
j  ru.wtf.MyGdxGame.render()V+1
j  com.badlogic.gdx.backends.lwjgl.LwjglApplication.mainLoop()V+684
j  com.badlogic.gdx.backends.lwjgl.LwjglApplication$1.run()V+27
v  ~StubRoutines::call_stub

---------------  P R O C E S S  ---------------

Java Threads: ( => current thread )
  0x00007f5afc010800 JavaThread "process reaper" daemon [_thread_blocked, id=12064, stack(0x00007f5b11f59000,0x00007f5b11f92000)]
  0x00007f5b6400b000 JavaThread "DestroyJavaVM" [_thread_blocked, id=12043, stack(0x00007f5b6b40d000,0x00007f5b6b50e000)]
=>0x00007f5b643e2000 JavaThread "LWJGL Application" [_thread_in_native, id=12062, stack(0x00007f5b11f92000,0x00007f5b12093000)]
  0x00007f5b6433c000 JavaThread "AWT-XAWT" daemon [_thread_in_native, id=12058, stack(0x00007f5b35158000,0x00007f5b35259000)]
  0x00007f5b6431f000 JavaThread "Java2D Disposer" daemon [_thread_blocked, id=12057, stack(0x00007f5b35669000,0x00007f5b3576a000)]
  0x00007f5b640c2800 JavaThread "Service Thread" daemon [_thread_blocked, id=12055, stack(0x00007f5b4c185000,0x00007f5b4c286000)]
  0x00007f5b640b3000 JavaThread "C1 CompilerThread2" daemon [_thread_blocked, id=12054, stack(0x00007f5b4c286000,0x00007f5b4c387000)]
  0x00007f5b640b1000 JavaThread "C2 CompilerThread1" daemon [_thread_blocked, id=12053, stack(0x00007f5b4c387000,0x00007f5b4c488000)]
  0x00007f5b640ae000 JavaThread "C2 CompilerThread0" daemon [_thread_blocked, id=12052, stack(0x00007f5b4c488000,0x00007f5b4c589000)]
  0x00007f5b640ac000 JavaThread "Signal Dispatcher" daemon [_thread_blocked, id=12051, stack(0x00007f5b4c589000,0x00007f5b4c68a000)]
  0x00007f5b64084800 JavaThread "Finalizer" daemon [_thread_blocked, id=12050, stack(0x00007f5b4c68a000,0x00007f5b4c78b000)]
  0x00007f5b64080000 JavaThread "Reference Handler" daemon [_thread_blocked, id=12049, stack(0x00007f5b4c78b000,0x00007f5b4c88c000)]

Other Threads:
  0x00007f5b64078800 VMThread [stack: 0x00007f5b4c88c000,0x00007f5b4c98d000] [id=12048]
  0x00007f5b640c5000 WatcherThread [stack: 0x00007f5b4c084000,0x00007f5b4c185000] [id=12056]

VM state:not at safepoint (normal execution)

VM Mutex/Monitor currently owned by a thread: None

Heap:
 PSYoungGen      total 18432K, used 12087K [0x00000000eb700000, 0x00000000ecb80000, 0x0000000100000000)
  eden space 15872K, 60% used [0x00000000eb700000,0x00000000ec04ea10,0x00000000ec680000)
  from space 2560K, 99% used [0x00000000ec900000,0x00000000ecb7f240,0x00000000ecb80000)
  to   space 2560K, 0% used [0x00000000ec680000,0x00000000ec680000,0x00000000ec900000)
 ParOldGen       total 42496K, used 1622K [0x00000000c2400000, 0x00000000c4d80000, 0x00000000eb700000)
  object space 42496K, 3% used [0x00000000c2400000,0x00000000c2595950,0x00000000c4d80000)
 Metaspace       used 10682K, capacity 10917K, committed 11136K, reserved 1058816K
  class space    used 986K, capacity 1064K, committed 1152K, reserved 1048576K

Card table byte_map: [0x00007f5b54848000,0x00007f5b54a37000] byte_map_base: 0x00007f5b54236000

Marking Bits: (ParMarkBitMap*) 0x00007f5b6a6e9080
 Begin Bits: [0x00007f5b4e120000, 0x00007f5b4f090000)
 End Bits:   [0x00007f5b4f090000, 0x00007f5b50000000)

Polling page: 0x00007f5b6b532000

CodeCache: size=245760Kb used=4929Kb max_used=4929Kb free=240830Kb
 bounds [0x00007f5b54df7000, 0x00007f5b552d7000, 0x00007f5b63df7000]
 total_blobs=2024 nmethods=1413 adapters=527
 compilation: enabled

Compilation events (10 events):
Event: 6,228 Thread 0x00007f5b640b3000 1409       3       java.util.Formatter$FormatSpecifier::adjustWidth (29 bytes)
Event: 6,229 Thread 0x00007f5b640b3000 nmethod 1409 0x00007f5b552bfe10 code [0x00007f5b552bff80, 0x00007f5b552c0290]
Event: 6,229 Thread 0x00007f5b640b3000 1410       3       java.util.Formatter$FormatSpecifier::trailingSign (26 bytes)
Event: 6,229 Thread 0x00007f5b640b3000 nmethod 1410 0x00007f5b552bc810 code [0x00007f5b552bc9c0, 0x00007f5b552bcf88]
Event: 6,229 Thread 0x00007f5b640b3000 1411       3       java.util.Formatter$FormatSpecifier::justify (105 bytes)
Event: 6,230 Thread 0x00007f5b640b3000 nmethod 1411 0x00007f5b552c9090 code [0x00007f5b552c92e0, 0x00007f5b552ca2f8]
Event: 6,230 Thread 0x00007f5b640b3000 1412       3       java.lang.StringBuilder::append (6 bytes)
Event: 6,230 Thread 0x00007f5b640b3000 nmethod 1412 0x00007f5b552cac90 code [0x00007f5b552cae00, 0x00007f5b552cb068]
Event: 6,230 Thread 0x00007f5b640b3000 1413       3       java.lang.StringBuilder::append (8 bytes)
Event: 6,230 Thread 0x00007f5b640b3000 nmethod 1413 0x00007f5b552cb150 code [0x00007f5b552cb2c0, 0x00007f5b552cb448]

GC Heap History (4 events):
Event: 0,927 GC heap before
{Heap before GC invocations=1 (full 0):
 PSYoungGen      total 18432K, used 15550K [0x00000000eb700000, 0x00000000ecb80000, 0x0000000100000000)
  eden space 15872K, 97% used [0x00000000eb700000,0x00000000ec62f838,0x00000000ec680000)
  from space 2560K, 0% used [0x00000000ec900000,0x00000000ec900000,0x00000000ecb80000)
  to   space 2560K, 0% used [0x00000000ec680000,0x00000000ec680000,0x00000000ec900000)
 ParOldGen       total 42496K, used 0K [0x00000000c2400000, 0x00000000c4d80000, 0x00000000eb700000)
  object space 42496K, 0% used [0x00000000c2400000,0x00000000c2400000,0x00000000c4d80000)
 Metaspace       used 9274K, capacity 9467K, committed 9728K, reserved 1058816K
  class space    used 889K, capacity 966K, committed 1024K, reserved 1048576K
Event: 0,931 GC heap after
Heap after GC invocations=1 (full 0):
 PSYoungGen      total 18432K, used 2541K [0x00000000eb700000, 0x00000000ecb80000, 0x0000000100000000)
  eden space 15872K, 0% used [0x00000000eb700000,0x00000000eb700000,0x00000000ec680000)
  from space 2560K, 99% used [0x00000000ec680000,0x00000000ec8fb698,0x00000000ec900000)
  to   space 2560K, 0% used [0x00000000ec900000,0x00000000ec900000,0x00000000ecb80000)
 ParOldGen       total 42496K, used 817K [0x00000000c2400000, 0x00000000c4d80000, 0x00000000eb700000)
  object space 42496K, 1% used [0x00000000c2400000,0x00000000c24cc7a8,0x00000000c4d80000)
 Metaspace       used 9274K, capacity 9467K, committed 9728K, reserved 1058816K
  class space    used 889K, capacity 966K, committed 1024K, reserved 1048576K
}
Event: 1,234 GC heap before
{Heap before GC invocations=2 (full 0):
 PSYoungGen      total 18432K, used 18413K [0x00000000eb700000, 0x00000000ecb80000, 0x0000000100000000)
  eden space 15872K, 100% used [0x00000000eb700000,0x00000000ec680000,0x00000000ec680000)
  from space 2560K, 99% used [0x00000000ec680000,0x00000000ec8fb698,0x00000000ec900000)
  to   space 2560K, 0% used [0x00000000ec900000,0x00000000ec900000,0x00000000ecb80000)
 ParOldGen       total 42496K, used 817K [0x00000000c2400000, 0x00000000c4d80000, 0x00000000eb700000)
  object space 42496K, 1% used [0x00000000c2400000,0x00000000c24cc7a8,0x00000000c4d80000)
 Metaspace       used 10336K, capacity 10533K, committed 10624K, reserved 1058816K
  class space    used 985K, capacity 1064K, committed 1152K, reserved 1048576K
Event: 1,238 GC heap after
Heap after GC invocations=2 (full 0):
 PSYoungGen      total 18432K, used 2556K [0x00000000eb700000, 0x00000000ecb80000, 0x0000000100000000)
  eden space 15872K, 0% used [0x00000000eb700000,0x00000000eb700000,0x00000000ec680000)
  from space 2560K, 99% used [0x00000000ec900000,0x00000000ecb7f240,0x00000000ecb80000)
  to   space 2560K, 0% used [0x00000000ec680000,0x00000000ec680000,0x00000000ec900000)
 ParOldGen       total 42496K, used 1622K [0x00000000c2400000, 0x00000000c4d80000, 0x00000000eb700000)
  object space 42496K, 3% used [0x00000000c2400000,0x00000000c2595950,0x00000000c4d80000)
 Metaspace       used 10336K, capacity 10533K, committed 10624K, reserved 1058816K
  class space    used 985K, capacity 1064K, committed 1152K, reserved 1048576K
}

Deoptimization events (4 events):
Event: 0,103 Thread 0x00007f5b6400b000 Uncommon trap: reason=unstable_if action=reinterpret pc=0x00007f5b54f2d544 method=java.lang.String.indexOf(II)I @ 49
Event: 0,293 Thread 0x00007f5b643e2000 Uncommon trap: reason=unstable_if action=reinterpret pc=0x00007f5b54faa3e4 method=java.lang.String.replace(CC)Ljava/lang/String; @ 26
Event: 1,751 Thread 0x00007f5b643e2000 Uncommon trap: reason=unstable_if action=reinterpret pc=0x00007f5b5519b89c method=com.badlogic.gdx.physics.box2d.Box2DDebugRenderer.getColorByBody(Lcom/badlogic/gdx/physics/box2d/Body;)Lcom/badlogic/gdx/graphics/Color; @ 46
Event: 4,385 Thread 0x00007f5b643e2000 Uncommon trap: reason=unstable_if action=reinterpret pc=0x00007f5b55187de8 method=com.badlogic.gdx.graphics.g2d.Sprite.translate(FF)V @ 24

Internal exceptions (10 events):
Event: 0,235 Thread 0x00007f5b6400b000 Exception <a 'java/security/PrivilegedActionException'> (0x00000000ebc5ff18) thrown at [/build/openjdk-8-aCqPQU/openjdk-8-8u72-b05/src/hotspot/src/share/vm/prims/jvm.cpp, line 1386]
Event: 0,235 Thread 0x00007f5b6400b000 Exception <a 'java/security/PrivilegedActionException'> (0x00000000ebc60b70) thrown at [/build/openjdk-8-aCqPQU/openjdk-8-8u72-b05/src/hotspot/src/share/vm/prims/jvm.cpp, line 1386]
Event: 0,235 Thread 0x00007f5b6400b000 Exception <a 'java/security/PrivilegedActionException'> (0x00000000ebc61798) thrown at [/build/openjdk-8-aCqPQU/openjdk-8-8u72-b05/src/hotspot/src/share/vm/prims/jvm.cpp, line 1386]
Event: 0,235 Thread 0x00007f5b6400b000 Exception <a 'java/security/PrivilegedActionException'> (0x00000000ebc63918) thrown at [/build/openjdk-8-aCqPQU/openjdk-8-8u72-b05/src/hotspot/src/share/vm/prims/jvm.cpp, line 1386]
Event: 0,235 Thread 0x00007f5b6400b000 Exception <a 'java/security/PrivilegedActionException'> (0x00000000ebc64570) thrown at [/build/openjdk-8-aCqPQU/openjdk-8-8u72-b05/src/hotspot/src/share/vm/prims/jvm.cpp, line 1386]
Event: 0,235 Thread 0x00007f5b6400b000 Exception <a 'java/security/PrivilegedActionException'> (0x00000000ebc65198) thrown at [/build/openjdk-8-aCqPQU/openjdk-8-8u72-b05/src/hotspot/src/share/vm/prims/jvm.cpp, line 1386]
Event: 0,235 Thread 0x00007f5b6400b000 Exception <a 'java/security/PrivilegedActionException'> (0x00000000ebc670d8) thrown at [/build/openjdk-8-aCqPQU/openjdk-8-8u72-b05/src/hotspot/src/share/vm/prims/jvm.cpp, line 1386]
Event: 0,235 Thread 0x00007f5b6400b000 Exception <a 'java/security/PrivilegedActionException'> (0x00000000ebc67d30) thrown at [/build/openjdk-8-aCqPQU/openjdk-8-8u72-b05/src/hotspot/src/share/vm/prims/jvm.cpp, line 1386]
Event: 0,235 Thread 0x00007f5b6400b000 Exception <a 'java/security/PrivilegedActionException'> (0x00000000ebc68958) thrown at [/build/openjdk-8-aCqPQU/openjdk-8-8u72-b05/src/hotspot/src/share/vm/prims/jvm.cpp, line 1386]
Event: 0,341 Thread 0x00007f5b643e2000 Exception <a 'java/lang/NoClassDefFoundError': org/lwjgl/opengles/GLContext> (0x00000000ebf904a0) thrown at [/build/openjdk-8-aCqPQU/openjdk-8-8u72-b05/src/hotspot/src/share/vm/classfile/systemDictionary.cpp, line 199]

Events (10 events):
Event: 4,385 Thread 0x00007f5b643e2000 DEOPT PACKING pc=0x00007f5b55187de8 sp=0x00007f5b12091780
Event: 4,385 Thread 0x00007f5b643e2000 DEOPT UNPACKING pc=0x00007f5b54dfbf69 sp=0x00007f5b12091728 mode 2
Event: 4,566 Thread 0x00007f5b643e2000 DEOPT PACKING pc=0x00007f5b5520c171 sp=0x00007f5b120916d0
Event: 4,566 Thread 0x00007f5b643e2000 DEOPT UNPACKING pc=0x00007f5b54e3df73 sp=0x00007f5b12091458 mode 0
Event: 4,597 Thread 0x00007f5b643e2000 DEOPT PACKING pc=0x00007f5b5520a26b sp=0x00007f5b12091750
Event: 4,597 Thread 0x00007f5b643e2000 DEOPT UNPACKING pc=0x00007f5b54e3df73 sp=0x00007f5b12091548 mode 0
Event: 4,599 Thread 0x00007f5b643e2000 DEOPT PACKING pc=0x00007f5b5520f29c sp=0x00007f5b12091760
Event: 4,599 Thread 0x00007f5b643e2000 DEOPT UNPACKING pc=0x00007f5b54e3df73 sp=0x00007f5b12091550 mode 0
Event: 4,617 Thread 0x00007f5b643e2000 DEOPT PACKING pc=0x00007f5b5520cf77 sp=0x00007f5b120917f0
Event: 4,617 Thread 0x00007f5b643e2000 DEOPT UNPACKING pc=0x00007f5b54e3df73 sp=0x00007f5b120915a8 mode 0


Dynamic libraries:
00400000-00401000 r-xp 00000000 08:02 10224007                           /usr/lib/jvm/java-8-openjdk-amd64/jre/bin/java
00600000-00601000 r--p 00000000 08:02 10224007                           /usr/lib/jvm/java-8-openjdk-amd64/jre/bin/java
00601000-00602000 rw-p 00001000 08:02 10224007                           /usr/lib/jvm/java-8-openjdk-amd64/jre/bin/java
0176d000-0178e000 rw-p 00000000 00:00 0                                  [heap]
40764000-40766000 r-xs 00000000 08:02 2364037                            /tmp/.gl4M4Mux (deleted)
41716000-417b2000 rw-p 00000000 00:00 0 
c2400000-c4d80000 rw-p 00000000 00:00 0 
c4d80000-eb700000 ---p 00000000 00:00 0 
eb700000-ecb80000 rw-p 00000000 00:00 0 
ecb80000-100000000 ---p 00000000 00:00 0 
100000000-100120000 rw-p 00000000 00:00 0 
100120000-140000000 ---p 00000000 00:00 0 
7f5af0000000-7f5af0021000 rw-p 00000000 00:00 0 
7f5af0021000-7f5af4000000 ---p 00000000 00:00 0 
7f5af8000000-7f5af8021000 rw-p 00000000 00:00 0 
7f5af8021000-7f5afc000000 ---p 00000000 00:00 0 
7f5afc000000-7f5afd232000 rw-p 00000000 00:00 0 
7f5afd232000-7f5b00000000 ---p 00000000 00:00 0 
7f5b00000000-7f5b00021000 rw-p 00000000 00:00 0 
7f5b00021000-7f5b04000000 ---p 00000000 00:00 0 
7f5b053eb000-7f5b06dad000 r-xp 00000000 08:02 8787499                    /usr/lib/nvidia-340/libnvidia-glcore.so.340.96
7f5b06dad000-7f5b06dcb000 rwxp 019c2000 08:02 8787499                    /usr/lib/nvidia-340/libnvidia-glcore.so.340.96
7f5b06dcb000-7f5b07249000 r-xp 019e0000 08:02 8787499                    /usr/lib/nvidia-340/libnvidia-glcore.so.340.96
7f5b07249000-7f5b07448000 ---p 01e5e000 08:02 8787499                    /usr/lib/nvidia-340/libnvidia-glcore.so.340.96
7f5b07448000-7f5b07fe2000 rw-p 01e5d000 08:02 8787499                    /usr/lib/nvidia-340/libnvidia-glcore.so.340.96
7f5b07fe2000-7f5b07fff000 rw-p 00000000 00:00 0 
7f5b07fff000-7f5b0c000000 rw-s 00000000 00:14 587070                     /run/shm/pulse-shm-1096361870
7f5b0c000000-7f5b0c021000 rw-p 00000000 00:00 0 
7f5b0c021000-7f5b10000000 ---p 00000000 00:00 0 
7f5b10608000-7f5b10808000 rw-s 05681000 00:05 9193                       /dev/nvidiactl
7f5b10808000-7f5b10c08000 rw-s b5c9a000 00:05 9193                       /dev/nvidiactl
7f5b10c08000-7f5b11008000 rw-s 0524e000 00:05 9193                       /dev/nvidiactl
7f5b11008000-7f5b11208000 rw-s d1240000 00:05 9193                       /dev/nvidiactl
7f5b11208000-7f5b113c8000 rw-p 00000000 00:00 0 
7f5b113c8000-7f5b11408000 ---p 00000000 00:00 0 
7f5b11408000-7f5b11454000 r-xp 00000000 08:02 2362393                    /tmp/libgdxtookuk/72da4579/libgdx-box2d64.so
7f5b11454000-7f5b11653000 ---p 0004c000 08:02 2362393                    /tmp/libgdxtookuk/72da4579/libgdx-box2d64.so
7f5b11653000-7f5b11655000 r--p 0004b000 08:02 2362393                    /tmp/libgdxtookuk/72da4579/libgdx-box2d64.so
7f5b11655000-7f5b11656000 rw-p 0004d000 08:02 2362393                    /tmp/libgdxtookuk/72da4579/libgdx-box2d64.so
7f5b11656000-7f5b116d6000 rw-s 0562b000 00:05 9193                       /dev/nvidiactl
7f5b116d6000-7f5b11756000 rw-s 5bac7000 00:05 9193                       /dev/nvidiactl
7f5b11756000-7f5b117d6000 rw-s 22a96000 00:05 9193                       /dev/nvidiactl
7f5b118d6000-7f5b118f6000 rw-s e02a0000 00:05 9194                       /dev/nvidia0
7f5b118f6000-7f5b11936000 rw-s daf54000 00:05 9193                       /dev/nvidiactl
7f5b11936000-7f5b119ea000 rw-s c95f9000 00:05 9193                       /dev/nvidiactl
7f5b119ea000-7f5b119ed000 r-xp 00000000 08:02 8916893                    /usr/lib/nvidia-340/tls/libnvidia-tls.so.340.96
7f5b119ed000-7f5b11bec000 ---p 00003000 08:02 8916893                    /usr/lib/nvidia-340/tls/libnvidia-tls.so.340.96
7f5b11bec000-7f5b11bed000 rw-p 00002000 08:02 8916893                    /usr/lib/nvidia-340/tls/libnvidia-tls.so.340.96
7f5b11bed000-7f5b11cb4000 r-xp 00000000 08:02 8787509                    /usr/lib/nvidia-340/libGL.so.340.96
7f5b11cb4000-7f5b11ce3000 rwxp 000c7000 08:02 8787509                    /usr/lib/nvidia-340/libGL.so.340.96
7f5b11ce3000-7f5b11cff000 r-xp 000f6000 08:02 8787509                    /usr/lib/nvidia-340/libGL.so.340.96
7f5b11cff000-7f5b11efe000 ---p 00112000 08:02 8787509                    /usr/lib/nvidia-340/libGL.so.340.96
7f5b11efe000-7f5b11f23000 rw-p 00111000 08:02 8787509                    /usr/lib/nvidia-340/libGL.so.340.96
7f5b11f23000-7f5b11f39000 rw-p 00000000 00:00 0 
7f5b11f59000-7f5b11f5c000 ---p 00000000 00:00 0 
7f5b11f5c000-7f5b11f92000 rw-p 00000000 00:00 0                          [stack:12064]
7f5b11f92000-7f5b11f95000 ---p 00000000 00:00 0 
7f5b11f95000-7f5b12093000 rw-p 00000000 00:00 0                          [stack:12062]
7f5b12093000-7f5b12094000 ---p 00000000 00:00 0 
7f5b12094000-7f5b12194000 rw-p 00000000 00:00 0                          [stack:12061]
7f5b12194000-7f5b12195000 ---p 00000000 00:00 0 
7f5b12195000-7f5b12995000 rw-p 00000000 00:00 0                          [stack:12060]
7f5b12995000-7f5b129ac000 r-xp 00000000 08:02 4329715                    /lib/x86_64-linux-gnu/libresolv-2.19.so
7f5b129ac000-7f5b12bac000 ---p 00017000 08:02 4329715                    /lib/x86_64-linux-gnu/libresolv-2.19.so
7f5b12bac000-7f5b12bad000 r--p 00017000 08:02 4329715                    /lib/x86_64-linux-gnu/libresolv-2.19.so
7f5b12bad000-7f5b12bae000 rw-p 00018000 08:02 4329715                    /lib/x86_64-linux-gnu/libresolv-2.19.so
7f5b12bae000-7f5b12bb0000 rw-p 00000000 00:00 0 
7f5b12bb0000-7f5b12bb7000 r-xp 00000000 08:02 4858557                    /usr/lib/x86_64-linux-gnu/libogg.so.0.8.1
7f5b12bb7000-7f5b12db7000 ---p 00007000 08:02 4858557                    /usr/lib/x86_64-linux-gnu/libogg.so.0.8.1
7f5b12db7000-7f5b12db8000 r--p 00007000 08:02 4858557                    /usr/lib/x86_64-linux-gnu/libogg.so.0.8.1
7f5b12db8000-7f5b12db9000 rw-p 00008000 08:02 4858557                    /usr/lib/x86_64-linux-gnu/libogg.so.0.8.1
7f5b12db9000-7f5b12de5000 r-xp 00000000 08:02 4858835                    /usr/lib/x86_64-linux-gnu/libvorbis.so.0.4.5
7f5b12de5000-7f5b12fe4000 ---p 0002c000 08:02 4858835                    /usr/lib/x86_64-linux-gnu/libvorbis.so.0.4.5
7f5b12fe4000-7f5b12fe5000 r--p 0002b000 08:02 4858835                    /usr/lib/x86_64-linux-gnu/libvorbis.so.0.4.5
7f5b12fe5000-7f5b12fe6000 rw-p 0002c000 08:02 4858835                    /usr/lib/x86_64-linux-gnu/libvorbis.so.0.4.5
7f5b12fe6000-7f5b13299000 r-xp 00000000 08:02 4858837                    /usr/lib/x86_64-linux-gnu/libvorbisenc.so.2.0.8
7f5b13299000-7f5b13498000 ---p 002b3000 08:02 4858837                    /usr/lib/x86_64-linux-gnu/libvorbisenc.so.2.0.8
7f5b13498000-7f5b134b4000 r--p 002b2000 08:02 4858837                    /usr/lib/x86_64-linux-gnu/libvorbisenc.so.2.0.8
7f5b134b4000-7f5b134b5000 rw-p 002ce000 08:02 4858837                    /usr/lib/x86_64-linux-gnu/libvorbisenc.so.2.0.8
7f5b134b5000-7f5b134e5000 r-xp 00000000 08:02 4854939                    /usr/lib/x86_64-linux-gnu/libFLAC.so.8.3.0
7f5b134e5000-7f5b136e4000 ---p 00030000 08:02 4854939                    /usr/lib/x86_64-linux-gnu/libFLAC.so.8.3.0
7f5b136e4000-7f5b136e5000 r--p 0002f000 08:02 4854939                    /usr/lib/x86_64-linux-gnu/libFLAC.so.8.3.0
7f5b136e5000-7f5b136e6000 rw-p 00030000 08:02 4854939                    /usr/lib/x86_64-linux-gnu/libFLAC.so.8.3.0
7f5b136e6000-7f5b136eb000 r-xp 00000000 08:02 4857928                    /usr/lib/x86_64-linux-gnu/libasyncns.so.0.3.1
7f5b136eb000-7f5b138ea000 ---p 00005000 08:02 4857928                    /usr/lib/x86_64-linux-gnu/libasyncns.so.0.3.1
7f5b138ea000-7f5b138eb000 r--p 00004000 08:02 4857928                    /usr/lib/x86_64-linux-gnu/libasyncns.so.0.3.1
7f5b138eb000-7f5b138ec000 rw-p 00005000 08:02 4857928                    /usr/lib/x86_64-linux-gnu/libasyncns.so.0.3.1
7f5b138ec000-7f5b1394d000 r-xp 00000000 08:02 4854167                    /usr/lib/x86_64-linux-gnu/libsndfile.so.1.0.25
7f5b1394d000-7f5b13b4d000 ---p 00061000 08:02 4854167                    /usr/lib/x86_64-linux-gnu/libsndfile.so.1.0.25
7f5b13b4d000-7f5b13b4f000 r--p 00061000 08:02 4854167                    /usr/lib/x86_64-linux-gnu/libsndfile.so.1.0.25
7f5b13b4f000-7f5b13b50000 rw-p 00063000 08:02 4854167                    /usr/lib/x86_64-linux-gnu/libsndfile.so.1.0.25
7f5b13b50000-7f5b13b54000 rw-p 00000000 00:00 0 
7f5b13b54000-7f5b13b98000 r-xp 00000000 08:02 4325642                    /lib/x86_64-linux-gnu/libdbus-1.so.3.7.6
7f5b13b98000-7f5b13d97000 ---p 00044000 08:02 4325642                    /lib/x86_64-linux-gnu/libdbus-1.so.3.7.6
7f5b13d97000-7f5b13d98000 r--p 00043000 08:02 4325642                    /lib/x86_64-linux-gnu/libdbus-1.so.3.7.6
7f5b13d98000-7f5b13d99000 rw-p 00044000 08:02 4325642                    /lib/x86_64-linux-gnu/libdbus-1.so.3.7.6
7f5b13d99000-7f5b13dff000 r-xp 00000000 08:02 5245376                    /usr/lib/x86_64-linux-gnu/pulseaudio/libpulsecommon-4.0.so
7f5b13dff000-7f5b13ffe000 ---p 00066000 08:02 5245376                    /usr/lib/x86_64-linux-gnu/pulseaudio/libpulsecommon-4.0.so
7f5b13ffe000-7f5b13fff000 r--p 00065000 08:02 5245376                    /usr/lib/x86_64-linux-gnu/pulseaudio/libpulsecommon-4.0.so
7f5b13fff000-7f5b14000000 rw-p 00066000 08:02 5245376                    /usr/lib/x86_64-linux-gnu/pulseaudio/libpulsecommon-4.0.so
7f5b14000000-7f5b14021000 rw-p 00000000 00:00 0 
7f5b14021000-7f5b18000000 ---p 00000000 00:00 0 
7f5b18000000-7f5b18021000 rw-p 00000000 00:00 0 
7f5b18021000-7f5b1c000000 ---p 00000000 00:00 0 
7f5b1c000000-7f5b1c329000 rw-p 00000000 00:00 0 
7f5b1c329000-7f5b20000000 ---p 00000000 00:00 0 
7f5b20000000-7f5b20021000 rw-p 00000000 00:00 0 
7f5b20021000-7f5b24000000 ---p 00000000 00:00 0 
7f5b24000000-7f5b24331000 rw-p 00000000 00:00 0 
7f5b24331000-7f5b28000000 ---p 00000000 00:00 0 
7f5b28000000-7f5b28310000 rw-p 00000000 00:00 0 
7f5b28310000-7f5b2c000000 ---p 00000000 00:00 0 
7f5b2c000000-7f5b2c021000 rw-p 00000000 00:00 0 
7f5b2c021000-7f5b30000000 ---p 00000000 00:00 0 
7f5b30000000-7f5b30021000 rw-p 00000000 00:00 0 
7f5b30021000-7f5b34000000 ---p 00000000 00:00 0 
7f5b3401c000-7f5b34024000 r-xp 00000000 08:02 4329558                    /lib/x86_64-linux-gnu/libwrap.so.0.7.6
7f5b34024000-7f5b34223000 ---p 00008000 08:02 4329558                    /lib/x86_64-linux-gnu/libwrap.so.0.7.6
7f5b34223000-7f5b34224000 r--p 00007000 08:02 4329558                    /lib/x86_64-linux-gnu/libwrap.so.0.7.6
7f5b34224000-7f5b34225000 rw-p 00008000 08:02 4329558                    /lib/x86_64-linux-gnu/libwrap.so.0.7.6
7f5b34225000-7f5b34226000 rw-p 00000000 00:00 0 
7f5b34226000-7f5b34230000 r-xp 00000000 08:02 4329438                    /lib/x86_64-linux-gnu/libjson-c.so.2.0.0
7f5b34230000-7f5b3442f000 ---p 0000a000 08:02 4329438                    /lib/x86_64-linux-gnu/libjson-c.so.2.0.0
7f5b3442f000-7f5b34430000 r--p 00009000 08:02 4329438                    /lib/x86_64-linux-gnu/libjson-c.so.2.0.0
7f5b34430000-7f5b34431000 rw-p 0000a000 08:02 4329438                    /lib/x86_64-linux-gnu/libjson-c.so.2.0.0
7f5b34431000-7f5b34478000 r-xp 00000000 08:02 4850824                    /usr/lib/x86_64-linux-gnu/libpulse.so.0.16.2
7f5b34478000-7f5b34678000 ---p 00047000 08:02 4850824                    /usr/lib/x86_64-linux-gnu/libpulse.so.0.16.2
7f5b34678000-7f5b34679000 r--p 00047000 08:02 4850824                    /usr/lib/x86_64-linux-gnu/libpulse.so.0.16.2
7f5b34679000-7f5b3467a000 rw-p 00048000 08:02 4850824                    /usr/lib/x86_64-linux-gnu/libpulse.so.0.16.2
7f5b3467a000-7f5b346cf000 r-xp 00000000 08:02 2360670                    /tmp/libgdxtookuk/31ce78a2/libopenal64.so
7f5b346cf000-7f5b348ce000 ---p 00055000 08:02 2360670                    /tmp/libgdxtookuk/31ce78a2/libopenal64.so
7f5b348ce000-7f5b348d1000 r--p 00054000 08:02 2360670                    /tmp/libgdxtookuk/31ce78a2/libopenal64.so
7f5b348d1000-7f5b348d2000 rw-p 00057000 08:02 2360670                    /tmp/libgdxtookuk/31ce78a2/libopenal64.so
7f5b348d2000-7f5b348d3000 rw-p 00000000 00:00 0 
7f5b348d3000-7f5b348d7000 r-xp 00000000 08:02 4857889                    /usr/lib/x86_64-linux-gnu/libXxf86vm.so.1.0.0
7f5b348d7000-7f5b34ad7000 ---p 00004000 08:02 4857889                    /usr/lib/x86_64-linux-gnu/libXxf86vm.so.1.0.0
7f5b34ad7000-7f5b34ad8000 r--p 00004000 08:02 4857889                    /usr/lib/x86_64-linux-gnu/libXxf86vm.so.1.0.0
7f5b34ad8000-7f5b34ad9000 rw-p 00005000 08:02 4857889                    /usr/lib/x86_64-linux-gnu/libXxf86vm.so.1.0.0
7f5b34ad9000-7f5b34ae2000 r-xp 00000000 08:02 4857871                    /usr/lib/x86_64-linux-gnu/libXrandr.so.2.2.0
7f5b34ae2000-7f5b34ce1000 ---p 00009000 08:02 4857871                    /usr/lib/x86_64-linux-gnu/libXrandr.so.2.2.0
7f5b34ce1000-7f5b34ce2000 r--p 00008000 08:02 4857871                    /usr/lib/x86_64-linux-gnu/libXrandr.so.2.2.0
7f5b34ce2000-7f5b34ce3000 rw-p 00009000 08:02 4857871                    /usr/lib/x86_64-linux-gnu/libXrandr.so.2.2.0
7f5b34ce3000-7f5b34d53000 r-xp 00000000 08:02 2360109                    /tmp/libgdxtookuk/31ce78a2/liblwjgl64.so
7f5b34d53000-7f5b34f53000 ---p 00070000 08:02 2360109                    /tmp/libgdxtookuk/31ce78a2/liblwjgl64.so
7f5b34f53000-7f5b34f55000 r--p 00070000 08:02 2360109                    /tmp/libgdxtookuk/31ce78a2/liblwjgl64.so
7f5b34f55000-7f5b34f56000 rw-p 00072000 08:02 2360109                    /tmp/libgdxtookuk/31ce78a2/liblwjgl64.so
7f5b34f56000-7f5b34f57000 r-xp 00000000 08:02 10224250                   /usr/lib/jvm/java-8-openjdk-amd64/jre/lib/amd64/libjawt.so
7f5b34f57000-7f5b35156000 ---p 00001000 08:02 10224250                   /usr/lib/jvm/java-8-openjdk-amd64/jre/lib/amd64/libjawt.so
7f5b35156000-7f5b35157000 r--p 00000000 08:02 10224250                   /usr/lib/jvm/java-8-openjdk-amd64/jre/lib/amd64/libjawt.so
7f5b35157000-7f5b35158000 rw-p 00001000 08:02 10224250                   /usr/lib/jvm/java-8-openjdk-amd64/jre/lib/amd64/libjawt.so
7f5b35158000-7f5b3515b000 ---p 00000000 00:00 0 
7f5b3515b000-7f5b35259000 rw-p 00000000 00:00 0                          [stack:12058]
7f5b35259000-7f5b3525e000 r-xp 00000000 08:02 4850228                    /usr/lib/x86_64-linux-gnu/libXfixes.so.3.1.0
7f5b3525e000-7f5b3545d000 ---p 00005000 08:02 4850228                    /usr/lib/x86_64-linux-gnu/libXfixes.so.3.1.0
7f5b3545d000-7f5b3545e000 r--p 00004000 08:02 4850228                    /usr/lib/x86_64-linux-gnu/libXfixes.so.3.1.0
7f5b3545e000-7f5b3545f000 rw-p 00005000 08:02 4850228                    /usr/lib/x86_64-linux-gnu/libXfixes.so.3.1.0
7f5b3545f000-7f5b35468000 r-xp 00000000 08:02 4857845                    /usr/lib/x86_64-linux-gnu/libXcursor.so.1.0.2
7f5b35468000-7f5b35667000 ---p 00009000 08:02 4857845                    /usr/lib/x86_64-linux-gnu/libXcursor.so.1.0.2
7f5b35667000-7f5b35668000 r--p 00008000 08:02 4857845                    /usr/lib/x86_64-linux-gnu/libXcursor.so.1.0.2
7f5b35668000-7f5b35669000 rw-p 00009000 08:02 4857845                    /usr/lib/x86_64-linux-gnu/libXcursor.so.1.0.2
7f5b35669000-7f5b3566c000 ---p 00000000 00:00 0 
7f5b3566c000-7f5b3576a000 rw-p 00000000 00:00 0                          [stack:12057]
7f5b3576a000-7f5b3578f000 r-xp 00000000 08:02 4329730                    /lib/x86_64-linux-gnu/libpng12.so.0.50.0
7f5b3578f000-7f5b3598e000 ---p 00025000 08:02 4329730                    /lib/x86_64-linux-gnu/libpng12.so.0.50.0
7f5b3598e000-7f5b3598f000 r--p 00024000 08:02 4329730                    /lib/x86_64-linux-gnu/libpng12.so.0.50.0
7f5b3598f000-7f5b35990000 rw-p 00025000 08:02 4329730                    /lib/x86_64-linux-gnu/libpng12.so.0.50.0
7f5b35990000-7f5b35a2d000 r-xp 00000000 08:02 4849820                    /usr/lib/x86_64-linux-gnu/libfreetype.so.6.11.1
7f5b35a2d000-7f5b35c2c000 ---p 0009d000 08:02 4849820                    /usr/lib/x86_64-linux-gnu/libfreetype.so.6.11.1
7f5b35c2c000-7f5b35c32000 r--p 0009c000 08:02 4849820                    /usr/lib/x86_64-linux-gnu/libfreetype.so.6.11.1
7f5b35c32000-7f5b35c33000 rw-p 000a2000 08:02 4849820                    /usr/lib/x86_64-linux-gnu/libfreetype.so.6.11.1
7f5b35c3d000-7f5b35c3e000 rw-p 00000000 00:00 0 
7f5b35c3e000-7f5b35c53000 r--p 00000000 08:02 5508768                    /usr/share/locale-langpack/ru/LC_MESSAGES/pulseaudio.mo
7f5b35c53000-7f5b35ca5000 r-xp 00000000 08:02 10224045                   /usr/lib/jvm/java-8-openjdk-amd64/jre/lib/amd64/libfontmanager.so
7f5b35ca5000-7f5b35ea4000 ---p 00052000 08:02 10224045                   /usr/lib/jvm/java-8-openjdk-amd64/jre/lib/amd64/libfontmanager.so
7f5b35ea4000-7f5b35ea7000 r--p 00051000 08:02 10224045                   /usr/lib/jvm/java-8-openjdk-amd64/jre/lib/amd64/libfontmanager.so
7f5b35ea7000-7f5b35ea8000 rw-p 00054000 08:02 10224045                   /usr/lib/jvm/java-8-openjdk-amd64/jre/lib/amd64/libfontmanager.so
7f5b35ea8000-7f5b35ed7000 r--p 00000000 08:02 5508670                    /usr/share/locale-langpack/ru/LC_MESSAGES/libc.mo
7f5b35ed7000-7f5b35edc000 r-xp 00000000 08:02 4857849                    /usr/lib/x86_64-linux-gnu/libXdmcp.so.6.0.0
7f5b35edc000-7f5b360db000 ---p 00005000 08:02 4857849                    /usr/lib/x86_64-linux-gnu/libXdmcp.so.6.0.0
7f5b360db000-7f5b360dc000 r--p 00004000 08:02 4857849                    /usr/lib/x86_64-linux-gnu/libXdmcp.so.6.0.0
7f5b360dc000-7f5b360dd000 rw-p 00005000 08:02 4857849                    /usr/lib/x86_64-linux-gnu/libXdmcp.so.6.0.0
7f5b360dd000-7f5b360df000 r-xp 00000000 08:02 4857838                    /usr/lib/x86_64-linux-gnu/libXau.so.6.0.0
7f5b360df000-7f5b362df000 ---p 00002000 08:02 4857838                    /usr/lib/x86_64-linux-gnu/libXau.so.6.0.0
7f5b362df000-7f5b362e0000 r--p 00002000 08:02 4857838                    /usr/lib/x86_64-linux-gnu/libXau.so.6.0.0
7f5b362e0000-7f5b362e1000 rw-p 00003000 08:02 4857838                    /usr/lib/x86_64-linux-gnu/libXau.so.6.0.0
7f5b362e1000-7f5b362fe000 r-xp 00000000 08:02 4858908                    /usr/lib/x86_64-linux-gnu/libxcb.so.1.1.0
7f5b362fe000-7f5b364fe000 ---p 0001d000 08:02 4858908                    /usr/lib/x86_64-linux-gnu/libxcb.so.1.1.0
7f5b364fe000-7f5b364ff000 r--p 0001d000 08:02 4858908                    /usr/lib/x86_64-linux-gnu/libxcb.so.1.1.0
7f5b364ff000-7f5b36500000 rw-p 0001e000 08:02 4858908                    /usr/lib/x86_64-linux-gnu/libxcb.so.1.1.0
7f5b36500000-7f5b3650f000 r-xp 00000000 08:02 4858166                    /usr/lib/x86_64-linux-gnu/libXi.so.6.1.0
7f5b3650f000-7f5b3670e000 ---p 0000f000 08:02 4858166                    /usr/lib/x86_64-linux-gnu/libXi.so.6.1.0
7f5b3670e000-7f5b3670f000 r--p 0000e000 08:02 4858166                    /usr/lib/x86_64-linux-gnu/libXi.so.6.1.0
7f5b3670f000-7f5b36710000 rw-p 0000f000 08:02 4858166                    /usr/lib/x86_64-linux-gnu/libXi.so.6.1.0
7f5b36710000-7f5b36715000 r-xp 00000000 08:02 4857879                    /usr/lib/x86_64-linux-gnu/libXtst.so.6.1.0
7f5b36715000-7f5b36914000 ---p 00005000 08:02 4857879                    /usr/lib/x86_64-linux-gnu/libXtst.so.6.1.0
7f5b36914000-7f5b36915000 r--p 00004000 08:02 4857879                    /usr/lib/x86_64-linux-gnu/libXtst.so.6.1.0
7f5b36915000-7f5b36916000 rw-p 00005000 08:02 4857879                    /usr/lib/x86_64-linux-gnu/libXtst.so.6.1.0
7f5b36916000-7f5b3691f000 r-xp 00000000 08:02 4858750                    /usr/lib/x86_64-linux-gnu/libXrender.so.1.3.0
7f5b3691f000-7f5b36b1e000 ---p 00009000 08:02 4858750                    /usr/lib/x86_64-linux-gnu/libXrender.so.1.3.0
7f5b36b1e000-7f5b36b1f000 r--p 00008000 08:02 4858750                    /usr/lib/x86_64-linux-gnu/libXrender.so.1.3.0
7f5b36b1f000-7f5b36b20000 rw-p 00009000 08:02 4858750                    /usr/lib/x86_64-linux-gnu/libXrender.so.1.3.0
7f5b36b20000-7f5b36c50000 r-xp 00000000 08:02 4857834                    /usr/lib/x86_64-linux-gnu/libX11.so.6.3.0
7f5b36c50000-7f5b36e50000 ---p 00130000 08:02 4857834                    /usr/lib/x86_64-linux-gnu/libX11.so.6.3.0
7f5b36e50000-7f5b36e51000 r--p 00130000 08:02 4857834                    /usr/lib/x86_64-linux-gnu/libX11.so.6.3.0
7f5b36e51000-7f5b36e55000 rw-p 00131000 08:02 4857834                    /usr/lib/x86_64-linux-gnu/libX11.so.6.3.0
7f5b36e55000-7f5b36e66000 r-xp 00000000 08:02 4849899                    /usr/lib/x86_64-linux-gnu/libXext.so.6.4.0
7f5b36e66000-7f5b37065000 ---p 00011000 08:02 4849899                    /usr/lib/x86_64-linux-gnu/libXext.so.6.4.0
7f5b37065000-7f5b37066000 r--p 00010000 08:02 4849899                    /usr/lib/x86_64-linux-gnu/libXext.so.6.4.0
7f5b37066000-7f5b37067000 rw-p 00011000 08:02 4849899                    /usr/lib/x86_64-linux-gnu/libXext.so.6.4.0
7f5b37067000-7f5b37069000 rw-s 00000000 08:02 2364037                    /tmp/.gl4M4Mux (deleted)
7f5b37069000-7f5b37070000 rw-s 64b00000 00:05 9193                       /dev/nvidiactl
7f5b37070000-7f5b37074000 rw-s 8008e000 00:05 9193                       /dev/nvidiactl
7f5b37074000-7f5b37087000 r--s 00346000 08:02 10224271                   /usr/lib/jvm/java-8-openjdk-amd64/jre/lib/resources.jar
7f5b37087000-7f5b370dd000 r-xp 00000000 08:02 10224033                   /usr/lib/jvm/java-8-openjdk-amd64/jre/lib/amd64/libawt_xawt.so
7f5b370dd000-7f5b372dd000 ---p 00056000 08:02 10224033                   /usr/lib/jvm/java-8-openjdk-amd64/jre/lib/amd64/libawt_xawt.so
7f5b372dd000-7f5b372de000 r--p 00056000 08:02 10224033                   /usr/lib/jvm/java-8-openjdk-amd64/jre/lib/amd64/libawt_xawt.so
7f5b372de000-7f5b372e1000 rw-p 00057000 08:02 10224033                   /usr/lib/jvm/java-8-openjdk-amd64/jre/lib/amd64/libawt_xawt.so
7f5b372e1000-7f5b372e2000 rw-p 00000000 00:00 0 
7f5b372e2000-7f5b37382000 r-xp 00000000 08:02 10224041                   /usr/lib/jvm/java-8-openjdk-amd64/jre/lib/amd64/libawt.so
7f5b37382000-7f5b37582000 ---p 000a0000 08:02 10224041                   /usr/lib/jvm/java-8-openjdk-amd64/jre/lib/amd64/libawt.so
7f5b37582000-7f5b37583000 r--p 000a0000 08:02 10224041                   /usr/lib/jvm/java-8-openjdk-amd64/jre/lib/amd64/libawt.so
7f5b37583000-7f5b3758e000 rw-p 000a1000 08:02 10224041                   /usr/lib/jvm/java-8-openjdk-amd64/jre/lib/amd64/libawt.so
7f5b3758e000-7f5b375b3000 rw-p 00000000 00:00 0 
7f5b375b3000-7f5b375eb000 r-xp 00000000 08:02 2359984                    /tmp/libgdxtookuk/6ef2d459/libgdx64.so
7f5b375eb000-7f5b377ea000 ---p 00038000 08:02 2359984                    /tmp/libgdxtookuk/6ef2d459/libgdx64.so
7f5b377ea000-7f5b377eb000 r--p 00037000 08:02 2359984                    /tmp/libgdxtookuk/6ef2d459/libgdx64.so
7f5b377eb000-7f5b377ec000 rw-p 00038000 08:02 2359984                    /tmp/libgdxtookuk/6ef2d459/libgdx64.so
7f5b377ec000-7f5b38000000 r--p 00000000 08:02 4856822                    /usr/lib/locale/locale-archive
7f5b38000000-7f5b38021000 rw-p 00000000 00:00 0 
7f5b38021000-7f5b3c000000 ---p 00000000 00:00 0 
7f5b3c000000-7f5b3c021000 rw-p 00000000 00:00 0 
7f5b3c021000-7f5b40000000 ---p 00000000 00:00 0 
7f5b40000000-7f5b40021000 rw-p 00000000 00:00 0 
7f5b40021000-7f5b44000000 ---p 00000000 00:00 0 
7f5b44000000-7f5b44021000 rw-p 00000000 00:00 0 
7f5b44021000-7f5b48000000 ---p 00000000 00:00 0 
7f5b48000000-7f5b48021000 rw-p 00000000 00:00 0 
7f5b48021000-7f5b4c000000 ---p 00000000 00:00 0 
7f5b4c000000-7f5b4c001000 rw-p 00000000 00:00 0 
7f5b4c001000-7f5b4c002000 rw-s d8f21000 00:05 9193                       /dev/nvidiactl
7f5b4c002000-7f5b4c003000 rw-s e7eee000 00:05 9194                       /dev/nvidia0
7f5b4c003000-7f5b4c004000 rw-s f6642000 00:05 9194                       /dev/nvidia0
7f5b4c004000-7f5b4c005000 rw-s c8f08000 00:05 9193                       /dev/nvidiactl
7f5b4c005000-7f5b4c006000 rw-s f6641000 00:05 9194                       /dev/nvidia0
7f5b4c006000-7f5b4c007000 rw-s c8f09000 00:05 9193                       /dev/nvidiactl
7f5b4c007000-7f5b4c008000 rw-s 7fa52000 00:05 9193                       /dev/nvidiactl
7f5b4c008000-7f5b4c009000 rw-s f6060000 00:05 9194                       /dev/nvidia0
7f5b4c009000-7f5b4c010000 r--s 00000000 08:02 5124894                    /usr/lib/x86_64-linux-gnu/gconv/gconv-modules.cache
7f5b4c010000-7f5b4c016000 r--s 002f8000 08:02 10224017                   /usr/lib/jvm/java-8-openjdk-amd64/jre/lib/charsets.jar
7f5b4c016000-7f5b4c01b000 r--s 00096000 08:02 10224264                   /usr/lib/jvm/java-8-openjdk-amd64/jre/lib/jsse.jar
7f5b4c01b000-7f5b4c01c000 r--s 00002000 08:02 2378559                    /home/tookuk/.gradle/caches/modules-2/files-2.1/net.java.jinput/jinput-platform/2.0.5/53f9c919f34d2ca9de8c51fc4e1e8282029a9232/jinput-platform-2.0.5-natives-osx.jar
7f5b4c01c000-7f5b4c01d000 r--s 00025000 08:02 2378547                    /home/tookuk/.gradle/caches/modules-2/files-2.1/net.java.jinput/jinput-platform/2.0.5/385ee093e01f587f30ee1c8a2ee7d408fd732e16/jinput-platform-2.0.5-natives-windows.jar
7f5b4c01d000-7f5b4c01e000 r--s 00002000 08:02 2375278                    /home/tookuk/.gradle/caches/modules-2/files-2.1/net.java.jinput/jinput-platform/2.0.5/7ff832a6eb9ab6a767f1ade2b548092d0fa64795/jinput-platform-2.0.5-natives-linux.jar
7f5b4c01e000-7f5b4c01f000 r--s 00001000 08:02 2375277                    /home/tookuk/.gradle/caches/modules-2/files-2.1/net.java.jutils/jutils/1.0.0/e12fe1fda814bd348c1579329c86943d2cd3c6a6/jutils-1.0.0.jar
7f5b4c01f000-7f5b4c023000 r--s 0002f000 08:02 2375237                    /home/tookuk/.gradle/caches/modules-2/files-2.1/net.java.jinput/jinput/2.0.5/39c7796b469a600f72380316f6b1f11db6c2c7c4/jinput-2.0.5.jar
7f5b4c023000-7f5b4c024000 r--s 00068000 08:02 2375235                    /home/tookuk/.gradle/caches/modules-2/files-2.1/org.lwjgl.lwjgl/lwjgl-platform/2.9.2/d55b46b40b40249d627a83a7f7f22649709d70c3/lwjgl-platform-2.9.2-natives-osx.jar
7f5b4c024000-7f5b4c025000 r--s 0008d000 08:02 2375175                    /home/tookuk/.gradle/caches/modules-2/files-2.1/org.lwjgl.lwjgl/lwjgl-platform/2.9.2/d276cdf61fe2b516c7b7f4aa1b8dea91dbdc8d56/lwjgl-platform-2.9.2-natives-linux.jar
7f5b4c025000-7f5b4c033000 r--s 000f2000 08:02 2375112                    /home/tookuk/.gradle/caches/modules-2/files-2.1/org.lwjgl.lwjgl/lwjgl/2.9.2/a9d80fe5935c7a9149f6584d9777cfd471f65489/lwjgl-2.9.2.jar
7f5b4c033000-7f5b4c04d000 r--s 001a0000 08:02 2374269                    /home/tookuk/.gradle/caches/modules-2/files-2.1/com.badlogicgames.gdx/gdx/1.7.1/2179cc613447c297623a4a6d2ba6692c3aaff804/gdx-1.7.1.jar
7f5b4c04d000-7f5b4c069000 r--s 00393000 08:02 10224019                   /usr/lib/jvm/java-8-openjdk-amd64/jre/lib/ext/cldrdata.jar
7f5b4c069000-7f5b4c084000 r--s 001d7000 08:02 10224028                   /usr/lib/jvm/java-8-openjdk-amd64/jre/lib/ext/nashorn.jar
7f5b4c084000-7f5b4c085000 ---p 00000000 00:00 0 
7f5b4c085000-7f5b4c185000 rw-p 00000000 00:00 0                          [stack:12056]
7f5b4c185000-7f5b4c188000 ---p 00000000 00:00 0 
7f5b4c188000-7f5b4c286000 rw-p 00000000 00:00 0                          [stack:12055]
7f5b4c286000-7f5b4c289000 ---p 00000000 00:00 0 
7f5b4c289000-7f5b4c387000 rw-p 00000000 00:00 0                          [stack:12054]
7f5b4c387000-7f5b4c38a000 ---p 00000000 00:00 0 
7f5b4c38a000-7f5b4c488000 rw-p 00000000 00:00 0                          [stack:12053]
7f5b4c488000-7f5b4c48b000 ---p 00000000 00:00 0 
7f5b4c48b000-7f5b4c589000 rw-p 00000000 00:00 0                          [stack:12052]
7f5b4c589000-7f5b4c58c000 ---p 00000000 00:00 0 
7f5b4c58c000-7f5b4c68a000 rw-p 00000000 00:00 0                          [stack:12051]
7f5b4c68a000-7f5b4c68d000 ---p 00000000 00:00 0 
7f5b4c68d000-7f5b4c78b000 rw-p 00000000 00:00 0                          [stack:12050]
7f5b4c78b000-7f5b4c78e000 ---p 00000000 00:00 0 
7f5b4c78e000-7f5b4c88c000 rw-p 00000000 00:00 0                          [stack:12049]
7f5b4c88c000-7f5b4c88d000 ---p 00000000 00:00 0 
7f5b4c88d000-7f5b50000000 rw-p 00000000 00:00 0                          [stack:12048]
7f5b50000000-7f5b50021000 rw-p 00000000 00:00 0 
7f5b50021000-7f5b54000000 ---p 00000000 00:00 0 
7f5b54000000-7f5b54001000 r--s 00095000 08:02 2375166                    /home/tookuk/.gradle/caches/modules-2/files-2.1/org.lwjgl.lwjgl/lwjgl-platform/2.9.2/510c7d317f5e9e700b9cfaac5fd38bdebf0702e0/lwjgl-platform-2.9.2-natives-windows.jar
7f5b54001000-7f5b54003000 r--s 00017000 08:02 2375163                    /home/tookuk/.gradle/caches/modules-2/files-2.1/org.jcraft/jorbis/0.0.17/8872d22b293e8f5d7d56ff92be966e6dc28ebdc6/jorbis-0.0.17.jar
7f5b54003000-7f5b54004000 r--s 00015000 08:02 2375162                    /home/tookuk/.gradle/caches/modules-2/files-2.1/com.badlogicgames.jlayer/jlayer/1.0.1-gdx/7cca83cec5c1b2f011362f4d85aabd71a73b049d/jlayer-1.0.1-gdx.jar
7f5b54004000-7f5b54008000 r--s 00027000 08:02 2375157                    /home/tookuk/.gradle/caches/modules-2/files-2.1/org.lwjgl.lwjgl/lwjgl_util/2.9.2/4b9e37300a87799856e0bd15ed81663cdb6b0947/lwjgl_util-2.9.2.jar
7f5b54008000-7f5b54009000 r--s 000fa000 08:02 2375101                    /home/tookuk/.gradle/caches/modules-2/files-2.1/com.badlogicgames.gdx/gdx-box2d-platform/1.7.1/6c9c371807914fcf8b354bb51ab67af2a4fda2dc/gdx-box2d-platform-1.7.1-natives-desktop.jar
7f5b54009000-7f5b5400a000 r--s 000d2000 08:02 2375051                    /home/tookuk/.gradle/caches/modules-2/files-2.1/com.badlogicgames.gdx/gdx-platform/1.7.1/5cf3464f2b86da3534f6f5e3020bc303db3c4202/gdx-platform-1.7.1-natives-desktop.jar
7f5b5400a000-7f5b5400d000 r--s 00020000 08:02 2375044                    /home/tookuk/.gradle/caches/modules-2/files-2.1/com.badlogicgames.gdx/gdx-backend-lwjgl/1.7.1/d4531b364d1c2513cb99e7bdd9515ae317007cf5/gdx-backend-lwjgl-1.7.1.jar
7f5b5400d000-7f5b5400f000 r--s 00010000 08:02 2374270                    /home/tookuk/.gradle/caches/modules-2/files-2.1/com.badlogicgames.gdx/gdx-box2d/1.7.1/fd23897393900f8f888222795e3229eff600fb3d/gdx-box2d-1.7.1.jar
7f5b5400f000-7f5b54013000 r--s 00037000 08:02 10224025                   /usr/lib/jvm/java-8-openjdk-amd64/jre/lib/ext/sunpkcs11.jar
7f5b54013000-7f5b541e0000 r--s 03be3000 08:02 10224030                   /usr/lib/jvm/java-8-openjdk-amd64/jre/lib/rt.jar
7f5b541e0000-7f5b54444000 rw-p 00000000 00:00 0 
7f5b54444000-7f5b54445000 ---p 00000000 00:00 0 
7f5b54445000-7f5b54545000 rw-p 00000000 00:00 0                          [stack:12047]
7f5b54545000-7f5b54546000 ---p 00000000 00:00 0 
7f5b54546000-7f5b54646000 rw-p 00000000 00:00 0                          [stack:12046]
7f5b54646000-7f5b54647000 ---p 00000000 00:00 0 
7f5b54647000-7f5b54747000 rw-p 00000000 00:00 0                          [stack:12045]
7f5b54747000-7f5b54748000 ---p 00000000 00:00 0 
7f5b54748000-7f5b5485d000 rw-p 00000000 00:00 0                          [stack:12044]
7f5b5485d000-7f5b54991000 ---p 00000000 00:00 0 
7f5b54991000-7f5b5499c000 rw-p 00000000 00:00 0 
7f5b5499c000-7f5b54a36000 ---p 00000000 00:00 0 
7f5b54a36000-7f5b54a4b000 rw-p 00000000 00:00 0 
7f5b54a4b000-7f5b54df7000 ---p 00000000 00:00 0 
7f5b54df7000-7f5b552d7000 rwxp 00000000 00:00 0 
7f5b552d7000-7f5b63df7000 ---p 00000000 00:00 0 
7f5b63df7000-7f5b63dff000 r-xp 00000000 08:02 10224040                   /usr/lib/jvm/java-8-openjdk-amd64/jre/lib/amd64/libzip.so
7f5b63dff000-7f5b63ffe000 ---p 00008000 08:02 10224040                   /usr/lib/jvm/java-8-openjdk-amd64/jre/lib/amd64/libzip.so
7f5b63ffe000-7f5b63fff000 r--p 00007000 08:02 10224040                   /usr/lib/jvm/java-8-openjdk-amd64/jre/lib/amd64/libzip.so
7f5b63fff000-7f5b64000000 rw-p 00008000 08:02 10224040                   /usr/lib/jvm/java-8-openjdk-amd64/jre/lib/amd64/libzip.so
7f5b64000000-7f5b643f0000 rw-p 00000000 00:00 0 
7f5b643f0000-7f5b68000000 ---p 00000000 00:00 0 
7f5b68000000-7f5b68001000 r--s 0000a000 08:02 10224023                   /usr/lib/jvm/java-8-openjdk-amd64/jre/lib/ext/jaccess.jar
7f5b68001000-7f5b68003000 r--s 00001000 08:02 10224026                   /usr/lib/jvm/java-8-openjdk-amd64/jre/lib/ext/dnsns.jar
7f5b68003000-7f5b68006000 r--s 0000f000 08:02 10224022                   /usr/lib/jvm/java-8-openjdk-amd64/jre/lib/ext/icedtea-sound.jar
7f5b68006000-7f5b68007000 r--s 00008000 08:02 10224027                   /usr/lib/jvm/java-8-openjdk-amd64/jre/lib/ext/sunec.jar
7f5b68007000-7f5b68011000 r--s 00116000 08:02 10224021                   /usr/lib/jvm/java-8-openjdk-amd64/jre/lib/ext/localedata.jar
7f5b68011000-7f5b68047000 rw-p 00000000 00:00 0 
7f5b68047000-7f5b6817c000 ---p 00000000 00:00 0 
7f5b6817c000-7f5b68187000 r-xp 00000000 08:02 4334969                    /lib/x86_64-linux-gnu/libnss_files-2.19.so
7f5b68187000-7f5b68386000 ---p 0000b000 08:02 4334969                    /lib/x86_64-linux-gnu/libnss_files-2.19.so
7f5b68386000-7f5b68387000 r--p 0000a000 08:02 4334969                    /lib/x86_64-linux-gnu/libnss_files-2.19.so
7f5b68387000-7f5b68388000 rw-p 0000b000 08:02 4334969                    /lib/x86_64-linux-gnu/libnss_files-2.19.so
7f5b68388000-7f5b68393000 r-xp 00000000 08:02 4336027                    /lib/x86_64-linux-gnu/libnss_nis-2.19.so
7f5b68393000-7f5b68592000 ---p 0000b000 08:02 4336027                    /lib/x86_64-linux-gnu/libnss_nis-2.19.so
7f5b68592000-7f5b68593000 r--p 0000a000 08:02 4336027                    /lib/x86_64-linux-gnu/libnss_nis-2.19.so
7f5b68593000-7f5b68594000 rw-p 0000b000 08:02 4336027                    /lib/x86_64-linux-gnu/libnss_nis-2.19.so
7f5b68594000-7f5b685ab000 r-xp 00000000 08:02 4334994                    /lib/x86_64-linux-gnu/libnsl-2.19.so
7f5b685ab000-7f5b687aa000 ---p 00017000 08:02 4334994                    /lib/x86_64-linux-gnu/libnsl-2.19.so
7f5b687aa000-7f5b687ab000 r--p 00016000 08:02 4334994                    /lib/x86_64-linux-gnu/libnsl-2.19.so
7f5b687ab000-7f5b687ac000 rw-p 00017000 08:02 4334994                    /lib/x86_64-linux-gnu/libnsl-2.19.so
7f5b687ac000-7f5b687ae000 rw-p 00000000 00:00 0 
7f5b687ae000-7f5b687b7000 r-xp 00000000 08:02 4334990                    /lib/x86_64-linux-gnu/libnss_compat-2.19.so
7f5b687b7000-7f5b689b6000 ---p 00009000 08:02 4334990                    /lib/x86_64-linux-gnu/libnss_compat-2.19.so
7f5b689b6000-7f5b689b7000 r--p 00008000 08:02 4334990                    /lib/x86_64-linux-gnu/libnss_compat-2.19.so
7f5b689b7000-7f5b689b8000 rw-p 00009000 08:02 4334990                    /lib/x86_64-linux-gnu/libnss_compat-2.19.so
7f5b689b8000-7f5b689e4000 r-xp 00000000 08:02 10224235                   /usr/lib/jvm/java-8-openjdk-amd64/jre/lib/amd64/libjava.so
7f5b689e4000-7f5b68be4000 ---p 0002c000 08:02 10224235                   /usr/lib/jvm/java-8-openjdk-amd64/jre/lib/amd64/libjava.so
7f5b68be4000-7f5b68be5000 r--p 0002c000 08:02 10224235                   /usr/lib/jvm/java-8-openjdk-amd64/jre/lib/amd64/libjava.so
7f5b68be5000-7f5b68be7000 rw-p 0002d000 08:02 10224235                   /usr/lib/jvm/java-8-openjdk-amd64/jre/lib/amd64/libjava.so
7f5b68be7000-7f5b68bf7000 r-xp 00000000 08:02 10224248                   /usr/lib/jvm/java-8-openjdk-amd64/jre/lib/amd64/libverify.so
7f5b68bf7000-7f5b68df6000 ---p 00010000 08:02 10224248                   /usr/lib/jvm/java-8-openjdk-amd64/jre/lib/amd64/libverify.so
7f5b68df6000-7f5b68df8000 r--p 0000f000 08:02 10224248                   /usr/lib/jvm/java-8-openjdk-amd64/jre/lib/amd64/libverify.so
7f5b68df8000-7f5b68df9000 rw-p 00011000 08:02 10224248                   /usr/lib/jvm/java-8-openjdk-amd64/jre/lib/amd64/libverify.so
7f5b68df9000-7f5b68e00000 r-xp 00000000 08:02 4336021                    /lib/x86_64-linux-gnu/librt-2.19.so
7f5b68e00000-7f5b68fff000 ---p 00007000 08:02 4336021                    /lib/x86_64-linux-gnu/librt-2.19.so
7f5b68fff000-7f5b69000000 r--p 00006000 08:02 4336021                    /lib/x86_64-linux-gnu/librt-2.19.so
7f5b69000000-7f5b69001000 rw-p 00007000 08:02 4336021                    /lib/x86_64-linux-gnu/librt-2.19.so
7f5b69001000-7f5b69017000 r-xp 00000000 08:02 4325465                    /lib/x86_64-linux-gnu/libgcc_s.so.1
7f5b69017000-7f5b69216000 ---p 00016000 08:02 4325465                    /lib/x86_64-linux-gnu/libgcc_s.so.1
7f5b69216000-7f5b69217000 rw-p 00015000 08:02 4325465                    /lib/x86_64-linux-gnu/libgcc_s.so.1
7f5b69217000-7f5b6931c000 r-xp 00000000 08:02 4334968                    /lib/x86_64-linux-gnu/libm-2.19.so
7f5b6931c000-7f5b6951b000 ---p 00105000 08:02 4334968                    /lib/x86_64-linux-gnu/libm-2.19.so
7f5b6951b000-7f5b6951c000 r--p 00104000 08:02 4334968                    /lib/x86_64-linux-gnu/libm-2.19.so
7f5b6951c000-7f5b6951d000 rw-p 00105000 08:02 4334968                    /lib/x86_64-linux-gnu/libm-2.19.so
7f5b6951d000-7f5b69603000 r-xp 00000000 08:02 4852375                    /usr/lib/x86_64-linux-gnu/libstdc++.so.6.0.19
7f5b69603000-7f5b69802000 ---p 000e6000 08:02 4852375                    /usr/lib/x86_64-linux-gnu/libstdc++.so.6.0.19
7f5b69802000-7f5b6980a000 r--p 000e5000 08:02 4852375                    /usr/lib/x86_64-linux-gnu/libstdc++.so.6.0.19
7f5b6980a000-7f5b6980c000 rw-p 000ed000 08:02 4852375                    /usr/lib/x86_64-linux-gnu/libstdc++.so.6.0.19
7f5b6980c000-7f5b69821000 rw-p 00000000 00:00 0 
7f5b69821000-7f5b6a40d000 r-xp 00000000 08:02 10224242                   /usr/lib/jvm/java-8-openjdk-amd64/jre/lib/amd64/server/libjvm.so
7f5b6a40d000-7f5b6a60d000 ---p 00bec000 08:02 10224242                   /usr/lib/jvm/java-8-openjdk-amd64/jre/lib/amd64/server/libjvm.so
7f5b6a60d000-7f5b6a6ab000 r--p 00bec000 08:02 10224242                   /usr/lib/jvm/java-8-openjdk-amd64/jre/lib/amd64/server/libjvm.so
7f5b6a6ab000-7f5b6a6d4000 rw-p 00c8a000 08:02 10224242                   /usr/lib/jvm/java-8-openjdk-amd64/jre/lib/amd64/server/libjvm.so
7f5b6a6d4000-7f5b6a704000 rw-p 00000000 00:00 0 
7f5b6a704000-7f5b6a71d000 r-xp 00000000 08:02 4336016                    /lib/x86_64-linux-gnu/libpthread-2.19.so
7f5b6a71d000-7f5b6a91c000 ---p 00019000 08:02 4336016                    /lib/x86_64-linux-gnu/libpthread-2.19.so
7f5b6a91c000-7f5b6a91d000 r--p 00018000 08:02 4336016                    /lib/x86_64-linux-gnu/libpthread-2.19.so
7f5b6a91d000-7f5b6a91e000 rw-p 00019000 08:02 4336016                    /lib/x86_64-linux-gnu/libpthread-2.19.so
7f5b6a91e000-7f5b6a922000 rw-p 00000000 00:00 0 
7f5b6a922000-7f5b6a925000 r-xp 00000000 08:02 4334979                    /lib/x86_64-linux-gnu/libdl-2.19.so
7f5b6a925000-7f5b6ab24000 ---p 00003000 08:02 4334979                    /lib/x86_64-linux-gnu/libdl-2.19.so
7f5b6ab24000-7f5b6ab25000 r--p 00002000 08:02 4334979                    /lib/x86_64-linux-gnu/libdl-2.19.so
7f5b6ab25000-7f5b6ab26000 rw-p 00003000 08:02 4334979                    /lib/x86_64-linux-gnu/libdl-2.19.so
7f5b6ab26000-7f5b6ab3e000 r-xp 00000000 08:02 4329561                    /lib/x86_64-linux-gnu/libz.so.1.2.8
7f5b6ab3e000-7f5b6ad3d000 ---p 00018000 08:02 4329561                    /lib/x86_64-linux-gnu/libz.so.1.2.8
7f5b6ad3d000-7f5b6ad3e000 r--p 00017000 08:02 4329561                    /lib/x86_64-linux-gnu/libz.so.1.2.8
7f5b6ad3e000-7f5b6ad3f000 rw-p 00018000 08:02 4329561                    /lib/x86_64-linux-gnu/libz.so.1.2.8
7f5b6ad3f000-7f5b6aefa000 r-xp 00000000 08:02 4336012                    /lib/x86_64-linux-gnu/libc-2.19.so
7f5b6aefa000-7f5b6b0f9000 ---p 001bb000 08:02 4336012                    /lib/x86_64-linux-gnu/libc-2.19.so
7f5b6b0f9000-7f5b6b0fd000 r--p 001ba000 08:02 4336012                    /lib/x86_64-linux-gnu/libc-2.19.so
7f5b6b0fd000-7f5b6b0ff000 rw-p 001be000 08:02 4336012                    /lib/x86_64-linux-gnu/libc-2.19.so
7f5b6b0ff000-7f5b6b104000 rw-p 00000000 00:00 0 
7f5b6b104000-7f5b6b111000 r-xp 00000000 08:02 10224249                   /usr/lib/jvm/java-8-openjdk-amd64/jre/lib/amd64/jli/libjli.so
7f5b6b111000-7f5b6b311000 ---p 0000d000 08:02 10224249                   /usr/lib/jvm/java-8-openjdk-amd64/jre/lib/amd64/jli/libjli.so
7f5b6b311000-7f5b6b312000 r--p 0000d000 08:02 10224249                   /usr/lib/jvm/java-8-openjdk-amd64/jre/lib/amd64/jli/libjli.so
7f5b6b312000-7f5b6b313000 rw-p 0000e000 08:02 10224249                   /usr/lib/jvm/java-8-openjdk-amd64/jre/lib/amd64/jli/libjli.so
7f5b6b313000-7f5b6b336000 r-xp 00000000 08:02 4336000                    /lib/x86_64-linux-gnu/ld-2.19.so
7f5b6b336000-7f5b6b337000 r--s 00010000 08:02 10224020                   /usr/lib/jvm/java-8-openjdk-amd64/jre/lib/ext/zipfs.jar
7f5b6b337000-7f5b6b33d000 r--s 0003a000 08:02 10224024                   /usr/lib/jvm/java-8-openjdk-amd64/jre/lib/ext/sunjce_provider.jar
7f5b6b33d000-7f5b6b40d000 rw-p 00000000 00:00 0 
7f5b6b40d000-7f5b6b410000 ---p 00000000 00:00 0 
7f5b6b410000-7f5b6b513000 rw-p 00000000 00:00 0                          [stack:12043]
7f5b6b513000-7f5b6b515000 r--s 00006000 08:02 5250933                    /usr/share/java/java-atk-wrapper.jar
7f5b6b515000-7f5b6b529000 rw-p 00000000 00:00 0 
7f5b6b529000-7f5b6b531000 rw-s 00000000 08:02 2364027                    /tmp/hsperfdata_tookuk/12037
7f5b6b531000-7f5b6b532000 rw-p 00000000 00:00 0 
7f5b6b532000-7f5b6b533000 r--p 00000000 00:00 0 
7f5b6b533000-7f5b6b535000 rw-p 00000000 00:00 0 
7f5b6b535000-7f5b6b536000 r--p 00022000 08:02 4336000                    /lib/x86_64-linux-gnu/ld-2.19.so
7f5b6b536000-7f5b6b537000 rw-p 00023000 08:02 4336000                    /lib/x86_64-linux-gnu/ld-2.19.so
7f5b6b537000-7f5b6b538000 rw-p 00000000 00:00 0 
7fffe79a6000-7fffe79c8000 rw-p 00000000 00:00 0                          [stack]
7fffe79e6000-7fffe79e8000 r-xp 00000000 00:00 0                          [vdso]
ffffffffff600000-ffffffffff601000 r-xp 00000000 00:00 0                  [vsyscall]

VM Arguments:
jvm_args: -Dfile.encoding=UTF-8 
java_command: ru.wtf.desktop.DesktopLauncher
java_class_path (initial): /home/tookuk/eclipseWorkspace/tryGame/desktop/bin:/home/tookuk/eclipseWorkspace/tryGame/core/bin:/home/tookuk/.gradle/caches/modules-2/files-2.1/com.badlogicgames.gdx/gdx/1.7.1/2179cc613447c297623a4a6d2ba6692c3aaff804/gdx-1.7.1.jar:/home/tookuk/.gradle/caches/modules-2/files-2.1/com.badlogicgames.gdx/gdx-box2d/1.7.1/fd23897393900f8f888222795e3229eff600fb3d/gdx-box2d-1.7.1.jar:/home/tookuk/.gradle/caches/modules-2/files-2.1/com.badlogicgames.gdx/gdx-backend-lwjgl/1.7.1/d4531b364d1c2513cb99e7bdd9515ae317007cf5/gdx-backend-lwjgl-1.7.1.jar:/home/tookuk/.gradle/caches/modules-2/files-2.1/com.badlogicgames.gdx/gdx-platform/1.7.1/5cf3464f2b86da3534f6f5e3020bc303db3c4202/gdx-platform-1.7.1-natives-desktop.jar:/home/tookuk/.gradle/caches/modules-2/files-2.1/com.badlogicgames.gdx/gdx-box2d-platform/1.7.1/6c9c371807914fcf8b354bb51ab67af2a4fda2dc/gdx-box2d-platform-1.7.1-natives-desktop.jar:/home/tookuk/.gradle/caches/modules-2/files-2.1/org.lwjgl.lwjgl/lwjgl/2.9.2/a9d80fe5935c7a9149f6584d9777cfd471f65489/lwjgl-2.9.2.jar:/home/tookuk/.gradle/caches/modules-2/files-2.1/org.lwjgl.lwjgl/lwjgl_util/2.9.2/4b9e37300a87799856e0bd15ed81663cdb6b0947/lwjgl_util-2.9.2.jar:/home/tookuk/.gradle/caches/modules-2/files-2.1/com.badlogicgames.jlayer/jlayer/1.0.1-gdx/7cca83cec5c1b2f011362f4d85aabd71a73b049d/jlayer-1.0.1-gdx.jar:/home/tookuk/.gradle/caches/modules-2/files-2.1/org.jcraft/jorbis/0.0.17/8872d22b293e8f5d7d56ff92be966e6dc28ebdc6/jorbis-0.0.17.jar:/home/tookuk/.gradle/caches/modules-2/files-2.1/org.lwjgl.lwjgl/lwjgl-platform/2.9.2/510c7d317f5e9e700b9cfaac5fd38bdebf0702e0/lwjgl-platform-2.9.2-natives-windows.jar:/home/tookuk/.gradle/caches/modules-2/files-2.1/org.lwjgl.lwjgl/lwjgl-platform/2.9.2/d276cdf61fe2b516c7b7f4aa1b8dea91dbdc8d56/lwjgl-platform-2.9.2-natives-linux.jar:/home/tookuk/.gradle/caches/modules-2/files-2.1/org.lwjgl.lwjgl/lwjgl-platform/2.9.2/d55b46b40b40249d627a83a7f7f22649709d70c3/lwjgl-platform-2.9.2-natives-osx.jar:/home/tookuk/.gradle/cac
Launcher Type: SUN_STANDARD

Environment Variables:
JAVA_HOME=/usr/lib/jvm/java-8-openjdk-amd64
PATH=/usr/local/sbin:/usr/local/bin:/usr/sbin:/usr/bin:/sbin:/bin:/usr/games:/usr/local/games:/home/tookuk/bin:/usr/lib/jvm/java-8-openjdk-amd64/bin
SHELL=/bin/bash
DISPLAY=:0

Signal Handlers:
SIGSEGV: [libjvm.so+0x9f42a0], sa_mask[0]=11111111011111111101111111111110, sa_flags=SA_RESTART|SA_SIGINFO
SIGBUS: [libjvm.so+0x9f42a0], sa_mask[0]=11111111011111111101111111111110, sa_flags=SA_RESTART|SA_SIGINFO
SIGFPE: [libjvm.so+0x8558d0], sa_mask[0]=11111111011111111101111111111110, sa_flags=SA_RESTART|SA_SIGINFO
SIGPIPE: [libjvm.so+0x8558d0], sa_mask[0]=11111111011111111101111111111110, sa_flags=SA_RESTART|SA_SIGINFO
SIGXFSZ: [libjvm.so+0x8558d0], sa_mask[0]=11111111011111111101111111111110, sa_flags=SA_RESTART|SA_SIGINFO
SIGILL: [libjvm.so+0x8558d0], sa_mask[0]=11111111011111111101111111111110, sa_flags=SA_RESTART|SA_SIGINFO
SIGUSR1: SIG_DFL, sa_mask[0]=00000000000000000000000000000000, sa_flags=none
SIGUSR2: [libjvm.so+0x8557a0], sa_mask[0]=00100000000000000000000000000000, sa_flags=SA_RESTART|SA_SIGINFO
SIGHUP: [libjvm.so+0x855990], sa_mask[0]=11111111011111111101111111111110, sa_flags=SA_RESTART|SA_SIGINFO
SIGINT: [libjvm.so+0x855990], sa_mask[0]=11111111011111111101111111111110, sa_flags=SA_RESTART|SA_SIGINFO
SIGTERM: [libjvm.so+0x855990], sa_mask[0]=11111111011111111101111111111110, sa_flags=SA_RESTART|SA_SIGINFO
SIGQUIT: [libjvm.so+0x855990], sa_mask[0]=11111111011111111101111111111110, sa_flags=SA_RESTART|SA_SIGINFO


---------------  S Y S T E M  ---------------

OS:DISTRIB_ID=Ubuntu
DISTRIB_RELEASE=14.04
DISTRIB_CODENAME=trusty
DISTRIB_DESCRIPTION="Ubuntu 14.04.3 LTS"

uname:Linux 3.13.0-74-generic #118-Ubuntu SMP Thu Dec 17 22:52:10 UTC 2015 x86_64
libc:glibc 2.19 NPTL 2.19 
rlimit: STACK 8192k, CORE 0k, NPROC 31346, NOFILE 4096, AS infinity
load average:0,42 0,44 0,49

/proc/meminfo:
MemTotal:        4043408 kB
MemFree:          129428 kB
Buffers:            4912 kB
Cached:           352252 kB
SwapCached:            0 kB
Active:          3361324 kB
Inactive:         252220 kB
Active(anon):    3258880 kB
Inactive(anon):   192864 kB
Active(file):     102444 kB
Inactive(file):    59356 kB
Unevictable:          32 kB
Mlocked:              32 kB
SwapTotal:             0 kB
SwapFree:              0 kB
Dirty:               208 kB
Writeback:             0 kB
AnonPages:       3256728 kB
Mapped:           416628 kB
Shmem:            195120 kB
Slab:              76304 kB
SReclaimable:      34296 kB
SUnreclaim:        42008 kB
KernelStack:        5424 kB
PageTables:        48324 kB
NFS_Unstable:          0 kB
Bounce:                0 kB
WritebackTmp:          0 kB
CommitLimit:     2021704 kB
Committed_AS:    8810516 kB
VmallocTotal:   34359738367 kB
VmallocUsed:      112808 kB
VmallocChunk:   34359620988 kB
HardwareCorrupted:     0 kB
AnonHugePages:   1069056 kB
HugePages_Total:       0
HugePages_Free:        0
HugePages_Rsvd:        0
HugePages_Surp:        0
Hugepagesize:       2048 kB
DirectMap4k:      337792 kB
DirectMap2M:     3852288 kB


CPU:total 4 (4 cores per cpu, 1 threads per core) family 6 model 30 stepping 5, cmov, cx8, fxsr, mmx, sse, sse2, sse3, ssse3, sse4.1, sse4.2, popcnt, tsc, tscinvbit

/proc/cpuinfo:
processor	: 0
vendor_id	: GenuineIntel
cpu family	: 6
model		: 30
model name	: Intel(R) Core(TM) i5 CPU         760  @ 2.80GHz
stepping	: 5
microcode	: 0x3
cpu MHz		: 1197.000
cache size	: 8192 KB
physical id	: 0
siblings	: 4
core id		: 0
cpu cores	: 4
apicid		: 0
initial apicid	: 0
fpu		: yes
fpu_exception	: yes
cpuid level	: 11
wp		: yes
flags		: fpu vme de pse tsc msr pae mce cx8 apic sep mtrr pge mca cmov pat pse36 clflush dts acpi mmx fxsr sse sse2 ss ht tm pbe syscall nx rdtscp lm constant_tsc arch_perfmon pebs bts rep_good nopl xtopology nonstop_tsc aperfmperf pni dtes64 monitor ds_cpl vmx smx est tm2 ssse3 cx16 xtpr pdcm sse4_1 sse4_2 popcnt lahf_lm ida dtherm tpr_shadow vnmi flexpriority ept vpid
bogomips	: 5596.19
clflush size	: 64
cache_alignment	: 64
address sizes	: 36 bits physical, 48 bits virtual
power management:

processor	: 1
vendor_id	: GenuineIntel
cpu family	: 6
model		: 30
model name	: Intel(R) Core(TM) i5 CPU         760  @ 2.80GHz
stepping	: 5
microcode	: 0x3
cpu MHz		: 1197.000
cache size	: 8192 KB
physical id	: 0
siblings	: 4
core id		: 1
cpu cores	: 4
apicid		: 2
initial apicid	: 2
fpu		: yes
fpu_exception	: yes
cpuid level	: 11
wp		: yes
flags		: fpu vme de pse tsc msr pae mce cx8 apic sep mtrr pge mca cmov pat pse36 clflush dts acpi mmx fxsr sse sse2 ss ht tm pbe syscall nx rdtscp lm constant_tsc arch_perfmon pebs bts rep_good nopl xtopology nonstop_tsc aperfmperf pni dtes64 monitor ds_cpl vmx smx est tm2 ssse3 cx16 xtpr pdcm sse4_1 sse4_2 popcnt lahf_lm ida dtherm tpr_shadow vnmi flexpriority ept vpid
bogomips	: 5596.19
clflush size	: 64
cache_alignment	: 64
address sizes	: 36 bits physical, 48 bits virtual
power management:

processor	: 2
vendor_id	: GenuineIntel
cpu family	: 6
model		: 30
model name	: Intel(R) Core(TM) i5 CPU         760  @ 2.80GHz
stepping	: 5
microcode	: 0x3
cpu MHz		: 1197.000
cache size	: 8192 KB
physical id	: 0
siblings	: 4
core id		: 2
cpu cores	: 4
apicid		: 4
initial apicid	: 4
fpu		: yes
fpu_exception	: yes
cpuid level	: 11
wp		: yes
flags		: fpu vme de pse tsc msr pae mce cx8 apic sep mtrr pge mca cmov pat pse36 clflush dts acpi mmx fxsr sse sse2 ss ht tm pbe syscall nx rdtscp lm constant_tsc arch_perfmon pebs bts rep_good nopl xtopology nonstop_tsc aperfmperf pni dtes64 monitor ds_cpl vmx smx est tm2 ssse3 cx16 xtpr pdcm sse4_1 sse4_2 popcnt lahf_lm ida dtherm tpr_shadow vnmi flexpriority ept vpid
bogomips	: 5596.19
clflush size	: 64
cache_alignment	: 64
address sizes	: 36 bits physical, 48 bits virtual
power management:

processor	: 3
vendor_id	: GenuineIntel
cpu family	: 6
model		: 30
model name	: Intel(R) Core(TM) i5 CPU         760  @ 2.80GHz
stepping	: 5
microcode	: 0x3
cpu MHz		: 1197.000
cache size	: 8192 KB
physical id	: 0
siblings	: 4
core id		: 3
cpu cores	: 4
apicid		: 6
initial apicid	: 6
fpu		: yes
fpu_exception	: yes
cpuid level	: 11
wp		: yes
flags		: fpu vme de pse tsc msr pae mce cx8 apic sep mtrr pge mca cmov pat pse36 clflush dts acpi mmx fxsr sse sse2 ss ht tm pbe syscall nx rdtscp lm constant_tsc arch_perfmon pebs bts rep_good nopl xtopology nonstop_tsc aperfmperf pni dtes64 monitor ds_cpl vmx smx est tm2 ssse3 cx16 xtpr pdcm sse4_1 sse4_2 popcnt lahf_lm ida dtherm tpr_shadow vnmi flexpriority ept vpid
bogomips	: 5596.19
clflush size	: 64
cache_alignment	: 64
address sizes	: 36 bits physical, 48 bits virtual
power management:



Memory: 4k page, physical 4043408k(129428k free), swap 0k(0k free)

vm_info: OpenJDK 64-Bit Server VM (25.72-b05) for linux-amd64 JRE (1.8.0_72-internal-b05), built on Dec 16 2015 06:15:44 by "buildd" with gcc 4.8.2

time: Fri Dec 25 16:50:20 2015
elapsed time: 6 seconds (0d 0h 0m 6s)

