#
# A fatal error has been detected by the Java Runtime Environment:
#
#  SIGSEGV (0xb) at pc=0x00007fa5346ba9eb, pid=6235, tid=140347584800512
#
# JRE version: OpenJDK Runtime Environment (8.0_72-b15) (build 1.8.0_72-internal-b15)
# Java VM: OpenJDK 64-Bit Server VM (25.72-b15 mixed mode linux-amd64 compressed oops)
# Problematic frame:
# C  [libgdx-box2d64.so+0x219eb]  b2BlockAllocator::Allocate(int)+0x4b
#
# Failed to write core dump. Core dumps have been disabled. To enable core dumping, try "ulimit -c unlimited" before starting Java again
#
# If you would like to submit a bug report, please visit:
#   http://bugreport.java.com/bugreport/crash.jsp
# The crash happened outside the Java Virtual Machine in native code.
# See problematic frame for where to report the bug.
#

---------------  T H R E A D  ---------------

Current thread (0x00007fa584472000):  JavaThread "LWJGL Application" [_thread_in_native, id=6260, stack(0x00007fa537dfe000,0x00007fa537eff000)]

siginfo: si_signo: 11 (SIGSEGV), si_code: 1 (SEGV_MAPERR), si_addr: 0x0000002600000002

Registers:
RAX=0x0000002600000002, RBX=0x00007fa5184efe40, RCX=0x0000000000000002, RDX=0x00007fa5184efe40
RSP=0x00007fa537efd1d0, RBP=0x00007fa5184efe70, RSI=0x00000000000000b8, RDI=0x00007fa5184efe40
R8 =0x0000000000000001, R9 =0x0000000000000001, R10=0x0000000000000000, R11=0x0000000000000001
R12=0x0000000000000000, R13=0x0000000000000006, R14=0x00007fa537efd1f0, R15=0x00007fa584472000
RIP=0x00007fa5346ba9eb, EFLAGS=0x0000000000010202, CSGSFS=0x0000000000000033, ERR=0x0000000000000004
  TRAPNO=0x000000000000000e

Top of Stack: (sp=0x00007fa537efd1d0)
0x00007fa537efd1d0:   00007fa56fc54898 00007fa5184efe40
0x00007fa537efd1e0:   00007fa537efd230 0000000000000000
0x00007fa537efd1f0:   00007fa5345d2460 00007fa5346d02af
0x00007fa537efd200:   00007fa537efd5c8 00007fa57531e264
0x00007fa537efd210:   00000000684247a2 00000000d873ace0
0x00007fa537efd220:   00007fa537efd2e0 00007fa5346d6020
0x00007fa537efd230:   4266b3eb00000002 0000000045957ba8
0x00007fa537efd240:   0000000000000000 0000000000000000
0x00007fa537efd250:   0000010100000000 00007fa575322301
0x00007fa537efd260:   0000000000000000 00007fa53f800000
0x00007fa537efd270:   00007fa537efd5c8 00007fa575365d63
0x00007fa537efd280:   0000000000000000 0000000000000000
0x00007fa537efd290:   0000000000000001 000000003f800000
0x00007fa537efd2a0:   00000000d873ace0 0000000500000005
0x00007fa537efd2b0:   000000003f800000 000000003f800000
0x00007fa537efd2c0:   00000000d88acb90 0000000500000005
0x00007fa537efd2d0:   000000003f800000 000000003f800000
0x00007fa537efd2e0:   00007fa537efd5c8 00007fa57536953c
0x00007fa537efd2f0:   00007fa500000000 00007fa500000001
0x00007fa537efd300:   000000003f800000 00007fa500000000
0x00007fa537efd310:   0000000000000000 0000000000000000
0x00007fa537efd320:   00000000d7644588 00000000d76445b0
0x00007fa537efd330:   00000000d88acb90 3f80000000000000
0x00007fa537efd340:   3f80000000000000 00007fa537efd3c0
0x00007fa537efd350:   00007fa537efd5c8 00007fa57534eeb4
0x00007fa537efd360:   45958246425b2aec 0000000000000000
0x00007fa537efd370:   0000000040800000 00007fa575547f9e
0x00007fa537efd380:   00000000d8813a20 00007fa575545644
0x00007fa537efd390:   00007fa537efd5c8 00000000d873ace0
0x00007fa537efd3a0:   00007fa51851f140 00000000d8813ad0
0x00007fa537efd3b0:   00000000d87a2020 00007fa584472000
0x00007fa537efd3c0:   00007fa537efd5c8 00007fa57536fe64 

Instructions: (pc=0x00007fa5346ba9eb)
0x00007fa5346ba9cb:   0f b6 04 30 3c 0d 44 0f b6 e8 0f 87 ae 01 00 00
0x00007fa5346ba9db:   48 8d 2c c7 48 89 fb 48 8b 45 10 48 85 c0 74 35
0x00007fa5346ba9eb:   48 8b 10 48 89 c7 48 89 f8 48 89 55 10 48 83 c4
0x00007fa5346ba9fb:   08 5b 5d 41 5c 41 5d c3 0f 1f 44 00 00 48 83 c4 

Register to memory mapping:

RAX=0x0000002600000002 is an unknown value
RBX=0x00007fa5184efe40 is an unknown value
RCX=0x0000000000000002 is an unknown value
RDX=0x00007fa5184efe40 is an unknown value
RSP=0x00007fa537efd1d0 is pointing into the stack for thread: 0x00007fa584472000
RBP=0x00007fa5184efe70 is an unknown value
RSI=0x00000000000000b8 is an unknown value
RDI=0x00007fa5184efe40 is an unknown value
R8 =0x0000000000000001 is an unknown value
R9 =0x0000000000000001 is an unknown value
R10=0x0000000000000000 is an unknown value
R11=0x0000000000000001 is an unknown value
R12=0x0000000000000000 is an unknown value
R13=0x0000000000000006 is an unknown value
R14=0x00007fa537efd1f0 is pointing into the stack for thread: 0x00007fa584472000
R15=0x00007fa584472000 is a thread


Stack: [0x00007fa537dfe000,0x00007fa537eff000],  sp=0x00007fa537efd1d0,  free space=1020k
Native frames: (J=compiled Java code, j=interpreted, Vv=VM code, C=native code)
C  [libgdx-box2d64.so+0x219eb]  b2BlockAllocator::Allocate(int)+0x4b

Java frames: (J=compiled Java code, j=interpreted, Vv=VM code)
J 902  com.badlogic.gdx.physics.box2d.World.jniCreateBody(JIFFFFFFFFZZZZZF)J (0 bytes) @ 0x00007fa575365c59 [0x00007fa575365c00+0x59]
J 901 C1 com.badlogic.gdx.physics.box2d.World.createBody(Lcom/badlogic/gdx/physics/box2d/BodyDef;)Lcom/badlogic/gdx/physics/box2d/Body; (120 bytes) @ 0x00007fa57536953c [0x00007fa5753693a0+0x19c]
J 913 C1 ru.wtf.sprites.SimpleWallPart.addToWorld(FFF)V (69 bytes) @ 0x00007fa57536fe64 [0x00007fa57536fd00+0x164]
J 914 C1 ru.wtf.objects.SimpleWallManager.buildNextBody(FFFFLru/wtf/objects/WallType;)Lru/wtf/sprites/SimpleWallPart; (54 bytes) @ 0x00007fa575370a7c [0x00007fa575370760+0x31c]
j  ru.wtf.objects.SimpleWallManager.buildRow(FFFFLru/wtf/objects/WallType;)V+53
j  ru.wtf.objects.SimpleWallManager.buildWall(FFFIFLru/wtf/objects/WallType;)V+110
J 1573 C1 ru.wtf.screens.GameScreen.wallGeneration()V (92 bytes) @ 0x00007fa575568614 [0x00007fa5755680a0+0x574]
J 1563 C1 ru.wtf.screens.GameScreen.render(F)V (221 bytes) @ 0x00007fa5755569fc [0x00007fa575555f60+0xa9c]
J 1536 C1 ru.wtf.MyGdxGame.render()V (5 bytes) @ 0x00007fa57554113c [0x00007fa575540f60+0x1dc]
j  com.badlogic.gdx.backends.lwjgl.LwjglApplication.mainLoop()V+684
j  com.badlogic.gdx.backends.lwjgl.LwjglApplication$1.run()V+27
v  ~StubRoutines::call_stub

---------------  P R O C E S S  ---------------

Java Threads: ( => current thread )
  0x00007fa51801e800 JavaThread "process reaper" daemon [_thread_blocked, id=6262, stack(0x00007fa56c067000,0x00007fa56c0a0000)]
  0x00007fa58400b000 JavaThread "DestroyJavaVM" [_thread_blocked, id=6241, stack(0x00007fa58b7d3000,0x00007fa58b8d4000)]
=>0x00007fa584472000 JavaThread "LWJGL Application" [_thread_in_native, id=6260, stack(0x00007fa537dfe000,0x00007fa537eff000)]
  0x00007fa5843cc000 JavaThread "AWT-XAWT" daemon [_thread_in_native, id=6256, stack(0x00007fa55efc7000,0x00007fa55f0c8000)]
  0x00007fa5843af000 JavaThread "Java2D Disposer" daemon [_thread_blocked, id=6255, stack(0x00007fa56c0b5000,0x00007fa56c1b6000)]
  0x00007fa5840c2800 JavaThread "Service Thread" daemon [_thread_blocked, id=6253, stack(0x00007fa56d867000,0x00007fa56d968000)]
  0x00007fa5840b3000 JavaThread "C1 CompilerThread2" daemon [_thread_blocked, id=6252, stack(0x00007fa56d968000,0x00007fa56da69000)]
  0x00007fa5840b1000 JavaThread "C2 CompilerThread1" daemon [_thread_blocked, id=6251, stack(0x00007fa56da69000,0x00007fa56db6a000)]
  0x00007fa5840ae000 JavaThread "C2 CompilerThread0" daemon [_thread_blocked, id=6250, stack(0x00007fa56db6a000,0x00007fa56dc6b000)]
  0x00007fa5840ac000 JavaThread "Signal Dispatcher" daemon [_thread_blocked, id=6249, stack(0x00007fa56dc6b000,0x00007fa56dd6c000)]
  0x00007fa584084800 JavaThread "Finalizer" daemon [_thread_blocked, id=6248, stack(0x00007fa56e580000,0x00007fa56e681000)]
  0x00007fa584080000 JavaThread "Reference Handler" daemon [_thread_blocked, id=6247, stack(0x00007fa56e681000,0x00007fa56e782000)]

Other Threads:
  0x00007fa584078800 VMThread [stack: 0x00007fa56e782000,0x00007fa56e883000] [id=6246]
  0x00007fa5840c5000 WatcherThread [stack: 0x00007fa56d766000,0x00007fa56d867000] [id=6254]

VM state:not at safepoint (normal execution)

VM Mutex/Monitor currently owned by a thread: None

Heap:
 PSYoungGen      total 37888K, used 19733K [0x00000000d6700000, 0x00000000d9100000, 0x0000000100000000)
  eden space 32768K, 48% used [0x00000000d6700000,0x00000000d769a1b8,0x00000000d8700000)
  from space 5120K, 73% used [0x00000000d8700000,0x00000000d8aab2d8,0x00000000d8c00000)
  to   space 5120K, 0% used [0x00000000d8c00000,0x00000000d8c00000,0x00000000d9100000)
 ParOldGen       total 86016K, used 88K [0x0000000083400000, 0x0000000088800000, 0x00000000d6700000)
  object space 86016K, 0% used [0x0000000083400000,0x0000000083416010,0x0000000088800000)
 Metaspace       used 10835K, capacity 11045K, committed 11136K, reserved 1058816K
  class space    used 986K, capacity 1064K, committed 1152K, reserved 1048576K

Card table byte_map: [0x00007fa574859000,0x00007fa574c40000] byte_map_base: 0x00007fa57443f000

Marking Bits: (ParMarkBitMap*) 0x00007fa58aab0080
 Begin Bits: [0x00007fa5705f5000, 0x00007fa572525000)
 End Bits:   [0x00007fa572525000, 0x00007fa574455000)

Polling page: 0x00007fa58b8f9000

CodeCache: size=245760Kb used=5934Kb max_used=5947Kb free=239825Kb
 bounds [0x00007fa575000000, 0x00007fa5755e0000, 0x00007fa584000000]
 total_blobs=2305 nmethods=1694 adapters=527
 compilation: enabled

Compilation events (10 events):
Event: 35,138 Thread 0x00007fa5840ae000 nmethod 1694 0x00007fa5755ad750 code [0x00007fa5755ad8c0, 0x00007fa5755ad9c8]
Event: 35,138 Thread 0x00007fa5840b1000 nmethod 1695 0x00007fa5755cbed0 code [0x00007fa5755cc040, 0x00007fa5755cc148]
Event: 35,237 Thread 0x00007fa5840b1000 1696       4       ru.wtf.world.WorldContactListener::postSolve (1 bytes)
Event: 35,237 Thread 0x00007fa5840b1000 nmethod 1696 0x00007fa575525090 code [0x00007fa5755251e0, 0x00007fa575525238]
Event: 36,170 Thread 0x00007fa5840ae000 1697       4       ru.wtf.world.WorldContactListener::preSolve (44 bytes)
Event: 36,187 Thread 0x00007fa5840ae000 nmethod 1697 0x00007fa5755d5790 code [0x00007fa5755d5a00, 0x00007fa5755d65f0]
Event: 36,574 Thread 0x00007fa5840b3000 1698       3       com.badlogic.gdx.scenes.scene2d.ui.Label::invalidate (10 bytes)
Event: 36,574 Thread 0x00007fa5840b3000 nmethod 1698 0x00007fa5755cbb10 code [0x00007fa5755cbc80, 0x00007fa5755cbe30]
Event: 36,574 Thread 0x00007fa5840b3000 1699       3       com.badlogic.gdx.scenes.scene2d.ui.Widget::invalidate (6 bytes)
Event: 36,574 Thread 0x00007fa5840b3000 nmethod 1699 0x00007fa5755cb7d0 code [0x00007fa5755cb920, 0x00007fa5755cba70]

GC Heap History (6 events):
Event: 1,306 GC heap before
{Heap before GC invocations=1 (full 0):
 PSYoungGen      total 37888K, used 32768K [0x00000000d6700000, 0x00000000d9100000, 0x0000000100000000)
  eden space 32768K, 100% used [0x00000000d6700000,0x00000000d8700000,0x00000000d8700000)
  from space 5120K, 0% used [0x00000000d8c00000,0x00000000d8c00000,0x00000000d9100000)
  to   space 5120K, 0% used [0x00000000d8700000,0x00000000d8700000,0x00000000d8c00000)
 ParOldGen       total 86016K, used 0K [0x0000000083400000, 0x0000000088800000, 0x00000000d6700000)
  object space 86016K, 0% used [0x0000000083400000,0x0000000083400000,0x0000000088800000)
 Metaspace       used 10284K, capacity 10469K, committed 10624K, reserved 1058816K
  class space    used 982K, capacity 1064K, committed 1152K, reserved 1048576K
Event: 1,311 GC heap after
Heap after GC invocations=1 (full 0):
 PSYoungGen      total 37888K, used 4962K [0x00000000d6700000, 0x00000000d9100000, 0x0000000100000000)
  eden space 32768K, 0% used [0x00000000d6700000,0x00000000d6700000,0x00000000d8700000)
  from space 5120K, 96% used [0x00000000d8700000,0x00000000d8bd8b78,0x00000000d8c00000)
  to   space 5120K, 0% used [0x00000000d8c00000,0x00000000d8c00000,0x00000000d9100000)
 ParOldGen       total 86016K, used 8K [0x0000000083400000, 0x0000000088800000, 0x00000000d6700000)
  object space 86016K, 0% used [0x0000000083400000,0x0000000083402000,0x0000000088800000)
 Metaspace       used 10284K, capacity 10469K, committed 10624K, reserved 1058816K
  class space    used 982K, capacity 1064K, committed 1152K, reserved 1048576K
}
Event: 6,941 GC heap before
{Heap before GC invocations=2 (full 0):
 PSYoungGen      total 37888K, used 37730K [0x00000000d6700000, 0x00000000d9100000, 0x0000000100000000)
  eden space 32768K, 100% used [0x00000000d6700000,0x00000000d8700000,0x00000000d8700000)
  from space 5120K, 96% used [0x00000000d8700000,0x00000000d8bd8b78,0x00000000d8c00000)
  to   space 5120K, 0% used [0x00000000d8c00000,0x00000000d8c00000,0x00000000d9100000)
 ParOldGen       total 86016K, used 8K [0x0000000083400000, 0x0000000088800000, 0x00000000d6700000)
  object space 86016K, 0% used [0x0000000083400000,0x0000000083402000,0x0000000088800000)
 Metaspace       used 10743K, capacity 10981K, committed 11136K, reserved 1058816K
  class space    used 986K, capacity 1064K, committed 1152K, reserved 1048576K
Event: 6,949 GC heap after
Heap after GC invocations=2 (full 0):
 PSYoungGen      total 37888K, used 3692K [0x00000000d6700000, 0x00000000d9100000, 0x0000000100000000)
  eden space 32768K, 0% used [0x00000000d6700000,0x00000000d6700000,0x00000000d8700000)
  from space 5120K, 72% used [0x00000000d8c00000,0x00000000d8f9b2d8,0x00000000d9100000)
  to   space 5120K, 0% used [0x00000000d8700000,0x00000000d8700000,0x00000000d8c00000)
 ParOldGen       total 86016K, used 80K [0x0000000083400000, 0x0000000088800000, 0x00000000d6700000)
  object space 86016K, 0% used [0x0000000083400000,0x0000000083414010,0x0000000088800000)
 Metaspace       used 10743K, capacity 10981K, committed 11136K, reserved 1058816K
  class space    used 986K, capacity 1064K, committed 1152K, reserved 1048576K
}
Event: 31,753 GC heap before
{Heap before GC invocations=3 (full 0):
 PSYoungGen      total 37888K, used 36460K [0x00000000d6700000, 0x00000000d9100000, 0x0000000100000000)
  eden space 32768K, 100% used [0x00000000d6700000,0x00000000d8700000,0x00000000d8700000)
  from space 5120K, 72% used [0x00000000d8c00000,0x00000000d8f9b2d8,0x00000000d9100000)
  to   space 5120K, 0% used [0x00000000d8700000,0x00000000d8700000,0x00000000d8c00000)
 ParOldGen       total 86016K, used 80K [0x0000000083400000, 0x0000000088800000, 0x00000000d6700000)
  object space 86016K, 0% used [0x0000000083400000,0x0000000083414010,0x0000000088800000)
 Metaspace       used 10831K, capacity 11045K, committed 11136K, reserved 1058816K
  class space    used 986K, capacity 1064K, committed 1152K, reserved 1048576K
Event: 31,764 GC heap after
Heap after GC invocations=3 (full 0):
 PSYoungGen      total 37888K, used 3756K [0x00000000d6700000, 0x00000000d9100000, 0x0000000100000000)
  eden space 32768K, 0% used [0x00000000d6700000,0x00000000d6700000,0x00000000d8700000)
  from space 5120K, 73% used [0x00000000d8700000,0x00000000d8aab2d8,0x00000000d8c00000)
  to   space 5120K, 0% used [0x00000000d8c00000,0x00000000d8c00000,0x00000000d9100000)
 ParOldGen       total 86016K, used 88K [0x0000000083400000, 0x0000000088800000, 0x00000000d6700000)
  object space 86016K, 0% used [0x0000000083400000,0x0000000083416010,0x0000000088800000)
 Metaspace       used 10831K, capacity 11045K, committed 11136K, reserved 1058816K
  class space    used 986K, capacity 1064K, committed 1152K, reserved 1048576K
}

Deoptimization events (5 events):
Event: 0,113 Thread 0x00007fa58400b000 Uncommon trap: reason=unstable_if action=reinterpret pc=0x00007fa575138084 method=java.lang.String.indexOf(II)I @ 49
Event: 0,512 Thread 0x00007fa584472000 Uncommon trap: reason=unstable_if action=reinterpret pc=0x00007fa5751ab424 method=java.lang.String.replace(CC)Ljava/lang/String; @ 26
Event: 1,881 Thread 0x00007fa584472000 Uncommon trap: reason=unstable_if action=reinterpret pc=0x00007fa5753a7a18 method=java.lang.Math.round(F)I @ 23
Event: 2,610 Thread 0x00007fa584472000 Uncommon trap: reason=unstable_if action=reinterpret pc=0x00007fa5753c0118 method=ru.wtf.sprites.SimpleWallPart.update(F)V @ 33
Event: 2,877 Thread 0x00007fa584472000 Uncommon trap: reason=unstable_if action=reinterpret pc=0x00007fa57541774c method=ru.wtf.sprites.SimpleWallPart.update(F)V @ 134

Internal exceptions (10 events):
Event: 0,230 Thread 0x00007fa58400b000 Exception <a 'java/security/PrivilegedActionException'> (0x00000000d6c67ff0) thrown at [/build/openjdk-8-YNUxN3/openjdk-8-8u72-b15/src/hotspot/src/share/vm/prims/jvm.cpp, line 1386]
Event: 0,230 Thread 0x00007fa58400b000 Exception <a 'java/security/PrivilegedActionException'> (0x00000000d6c68c48) thrown at [/build/openjdk-8-YNUxN3/openjdk-8-8u72-b15/src/hotspot/src/share/vm/prims/jvm.cpp, line 1386]
Event: 0,230 Thread 0x00007fa58400b000 Exception <a 'java/security/PrivilegedActionException'> (0x00000000d6c69870) thrown at [/build/openjdk-8-YNUxN3/openjdk-8-8u72-b15/src/hotspot/src/share/vm/prims/jvm.cpp, line 1386]
Event: 0,230 Thread 0x00007fa58400b000 Exception <a 'java/security/PrivilegedActionException'> (0x00000000d6c6b9f0) thrown at [/build/openjdk-8-YNUxN3/openjdk-8-8u72-b15/src/hotspot/src/share/vm/prims/jvm.cpp, line 1386]
Event: 0,230 Thread 0x00007fa58400b000 Exception <a 'java/security/PrivilegedActionException'> (0x00000000d6c6c648) thrown at [/build/openjdk-8-YNUxN3/openjdk-8-8u72-b15/src/hotspot/src/share/vm/prims/jvm.cpp, line 1386]
Event: 0,230 Thread 0x00007fa58400b000 Exception <a 'java/security/PrivilegedActionException'> (0x00000000d6c6d270) thrown at [/build/openjdk-8-YNUxN3/openjdk-8-8u72-b15/src/hotspot/src/share/vm/prims/jvm.cpp, line 1386]
Event: 0,230 Thread 0x00007fa58400b000 Exception <a 'java/security/PrivilegedActionException'> (0x00000000d6c6f1b0) thrown at [/build/openjdk-8-YNUxN3/openjdk-8-8u72-b15/src/hotspot/src/share/vm/prims/jvm.cpp, line 1386]
Event: 0,230 Thread 0x00007fa58400b000 Exception <a 'java/security/PrivilegedActionException'> (0x00000000d6c6fe08) thrown at [/build/openjdk-8-YNUxN3/openjdk-8-8u72-b15/src/hotspot/src/share/vm/prims/jvm.cpp, line 1386]
Event: 0,230 Thread 0x00007fa58400b000 Exception <a 'java/security/PrivilegedActionException'> (0x00000000d6c70a30) thrown at [/build/openjdk-8-YNUxN3/openjdk-8-8u72-b15/src/hotspot/src/share/vm/prims/jvm.cpp, line 1386]
Event: 0,558 Thread 0x00007fa584472000 Exception <a 'java/lang/NoClassDefFoundError': org/lwjgl/opengles/GLContext> (0x00000000d706eed8) thrown at [/build/openjdk-8-YNUxN3/openjdk-8-8u72-b15/src/hotspot/src/share/vm/classfile/systemDictionary.cpp, line 199]

Events (10 events):
Event: 31,768 Executing VM operation: RevokeBias done
Event: 31,768 Executing VM operation: RevokeBias
Event: 31,768 Executing VM operation: RevokeBias done
Event: 31,768 Executing VM operation: BulkRevokeBias
Event: 31,768 Executing VM operation: BulkRevokeBias done
Event: 31,801 Thread 0x00007fa5840ae000 flushing nmethod 0x00007fa5750ff850
Event: 31,801 Thread 0x00007fa5840ae000 flushing nmethod 0x00007fa575100110
Event: 31,801 Thread 0x00007fa5840ae000 flushing nmethod 0x00007fa5751029d0
Event: 31,801 Thread 0x00007fa5840ae000 flushing nmethod 0x00007fa57510bd50
Event: 31,801 Thread 0x00007fa5840ae000 flushing nmethod 0x00007fa57510df50


Dynamic libraries:
00400000-00401000 r-xp 00000000 08:02 10223905                           /usr/lib/jvm/java-8-openjdk-amd64/jre/bin/java
00600000-00601000 r--p 00000000 08:02 10223905                           /usr/lib/jvm/java-8-openjdk-amd64/jre/bin/java
00601000-00602000 rw-p 00001000 08:02 10223905                           /usr/lib/jvm/java-8-openjdk-amd64/jre/bin/java
00d2f000-00d50000 rw-p 00000000 00:00 0                                  [heap]
4014c000-4014e000 r-xs 00000000 08:02 2361988                            /tmp/.gllHUBmB (deleted)
41b09000-41ba5000 rw-p 00000000 00:00 0 
83400000-88800000 rw-p 00000000 00:00 0 
88800000-d6700000 ---p 00000000 00:00 0 
d6700000-d9100000 rw-p 00000000 00:00 0 
d9100000-100000000 ---p 00000000 00:00 0 
100000000-100120000 rw-p 00000000 00:00 0 
100120000-140000000 ---p 00000000 00:00 0 
7fa50c000000-7fa50c021000 rw-p 00000000 00:00 0 
7fa50c021000-7fa510000000 ---p 00000000 00:00 0 
7fa514000000-7fa514021000 rw-p 00000000 00:00 0 
7fa514021000-7fa518000000 ---p 00000000 00:00 0 
7fa518000000-7fa5191d5000 rw-p 00000000 00:00 0 
7fa5191d5000-7fa51c000000 ---p 00000000 00:00 0 
7fa51c000000-7fa51c021000 rw-p 00000000 00:00 0 
7fa51c021000-7fa520000000 ---p 00000000 00:00 0 
7fa5237ff000-7fa523bff000 rw-s 8decf000 00:05 12181                      /dev/nvidiactl
7fa523bff000-7fa523fff000 rw-s b2bdd000 00:05 12181                      /dev/nvidiactl
7fa523fff000-7fa528000000 rw-s 00000000 00:14 48289                      /run/shm/pulse-shm-1111786528
7fa528000000-7fa528021000 rw-p 00000000 00:00 0 
7fa528021000-7fa52c000000 ---p 00000000 00:00 0 
7fa52c000000-7fa52c021000 rw-p 00000000 00:00 0 
7fa52c021000-7fa530000000 ---p 00000000 00:00 0 
7fa530000000-7fa530021000 rw-p 00000000 00:00 0 
7fa530021000-7fa534000000 ---p 00000000 00:00 0 
7fa534099000-7fa534299000 rw-s 177bdb000 00:05 12181                     /dev/nvidiactl
7fa534299000-7fa534499000 rw-s bb962000 00:05 12181                      /dev/nvidiactl
7fa534499000-7fa534659000 rw-p 00000000 00:00 0 
7fa534659000-7fa534699000 ---p 00000000 00:00 0 
7fa534699000-7fa5346e5000 r-xp 00000000 08:02 2361969                    /tmp/libgdxtookuk/72da4579/libgdx-box2d64.so
7fa5346e5000-7fa5348e4000 ---p 0004c000 08:02 2361969                    /tmp/libgdxtookuk/72da4579/libgdx-box2d64.so
7fa5348e4000-7fa5348e6000 r--p 0004b000 08:02 2361969                    /tmp/libgdxtookuk/72da4579/libgdx-box2d64.so
7fa5348e6000-7fa5348e7000 rw-p 0004d000 08:02 2361969                    /tmp/libgdxtookuk/72da4579/libgdx-box2d64.so
7fa5348e7000-7fa534967000 rw-s 1a5ea0000 00:05 12181                     /dev/nvidiactl
7fa534967000-7fa5349e7000 rw-s 180422000 00:05 12181                     /dev/nvidiactl
7fa5349e7000-7fa534a67000 rw-s 1a72e0000 00:05 12181                     /dev/nvidiactl
7fa534b67000-7fa534b87000 rw-s e01e0000 00:05 12182                      /dev/nvidia0
7fa534b87000-7fa534bc7000 rw-s 1a5e54000 00:05 12181                     /dev/nvidiactl
7fa534bc7000-7fa534be7000 rw-s 1f5057000 00:05 12181                     /dev/nvidiactl
7fa534be7000-7fa534c9b000 rw-s 2107b0000 00:05 12181                     /dev/nvidiactl
7fa534c9b000-7fa53665d000 r-xp 00000000 08:02 8787499                    /usr/lib/nvidia-340/libnvidia-glcore.so.340.96
7fa53665d000-7fa53667b000 rwxp 019c2000 08:02 8787499                    /usr/lib/nvidia-340/libnvidia-glcore.so.340.96
7fa53667b000-7fa536af9000 r-xp 019e0000 08:02 8787499                    /usr/lib/nvidia-340/libnvidia-glcore.so.340.96
7fa536af9000-7fa536cf8000 ---p 01e5e000 08:02 8787499                    /usr/lib/nvidia-340/libnvidia-glcore.so.340.96
7fa536cf8000-7fa537892000 rw-p 01e5d000 08:02 8787499                    /usr/lib/nvidia-340/libnvidia-glcore.so.340.96
7fa537892000-7fa5378af000 rw-p 00000000 00:00 0 
7fa5378af000-7fa5378b2000 r-xp 00000000 08:02 8916893                    /usr/lib/nvidia-340/tls/libnvidia-tls.so.340.96
7fa5378b2000-7fa537ab1000 ---p 00003000 08:02 8916893                    /usr/lib/nvidia-340/tls/libnvidia-tls.so.340.96
7fa537ab1000-7fa537ab2000 rw-p 00002000 08:02 8916893                    /usr/lib/nvidia-340/tls/libnvidia-tls.so.340.96
7fa537ab2000-7fa537b79000 r-xp 00000000 08:02 8787509                    /usr/lib/nvidia-340/libGL.so.340.96
7fa537b79000-7fa537ba8000 rwxp 000c7000 08:02 8787509                    /usr/lib/nvidia-340/libGL.so.340.96
7fa537ba8000-7fa537bc4000 r-xp 000f6000 08:02 8787509                    /usr/lib/nvidia-340/libGL.so.340.96
7fa537bc4000-7fa537dc3000 ---p 00112000 08:02 8787509                    /usr/lib/nvidia-340/libGL.so.340.96
7fa537dc3000-7fa537de8000 rw-p 00111000 08:02 8787509                    /usr/lib/nvidia-340/libGL.so.340.96
7fa537de8000-7fa537dfe000 rw-p 00000000 00:00 0 
7fa537dfe000-7fa537e01000 ---p 00000000 00:00 0 
7fa537e01000-7fa537eff000 rw-p 00000000 00:00 0                          [stack:6260]
7fa537eff000-7fa537f00000 ---p 00000000 00:00 0 
7fa537f00000-7fa538000000 rw-p 00000000 00:00 0                          [stack:6259]
7fa538000000-7fa538bc1000 rw-p 00000000 00:00 0 
7fa538bc1000-7fa53c000000 ---p 00000000 00:00 0 
7fa53c000000-7fa53c400000 rw-p 00000000 00:00 0 
7fa53c400000-7fa540000000 ---p 00000000 00:00 0 
7fa540000000-7fa540021000 rw-p 00000000 00:00 0 
7fa540021000-7fa544000000 ---p 00000000 00:00 0 
7fa544000000-7fa5442b3000 rw-p 00000000 00:00 0 
7fa5442b3000-7fa548000000 ---p 00000000 00:00 0 
7fa548000000-7fa548021000 rw-p 00000000 00:00 0 
7fa548021000-7fa54c000000 ---p 00000000 00:00 0 
7fa54c000000-7fa54c021000 rw-p 00000000 00:00 0 
7fa54c021000-7fa550000000 ---p 00000000 00:00 0 
7fa550000000-7fa550021000 rw-p 00000000 00:00 0 
7fa550021000-7fa554000000 ---p 00000000 00:00 0 
7fa554000000-7fa554021000 rw-p 00000000 00:00 0 
7fa554021000-7fa558000000 ---p 00000000 00:00 0 
7fa558000000-7fa558021000 rw-p 00000000 00:00 0 
7fa558021000-7fa55c000000 ---p 00000000 00:00 0 
7fa55c015000-7fa55c016000 rw-p 00000000 00:00 0 
7fa55c016000-7fa55c018000 rw-s 00000000 08:02 2361988                    /tmp/.gllHUBmB (deleted)
7fa55c018000-7fa55c01f000 rw-s 177900000 00:05 12181                     /dev/nvidiactl
7fa55c01f000-7fa55c020000 ---p 00000000 00:00 0 
7fa55c020000-7fa55c820000 rw-p 00000000 00:00 0                          [stack:6258]
7fa55c820000-7fa55c837000 r-xp 00000000 08:02 4329538                    /lib/x86_64-linux-gnu/libresolv-2.19.so
7fa55c837000-7fa55ca37000 ---p 00017000 08:02 4329538                    /lib/x86_64-linux-gnu/libresolv-2.19.so
7fa55ca37000-7fa55ca38000 r--p 00017000 08:02 4329538                    /lib/x86_64-linux-gnu/libresolv-2.19.so
7fa55ca38000-7fa55ca39000 rw-p 00018000 08:02 4329538                    /lib/x86_64-linux-gnu/libresolv-2.19.so
7fa55ca39000-7fa55ca3b000 rw-p 00000000 00:00 0 
7fa55ca3b000-7fa55ca42000 r-xp 00000000 08:02 4858557                    /usr/lib/x86_64-linux-gnu/libogg.so.0.8.1
7fa55ca42000-7fa55cc42000 ---p 00007000 08:02 4858557                    /usr/lib/x86_64-linux-gnu/libogg.so.0.8.1
7fa55cc42000-7fa55cc43000 r--p 00007000 08:02 4858557                    /usr/lib/x86_64-linux-gnu/libogg.so.0.8.1
7fa55cc43000-7fa55cc44000 rw-p 00008000 08:02 4858557                    /usr/lib/x86_64-linux-gnu/libogg.so.0.8.1
7fa55cc44000-7fa55cc70000 r-xp 00000000 08:02 4858835                    /usr/lib/x86_64-linux-gnu/libvorbis.so.0.4.5
7fa55cc70000-7fa55ce6f000 ---p 0002c000 08:02 4858835                    /usr/lib/x86_64-linux-gnu/libvorbis.so.0.4.5
7fa55ce6f000-7fa55ce70000 r--p 0002b000 08:02 4858835                    /usr/lib/x86_64-linux-gnu/libvorbis.so.0.4.5
7fa55ce70000-7fa55ce71000 rw-p 0002c000 08:02 4858835                    /usr/lib/x86_64-linux-gnu/libvorbis.so.0.4.5
7fa55ce71000-7fa55d124000 r-xp 00000000 08:02 4858837                    /usr/lib/x86_64-linux-gnu/libvorbisenc.so.2.0.8
7fa55d124000-7fa55d323000 ---p 002b3000 08:02 4858837                    /usr/lib/x86_64-linux-gnu/libvorbisenc.so.2.0.8
7fa55d323000-7fa55d33f000 r--p 002b2000 08:02 4858837                    /usr/lib/x86_64-linux-gnu/libvorbisenc.so.2.0.8
7fa55d33f000-7fa55d340000 rw-p 002ce000 08:02 4858837                    /usr/lib/x86_64-linux-gnu/libvorbisenc.so.2.0.8
7fa55d340000-7fa55d370000 r-xp 00000000 08:02 4854939                    /usr/lib/x86_64-linux-gnu/libFLAC.so.8.3.0
7fa55d370000-7fa55d56f000 ---p 00030000 08:02 4854939                    /usr/lib/x86_64-linux-gnu/libFLAC.so.8.3.0
7fa55d56f000-7fa55d570000 r--p 0002f000 08:02 4854939                    /usr/lib/x86_64-linux-gnu/libFLAC.so.8.3.0
7fa55d570000-7fa55d571000 rw-p 00030000 08:02 4854939                    /usr/lib/x86_64-linux-gnu/libFLAC.so.8.3.0
7fa55d571000-7fa55d576000 r-xp 00000000 08:02 4857928                    /usr/lib/x86_64-linux-gnu/libasyncns.so.0.3.1
7fa55d576000-7fa55d775000 ---p 00005000 08:02 4857928                    /usr/lib/x86_64-linux-gnu/libasyncns.so.0.3.1
7fa55d775000-7fa55d776000 r--p 00004000 08:02 4857928                    /usr/lib/x86_64-linux-gnu/libasyncns.so.0.3.1
7fa55d776000-7fa55d777000 rw-p 00005000 08:02 4857928                    /usr/lib/x86_64-linux-gnu/libasyncns.so.0.3.1
7fa55d777000-7fa55d7d8000 r-xp 00000000 08:02 4854167                    /usr/lib/x86_64-linux-gnu/libsndfile.so.1.0.25
7fa55d7d8000-7fa55d9d8000 ---p 00061000 08:02 4854167                    /usr/lib/x86_64-linux-gnu/libsndfile.so.1.0.25
7fa55d9d8000-7fa55d9da000 r--p 00061000 08:02 4854167                    /usr/lib/x86_64-linux-gnu/libsndfile.so.1.0.25
7fa55d9da000-7fa55d9db000 rw-p 00063000 08:02 4854167                    /usr/lib/x86_64-linux-gnu/libsndfile.so.1.0.25
7fa55d9db000-7fa55d9df000 rw-p 00000000 00:00 0 
7fa55d9df000-7fa55d9e7000 r-xp 00000000 08:02 4329558                    /lib/x86_64-linux-gnu/libwrap.so.0.7.6
7fa55d9e7000-7fa55dbe6000 ---p 00008000 08:02 4329558                    /lib/x86_64-linux-gnu/libwrap.so.0.7.6
7fa55dbe6000-7fa55dbe7000 r--p 00007000 08:02 4329558                    /lib/x86_64-linux-gnu/libwrap.so.0.7.6
7fa55dbe7000-7fa55dbe8000 rw-p 00008000 08:02 4329558                    /lib/x86_64-linux-gnu/libwrap.so.0.7.6
7fa55dbe8000-7fa55dbe9000 rw-p 00000000 00:00 0 
7fa55dbe9000-7fa55dc2d000 r-xp 00000000 08:02 4325642                    /lib/x86_64-linux-gnu/libdbus-1.so.3.7.6
7fa55dc2d000-7fa55de2c000 ---p 00044000 08:02 4325642                    /lib/x86_64-linux-gnu/libdbus-1.so.3.7.6
7fa55de2c000-7fa55de2d000 r--p 00043000 08:02 4325642                    /lib/x86_64-linux-gnu/libdbus-1.so.3.7.6
7fa55de2d000-7fa55de2e000 rw-p 00044000 08:02 4325642                    /lib/x86_64-linux-gnu/libdbus-1.so.3.7.6
7fa55de2e000-7fa55de94000 r-xp 00000000 08:02 5245376                    /usr/lib/x86_64-linux-gnu/pulseaudio/libpulsecommon-4.0.so
7fa55de94000-7fa55e093000 ---p 00066000 08:02 5245376                    /usr/lib/x86_64-linux-gnu/pulseaudio/libpulsecommon-4.0.so
7fa55e093000-7fa55e094000 r--p 00065000 08:02 5245376                    /usr/lib/x86_64-linux-gnu/pulseaudio/libpulsecommon-4.0.so
7fa55e094000-7fa55e095000 rw-p 00066000 08:02 5245376                    /usr/lib/x86_64-linux-gnu/pulseaudio/libpulsecommon-4.0.so
7fa55e095000-7fa55e09f000 r-xp 00000000 08:02 4329438                    /lib/x86_64-linux-gnu/libjson-c.so.2.0.0
7fa55e09f000-7fa55e29e000 ---p 0000a000 08:02 4329438                    /lib/x86_64-linux-gnu/libjson-c.so.2.0.0
7fa55e29e000-7fa55e29f000 r--p 00009000 08:02 4329438                    /lib/x86_64-linux-gnu/libjson-c.so.2.0.0
7fa55e29f000-7fa55e2a0000 rw-p 0000a000 08:02 4329438                    /lib/x86_64-linux-gnu/libjson-c.so.2.0.0
7fa55e2a0000-7fa55e2e7000 r-xp 00000000 08:02 4850824                    /usr/lib/x86_64-linux-gnu/libpulse.so.0.16.2
7fa55e2e7000-7fa55e4e7000 ---p 00047000 08:02 4850824                    /usr/lib/x86_64-linux-gnu/libpulse.so.0.16.2
7fa55e4e7000-7fa55e4e8000 r--p 00047000 08:02 4850824                    /usr/lib/x86_64-linux-gnu/libpulse.so.0.16.2
7fa55e4e8000-7fa55e4e9000 rw-p 00048000 08:02 4850824                    /usr/lib/x86_64-linux-gnu/libpulse.so.0.16.2
7fa55e4e9000-7fa55e53e000 r-xp 00000000 08:02 2361960                    /tmp/libgdxtookuk/31ce78a2/libopenal64.so
7fa55e53e000-7fa55e73d000 ---p 00055000 08:02 2361960                    /tmp/libgdxtookuk/31ce78a2/libopenal64.so
7fa55e73d000-7fa55e740000 r--p 00054000 08:02 2361960                    /tmp/libgdxtookuk/31ce78a2/libopenal64.so
7fa55e740000-7fa55e741000 rw-p 00057000 08:02 2361960                    /tmp/libgdxtookuk/31ce78a2/libopenal64.so
7fa55e741000-7fa55e742000 rw-p 00000000 00:00 0 
7fa55e742000-7fa55e746000 r-xp 00000000 08:02 4857889                    /usr/lib/x86_64-linux-gnu/libXxf86vm.so.1.0.0
7fa55e746000-7fa55e946000 ---p 00004000 08:02 4857889                    /usr/lib/x86_64-linux-gnu/libXxf86vm.so.1.0.0
7fa55e946000-7fa55e947000 r--p 00004000 08:02 4857889                    /usr/lib/x86_64-linux-gnu/libXxf86vm.so.1.0.0
7fa55e947000-7fa55e948000 rw-p 00005000 08:02 4857889                    /usr/lib/x86_64-linux-gnu/libXxf86vm.so.1.0.0
7fa55e948000-7fa55e951000 r-xp 00000000 08:02 4857871                    /usr/lib/x86_64-linux-gnu/libXrandr.so.2.2.0
7fa55e951000-7fa55eb50000 ---p 00009000 08:02 4857871                    /usr/lib/x86_64-linux-gnu/libXrandr.so.2.2.0
7fa55eb50000-7fa55eb51000 r--p 00008000 08:02 4857871                    /usr/lib/x86_64-linux-gnu/libXrandr.so.2.2.0
7fa55eb51000-7fa55eb52000 rw-p 00009000 08:02 4857871                    /usr/lib/x86_64-linux-gnu/libXrandr.so.2.2.0
7fa55eb52000-7fa55ebc2000 r-xp 00000000 08:02 2361958                    /tmp/libgdxtookuk/31ce78a2/liblwjgl64.so
7fa55ebc2000-7fa55edc2000 ---p 00070000 08:02 2361958                    /tmp/libgdxtookuk/31ce78a2/liblwjgl64.so
7fa55edc2000-7fa55edc4000 r--p 00070000 08:02 2361958                    /tmp/libgdxtookuk/31ce78a2/liblwjgl64.so
7fa55edc4000-7fa55edc5000 rw-p 00072000 08:02 2361958                    /tmp/libgdxtookuk/31ce78a2/liblwjgl64.so
7fa55edc5000-7fa55edc6000 r-xp 00000000 08:02 10223939                   /usr/lib/jvm/java-8-openjdk-amd64/jre/lib/amd64/libjawt.so
7fa55edc6000-7fa55efc5000 ---p 00001000 08:02 10223939                   /usr/lib/jvm/java-8-openjdk-amd64/jre/lib/amd64/libjawt.so
7fa55efc5000-7fa55efc6000 r--p 00000000 08:02 10223939                   /usr/lib/jvm/java-8-openjdk-amd64/jre/lib/amd64/libjawt.so
7fa55efc6000-7fa55efc7000 rw-p 00001000 08:02 10223939                   /usr/lib/jvm/java-8-openjdk-amd64/jre/lib/amd64/libjawt.so
7fa55efc7000-7fa55efca000 ---p 00000000 00:00 0 
7fa55efca000-7fa55f0c8000 rw-p 00000000 00:00 0                          [stack:6256]
7fa55f0c8000-7fa55f0cd000 r-xp 00000000 08:02 4850228                    /usr/lib/x86_64-linux-gnu/libXfixes.so.3.1.0
7fa55f0cd000-7fa55f2cc000 ---p 00005000 08:02 4850228                    /usr/lib/x86_64-linux-gnu/libXfixes.so.3.1.0
7fa55f2cc000-7fa55f2cd000 r--p 00004000 08:02 4850228                    /usr/lib/x86_64-linux-gnu/libXfixes.so.3.1.0
7fa55f2cd000-7fa55f2ce000 rw-p 00005000 08:02 4850228                    /usr/lib/x86_64-linux-gnu/libXfixes.so.3.1.0
7fa55f2ce000-7fa55f2d7000 r-xp 00000000 08:02 4857845                    /usr/lib/x86_64-linux-gnu/libXcursor.so.1.0.2
7fa55f2d7000-7fa55f4d6000 ---p 00009000 08:02 4857845                    /usr/lib/x86_64-linux-gnu/libXcursor.so.1.0.2
7fa55f4d6000-7fa55f4d7000 r--p 00008000 08:02 4857845                    /usr/lib/x86_64-linux-gnu/libXcursor.so.1.0.2
7fa55f4d7000-7fa55f4d8000 rw-p 00009000 08:02 4857845                    /usr/lib/x86_64-linux-gnu/libXcursor.so.1.0.2
7fa55f4d8000-7fa55f4fd000 r-xp 00000000 08:02 4329349                    /lib/x86_64-linux-gnu/libpng12.so.0.50.0
7fa55f4fd000-7fa55f6fc000 ---p 00025000 08:02 4329349                    /lib/x86_64-linux-gnu/libpng12.so.0.50.0
7fa55f6fc000-7fa55f6fd000 r--p 00024000 08:02 4329349                    /lib/x86_64-linux-gnu/libpng12.so.0.50.0
7fa55f6fd000-7fa55f6fe000 rw-p 00025000 08:02 4329349                    /lib/x86_64-linux-gnu/libpng12.so.0.50.0
7fa55f6fe000-7fa55f79b000 r-xp 00000000 08:02 4849820                    /usr/lib/x86_64-linux-gnu/libfreetype.so.6.11.1
7fa55f79b000-7fa55f99a000 ---p 0009d000 08:02 4849820                    /usr/lib/x86_64-linux-gnu/libfreetype.so.6.11.1
7fa55f99a000-7fa55f9a0000 r--p 0009c000 08:02 4849820                    /usr/lib/x86_64-linux-gnu/libfreetype.so.6.11.1
7fa55f9a0000-7fa55f9a1000 rw-p 000a2000 08:02 4849820                    /usr/lib/x86_64-linux-gnu/libfreetype.so.6.11.1
7fa55f9a1000-7fa55f9f3000 r-xp 00000000 08:02 10223925                   /usr/lib/jvm/java-8-openjdk-amd64/jre/lib/amd64/libfontmanager.so
7fa55f9f3000-7fa55fbf2000 ---p 00052000 08:02 10223925                   /usr/lib/jvm/java-8-openjdk-amd64/jre/lib/amd64/libfontmanager.so
7fa55fbf2000-7fa55fbf5000 r--p 00051000 08:02 10223925                   /usr/lib/jvm/java-8-openjdk-amd64/jre/lib/amd64/libfontmanager.so
7fa55fbf5000-7fa55fbf6000 rw-p 00054000 08:02 10223925                   /usr/lib/jvm/java-8-openjdk-amd64/jre/lib/amd64/libfontmanager.so
7fa55fbf6000-7fa55fbfb000 r-xp 00000000 08:02 4857849                    /usr/lib/x86_64-linux-gnu/libXdmcp.so.6.0.0
7fa55fbfb000-7fa55fdfa000 ---p 00005000 08:02 4857849                    /usr/lib/x86_64-linux-gnu/libXdmcp.so.6.0.0
7fa55fdfa000-7fa55fdfb000 r--p 00004000 08:02 4857849                    /usr/lib/x86_64-linux-gnu/libXdmcp.so.6.0.0
7fa55fdfb000-7fa55fdfc000 rw-p 00005000 08:02 4857849                    /usr/lib/x86_64-linux-gnu/libXdmcp.so.6.0.0
7fa55fdfc000-7fa55fdfe000 r-xp 00000000 08:02 4857838                    /usr/lib/x86_64-linux-gnu/libXau.so.6.0.0
7fa55fdfe000-7fa55fffe000 ---p 00002000 08:02 4857838                    /usr/lib/x86_64-linux-gnu/libXau.so.6.0.0
7fa55fffe000-7fa55ffff000 r--p 00002000 08:02 4857838                    /usr/lib/x86_64-linux-gnu/libXau.so.6.0.0
7fa55ffff000-7fa560000000 rw-p 00003000 08:02 4857838                    /usr/lib/x86_64-linux-gnu/libXau.so.6.0.0
7fa560000000-7fa560021000 rw-p 00000000 00:00 0 
7fa560021000-7fa564000000 ---p 00000000 00:00 0 
7fa564000000-7fa564021000 rw-p 00000000 00:00 0 
7fa564021000-7fa568000000 ---p 00000000 00:00 0 
7fa568000000-7fa568021000 rw-p 00000000 00:00 0 
7fa568021000-7fa56c000000 ---p 00000000 00:00 0 
7fa56c000000-7fa56c001000 rw-p 00000000 00:00 0 
7fa56c001000-7fa56c002000 rw-s 177af3000 00:05 12181                     /dev/nvidiactl
7fa56c002000-7fa56c006000 rw-s 180798000 00:05 12181                     /dev/nvidiactl
7fa56c006000-7fa56c007000 rw-s e7eea000 00:05 12182                      /dev/nvidia0
7fa56c007000-7fa56c047000 rw-s 177932000 00:05 12181                     /dev/nvidiactl
7fa56c067000-7fa56c06a000 ---p 00000000 00:00 0 
7fa56c06a000-7fa56c0a0000 rw-p 00000000 00:00 0                          [stack:6262]
7fa56c0a0000-7fa56c0b5000 r--p 00000000 08:02 5508768                    /usr/share/locale-langpack/ru/LC_MESSAGES/pulseaudio.mo
7fa56c0b5000-7fa56c0b8000 ---p 00000000 00:00 0 
7fa56c0b8000-7fa56c1b6000 rw-p 00000000 00:00 0                          [stack:6255]
7fa56c1b6000-7fa56c1e5000 r--p 00000000 08:02 5508670                    /usr/share/locale-langpack/ru/LC_MESSAGES/libc.mo
7fa56c1e5000-7fa56c202000 r-xp 00000000 08:02 4858908                    /usr/lib/x86_64-linux-gnu/libxcb.so.1.1.0
7fa56c202000-7fa56c402000 ---p 0001d000 08:02 4858908                    /usr/lib/x86_64-linux-gnu/libxcb.so.1.1.0
7fa56c402000-7fa56c403000 r--p 0001d000 08:02 4858908                    /usr/lib/x86_64-linux-gnu/libxcb.so.1.1.0
7fa56c403000-7fa56c404000 rw-p 0001e000 08:02 4858908                    /usr/lib/x86_64-linux-gnu/libxcb.so.1.1.0
7fa56c404000-7fa56c413000 r-xp 00000000 08:02 4858166                    /usr/lib/x86_64-linux-gnu/libXi.so.6.1.0
7fa56c413000-7fa56c612000 ---p 0000f000 08:02 4858166                    /usr/lib/x86_64-linux-gnu/libXi.so.6.1.0
7fa56c612000-7fa56c613000 r--p 0000e000 08:02 4858166                    /usr/lib/x86_64-linux-gnu/libXi.so.6.1.0
7fa56c613000-7fa56c614000 rw-p 0000f000 08:02 4858166                    /usr/lib/x86_64-linux-gnu/libXi.so.6.1.0
7fa56c614000-7fa56c619000 r-xp 00000000 08:02 4857879                    /usr/lib/x86_64-linux-gnu/libXtst.so.6.1.0
7fa56c619000-7fa56c818000 ---p 00005000 08:02 4857879                    /usr/lib/x86_64-linux-gnu/libXtst.so.6.1.0
7fa56c818000-7fa56c819000 r--p 00004000 08:02 4857879                    /usr/lib/x86_64-linux-gnu/libXtst.so.6.1.0
7fa56c819000-7fa56c81a000 rw-p 00005000 08:02 4857879                    /usr/lib/x86_64-linux-gnu/libXtst.so.6.1.0
7fa56c81a000-7fa56c823000 r-xp 00000000 08:02 4858750                    /usr/lib/x86_64-linux-gnu/libXrender.so.1.3.0
7fa56c823000-7fa56ca22000 ---p 00009000 08:02 4858750                    /usr/lib/x86_64-linux-gnu/libXrender.so.1.3.0
7fa56ca22000-7fa56ca23000 r--p 00008000 08:02 4858750                    /usr/lib/x86_64-linux-gnu/libXrender.so.1.3.0
7fa56ca23000-7fa56ca24000 rw-p 00009000 08:02 4858750                    /usr/lib/x86_64-linux-gnu/libXrender.so.1.3.0
7fa56ca24000-7fa56cb54000 r-xp 00000000 08:02 4857834                    /usr/lib/x86_64-linux-gnu/libX11.so.6.3.0
7fa56cb54000-7fa56cd54000 ---p 00130000 08:02 4857834                    /usr/lib/x86_64-linux-gnu/libX11.so.6.3.0
7fa56cd54000-7fa56cd55000 r--p 00130000 08:02 4857834                    /usr/lib/x86_64-linux-gnu/libX11.so.6.3.0
7fa56cd55000-7fa56cd59000 rw-p 00131000 08:02 4857834                    /usr/lib/x86_64-linux-gnu/libX11.so.6.3.0
7fa56cd59000-7fa56cd6a000 r-xp 00000000 08:02 4849899                    /usr/lib/x86_64-linux-gnu/libXext.so.6.4.0
7fa56cd6a000-7fa56cf69000 ---p 00011000 08:02 4849899                    /usr/lib/x86_64-linux-gnu/libXext.so.6.4.0
7fa56cf69000-7fa56cf6a000 r--p 00010000 08:02 4849899                    /usr/lib/x86_64-linux-gnu/libXext.so.6.4.0
7fa56cf6a000-7fa56cf6b000 rw-p 00011000 08:02 4849899                    /usr/lib/x86_64-linux-gnu/libXext.so.6.4.0
7fa56cf6b000-7fa56cf6c000 rw-s e7ee9000 00:05 12182                      /dev/nvidia0
7fa56cf6c000-7fa56cf6d000 rw-s f6642000 00:05 12182                      /dev/nvidia0
7fa56cf6d000-7fa56cf6e000 rw-s 210624000 00:05 12181                     /dev/nvidiactl
7fa56cf6e000-7fa56cf6f000 rw-s f6641000 00:05 12182                      /dev/nvidia0
7fa56cf6f000-7fa56cf70000 rw-s 210623000 00:05 12181                     /dev/nvidiactl
7fa56cf70000-7fa56cf71000 rw-s 18057c000 00:05 12181                     /dev/nvidiactl
7fa56cf71000-7fa56cf72000 rw-s f6060000 00:05 12182                      /dev/nvidia0
7fa56cf72000-7fa56cf85000 r--s 00346000 08:02 10223952                   /usr/lib/jvm/java-8-openjdk-amd64/jre/lib/resources.jar
7fa56cf85000-7fa56cf8c000 r--s 00000000 08:02 5112935                    /usr/lib/x86_64-linux-gnu/gconv/gconv-modules.cache
7fa56cf8c000-7fa56cfe2000 r-xp 00000000 08:02 10223948                   /usr/lib/jvm/java-8-openjdk-amd64/jre/lib/amd64/libawt_xawt.so
7fa56cfe2000-7fa56d1e2000 ---p 00056000 08:02 10223948                   /usr/lib/jvm/java-8-openjdk-amd64/jre/lib/amd64/libawt_xawt.so
7fa56d1e2000-7fa56d1e3000 r--p 00056000 08:02 10223948                   /usr/lib/jvm/java-8-openjdk-amd64/jre/lib/amd64/libawt_xawt.so
7fa56d1e3000-7fa56d1e6000 rw-p 00057000 08:02 10223948                   /usr/lib/jvm/java-8-openjdk-amd64/jre/lib/amd64/libawt_xawt.so
7fa56d1e6000-7fa56d1e7000 rw-p 00000000 00:00 0 
7fa56d1e7000-7fa56d287000 r-xp 00000000 08:02 10223924                   /usr/lib/jvm/java-8-openjdk-amd64/jre/lib/amd64/libawt.so
7fa56d287000-7fa56d487000 ---p 000a0000 08:02 10223924                   /usr/lib/jvm/java-8-openjdk-amd64/jre/lib/amd64/libawt.so
7fa56d487000-7fa56d488000 r--p 000a0000 08:02 10223924                   /usr/lib/jvm/java-8-openjdk-amd64/jre/lib/amd64/libawt.so
7fa56d488000-7fa56d493000 rw-p 000a1000 08:02 10223924                   /usr/lib/jvm/java-8-openjdk-amd64/jre/lib/amd64/libawt.so
7fa56d493000-7fa56d4b8000 rw-p 00000000 00:00 0 
7fa56d4b8000-7fa56d4be000 r--s 002f8000 08:02 10223964                   /usr/lib/jvm/java-8-openjdk-amd64/jre/lib/charsets.jar
7fa56d4be000-7fa56d4c2000 r--s 00097000 08:02 10223982                   /usr/lib/jvm/java-8-openjdk-amd64/jre/lib/jsse.jar
7fa56d4c2000-7fa56d4fa000 r-xp 00000000 08:02 2361957                    /tmp/libgdxtookuk/6ef2d459/libgdx64.so
7fa56d4fa000-7fa56d6f9000 ---p 00038000 08:02 2361957                    /tmp/libgdxtookuk/6ef2d459/libgdx64.so
7fa56d6f9000-7fa56d6fa000 r--p 00037000 08:02 2361957                    /tmp/libgdxtookuk/6ef2d459/libgdx64.so
7fa56d6fa000-7fa56d6fb000 rw-p 00038000 08:02 2361957                    /tmp/libgdxtookuk/6ef2d459/libgdx64.so
7fa56d6fb000-7fa56d6fc000 r--s 00002000 08:02 2378559                    /home/tookuk/.gradle/caches/modules-2/files-2.1/net.java.jinput/jinput-platform/2.0.5/53f9c919f34d2ca9de8c51fc4e1e8282029a9232/jinput-platform-2.0.5-natives-osx.jar
7fa56d6fc000-7fa56d6fd000 r--s 00025000 08:02 2378547                    /home/tookuk/.gradle/caches/modules-2/files-2.1/net.java.jinput/jinput-platform/2.0.5/385ee093e01f587f30ee1c8a2ee7d408fd732e16/jinput-platform-2.0.5-natives-windows.jar
7fa56d6fd000-7fa56d6fe000 r--s 00002000 08:02 2375278                    /home/tookuk/.gradle/caches/modules-2/files-2.1/net.java.jinput/jinput-platform/2.0.5/7ff832a6eb9ab6a767f1ade2b548092d0fa64795/jinput-platform-2.0.5-natives-linux.jar
7fa56d6fe000-7fa56d6ff000 r--s 00001000 08:02 2375277                    /home/tookuk/.gradle/caches/modules-2/files-2.1/net.java.jutils/jutils/1.0.0/e12fe1fda814bd348c1579329c86943d2cd3c6a6/jutils-1.0.0.jar
7fa56d6ff000-7fa56d703000 r--s 0002f000 08:02 2375237                    /home/tookuk/.gradle/caches/modules-2/files-2.1/net.java.jinput/jinput/2.0.5/39c7796b469a600f72380316f6b1f11db6c2c7c4/jinput-2.0.5.jar
7fa56d703000-7fa56d704000 r--s 00068000 08:02 2375235                    /home/tookuk/.gradle/caches/modules-2/files-2.1/org.lwjgl.lwjgl/lwjgl-platform/2.9.2/d55b46b40b40249d627a83a7f7f22649709d70c3/lwjgl-platform-2.9.2-natives-osx.jar
7fa56d704000-7fa56d705000 r--s 0008d000 08:02 2375175                    /home/tookuk/.gradle/caches/modules-2/files-2.1/org.lwjgl.lwjgl/lwjgl-platform/2.9.2/d276cdf61fe2b516c7b7f4aa1b8dea91dbdc8d56/lwjgl-platform-2.9.2-natives-linux.jar
7fa56d705000-7fa56d707000 r--s 00017000 08:02 2375163                    /home/tookuk/.gradle/caches/modules-2/files-2.1/org.jcraft/jorbis/0.0.17/8872d22b293e8f5d7d56ff92be966e6dc28ebdc6/jorbis-0.0.17.jar
7fa56d707000-7fa56d715000 r--s 000f2000 08:02 2375112                    /home/tookuk/.gradle/caches/modules-2/files-2.1/org.lwjgl.lwjgl/lwjgl/2.9.2/a9d80fe5935c7a9149f6584d9777cfd471f65489/lwjgl-2.9.2.jar
7fa56d715000-7fa56d72f000 r--s 001a0000 08:02 2374269                    /home/tookuk/.gradle/caches/modules-2/files-2.1/com.badlogicgames.gdx/gdx/1.7.1/2179cc613447c297623a4a6d2ba6692c3aaff804/gdx-1.7.1.jar
7fa56d72f000-7fa56d74b000 r--s 00393000 08:02 10223973                   /usr/lib/jvm/java-8-openjdk-amd64/jre/lib/ext/cldrdata.jar
7fa56d74b000-7fa56d766000 r--s 001d7000 08:02 10223971                   /usr/lib/jvm/java-8-openjdk-amd64/jre/lib/ext/nashorn.jar
7fa56d766000-7fa56d767000 ---p 00000000 00:00 0 
7fa56d767000-7fa56d867000 rw-p 00000000 00:00 0                          [stack:6254]
7fa56d867000-7fa56d86a000 ---p 00000000 00:00 0 
7fa56d86a000-7fa56d968000 rw-p 00000000 00:00 0                          [stack:6253]
7fa56d968000-7fa56d96b000 ---p 00000000 00:00 0 
7fa56d96b000-7fa56da69000 rw-p 00000000 00:00 0                          [stack:6252]
7fa56da69000-7fa56da6c000 ---p 00000000 00:00 0 
7fa56da6c000-7fa56db6a000 rw-p 00000000 00:00 0                          [stack:6251]
7fa56db6a000-7fa56db6d000 ---p 00000000 00:00 0 
7fa56db6d000-7fa56dc6b000 rw-p 00000000 00:00 0                          [stack:6250]
7fa56dc6b000-7fa56dc6e000 ---p 00000000 00:00 0 
7fa56dc6e000-7fa56dd6c000 rw-p 00000000 00:00 0                          [stack:6249]
7fa56dd6c000-7fa56e580000 r--p 00000000 08:02 4856822                    /usr/lib/locale/locale-archive
7fa56e580000-7fa56e583000 ---p 00000000 00:00 0 
7fa56e583000-7fa56e681000 rw-p 00000000 00:00 0                          [stack:6248]
7fa56e681000-7fa56e684000 ---p 00000000 00:00 0 
7fa56e684000-7fa56e782000 rw-p 00000000 00:00 0                          [stack:6247]
7fa56e782000-7fa56e783000 ---p 00000000 00:00 0 
7fa56e783000-7fa56f842000 rw-p 00000000 00:00 0                          [stack:6246]
7fa56f842000-7fa56fa0f000 r--s 03be5000 08:02 10223962                   /usr/lib/jvm/java-8-openjdk-amd64/jre/lib/rt.jar
7fa56fa0f000-7fa574455000 rw-p 00000000 00:00 0 
7fa574455000-7fa574456000 ---p 00000000 00:00 0 
7fa574456000-7fa574556000 rw-p 00000000 00:00 0                          [stack:6245]
7fa574556000-7fa574557000 ---p 00000000 00:00 0 
7fa574557000-7fa574657000 rw-p 00000000 00:00 0                          [stack:6244]
7fa574657000-7fa574658000 ---p 00000000 00:00 0 
7fa574658000-7fa574758000 rw-p 00000000 00:00 0                          [stack:6243]
7fa574758000-7fa574759000 ---p 00000000 00:00 0 
7fa574759000-7fa574883000 rw-p 00000000 00:00 0                          [stack:6242]
7fa574883000-7fa574af2000 ---p 00000000 00:00 0 
7fa574af2000-7fa574b08000 rw-p 00000000 00:00 0 
7fa574b08000-7fa574c3f000 ---p 00000000 00:00 0 
7fa574c3f000-7fa574c58000 rw-p 00000000 00:00 0 
7fa574c58000-7fa575000000 ---p 00000000 00:00 0 
7fa575000000-7fa5755e0000 rwxp 00000000 00:00 0 
7fa5755e0000-7fa584000000 ---p 00000000 00:00 0 
7fa584000000-7fa584481000 rw-p 00000000 00:00 0 
7fa584481000-7fa588000000 ---p 00000000 00:00 0 
7fa588000000-7fa588001000 r--s 00095000 08:02 2375166                    /home/tookuk/.gradle/caches/modules-2/files-2.1/org.lwjgl.lwjgl/lwjgl-platform/2.9.2/510c7d317f5e9e700b9cfaac5fd38bdebf0702e0/lwjgl-platform-2.9.2-natives-windows.jar
7fa588001000-7fa588002000 r--s 00015000 08:02 2375162                    /home/tookuk/.gradle/caches/modules-2/files-2.1/com.badlogicgames.jlayer/jlayer/1.0.1-gdx/7cca83cec5c1b2f011362f4d85aabd71a73b049d/jlayer-1.0.1-gdx.jar
7fa588002000-7fa588006000 r--s 00027000 08:02 2375157                    /home/tookuk/.gradle/caches/modules-2/files-2.1/org.lwjgl.lwjgl/lwjgl_util/2.9.2/4b9e37300a87799856e0bd15ed81663cdb6b0947/lwjgl_util-2.9.2.jar
7fa588006000-7fa588009000 r--s 00020000 08:02 2375044                    /home/tookuk/.gradle/caches/modules-2/files-2.1/com.badlogicgames.gdx/gdx-backend-lwjgl/1.7.1/d4531b364d1c2513cb99e7bdd9515ae317007cf5/gdx-backend-lwjgl-1.7.1.jar
7fa588009000-7fa5880ca000 rw-p 00000000 00:00 0 
7fa5880ca000-7fa58833a000 ---p 00000000 00:00 0 
7fa58833a000-7fa588342000 r-xp 00000000 08:02 10223933                   /usr/lib/jvm/java-8-openjdk-amd64/jre/lib/amd64/libzip.so
7fa588342000-7fa588541000 ---p 00008000 08:02 10223933                   /usr/lib/jvm/java-8-openjdk-amd64/jre/lib/amd64/libzip.so
7fa588541000-7fa588542000 r--p 00007000 08:02 10223933                   /usr/lib/jvm/java-8-openjdk-amd64/jre/lib/amd64/libzip.so
7fa588542000-7fa588543000 rw-p 00008000 08:02 10223933                   /usr/lib/jvm/java-8-openjdk-amd64/jre/lib/amd64/libzip.so
7fa588543000-7fa58854e000 r-xp 00000000 08:02 4357895                    /lib/x86_64-linux-gnu/libnss_files-2.19.so
7fa58854e000-7fa58874d000 ---p 0000b000 08:02 4357895                    /lib/x86_64-linux-gnu/libnss_files-2.19.so
7fa58874d000-7fa58874e000 r--p 0000a000 08:02 4357895                    /lib/x86_64-linux-gnu/libnss_files-2.19.so
7fa58874e000-7fa58874f000 rw-p 0000b000 08:02 4357895                    /lib/x86_64-linux-gnu/libnss_files-2.19.so
7fa58874f000-7fa58875a000 r-xp 00000000 08:02 4357887                    /lib/x86_64-linux-gnu/libnss_nis-2.19.so
7fa58875a000-7fa588959000 ---p 0000b000 08:02 4357887                    /lib/x86_64-linux-gnu/libnss_nis-2.19.so
7fa588959000-7fa58895a000 r--p 0000a000 08:02 4357887                    /lib/x86_64-linux-gnu/libnss_nis-2.19.so
7fa58895a000-7fa58895b000 rw-p 0000b000 08:02 4357887                    /lib/x86_64-linux-gnu/libnss_nis-2.19.so
7fa58895b000-7fa588972000 r-xp 00000000 08:02 4357883                    /lib/x86_64-linux-gnu/libnsl-2.19.so
7fa588972000-7fa588b71000 ---p 00017000 08:02 4357883                    /lib/x86_64-linux-gnu/libnsl-2.19.so
7fa588b71000-7fa588b72000 r--p 00016000 08:02 4357883                    /lib/x86_64-linux-gnu/libnsl-2.19.so
7fa588b72000-7fa588b73000 rw-p 00017000 08:02 4357883                    /lib/x86_64-linux-gnu/libnsl-2.19.so
7fa588b73000-7fa588b75000 rw-p 00000000 00:00 0 
7fa588b75000-7fa588b7e000 r-xp 00000000 08:02 4357882                    /lib/x86_64-linux-gnu/libnss_compat-2.19.so
7fa588b7e000-7fa588d7d000 ---p 00009000 08:02 4357882                    /lib/x86_64-linux-gnu/libnss_compat-2.19.so
7fa588d7d000-7fa588d7e000 r--p 00008000 08:02 4357882                    /lib/x86_64-linux-gnu/libnss_compat-2.19.so
7fa588d7e000-7fa588d7f000 rw-p 00009000 08:02 4357882                    /lib/x86_64-linux-gnu/libnss_compat-2.19.so
7fa588d7f000-7fa588dab000 r-xp 00000000 08:02 10223919                   /usr/lib/jvm/java-8-openjdk-amd64/jre/lib/amd64/libjava.so
7fa588dab000-7fa588fab000 ---p 0002c000 08:02 10223919                   /usr/lib/jvm/java-8-openjdk-amd64/jre/lib/amd64/libjava.so
7fa588fab000-7fa588fac000 r--p 0002c000 08:02 10223919                   /usr/lib/jvm/java-8-openjdk-amd64/jre/lib/amd64/libjava.so
7fa588fac000-7fa588fae000 rw-p 0002d000 08:02 10223919                   /usr/lib/jvm/java-8-openjdk-amd64/jre/lib/amd64/libjava.so
7fa588fae000-7fa588fbe000 r-xp 00000000 08:02 10223920                   /usr/lib/jvm/java-8-openjdk-amd64/jre/lib/amd64/libverify.so
7fa588fbe000-7fa5891bd000 ---p 00010000 08:02 10223920                   /usr/lib/jvm/java-8-openjdk-amd64/jre/lib/amd64/libverify.so
7fa5891bd000-7fa5891bf000 r--p 0000f000 08:02 10223920                   /usr/lib/jvm/java-8-openjdk-amd64/jre/lib/amd64/libverify.so
7fa5891bf000-7fa5891c0000 rw-p 00011000 08:02 10223920                   /usr/lib/jvm/java-8-openjdk-amd64/jre/lib/amd64/libverify.so
7fa5891c0000-7fa5891c7000 r-xp 00000000 08:02 4357891                    /lib/x86_64-linux-gnu/librt-2.19.so
7fa5891c7000-7fa5893c6000 ---p 00007000 08:02 4357891                    /lib/x86_64-linux-gnu/librt-2.19.so
7fa5893c6000-7fa5893c7000 r--p 00006000 08:02 4357891                    /lib/x86_64-linux-gnu/librt-2.19.so
7fa5893c7000-7fa5893c8000 rw-p 00007000 08:02 4357891                    /lib/x86_64-linux-gnu/librt-2.19.so
7fa5893c8000-7fa5893de000 r-xp 00000000 08:02 4349286                    /lib/x86_64-linux-gnu/libgcc_s.so.1
7fa5893de000-7fa5895dd000 ---p 00016000 08:02 4349286                    /lib/x86_64-linux-gnu/libgcc_s.so.1
7fa5895dd000-7fa5895de000 rw-p 00015000 08:02 4349286                    /lib/x86_64-linux-gnu/libgcc_s.so.1
7fa5895de000-7fa5896e3000 r-xp 00000000 08:02 4340626                    /lib/x86_64-linux-gnu/libm-2.19.so
7fa5896e3000-7fa5898e2000 ---p 00105000 08:02 4340626                    /lib/x86_64-linux-gnu/libm-2.19.so
7fa5898e2000-7fa5898e3000 r--p 00104000 08:02 4340626                    /lib/x86_64-linux-gnu/libm-2.19.so
7fa5898e3000-7fa5898e4000 rw-p 00105000 08:02 4340626                    /lib/x86_64-linux-gnu/libm-2.19.so
7fa5898e4000-7fa5899ca000 r-xp 00000000 08:02 4850012                    /usr/lib/x86_64-linux-gnu/libstdc++.so.6.0.19
7fa5899ca000-7fa589bc9000 ---p 000e6000 08:02 4850012                    /usr/lib/x86_64-linux-gnu/libstdc++.so.6.0.19
7fa589bc9000-7fa589bd1000 r--p 000e5000 08:02 4850012                    /usr/lib/x86_64-linux-gnu/libstdc++.so.6.0.19
7fa589bd1000-7fa589bd3000 rw-p 000ed000 08:02 4850012                    /usr/lib/x86_64-linux-gnu/libstdc++.so.6.0.19
7fa589bd3000-7fa589be8000 rw-p 00000000 00:00 0 
7fa589be8000-7fa58a7d4000 r-xp 00000000 08:02 10223931                   /usr/lib/jvm/java-8-openjdk-amd64/jre/lib/amd64/server/libjvm.so
7fa58a7d4000-7fa58a9d4000 ---p 00bec000 08:02 10223931                   /usr/lib/jvm/java-8-openjdk-amd64/jre/lib/amd64/server/libjvm.so
7fa58a9d4000-7fa58aa72000 r--p 00bec000 08:02 10223931                   /usr/lib/jvm/java-8-openjdk-amd64/jre/lib/amd64/server/libjvm.so
7fa58aa72000-7fa58aa9b000 rw-p 00c8a000 08:02 10223931                   /usr/lib/jvm/java-8-openjdk-amd64/jre/lib/amd64/server/libjvm.so
7fa58aa9b000-7fa58aacb000 rw-p 00000000 00:00 0 
7fa58aacb000-7fa58aae4000 r-xp 00000000 08:02 4357884                    /lib/x86_64-linux-gnu/libpthread-2.19.so
7fa58aae4000-7fa58ace3000 ---p 00019000 08:02 4357884                    /lib/x86_64-linux-gnu/libpthread-2.19.so
7fa58ace3000-7fa58ace4000 r--p 00018000 08:02 4357884                    /lib/x86_64-linux-gnu/libpthread-2.19.so
7fa58ace4000-7fa58ace5000 rw-p 00019000 08:02 4357884                    /lib/x86_64-linux-gnu/libpthread-2.19.so
7fa58ace5000-7fa58ace9000 rw-p 00000000 00:00 0 
7fa58ace9000-7fa58acec000 r-xp 00000000 08:02 4357879                    /lib/x86_64-linux-gnu/libdl-2.19.so
7fa58acec000-7fa58aeeb000 ---p 00003000 08:02 4357879                    /lib/x86_64-linux-gnu/libdl-2.19.so
7fa58aeeb000-7fa58aeec000 r--p 00002000 08:02 4357879                    /lib/x86_64-linux-gnu/libdl-2.19.so
7fa58aeec000-7fa58aeed000 rw-p 00003000 08:02 4357879                    /lib/x86_64-linux-gnu/libdl-2.19.so
7fa58aeed000-7fa58af05000 r-xp 00000000 08:02 4329561                    /lib/x86_64-linux-gnu/libz.so.1.2.8
7fa58af05000-7fa58b104000 ---p 00018000 08:02 4329561                    /lib/x86_64-linux-gnu/libz.so.1.2.8
7fa58b104000-7fa58b105000 r--p 00017000 08:02 4329561                    /lib/x86_64-linux-gnu/libz.so.1.2.8
7fa58b105000-7fa58b106000 rw-p 00018000 08:02 4329561                    /lib/x86_64-linux-gnu/libz.so.1.2.8
7fa58b106000-7fa58b2c1000 r-xp 00000000 08:02 4357892                    /lib/x86_64-linux-gnu/libc-2.19.so
7fa58b2c1000-7fa58b4c0000 ---p 001bb000 08:02 4357892                    /lib/x86_64-linux-gnu/libc-2.19.so
7fa58b4c0000-7fa58b4c4000 r--p 001ba000 08:02 4357892                    /lib/x86_64-linux-gnu/libc-2.19.so
7fa58b4c4000-7fa58b4c6000 rw-p 001be000 08:02 4357892                    /lib/x86_64-linux-gnu/libc-2.19.so
7fa58b4c6000-7fa58b4cb000 rw-p 00000000 00:00 0 
7fa58b4cb000-7fa58b4d8000 r-xp 00000000 08:02 10223946                   /usr/lib/jvm/java-8-openjdk-amd64/jre/lib/amd64/jli/libjli.so
7fa58b4d8000-7fa58b6d8000 ---p 0000d000 08:02 10223946                   /usr/lib/jvm/java-8-openjdk-amd64/jre/lib/amd64/jli/libjli.so
7fa58b6d8000-7fa58b6d9000 r--p 0000d000 08:02 10223946                   /usr/lib/jvm/java-8-openjdk-amd64/jre/lib/amd64/jli/libjli.so
7fa58b6d9000-7fa58b6da000 rw-p 0000e000 08:02 10223946                   /usr/lib/jvm/java-8-openjdk-amd64/jre/lib/amd64/jli/libjli.so
7fa58b6da000-7fa58b6fd000 r-xp 00000000 08:02 4357885                    /lib/x86_64-linux-gnu/ld-2.19.so
7fa58b6fd000-7fa58b6fe000 r--s 000fa000 08:02 2375101                    /home/tookuk/.gradle/caches/modules-2/files-2.1/com.badlogicgames.gdx/gdx-box2d-platform/1.7.1/6c9c371807914fcf8b354bb51ab67af2a4fda2dc/gdx-box2d-platform-1.7.1-natives-desktop.jar
7fa58b6fe000-7fa58b6ff000 r--s 000d2000 08:02 2375051                    /home/tookuk/.gradle/caches/modules-2/files-2.1/com.badlogicgames.gdx/gdx-platform/1.7.1/5cf3464f2b86da3534f6f5e3020bc303db3c4202/gdx-platform-1.7.1-natives-desktop.jar
7fa58b6ff000-7fa58b701000 r--s 00010000 08:02 2374270                    /home/tookuk/.gradle/caches/modules-2/files-2.1/com.badlogicgames.gdx/gdx-box2d/1.7.1/fd23897393900f8f888222795e3229eff600fb3d/gdx-box2d-1.7.1.jar
7fa58b701000-7fa58b702000 r--s 0000a000 08:02 10223975                   /usr/lib/jvm/java-8-openjdk-amd64/jre/lib/ext/jaccess.jar
7fa58b702000-7fa58b704000 r--s 00001000 08:02 10223972                   /usr/lib/jvm/java-8-openjdk-amd64/jre/lib/ext/dnsns.jar
7fa58b704000-7fa58b708000 r--s 00037000 08:02 10223980                   /usr/lib/jvm/java-8-openjdk-amd64/jre/lib/ext/sunpkcs11.jar
7fa58b708000-7fa58b7d3000 rw-p 00000000 00:00 0 
7fa58b7d3000-7fa58b7d6000 ---p 00000000 00:00 0 
7fa58b7d6000-7fa58b8d9000 rw-p 00000000 00:00 0                          [stack:6241]
7fa58b8d9000-7fa58b8dc000 r--s 0000f000 08:02 10223978                   /usr/lib/jvm/java-8-openjdk-amd64/jre/lib/ext/icedtea-sound.jar
7fa58b8dc000-7fa58b8dd000 r--s 00008000 08:02 10223974                   /usr/lib/jvm/java-8-openjdk-amd64/jre/lib/ext/sunec.jar
7fa58b8dd000-7fa58b8de000 r--s 00010000 08:02 10223976                   /usr/lib/jvm/java-8-openjdk-amd64/jre/lib/ext/zipfs.jar
7fa58b8de000-7fa58b8e8000 r--s 00116000 08:02 10223979                   /usr/lib/jvm/java-8-openjdk-amd64/jre/lib/ext/localedata.jar
7fa58b8e8000-7fa58b8ea000 r--s 00006000 08:02 5250933                    /usr/share/java/java-atk-wrapper.jar
7fa58b8ea000-7fa58b8f0000 r--s 0003a000 08:02 10223977                   /usr/lib/jvm/java-8-openjdk-amd64/jre/lib/ext/sunjce_provider.jar
7fa58b8f0000-7fa58b8f8000 rw-s 00000000 08:02 2361987                    /tmp/hsperfdata_tookuk/6235
7fa58b8f8000-7fa58b8f9000 rw-p 00000000 00:00 0 
7fa58b8f9000-7fa58b8fa000 r--p 00000000 00:00 0 
7fa58b8fa000-7fa58b8fc000 rw-p 00000000 00:00 0 
7fa58b8fc000-7fa58b8fd000 r--p 00022000 08:02 4357885                    /lib/x86_64-linux-gnu/ld-2.19.so
7fa58b8fd000-7fa58b8fe000 rw-p 00023000 08:02 4357885                    /lib/x86_64-linux-gnu/ld-2.19.so
7fa58b8fe000-7fa58b8ff000 rw-p 00000000 00:00 0 
7ffd044da000-7ffd044fc000 rw-p 00000000 00:00 0                          [stack]
7ffd0459a000-7ffd0459c000 r-xp 00000000 00:00 0                          [vdso]
ffffffffff600000-ffffffffff601000 r-xp 00000000 00:00 0                  [vsyscall]

VM Arguments:
jvm_args: -Dfile.encoding=UTF-8 
java_command: ru.wtf.desktop.DesktopLauncher
java_class_path (initial): /home/tookuk/eclipseWorkspace/tryGame/desktop/bin:/home/tookuk/eclipseWorkspace/tryGame/core/bin:/home/tookuk/.gradle/caches/modules-2/files-2.1/com.badlogicgames.gdx/gdx/1.7.1/2179cc613447c297623a4a6d2ba6692c3aaff804/gdx-1.7.1.jar:/home/tookuk/.gradle/caches/modules-2/files-2.1/com.badlogicgames.gdx/gdx-box2d/1.7.1/fd23897393900f8f888222795e3229eff600fb3d/gdx-box2d-1.7.1.jar:/home/tookuk/.gradle/caches/modules-2/files-2.1/com.badlogicgames.gdx/gdx-backend-lwjgl/1.7.1/d4531b364d1c2513cb99e7bdd9515ae317007cf5/gdx-backend-lwjgl-1.7.1.jar:/home/tookuk/.gradle/caches/modules-2/files-2.1/com.badlogicgames.gdx/gdx-platform/1.7.1/5cf3464f2b86da3534f6f5e3020bc303db3c4202/gdx-platform-1.7.1-natives-desktop.jar:/home/tookuk/.gradle/caches/modules-2/files-2.1/com.badlogicgames.gdx/gdx-box2d-platform/1.7.1/6c9c371807914fcf8b354bb51ab67af2a4fda2dc/gdx-box2d-platform-1.7.1-natives-desktop.jar:/home/tookuk/.gradle/caches/modules-2/files-2.1/org.lwjgl.lwjgl/lwjgl/2.9.2/a9d80fe5935c7a9149f6584d9777cfd471f65489/lwjgl-2.9.2.jar:/home/tookuk/.gradle/caches/modules-2/files-2.1/org.lwjgl.lwjgl/lwjgl_util/2.9.2/4b9e37300a87799856e0bd15ed81663cdb6b0947/lwjgl_util-2.9.2.jar:/home/tookuk/.gradle/caches/modules-2/files-2.1/com.badlogicgames.jlayer/jlayer/1.0.1-gdx/7cca83cec5c1b2f011362f4d85aabd71a73b049d/jlayer-1.0.1-gdx.jar:/home/tookuk/.gradle/caches/modules-2/files-2.1/org.jcraft/jorbis/0.0.17/8872d22b293e8f5d7d56ff92be966e6dc28ebdc6/jorbis-0.0.17.jar:/home/tookuk/.gradle/caches/modules-2/files-2.1/org.lwjgl.lwjgl/lwjgl-platform/2.9.2/510c7d317f5e9e700b9cfaac5fd38bdebf0702e0/lwjgl-platform-2.9.2-natives-windows.jar:/home/tookuk/.gradle/caches/modules-2/files-2.1/org.lwjgl.lwjgl/lwjgl-platform/2.9.2/d276cdf61fe2b516c7b7f4aa1b8dea91dbdc8d56/lwjgl-platform-2.9.2-natives-linux.jar:/home/tookuk/.gradle/caches/modules-2/files-2.1/org.lwjgl.lwjgl/lwjgl-platform/2.9.2/d55b46b40b40249d627a83a7f7f22649709d70c3/lwjgl-platform-2.9.2-natives-osx.jar:/home/tookuk/.gradle/cac
Launcher Type: SUN_STANDARD

Environment Variables:
JAVA_HOME=/usr/lib/jvm/java-8-openjdk-amd64
PATH=/usr/local/sbin:/usr/local/bin:/usr/sbin:/usr/bin:/sbin:/bin:/usr/games:/usr/local/games:/home/tookuk/bin:/usr/lib/jvm/java-8-openjdk-amd64/bin
SHELL=/bin/bash
DISPLAY=:0

Signal Handlers:
SIGSEGV: [libjvm.so+0x9f42a0], sa_mask[0]=11111111011111111101111111111110, sa_flags=SA_RESTART|SA_SIGINFO
SIGBUS: [libjvm.so+0x9f42a0], sa_mask[0]=11111111011111111101111111111110, sa_flags=SA_RESTART|SA_SIGINFO
SIGFPE: [libjvm.so+0x8558d0], sa_mask[0]=11111111011111111101111111111110, sa_flags=SA_RESTART|SA_SIGINFO
SIGPIPE: [libjvm.so+0x8558d0], sa_mask[0]=11111111011111111101111111111110, sa_flags=SA_RESTART|SA_SIGINFO
SIGXFSZ: [libjvm.so+0x8558d0], sa_mask[0]=11111111011111111101111111111110, sa_flags=SA_RESTART|SA_SIGINFO
SIGILL: [libjvm.so+0x8558d0], sa_mask[0]=11111111011111111101111111111110, sa_flags=SA_RESTART|SA_SIGINFO
SIGUSR1: SIG_DFL, sa_mask[0]=00000000000000000000000000000000, sa_flags=none
SIGUSR2: [libjvm.so+0x8557a0], sa_mask[0]=00100000000000000000000000000000, sa_flags=SA_RESTART|SA_SIGINFO
SIGHUP: [libjvm.so+0x855990], sa_mask[0]=11111111011111111101111111111110, sa_flags=SA_RESTART|SA_SIGINFO
SIGINT: [libjvm.so+0x855990], sa_mask[0]=11111111011111111101111111111110, sa_flags=SA_RESTART|SA_SIGINFO
SIGTERM: [libjvm.so+0x855990], sa_mask[0]=11111111011111111101111111111110, sa_flags=SA_RESTART|SA_SIGINFO
SIGQUIT: [libjvm.so+0x855990], sa_mask[0]=11111111011111111101111111111110, sa_flags=SA_RESTART|SA_SIGINFO


---------------  S Y S T E M  ---------------

OS:DISTRIB_ID=Ubuntu
DISTRIB_RELEASE=14.04
DISTRIB_CODENAME=trusty
DISTRIB_DESCRIPTION="Ubuntu 14.04.4 LTS"

uname:Linux 3.13.0-83-generic #127-Ubuntu SMP Fri Mar 11 00:25:37 UTC 2016 x86_64
libc:glibc 2.19 NPTL 2.19 
rlimit: STACK 8192k, CORE 0k, NPROC 63601, NOFILE 4096, AS infinity
load average:0,22 0,21 0,30

/proc/meminfo:
MemTotal:        8172168 kB
MemFree:         3174304 kB
Buffers:          597128 kB
Cached:          1477648 kB
SwapCached:            0 kB
Active:          3177428 kB
Inactive:        1228896 kB
Active(anon):    2334164 kB
Inactive(anon):   117388 kB
Active(file):     843264 kB
Inactive(file):  1111508 kB
Unevictable:          48 kB
Mlocked:              48 kB
SwapTotal:             0 kB
SwapFree:              0 kB
Dirty:                44 kB
Writeback:             0 kB
AnonPages:       2331668 kB
Mapped:           440836 kB
Shmem:            120008 kB
Slab:             387164 kB
SReclaimable:     349296 kB
SUnreclaim:        37868 kB
KernelStack:        4720 kB
PageTables:        41476 kB
NFS_Unstable:          0 kB
Bounce:                0 kB
WritebackTmp:          0 kB
CommitLimit:     4086084 kB
Committed_AS:    6710976 kB
VmallocTotal:   34359738367 kB
VmallocUsed:      119796 kB
VmallocChunk:   34359614588 kB
HardwareCorrupted:     0 kB
AnonHugePages:   1050624 kB
HugePages_Total:       0
HugePages_Free:        0
HugePages_Rsvd:        0
HugePages_Surp:        0
Hugepagesize:       2048 kB
DirectMap4k:      235392 kB
DirectMap2M:     8148992 kB


CPU:total 4 (4 cores per cpu, 1 threads per core) family 6 model 30 stepping 5, cmov, cx8, fxsr, mmx, sse, sse2, sse3, ssse3, sse4.1, sse4.2, popcnt, tsc, tscinvbit

/proc/cpuinfo:
processor	: 0
vendor_id	: GenuineIntel
cpu family	: 6
model		: 30
model name	: Intel(R) Core(TM) i5 CPU         760  @ 2.80GHz
stepping	: 5
microcode	: 0x3
cpu MHz		: 1197.000
cache size	: 8192 KB
physical id	: 0
siblings	: 4
core id		: 0
cpu cores	: 4
apicid		: 0
initial apicid	: 0
fpu		: yes
fpu_exception	: yes
cpuid level	: 11
wp		: yes
flags		: fpu vme de pse tsc msr pae mce cx8 apic sep mtrr pge mca cmov pat pse36 clflush dts acpi mmx fxsr sse sse2 ss ht tm pbe syscall nx rdtscp lm constant_tsc arch_perfmon pebs bts rep_good nopl xtopology nonstop_tsc aperfmperf pni dtes64 monitor ds_cpl vmx smx est tm2 ssse3 cx16 xtpr pdcm sse4_1 sse4_2 popcnt lahf_lm ida dtherm tpr_shadow vnmi flexpriority ept vpid
bogomips	: 5596.13
clflush size	: 64
cache_alignment	: 64
address sizes	: 36 bits physical, 48 bits virtual
power management:

processor	: 1
vendor_id	: GenuineIntel
cpu family	: 6
model		: 30
model name	: Intel(R) Core(TM) i5 CPU         760  @ 2.80GHz
stepping	: 5
microcode	: 0x3
cpu MHz		: 1197.000
cache size	: 8192 KB
physical id	: 0
siblings	: 4
core id		: 1
cpu cores	: 4
apicid		: 2
initial apicid	: 2
fpu		: yes
fpu_exception	: yes
cpuid level	: 11
wp		: yes
flags		: fpu vme de pse tsc msr pae mce cx8 apic sep mtrr pge mca cmov pat pse36 clflush dts acpi mmx fxsr sse sse2 ss ht tm pbe syscall nx rdtscp lm constant_tsc arch_perfmon pebs bts rep_good nopl xtopology nonstop_tsc aperfmperf pni dtes64 monitor ds_cpl vmx smx est tm2 ssse3 cx16 xtpr pdcm sse4_1 sse4_2 popcnt lahf_lm ida dtherm tpr_shadow vnmi flexpriority ept vpid
bogomips	: 5596.13
clflush size	: 64
cache_alignment	: 64
address sizes	: 36 bits physical, 48 bits virtual
power management:

processor	: 2
vendor_id	: GenuineIntel
cpu family	: 6
model		: 30
model name	: Intel(R) Core(TM) i5 CPU         760  @ 2.80GHz
stepping	: 5
microcode	: 0x3
cpu MHz		: 2926.000
cache size	: 8192 KB
physical id	: 0
siblings	: 4
core id		: 2
cpu cores	: 4
apicid		: 4
initial apicid	: 4
fpu		: yes
fpu_exception	: yes
cpuid level	: 11
wp		: yes
flags		: fpu vme de pse tsc msr pae mce cx8 apic sep mtrr pge mca cmov pat pse36 clflush dts acpi mmx fxsr sse sse2 ss ht tm pbe syscall nx rdtscp lm constant_tsc arch_perfmon pebs bts rep_good nopl xtopology nonstop_tsc aperfmperf pni dtes64 monitor ds_cpl vmx smx est tm2 ssse3 cx16 xtpr pdcm sse4_1 sse4_2 popcnt lahf_lm ida dtherm tpr_shadow vnmi flexpriority ept vpid
bogomips	: 5596.13
clflush size	: 64
cache_alignment	: 64
address sizes	: 36 bits physical, 48 bits virtual
power management:

processor	: 3
vendor_id	: GenuineIntel
cpu family	: 6
model		: 30
model name	: Intel(R) Core(TM) i5 CPU         760  @ 2.80GHz
stepping	: 5
microcode	: 0x3
cpu MHz		: 1197.000
cache size	: 8192 KB
physical id	: 0
siblings	: 4
core id		: 3
cpu cores	: 4
apicid		: 6
initial apicid	: 6
fpu		: yes
fpu_exception	: yes
cpuid level	: 11
wp		: yes
flags		: fpu vme de pse tsc msr pae mce cx8 apic sep mtrr pge mca cmov pat pse36 clflush dts acpi mmx fxsr sse sse2 ss ht tm pbe syscall nx rdtscp lm constant_tsc arch_perfmon pebs bts rep_good nopl xtopology nonstop_tsc aperfmperf pni dtes64 monitor ds_cpl vmx smx est tm2 ssse3 cx16 xtpr pdcm sse4_1 sse4_2 popcnt lahf_lm ida dtherm tpr_shadow vnmi flexpriority ept vpid
bogomips	: 5596.13
clflush size	: 64
cache_alignment	: 64
address sizes	: 36 bits physical, 48 bits virtual
power management:



Memory: 4k page, physical 8172168k(3174304k free), swap 0k(0k free)

vm_info: OpenJDK 64-Bit Server VM (25.72-b15) for linux-amd64 JRE (1.8.0_72-internal-b15), built on Jan 28 2016 23:42:34 by "buildd" with gcc 4.8.2

time: Mon Mar 21 22:04:34 2016
elapsed time: 37 seconds (0d 0h 0m 37s)

