#
# A fatal error has been detected by the Java Runtime Environment:
#
#  SIGSEGV (0xb) at pc=0x00007f95dd16e9eb, pid=6294, tid=140281648768768
#
# JRE version: OpenJDK Runtime Environment (8.0_72-b15) (build 1.8.0_72-internal-b15)
# Java VM: OpenJDK 64-Bit Server VM (25.72-b15 mixed mode linux-amd64 compressed oops)
# Problematic frame:
# C  [libgdx-box2d64.so+0x219eb]  b2BlockAllocator::Allocate(int)+0x4b
#
# Failed to write core dump. Core dumps have been disabled. To enable core dumping, try "ulimit -c unlimited" before starting Java again
#
# If you would like to submit a bug report, please visit:
#   http://bugreport.java.com/bugreport/crash.jsp
# The crash happened outside the Java Virtual Machine in native code.
# See problematic frame for where to report the bug.
#

---------------  T H R E A D  ---------------

Current thread (0x00007f963043a000):  JavaThread "LWJGL Application" [_thread_in_native, id=6318, stack(0x00007f95ddc7e000,0x00007f95ddd7f000)]

siginfo: si_signo: 11 (SIGSEGV), si_code: 1 (SEGV_MAPERR), si_addr: 0x0000002600000002

Registers:
RAX=0x0000002600000002, RBX=0x00007f95c84f00f0, RCX=0x0000000000000002, RDX=0x00007f95c84f00f0
RSP=0x00007f95ddd7d1d0, RBP=0x00007f95c84f0120, RSI=0x00000000000000b8, RDI=0x00007f95c84f00f0
R8 =0x0000000000000001, R9 =0x0000000000000001, R10=0x0000000000000000, R11=0x0000000000000001
R12=0x0000000000000000, R13=0x0000000000000006, R14=0x00007f95ddd7d608, R15=0x00007f963043a000
RIP=0x00007f95dd16e9eb, EFLAGS=0x0000000000010202, CSGSFS=0x0000000000000033, ERR=0x0000000000000004
  TRAPNO=0x000000000000000e

Top of Stack: (sp=0x00007f95ddd7d1d0)
0x00007f95ddd7d1d0:   00007f95c8b4fcd0 00007f95c84f00f0
0x00007f95ddd7d1e0:   00007f95ddd7d230 0000000000000000
0x00007f95ddd7d1f0:   00007f95dd07ed40 00007f95dd1842af
0x00007f95ddd7d200:   00000000c84f00f0 0000000000000000
0x00007f95ddd7d210:   0000000040490fdb 00000000d8718450
0x00007f95ddd7d220:   00007f95ddd7d2e0 00007f95dd18a020
0x00007f95ddd7d230:   42c9334a00000002 000000004563ee8d
0x00007f95ddd7d240:   0000000000000000 0000000000000000
0x00007f95ddd7d250:   0000010100000000 0000000000000001
0x00007f95ddd7d260:   0000000000000000 00007f953f800000
0x00007f95ddd7d270:   00007f95c8aa0650 00007f96214b27e3
0x00007f95ddd7d280:   0000000000000000 0000000000000000
0x00007f95ddd7d290:   0000000000000001 000000003f800000
0x00007f95ddd7d2a0:   00000000d8718450 00007f96214b2bb8
0x00007f95ddd7d2b0:   00000000ffffffff 0000000000000000
0x00007f95ddd7d2c0:   00000000d88a4b30 00007f963043a000
0x00007f95ddd7d2d0:   0000200000001e96 00000000d78db8f8
0x00007f95ddd7d2e0:   00007f95ddd7d5c8 00007f962133a57c
0x00007f95ddd7d2f0:   00007f9600000000 00007f9600000001
0x00007f95ddd7d300:   00007f953f800000 00007f96214b34ac
0x00007f95ddd7d310:   00007f9600000000 0000000000000000
0x00007f95ddd7d320:   00007f95ddd7d360 00007f95dd181874
0x00007f95ddd7d330:   3edf66f335615000 3ed8616c3f6803c9
0x00007f95ddd7d340:   00007f9635615000 00007f95ddd7d3c0
0x00007f95ddd7d350:   0000000000000000 00007f95dd18832d
0x00007f95ddd7d360:   4563da4442c3c333 0000000000000000
0x00007f95ddd7d370:   0000000040800000 00007f962151ca1e
0x00007f95ddd7d380:   00000000d88a4b30 00007f962151c044
0x00007f95ddd7d390:   00007f95ddd7d5c8 00000000d8718450
0x00007f95ddd7d3a0:   00007f95c8b4fcd0 00000000d78db8f8
0x00007f95ddd7d3b0:   00000000d7b21f88 00007f963043a000
0x00007f95ddd7d3c0:   00007f95ddd7d5c8 00007f96215181a4 

Instructions: (pc=0x00007f95dd16e9eb)
0x00007f95dd16e9cb:   0f b6 04 30 3c 0d 44 0f b6 e8 0f 87 ae 01 00 00
0x00007f95dd16e9db:   48 8d 2c c7 48 89 fb 48 8b 45 10 48 85 c0 74 35
0x00007f95dd16e9eb:   48 8b 10 48 89 c7 48 89 f8 48 89 55 10 48 83 c4
0x00007f95dd16e9fb:   08 5b 5d 41 5c 41 5d c3 0f 1f 44 00 00 48 83 c4 

Register to memory mapping:

RAX=0x0000002600000002 is an unknown value
RBX=0x00007f95c84f00f0 is an unknown value
RCX=0x0000000000000002 is an unknown value
RDX=0x00007f95c84f00f0 is an unknown value
RSP=0x00007f95ddd7d1d0 is pointing into the stack for thread: 0x00007f963043a000
RBP=0x00007f95c84f0120 is an unknown value
RSI=0x00000000000000b8 is an unknown value
RDI=0x00007f95c84f00f0 is an unknown value
R8 =0x0000000000000001 is an unknown value
R9 =0x0000000000000001 is an unknown value
R10=0x0000000000000000 is an unknown value
R11=0x0000000000000001 is an unknown value
R12=0x0000000000000000 is an unknown value
R13=0x0000000000000006 is an unknown value
R14=0x00007f95ddd7d608 is pointing into the stack for thread: 0x00007f963043a000
R15=0x00007f963043a000 is a thread


Stack: [0x00007f95ddc7e000,0x00007f95ddd7f000],  sp=0x00007f95ddd7d1d0,  free space=1020k
Native frames: (J=compiled Java code, j=interpreted, Vv=VM code, C=native code)
C  [libgdx-box2d64.so+0x219eb]  b2BlockAllocator::Allocate(int)+0x4b

Java frames: (J=compiled Java code, j=interpreted, Vv=VM code)
J 1372  com.badlogic.gdx.physics.box2d.World.jniCreateBody(JIFFFFFFFFZZZZZF)J (0 bytes) @ 0x00007f96214b26d9 [0x00007f96214b2680+0x59]
J 839 C1 com.badlogic.gdx.physics.box2d.World.createBody(Lcom/badlogic/gdx/physics/box2d/BodyDef;)Lcom/badlogic/gdx/physics/box2d/Body; (120 bytes) @ 0x00007f962133a57c [0x00007f962133a3e0+0x19c]
J 1486 C1 ru.wtf.sprites.SimpleWallPart.addToWorld(FFF)V (69 bytes) @ 0x00007f96215181a4 [0x00007f9621518040+0x164]
J 840 C1 ru.wtf.objects.SimpleWallManager.buildNextBody(FFFFLru/wtf/objects/WallType;)Lru/wtf/sprites/SimpleWallPart; (47 bytes) @ 0x00007f962133b134 [0x00007f962133b000+0x134]
j  ru.wtf.objects.SimpleWallManager.buildRow(FFFFLru/wtf/objects/WallType;)V+53
j  ru.wtf.objects.SimpleWallManager.buildWall(FFFIFLru/wtf/objects/WallType;)V+110
J 1528 C1 ru.wtf.screens.GameScreen.wallGeneration()V (92 bytes) @ 0x00007f962154c614 [0x00007f962154c0a0+0x574]
J 1518 C1 ru.wtf.screens.GameScreen.render(F)V (221 bytes) @ 0x00007f9621539b7c [0x00007f96215390e0+0xa9c]
J 1478 C1 ru.wtf.MyGdxGame.render()V (5 bytes) @ 0x00007f962151667c [0x00007f96215164a0+0x1dc]
j  com.badlogic.gdx.backends.lwjgl.LwjglApplication.mainLoop()V+684
j  com.badlogic.gdx.backends.lwjgl.LwjglApplication$1.run()V+27
v  ~StubRoutines::call_stub

---------------  P R O C E S S  ---------------

Java Threads: ( => current thread )
  0x00007f95c801b800 JavaThread "process reaper" daemon [_thread_blocked, id=6320, stack(0x00007f9610008000,0x00007f9610041000)]
  0x00007f963000b000 JavaThread "DestroyJavaVM" [_thread_blocked, id=6299, stack(0x00007f963966f000,0x00007f9639770000)]
=>0x00007f963043a000 JavaThread "LWJGL Application" [_thread_in_native, id=6318, stack(0x00007f95ddc7e000,0x00007f95ddd7f000)]
  0x00007f9630394800 JavaThread "AWT-XAWT" daemon [_thread_in_native, id=6314, stack(0x00007f9600ec4000,0x00007f9600fc5000)]
  0x00007f9630377800 JavaThread "Java2D Disposer" daemon [_thread_blocked, id=6313, stack(0x00007f96013d5000,0x00007f96014d6000)]
  0x00007f96300ba800 JavaThread "Service Thread" daemon [_thread_blocked, id=6311, stack(0x00007f96035ea000,0x00007f96036eb000)]
  0x00007f96300b3000 JavaThread "C1 CompilerThread2" daemon [_thread_blocked, id=6310, stack(0x00007f96036eb000,0x00007f96037ec000)]
  0x00007f96300b1000 JavaThread "C2 CompilerThread1" daemon [_thread_blocked, id=6309, stack(0x00007f961009f000,0x00007f96101a0000)]
  0x00007f96300ae000 JavaThread "C2 CompilerThread0" daemon [_thread_blocked, id=6308, stack(0x00007f962006d000,0x00007f962016e000)]
  0x00007f96300ac000 JavaThread "Signal Dispatcher" daemon [_thread_blocked, id=6307, stack(0x00007f962016e000,0x00007f962026f000)]
  0x00007f9630084800 JavaThread "Finalizer" daemon [_thread_blocked, id=6306, stack(0x00007f962026f000,0x00007f9620370000)]
  0x00007f9630080000 JavaThread "Reference Handler" daemon [_thread_blocked, id=6305, stack(0x00007f9620370000,0x00007f9620471000)]

Other Threads:
  0x00007f9630078800 VMThread [stack: 0x00007f9620471000,0x00007f9620572000] [id=6304]
  0x00007f96300bc800 WatcherThread [stack: 0x00007f96034e9000,0x00007f96035ea000] [id=6312]

VM state:not at safepoint (normal execution)

VM Mutex/Monitor currently owned by a thread: None

Heap:
 PSYoungGen      total 37888K, used 31567K [0x00000000d6700000, 0x00000000d9100000, 0x0000000100000000)
  eden space 32768K, 80% used [0x00000000d6700000,0x00000000d80d8d48,0x00000000d8700000)
  from space 5120K, 99% used [0x00000000d8700000,0x00000000d8bfaec0,0x00000000d8c00000)
  to   space 5120K, 0% used [0x00000000d8c00000,0x00000000d8c00000,0x00000000d9100000)
 ParOldGen       total 86016K, used 116K [0x0000000083400000, 0x0000000088800000, 0x00000000d6700000)
  object space 86016K, 0% used [0x0000000083400000,0x000000008341d130,0x0000000088800000)
 Metaspace       used 10829K, capacity 11045K, committed 11136K, reserved 1058816K
  class space    used 986K, capacity 1064K, committed 1152K, reserved 1048576K

Card table byte_map: [0x00007f9635a2f000,0x00007f9635e16000] byte_map_base: 0x00007f9635615000

Marking Bits: (ParMarkBitMap*) 0x00007f963894c080
 Begin Bits: [0x00007f96101a0000, 0x00007f96120d0000)
 End Bits:   [0x00007f96120d0000, 0x00007f9614000000)

Polling page: 0x00007f9639795000

CodeCache: size=245760Kb used=5867Kb max_used=5883Kb free=239892Kb
 bounds [0x00007f9621000000, 0x00007f96215d0000, 0x00007f9630000000]
 total_blobs=2278 nmethods=1667 adapters=527
 compilation: enabled

Compilation events (10 events):
Event: 24,799 Thread 0x00007f96300ae000 nmethod 1663 0x00007f96215ad810 code [0x00007f96215ad9e0, 0x00007f96215aeb08]
Event: 24,799 Thread 0x00007f96300ae000 1664       4       com.badlogic.gdx.backends.lwjgl.LwjglGL20::ensureBufferCapacity (49 bytes)
Event: 24,799 Thread 0x00007f96300ae000 nmethod 1664 0x00007f9621599b10 code [0x00007f9621599c60, 0x00007f9621599cf8]
Event: 24,964 Thread 0x00007f96300b1000 nmethod 1662 0x00007f96215b5350 code [0x00007f96215b6020, 0x00007f96215bacd8]
Event: 25,314 Thread 0x00007f96300ae000 1665       4       com.badlogic.gdx.scenes.scene2d.ui.Label::getPrefHeight (67 bytes)
Event: 25,317 Thread 0x00007f96300ae000 nmethod 1665 0x00007f9621599710 code [0x00007f9621599880, 0x00007f9621599998]
Event: 26,431 Thread 0x00007f96300ae000 1666       4       java.nio.DirectIntBufferU::get (16 bytes)
Event: 26,432 Thread 0x00007f96300ae000 nmethod 1666 0x00007f962159e110 code [0x00007f962159e260, 0x00007f962159e318]
Event: 26,482 Thread 0x00007f96300b1000 1667       4       com.badlogic.gdx.graphics.g2d.GlyphLayout::setText (930 bytes)
Event: 26,541 Thread 0x00007f96300b1000 nmethod 1667 0x00007f96215c3710 code [0x00007f96215c3ac0, 0x00007f96215c6c90]

GC Heap History (2 events):
Event: 1,287 GC heap before
{Heap before GC invocations=1 (full 0):
 PSYoungGen      total 37888K, used 32768K [0x00000000d6700000, 0x00000000d9100000, 0x0000000100000000)
  eden space 32768K, 100% used [0x00000000d6700000,0x00000000d8700000,0x00000000d8700000)
  from space 5120K, 0% used [0x00000000d8c00000,0x00000000d8c00000,0x00000000d9100000)
  to   space 5120K, 0% used [0x00000000d8700000,0x00000000d8700000,0x00000000d8c00000)
 ParOldGen       total 86016K, used 0K [0x0000000083400000, 0x0000000088800000, 0x00000000d6700000)
  object space 86016K, 0% used [0x0000000083400000,0x0000000083400000,0x0000000088800000)
 Metaspace       used 10298K, capacity 10469K, committed 10624K, reserved 1058816K
  class space    used 983K, capacity 1064K, committed 1152K, reserved 1048576K
Event: 1,292 GC heap after
Heap after GC invocations=1 (full 0):
 PSYoungGen      total 37888K, used 5099K [0x00000000d6700000, 0x00000000d9100000, 0x0000000100000000)
  eden space 32768K, 0% used [0x00000000d6700000,0x00000000d6700000,0x00000000d8700000)
  from space 5120K, 99% used [0x00000000d8700000,0x00000000d8bfaec0,0x00000000d8c00000)
  to   space 5120K, 0% used [0x00000000d8c00000,0x00000000d8c00000,0x00000000d9100000)
 ParOldGen       total 86016K, used 116K [0x0000000083400000, 0x0000000088800000, 0x00000000d6700000)
  object space 86016K, 0% used [0x0000000083400000,0x000000008341d130,0x0000000088800000)
 Metaspace       used 10298K, capacity 10469K, committed 10624K, reserved 1058816K
  class space    used 983K, capacity 1064K, committed 1152K, reserved 1048576K
}

Deoptimization events (4 events):
Event: 0,102 Thread 0x00007f963000b000 Uncommon trap: reason=unstable_if action=reinterpret pc=0x00007f96211383c4 method=java.lang.String.indexOf(II)I @ 49
Event: 0,497 Thread 0x00007f963043a000 Uncommon trap: reason=unstable_if action=reinterpret pc=0x00007f96211a5b64 method=java.lang.String.replace(CC)Ljava/lang/String; @ 26
Event: 2,729 Thread 0x00007f963043a000 Uncommon trap: reason=unstable_if action=reinterpret pc=0x00007f96213a3a98 method=ru.wtf.sprites.SimpleWallPart.update(F)V @ 33
Event: 2,996 Thread 0x00007f963043a000 Uncommon trap: reason=unstable_if action=reinterpret pc=0x00007f962140074c method=ru.wtf.sprites.SimpleWallPart.update(F)V @ 134

Internal exceptions (10 events):
Event: 0,222 Thread 0x00007f963000b000 Exception <a 'java/security/PrivilegedActionException'> (0x00000000d6c68d68) thrown at [/build/openjdk-8-YNUxN3/openjdk-8-8u72-b15/src/hotspot/src/share/vm/prims/jvm.cpp, line 1386]
Event: 0,222 Thread 0x00007f963000b000 Exception <a 'java/security/PrivilegedActionException'> (0x00000000d6c699c0) thrown at [/build/openjdk-8-YNUxN3/openjdk-8-8u72-b15/src/hotspot/src/share/vm/prims/jvm.cpp, line 1386]
Event: 0,222 Thread 0x00007f963000b000 Exception <a 'java/security/PrivilegedActionException'> (0x00000000d6c6a5e8) thrown at [/build/openjdk-8-YNUxN3/openjdk-8-8u72-b15/src/hotspot/src/share/vm/prims/jvm.cpp, line 1386]
Event: 0,223 Thread 0x00007f963000b000 Exception <a 'java/security/PrivilegedActionException'> (0x00000000d6c6c768) thrown at [/build/openjdk-8-YNUxN3/openjdk-8-8u72-b15/src/hotspot/src/share/vm/prims/jvm.cpp, line 1386]
Event: 0,223 Thread 0x00007f963000b000 Exception <a 'java/security/PrivilegedActionException'> (0x00000000d6c6d3c0) thrown at [/build/openjdk-8-YNUxN3/openjdk-8-8u72-b15/src/hotspot/src/share/vm/prims/jvm.cpp, line 1386]
Event: 0,223 Thread 0x00007f963000b000 Exception <a 'java/security/PrivilegedActionException'> (0x00000000d6c6dfe8) thrown at [/build/openjdk-8-YNUxN3/openjdk-8-8u72-b15/src/hotspot/src/share/vm/prims/jvm.cpp, line 1386]
Event: 0,223 Thread 0x00007f963000b000 Exception <a 'java/security/PrivilegedActionException'> (0x00000000d6c6ff28) thrown at [/build/openjdk-8-YNUxN3/openjdk-8-8u72-b15/src/hotspot/src/share/vm/prims/jvm.cpp, line 1386]
Event: 0,223 Thread 0x00007f963000b000 Exception <a 'java/security/PrivilegedActionException'> (0x00000000d6c70b80) thrown at [/build/openjdk-8-YNUxN3/openjdk-8-8u72-b15/src/hotspot/src/share/vm/prims/jvm.cpp, line 1386]
Event: 0,223 Thread 0x00007f963000b000 Exception <a 'java/security/PrivilegedActionException'> (0x00000000d6c717a8) thrown at [/build/openjdk-8-YNUxN3/openjdk-8-8u72-b15/src/hotspot/src/share/vm/prims/jvm.cpp, line 1386]
Event: 0,537 Thread 0x00007f963043a000 Exception <a 'java/lang/NoClassDefFoundError': org/lwjgl/opengles/GLContext> (0x00000000d706ff30) thrown at [/build/openjdk-8-YNUxN3/openjdk-8-8u72-b15/src/hotspot/src/share/vm/classfile/systemDictionary.cpp, line 199]

Events (10 events):
Event: 2,729 Thread 0x00007f963043a000 DEOPT UNPACKING pc=0x00007f9621004f69 sp=0x00007f95ddd7d768 mode 2
Event: 2,996 Thread 0x00007f963043a000 Uncommon trap: trap_request=0xffffff65 fr.pc=0x00007f962140074c
Event: 2,996 Thread 0x00007f963043a000 DEOPT PACKING pc=0x00007f962140074c sp=0x00007f95ddd7d7a0
Event: 2,996 Thread 0x00007f963043a000 DEOPT UNPACKING pc=0x00007f9621004f69 sp=0x00007f95ddd7d768 mode 2
Event: 4,058 Executing VM operation: EnableBiasedLocking
Event: 4,058 Executing VM operation: EnableBiasedLocking done
Event: 5,414 Thread 0x00007f963043a000 DEOPT PACKING pc=0x00007f9621404fa0 sp=0x00007f95ddd7d770
Event: 5,414 Thread 0x00007f963043a000 DEOPT UNPACKING pc=0x00007f9621046f73 sp=0x00007f95ddd7d540 mode 0
Event: 5,431 Thread 0x00007f963043a000 DEOPT PACKING pc=0x00007f96213ff77e sp=0x00007f95ddd7d810
Event: 5,431 Thread 0x00007f963043a000 DEOPT UNPACKING pc=0x00007f9621046f73 sp=0x00007f95ddd7d5a8 mode 0


Dynamic libraries:
00400000-00401000 r-xp 00000000 08:02 10223905                           /usr/lib/jvm/java-8-openjdk-amd64/jre/bin/java
00600000-00601000 r--p 00000000 08:02 10223905                           /usr/lib/jvm/java-8-openjdk-amd64/jre/bin/java
00601000-00602000 rw-p 00001000 08:02 10223905                           /usr/lib/jvm/java-8-openjdk-amd64/jre/bin/java
0179b000-017bc000 rw-p 00000000 00:00 0                                  [heap]
40dfa000-40e96000 rw-p 00000000 00:00 0 
41322000-41324000 r-xs 00000000 08:02 2361988                            /tmp/.glqaKZG8 (deleted)
83400000-88800000 rw-p 00000000 00:00 0 
88800000-d6700000 ---p 00000000 00:00 0 
d6700000-d9100000 rw-p 00000000 00:00 0 
d9100000-100000000 ---p 00000000 00:00 0 
100000000-100120000 rw-p 00000000 00:00 0 
100120000-140000000 ---p 00000000 00:00 0 
7f95bc000000-7f95bc021000 rw-p 00000000 00:00 0 
7f95bc021000-7f95c0000000 ---p 00000000 00:00 0 
7f95c4000000-7f95c4021000 rw-p 00000000 00:00 0 
7f95c4021000-7f95c8000000 ---p 00000000 00:00 0 
7f95c8000000-7f95c8cb2000 rw-p 00000000 00:00 0 
7f95c8cb2000-7f95cc000000 ---p 00000000 00:00 0 
7f95cc000000-7f95cc021000 rw-p 00000000 00:00 0 
7f95cc021000-7f95d0000000 ---p 00000000 00:00 0 
7f95d13eb000-7f95d2dad000 r-xp 00000000 08:02 8787499                    /usr/lib/nvidia-340/libnvidia-glcore.so.340.96
7f95d2dad000-7f95d2dcb000 rwxp 019c2000 08:02 8787499                    /usr/lib/nvidia-340/libnvidia-glcore.so.340.96
7f95d2dcb000-7f95d3249000 r-xp 019e0000 08:02 8787499                    /usr/lib/nvidia-340/libnvidia-glcore.so.340.96
7f95d3249000-7f95d3448000 ---p 01e5e000 08:02 8787499                    /usr/lib/nvidia-340/libnvidia-glcore.so.340.96
7f95d3448000-7f95d3fe2000 rw-p 01e5d000 08:02 8787499                    /usr/lib/nvidia-340/libnvidia-glcore.so.340.96
7f95d3fe2000-7f95d3fff000 rw-p 00000000 00:00 0 
7f95d3fff000-7f95d8000000 rw-s 00000000 00:14 45682                      /run/shm/pulse-shm-1367829816
7f95d8000000-7f95d8021000 rw-p 00000000 00:00 0 
7f95d8021000-7f95dc000000 ---p 00000000 00:00 0 
7f95dc34d000-7f95dc74d000 rw-s b2b4e000 00:05 12181                      /dev/nvidiactl
7f95dc74d000-7f95dc94d000 rw-s 1bb7c1000 00:05 12181                     /dev/nvidiactl
7f95dc94d000-7f95dcd4d000 rw-s 177bb3000 00:05 12181                     /dev/nvidiactl
7f95dcd4d000-7f95dcf4d000 rw-s 1a5d3b000 00:05 12181                     /dev/nvidiactl
7f95dcf4d000-7f95dd10d000 rw-p 00000000 00:00 0 
7f95dd10d000-7f95dd14d000 ---p 00000000 00:00 0 
7f95dd14d000-7f95dd199000 r-xp 00000000 08:02 2361969                    /tmp/libgdxtookuk/72da4579/libgdx-box2d64.so
7f95dd199000-7f95dd398000 ---p 0004c000 08:02 2361969                    /tmp/libgdxtookuk/72da4579/libgdx-box2d64.so
7f95dd398000-7f95dd39a000 r--p 0004b000 08:02 2361969                    /tmp/libgdxtookuk/72da4579/libgdx-box2d64.so
7f95dd39a000-7f95dd39b000 rw-p 0004d000 08:02 2361969                    /tmp/libgdxtookuk/72da4579/libgdx-box2d64.so
7f95dd39b000-7f95dd41b000 rw-s 8d1c5000 00:05 12181                      /dev/nvidiactl
7f95dd41b000-7f95dd49b000 rw-s 8dfb5000 00:05 12181                      /dev/nvidiactl
7f95dd49b000-7f95dd51b000 rw-s 8dcf4000 00:05 12181                      /dev/nvidiactl
7f95dd61b000-7f95dd63b000 rw-s e01e0000 00:05 12182                      /dev/nvidia0
7f95dd63b000-7f95dd67b000 rw-s 5e89a000 00:05 12181                      /dev/nvidiactl
7f95dd67b000-7f95dd72f000 rw-s 2107b0000 00:05 12181                     /dev/nvidiactl
7f95dd72f000-7f95dd732000 r-xp 00000000 08:02 8916893                    /usr/lib/nvidia-340/tls/libnvidia-tls.so.340.96
7f95dd732000-7f95dd931000 ---p 00003000 08:02 8916893                    /usr/lib/nvidia-340/tls/libnvidia-tls.so.340.96
7f95dd931000-7f95dd932000 rw-p 00002000 08:02 8916893                    /usr/lib/nvidia-340/tls/libnvidia-tls.so.340.96
7f95dd932000-7f95dd9f9000 r-xp 00000000 08:02 8787509                    /usr/lib/nvidia-340/libGL.so.340.96
7f95dd9f9000-7f95dda28000 rwxp 000c7000 08:02 8787509                    /usr/lib/nvidia-340/libGL.so.340.96
7f95dda28000-7f95dda44000 r-xp 000f6000 08:02 8787509                    /usr/lib/nvidia-340/libGL.so.340.96
7f95dda44000-7f95ddc43000 ---p 00112000 08:02 8787509                    /usr/lib/nvidia-340/libGL.so.340.96
7f95ddc43000-7f95ddc68000 rw-p 00111000 08:02 8787509                    /usr/lib/nvidia-340/libGL.so.340.96
7f95ddc68000-7f95ddc7e000 rw-p 00000000 00:00 0 
7f95ddc7e000-7f95ddc81000 ---p 00000000 00:00 0 
7f95ddc81000-7f95ddd7f000 rw-p 00000000 00:00 0                          [stack:6318]
7f95ddd7f000-7f95ddd80000 ---p 00000000 00:00 0 
7f95ddd80000-7f95de580000 rw-p 00000000 00:00 0                          [stack:6316]
7f95de580000-7f95de597000 r-xp 00000000 08:02 4329538                    /lib/x86_64-linux-gnu/libresolv-2.19.so
7f95de597000-7f95de797000 ---p 00017000 08:02 4329538                    /lib/x86_64-linux-gnu/libresolv-2.19.so
7f95de797000-7f95de798000 r--p 00017000 08:02 4329538                    /lib/x86_64-linux-gnu/libresolv-2.19.so
7f95de798000-7f95de799000 rw-p 00018000 08:02 4329538                    /lib/x86_64-linux-gnu/libresolv-2.19.so
7f95de799000-7f95de79b000 rw-p 00000000 00:00 0 
7f95de79b000-7f95de7a2000 r-xp 00000000 08:02 4858557                    /usr/lib/x86_64-linux-gnu/libogg.so.0.8.1
7f95de7a2000-7f95de9a2000 ---p 00007000 08:02 4858557                    /usr/lib/x86_64-linux-gnu/libogg.so.0.8.1
7f95de9a2000-7f95de9a3000 r--p 00007000 08:02 4858557                    /usr/lib/x86_64-linux-gnu/libogg.so.0.8.1
7f95de9a3000-7f95de9a4000 rw-p 00008000 08:02 4858557                    /usr/lib/x86_64-linux-gnu/libogg.so.0.8.1
7f95de9a4000-7f95de9d0000 r-xp 00000000 08:02 4858835                    /usr/lib/x86_64-linux-gnu/libvorbis.so.0.4.5
7f95de9d0000-7f95debcf000 ---p 0002c000 08:02 4858835                    /usr/lib/x86_64-linux-gnu/libvorbis.so.0.4.5
7f95debcf000-7f95debd0000 r--p 0002b000 08:02 4858835                    /usr/lib/x86_64-linux-gnu/libvorbis.so.0.4.5
7f95debd0000-7f95debd1000 rw-p 0002c000 08:02 4858835                    /usr/lib/x86_64-linux-gnu/libvorbis.so.0.4.5
7f95debd1000-7f95dee84000 r-xp 00000000 08:02 4858837                    /usr/lib/x86_64-linux-gnu/libvorbisenc.so.2.0.8
7f95dee84000-7f95df083000 ---p 002b3000 08:02 4858837                    /usr/lib/x86_64-linux-gnu/libvorbisenc.so.2.0.8
7f95df083000-7f95df09f000 r--p 002b2000 08:02 4858837                    /usr/lib/x86_64-linux-gnu/libvorbisenc.so.2.0.8
7f95df09f000-7f95df0a0000 rw-p 002ce000 08:02 4858837                    /usr/lib/x86_64-linux-gnu/libvorbisenc.so.2.0.8
7f95df0a0000-7f95df0d0000 r-xp 00000000 08:02 4854939                    /usr/lib/x86_64-linux-gnu/libFLAC.so.8.3.0
7f95df0d0000-7f95df2cf000 ---p 00030000 08:02 4854939                    /usr/lib/x86_64-linux-gnu/libFLAC.so.8.3.0
7f95df2cf000-7f95df2d0000 r--p 0002f000 08:02 4854939                    /usr/lib/x86_64-linux-gnu/libFLAC.so.8.3.0
7f95df2d0000-7f95df2d1000 rw-p 00030000 08:02 4854939                    /usr/lib/x86_64-linux-gnu/libFLAC.so.8.3.0
7f95df2d1000-7f95df2d6000 r-xp 00000000 08:02 4857928                    /usr/lib/x86_64-linux-gnu/libasyncns.so.0.3.1
7f95df2d6000-7f95df4d5000 ---p 00005000 08:02 4857928                    /usr/lib/x86_64-linux-gnu/libasyncns.so.0.3.1
7f95df4d5000-7f95df4d6000 r--p 00004000 08:02 4857928                    /usr/lib/x86_64-linux-gnu/libasyncns.so.0.3.1
7f95df4d6000-7f95df4d7000 rw-p 00005000 08:02 4857928                    /usr/lib/x86_64-linux-gnu/libasyncns.so.0.3.1
7f95df4d7000-7f95df538000 r-xp 00000000 08:02 4854167                    /usr/lib/x86_64-linux-gnu/libsndfile.so.1.0.25
7f95df538000-7f95df738000 ---p 00061000 08:02 4854167                    /usr/lib/x86_64-linux-gnu/libsndfile.so.1.0.25
7f95df738000-7f95df73a000 r--p 00061000 08:02 4854167                    /usr/lib/x86_64-linux-gnu/libsndfile.so.1.0.25
7f95df73a000-7f95df73b000 rw-p 00063000 08:02 4854167                    /usr/lib/x86_64-linux-gnu/libsndfile.so.1.0.25
7f95df73b000-7f95df73f000 rw-p 00000000 00:00 0 
7f95df73f000-7f95df747000 r-xp 00000000 08:02 4329558                    /lib/x86_64-linux-gnu/libwrap.so.0.7.6
7f95df747000-7f95df946000 ---p 00008000 08:02 4329558                    /lib/x86_64-linux-gnu/libwrap.so.0.7.6
7f95df946000-7f95df947000 r--p 00007000 08:02 4329558                    /lib/x86_64-linux-gnu/libwrap.so.0.7.6
7f95df947000-7f95df948000 rw-p 00008000 08:02 4329558                    /lib/x86_64-linux-gnu/libwrap.so.0.7.6
7f95df948000-7f95df949000 rw-p 00000000 00:00 0 
7f95df949000-7f95df98d000 r-xp 00000000 08:02 4325642                    /lib/x86_64-linux-gnu/libdbus-1.so.3.7.6
7f95df98d000-7f95dfb8c000 ---p 00044000 08:02 4325642                    /lib/x86_64-linux-gnu/libdbus-1.so.3.7.6
7f95dfb8c000-7f95dfb8d000 r--p 00043000 08:02 4325642                    /lib/x86_64-linux-gnu/libdbus-1.so.3.7.6
7f95dfb8d000-7f95dfb8e000 rw-p 00044000 08:02 4325642                    /lib/x86_64-linux-gnu/libdbus-1.so.3.7.6
7f95dfb8e000-7f95dfbf4000 r-xp 00000000 08:02 5245376                    /usr/lib/x86_64-linux-gnu/pulseaudio/libpulsecommon-4.0.so
7f95dfbf4000-7f95dfdf3000 ---p 00066000 08:02 5245376                    /usr/lib/x86_64-linux-gnu/pulseaudio/libpulsecommon-4.0.so
7f95dfdf3000-7f95dfdf4000 r--p 00065000 08:02 5245376                    /usr/lib/x86_64-linux-gnu/pulseaudio/libpulsecommon-4.0.so
7f95dfdf4000-7f95dfdf5000 rw-p 00066000 08:02 5245376                    /usr/lib/x86_64-linux-gnu/pulseaudio/libpulsecommon-4.0.so
7f95dfdf5000-7f95dfdff000 r-xp 00000000 08:02 4329438                    /lib/x86_64-linux-gnu/libjson-c.so.2.0.0
7f95dfdff000-7f95dfffe000 ---p 0000a000 08:02 4329438                    /lib/x86_64-linux-gnu/libjson-c.so.2.0.0
7f95dfffe000-7f95dffff000 r--p 00009000 08:02 4329438                    /lib/x86_64-linux-gnu/libjson-c.so.2.0.0
7f95dffff000-7f95e0000000 rw-p 0000a000 08:02 4329438                    /lib/x86_64-linux-gnu/libjson-c.so.2.0.0
7f95e0000000-7f95e0021000 rw-p 00000000 00:00 0 
7f95e0021000-7f95e4000000 ---p 00000000 00:00 0 
7f95e4000000-7f95e4021000 rw-p 00000000 00:00 0 
7f95e4021000-7f95e8000000 ---p 00000000 00:00 0 
7f95e8000000-7f95e8395000 rw-p 00000000 00:00 0 
7f95e8395000-7f95ec000000 ---p 00000000 00:00 0 
7f95ec000000-7f95ec021000 rw-p 00000000 00:00 0 
7f95ec021000-7f95f0000000 ---p 00000000 00:00 0 
7f95f0000000-7f95f0383000 rw-p 00000000 00:00 0 
7f95f0383000-7f95f4000000 ---p 00000000 00:00 0 
7f95f4000000-7f95f4b35000 rw-p 00000000 00:00 0 
7f95f4b35000-7f95f8000000 ---p 00000000 00:00 0 
7f95f8000000-7f95f8021000 rw-p 00000000 00:00 0 
7f95f8021000-7f95fc000000 ---p 00000000 00:00 0 
7f95fc000000-7f95fc021000 rw-p 00000000 00:00 0 
7f95fc021000-7f9600000000 ---p 00000000 00:00 0 
7f9600011000-7f9600013000 rw-p 00000000 00:00 0 
7f9600013000-7f9600015000 rw-s 00000000 08:02 2361988                    /tmp/.glqaKZG8 (deleted)
7f9600015000-7f960001c000 rw-s 8d12e000 00:05 12181                      /dev/nvidiactl
7f960001c000-7f960003c000 rw-s 5ea3c000 00:05 12181                      /dev/nvidiactl
7f960003c000-7f960007c000 rw-s 5e84a000 00:05 12181                      /dev/nvidiactl
7f960009c000-7f960009d000 ---p 00000000 00:00 0 
7f960009d000-7f960019d000 rw-p 00000000 00:00 0                          [stack:6317]
7f960019d000-7f96001e4000 r-xp 00000000 08:02 4850824                    /usr/lib/x86_64-linux-gnu/libpulse.so.0.16.2
7f96001e4000-7f96003e4000 ---p 00047000 08:02 4850824                    /usr/lib/x86_64-linux-gnu/libpulse.so.0.16.2
7f96003e4000-7f96003e5000 r--p 00047000 08:02 4850824                    /usr/lib/x86_64-linux-gnu/libpulse.so.0.16.2
7f96003e5000-7f96003e6000 rw-p 00048000 08:02 4850824                    /usr/lib/x86_64-linux-gnu/libpulse.so.0.16.2
7f96003e6000-7f960043b000 r-xp 00000000 08:02 2361960                    /tmp/libgdxtookuk/31ce78a2/libopenal64.so
7f960043b000-7f960063a000 ---p 00055000 08:02 2361960                    /tmp/libgdxtookuk/31ce78a2/libopenal64.so
7f960063a000-7f960063d000 r--p 00054000 08:02 2361960                    /tmp/libgdxtookuk/31ce78a2/libopenal64.so
7f960063d000-7f960063e000 rw-p 00057000 08:02 2361960                    /tmp/libgdxtookuk/31ce78a2/libopenal64.so
7f960063e000-7f960063f000 rw-p 00000000 00:00 0 
7f960063f000-7f9600643000 r-xp 00000000 08:02 4857889                    /usr/lib/x86_64-linux-gnu/libXxf86vm.so.1.0.0
7f9600643000-7f9600843000 ---p 00004000 08:02 4857889                    /usr/lib/x86_64-linux-gnu/libXxf86vm.so.1.0.0
7f9600843000-7f9600844000 r--p 00004000 08:02 4857889                    /usr/lib/x86_64-linux-gnu/libXxf86vm.so.1.0.0
7f9600844000-7f9600845000 rw-p 00005000 08:02 4857889                    /usr/lib/x86_64-linux-gnu/libXxf86vm.so.1.0.0
7f9600845000-7f960084e000 r-xp 00000000 08:02 4857871                    /usr/lib/x86_64-linux-gnu/libXrandr.so.2.2.0
7f960084e000-7f9600a4d000 ---p 00009000 08:02 4857871                    /usr/lib/x86_64-linux-gnu/libXrandr.so.2.2.0
7f9600a4d000-7f9600a4e000 r--p 00008000 08:02 4857871                    /usr/lib/x86_64-linux-gnu/libXrandr.so.2.2.0
7f9600a4e000-7f9600a4f000 rw-p 00009000 08:02 4857871                    /usr/lib/x86_64-linux-gnu/libXrandr.so.2.2.0
7f9600a4f000-7f9600abf000 r-xp 00000000 08:02 2361958                    /tmp/libgdxtookuk/31ce78a2/liblwjgl64.so
7f9600abf000-7f9600cbf000 ---p 00070000 08:02 2361958                    /tmp/libgdxtookuk/31ce78a2/liblwjgl64.so
7f9600cbf000-7f9600cc1000 r--p 00070000 08:02 2361958                    /tmp/libgdxtookuk/31ce78a2/liblwjgl64.so
7f9600cc1000-7f9600cc2000 rw-p 00072000 08:02 2361958                    /tmp/libgdxtookuk/31ce78a2/liblwjgl64.so
7f9600cc2000-7f9600cc3000 r-xp 00000000 08:02 10223939                   /usr/lib/jvm/java-8-openjdk-amd64/jre/lib/amd64/libjawt.so
7f9600cc3000-7f9600ec2000 ---p 00001000 08:02 10223939                   /usr/lib/jvm/java-8-openjdk-amd64/jre/lib/amd64/libjawt.so
7f9600ec2000-7f9600ec3000 r--p 00000000 08:02 10223939                   /usr/lib/jvm/java-8-openjdk-amd64/jre/lib/amd64/libjawt.so
7f9600ec3000-7f9600ec4000 rw-p 00001000 08:02 10223939                   /usr/lib/jvm/java-8-openjdk-amd64/jre/lib/amd64/libjawt.so
7f9600ec4000-7f9600ec7000 ---p 00000000 00:00 0 
7f9600ec7000-7f9600fc5000 rw-p 00000000 00:00 0                          [stack:6314]
7f9600fc5000-7f9600fca000 r-xp 00000000 08:02 4850228                    /usr/lib/x86_64-linux-gnu/libXfixes.so.3.1.0
7f9600fca000-7f96011c9000 ---p 00005000 08:02 4850228                    /usr/lib/x86_64-linux-gnu/libXfixes.so.3.1.0
7f96011c9000-7f96011ca000 r--p 00004000 08:02 4850228                    /usr/lib/x86_64-linux-gnu/libXfixes.so.3.1.0
7f96011ca000-7f96011cb000 rw-p 00005000 08:02 4850228                    /usr/lib/x86_64-linux-gnu/libXfixes.so.3.1.0
7f96011cb000-7f96011d4000 r-xp 00000000 08:02 4857845                    /usr/lib/x86_64-linux-gnu/libXcursor.so.1.0.2
7f96011d4000-7f96013d3000 ---p 00009000 08:02 4857845                    /usr/lib/x86_64-linux-gnu/libXcursor.so.1.0.2
7f96013d3000-7f96013d4000 r--p 00008000 08:02 4857845                    /usr/lib/x86_64-linux-gnu/libXcursor.so.1.0.2
7f96013d4000-7f96013d5000 rw-p 00009000 08:02 4857845                    /usr/lib/x86_64-linux-gnu/libXcursor.so.1.0.2
7f96013d5000-7f96013d8000 ---p 00000000 00:00 0 
7f96013d8000-7f96014d6000 rw-p 00000000 00:00 0                          [stack:6313]
7f96014d6000-7f96014fb000 r-xp 00000000 08:02 4329349                    /lib/x86_64-linux-gnu/libpng12.so.0.50.0
7f96014fb000-7f96016fa000 ---p 00025000 08:02 4329349                    /lib/x86_64-linux-gnu/libpng12.so.0.50.0
7f96016fa000-7f96016fb000 r--p 00024000 08:02 4329349                    /lib/x86_64-linux-gnu/libpng12.so.0.50.0
7f96016fb000-7f96016fc000 rw-p 00025000 08:02 4329349                    /lib/x86_64-linux-gnu/libpng12.so.0.50.0
7f96016fc000-7f9601799000 r-xp 00000000 08:02 4849820                    /usr/lib/x86_64-linux-gnu/libfreetype.so.6.11.1
7f9601799000-7f9601998000 ---p 0009d000 08:02 4849820                    /usr/lib/x86_64-linux-gnu/libfreetype.so.6.11.1
7f9601998000-7f960199e000 r--p 0009c000 08:02 4849820                    /usr/lib/x86_64-linux-gnu/libfreetype.so.6.11.1
7f960199e000-7f960199f000 rw-p 000a2000 08:02 4849820                    /usr/lib/x86_64-linux-gnu/libfreetype.so.6.11.1
7f960199f000-7f96019f1000 r-xp 00000000 08:02 10223925                   /usr/lib/jvm/java-8-openjdk-amd64/jre/lib/amd64/libfontmanager.so
7f96019f1000-7f9601bf0000 ---p 00052000 08:02 10223925                   /usr/lib/jvm/java-8-openjdk-amd64/jre/lib/amd64/libfontmanager.so
7f9601bf0000-7f9601bf3000 r--p 00051000 08:02 10223925                   /usr/lib/jvm/java-8-openjdk-amd64/jre/lib/amd64/libfontmanager.so
7f9601bf3000-7f9601bf4000 rw-p 00054000 08:02 10223925                   /usr/lib/jvm/java-8-openjdk-amd64/jre/lib/amd64/libfontmanager.so
7f9601bf4000-7f9601bf9000 r-xp 00000000 08:02 4857849                    /usr/lib/x86_64-linux-gnu/libXdmcp.so.6.0.0
7f9601bf9000-7f9601df8000 ---p 00005000 08:02 4857849                    /usr/lib/x86_64-linux-gnu/libXdmcp.so.6.0.0
7f9601df8000-7f9601df9000 r--p 00004000 08:02 4857849                    /usr/lib/x86_64-linux-gnu/libXdmcp.so.6.0.0
7f9601df9000-7f9601dfa000 rw-p 00005000 08:02 4857849                    /usr/lib/x86_64-linux-gnu/libXdmcp.so.6.0.0
7f9601dfa000-7f9601dfc000 r-xp 00000000 08:02 4857838                    /usr/lib/x86_64-linux-gnu/libXau.so.6.0.0
7f9601dfc000-7f9601ffc000 ---p 00002000 08:02 4857838                    /usr/lib/x86_64-linux-gnu/libXau.so.6.0.0
7f9601ffc000-7f9601ffd000 r--p 00002000 08:02 4857838                    /usr/lib/x86_64-linux-gnu/libXau.so.6.0.0
7f9601ffd000-7f9601ffe000 rw-p 00003000 08:02 4857838                    /usr/lib/x86_64-linux-gnu/libXau.so.6.0.0
7f9601ffe000-7f960201b000 r-xp 00000000 08:02 4858908                    /usr/lib/x86_64-linux-gnu/libxcb.so.1.1.0
7f960201b000-7f960221b000 ---p 0001d000 08:02 4858908                    /usr/lib/x86_64-linux-gnu/libxcb.so.1.1.0
7f960221b000-7f960221c000 r--p 0001d000 08:02 4858908                    /usr/lib/x86_64-linux-gnu/libxcb.so.1.1.0
7f960221c000-7f960221d000 rw-p 0001e000 08:02 4858908                    /usr/lib/x86_64-linux-gnu/libxcb.so.1.1.0
7f960221d000-7f960222c000 r-xp 00000000 08:02 4858166                    /usr/lib/x86_64-linux-gnu/libXi.so.6.1.0
7f960222c000-7f960242b000 ---p 0000f000 08:02 4858166                    /usr/lib/x86_64-linux-gnu/libXi.so.6.1.0
7f960242b000-7f960242c000 r--p 0000e000 08:02 4858166                    /usr/lib/x86_64-linux-gnu/libXi.so.6.1.0
7f960242c000-7f960242d000 rw-p 0000f000 08:02 4858166                    /usr/lib/x86_64-linux-gnu/libXi.so.6.1.0
7f960242d000-7f9602432000 r-xp 00000000 08:02 4857879                    /usr/lib/x86_64-linux-gnu/libXtst.so.6.1.0
7f9602432000-7f9602631000 ---p 00005000 08:02 4857879                    /usr/lib/x86_64-linux-gnu/libXtst.so.6.1.0
7f9602631000-7f9602632000 r--p 00004000 08:02 4857879                    /usr/lib/x86_64-linux-gnu/libXtst.so.6.1.0
7f9602632000-7f9602633000 rw-p 00005000 08:02 4857879                    /usr/lib/x86_64-linux-gnu/libXtst.so.6.1.0
7f9602633000-7f960263c000 r-xp 00000000 08:02 4858750                    /usr/lib/x86_64-linux-gnu/libXrender.so.1.3.0
7f960263c000-7f960283b000 ---p 00009000 08:02 4858750                    /usr/lib/x86_64-linux-gnu/libXrender.so.1.3.0
7f960283b000-7f960283c000 r--p 00008000 08:02 4858750                    /usr/lib/x86_64-linux-gnu/libXrender.so.1.3.0
7f960283c000-7f960283d000 rw-p 00009000 08:02 4858750                    /usr/lib/x86_64-linux-gnu/libXrender.so.1.3.0
7f960283d000-7f960296d000 r-xp 00000000 08:02 4857834                    /usr/lib/x86_64-linux-gnu/libX11.so.6.3.0
7f960296d000-7f9602b6d000 ---p 00130000 08:02 4857834                    /usr/lib/x86_64-linux-gnu/libX11.so.6.3.0
7f9602b6d000-7f9602b6e000 r--p 00130000 08:02 4857834                    /usr/lib/x86_64-linux-gnu/libX11.so.6.3.0
7f9602b6e000-7f9602b72000 rw-p 00131000 08:02 4857834                    /usr/lib/x86_64-linux-gnu/libX11.so.6.3.0
7f9602b72000-7f9602b83000 r-xp 00000000 08:02 4849899                    /usr/lib/x86_64-linux-gnu/libXext.so.6.4.0
7f9602b83000-7f9602d82000 ---p 00011000 08:02 4849899                    /usr/lib/x86_64-linux-gnu/libXext.so.6.4.0
7f9602d82000-7f9602d83000 r--p 00010000 08:02 4849899                    /usr/lib/x86_64-linux-gnu/libXext.so.6.4.0
7f9602d83000-7f9602d84000 rw-p 00011000 08:02 4849899                    /usr/lib/x86_64-linux-gnu/libXext.so.6.4.0
7f9602d84000-7f9602dda000 r-xp 00000000 08:02 10223948                   /usr/lib/jvm/java-8-openjdk-amd64/jre/lib/amd64/libawt_xawt.so
7f9602dda000-7f9602fda000 ---p 00056000 08:02 10223948                   /usr/lib/jvm/java-8-openjdk-amd64/jre/lib/amd64/libawt_xawt.so
7f9602fda000-7f9602fdb000 r--p 00056000 08:02 10223948                   /usr/lib/jvm/java-8-openjdk-amd64/jre/lib/amd64/libawt_xawt.so
7f9602fdb000-7f9602fde000 rw-p 00057000 08:02 10223948                   /usr/lib/jvm/java-8-openjdk-amd64/jre/lib/amd64/libawt_xawt.so
7f9602fde000-7f9602fdf000 rw-p 00000000 00:00 0 
7f9602fdf000-7f960307f000 r-xp 00000000 08:02 10223924                   /usr/lib/jvm/java-8-openjdk-amd64/jre/lib/amd64/libawt.so
7f960307f000-7f960327f000 ---p 000a0000 08:02 10223924                   /usr/lib/jvm/java-8-openjdk-amd64/jre/lib/amd64/libawt.so
7f960327f000-7f9603280000 r--p 000a0000 08:02 10223924                   /usr/lib/jvm/java-8-openjdk-amd64/jre/lib/amd64/libawt.so
7f9603280000-7f960328b000 rw-p 000a1000 08:02 10223924                   /usr/lib/jvm/java-8-openjdk-amd64/jre/lib/amd64/libawt.so
7f960328b000-7f96032b0000 rw-p 00000000 00:00 0 
7f96032b0000-7f96032e8000 r-xp 00000000 08:02 2361957                    /tmp/libgdxtookuk/6ef2d459/libgdx64.so
7f96032e8000-7f96034e7000 ---p 00038000 08:02 2361957                    /tmp/libgdxtookuk/6ef2d459/libgdx64.so
7f96034e7000-7f96034e8000 r--p 00037000 08:02 2361957                    /tmp/libgdxtookuk/6ef2d459/libgdx64.so
7f96034e8000-7f96034e9000 rw-p 00038000 08:02 2361957                    /tmp/libgdxtookuk/6ef2d459/libgdx64.so
7f96034e9000-7f96034ea000 ---p 00000000 00:00 0 
7f96034ea000-7f96035ea000 rw-p 00000000 00:00 0                          [stack:6312]
7f96035ea000-7f96035ed000 ---p 00000000 00:00 0 
7f96035ed000-7f96036eb000 rw-p 00000000 00:00 0                          [stack:6311]
7f96036eb000-7f96036ee000 ---p 00000000 00:00 0 
7f96036ee000-7f96037ec000 rw-p 00000000 00:00 0                          [stack:6310]
7f96037ec000-7f9604000000 r--p 00000000 08:02 4856822                    /usr/lib/locale/locale-archive
7f9604000000-7f9604021000 rw-p 00000000 00:00 0 
7f9604021000-7f9608000000 ---p 00000000 00:00 0 
7f9608000000-7f9608021000 rw-p 00000000 00:00 0 
7f9608021000-7f960c000000 ---p 00000000 00:00 0 
7f960c000000-7f960c021000 rw-p 00000000 00:00 0 
7f960c021000-7f9610000000 ---p 00000000 00:00 0 
7f9610000000-7f9610001000 rw-s ba9cf000 00:05 12181                      /dev/nvidiactl
7f9610001000-7f9610005000 rw-s ba81b000 00:05 12181                      /dev/nvidiactl
7f9610005000-7f9610006000 rw-s e7eea000 00:05 12182                      /dev/nvidia0
7f9610006000-7f9610007000 rw-s e7ee9000 00:05 12182                      /dev/nvidia0
7f9610007000-7f9610008000 rw-s f6642000 00:05 12182                      /dev/nvidia0
7f9610008000-7f961000b000 ---p 00000000 00:00 0 
7f961000b000-7f9610041000 rw-p 00000000 00:00 0                          [stack:6320]
7f9610041000-7f9610056000 r--p 00000000 08:02 5508768                    /usr/share/locale-langpack/ru/LC_MESSAGES/pulseaudio.mo
7f9610056000-7f9610069000 r--s 00346000 08:02 10223952                   /usr/lib/jvm/java-8-openjdk-amd64/jre/lib/resources.jar
7f9610069000-7f9610070000 r--s 00000000 08:02 5112935                    /usr/lib/x86_64-linux-gnu/gconv/gconv-modules.cache
7f9610070000-7f961009f000 r--p 00000000 08:02 5508670                    /usr/share/locale-langpack/ru/LC_MESSAGES/libc.mo
7f961009f000-7f96100a2000 ---p 00000000 00:00 0 
7f96100a2000-7f9614000000 rw-p 00000000 00:00 0                          [stack:6309]
7f9614000000-7f9614021000 rw-p 00000000 00:00 0 
7f9614021000-7f9618000000 ---p 00000000 00:00 0 
7f9618000000-7f9618021000 rw-p 00000000 00:00 0 
7f9618021000-7f961c000000 ---p 00000000 00:00 0 
7f961c000000-7f961c021000 rw-p 00000000 00:00 0 
7f961c021000-7f9620000000 ---p 00000000 00:00 0 
7f9620000000-7f9620001000 rw-s 210624000 00:05 12181                     /dev/nvidiactl
7f9620001000-7f9620002000 rw-s f6641000 00:05 12182                      /dev/nvidia0
7f9620002000-7f9620003000 rw-s 210623000 00:05 12181                     /dev/nvidiactl
7f9620003000-7f9620004000 rw-s 1a72db000 00:05 12181                     /dev/nvidiactl
7f9620004000-7f9620005000 rw-s f6060000 00:05 12182                      /dev/nvidia0
7f9620005000-7f962000b000 r--s 002f8000 08:02 10223964                   /usr/lib/jvm/java-8-openjdk-amd64/jre/lib/charsets.jar
7f962000b000-7f962000f000 r--s 00097000 08:02 10223982                   /usr/lib/jvm/java-8-openjdk-amd64/jre/lib/jsse.jar
7f962000f000-7f9620010000 r--s 00002000 08:02 2378559                    /home/tookuk/.gradle/caches/modules-2/files-2.1/net.java.jinput/jinput-platform/2.0.5/53f9c919f34d2ca9de8c51fc4e1e8282029a9232/jinput-platform-2.0.5-natives-osx.jar
7f9620010000-7f9620011000 r--s 00025000 08:02 2378547                    /home/tookuk/.gradle/caches/modules-2/files-2.1/net.java.jinput/jinput-platform/2.0.5/385ee093e01f587f30ee1c8a2ee7d408fd732e16/jinput-platform-2.0.5-natives-windows.jar
7f9620011000-7f9620012000 r--s 00002000 08:02 2375278                    /home/tookuk/.gradle/caches/modules-2/files-2.1/net.java.jinput/jinput-platform/2.0.5/7ff832a6eb9ab6a767f1ade2b548092d0fa64795/jinput-platform-2.0.5-natives-linux.jar
7f9620012000-7f9620013000 r--s 00001000 08:02 2375277                    /home/tookuk/.gradle/caches/modules-2/files-2.1/net.java.jutils/jutils/1.0.0/e12fe1fda814bd348c1579329c86943d2cd3c6a6/jutils-1.0.0.jar
7f9620013000-7f9620017000 r--s 0002f000 08:02 2375237                    /home/tookuk/.gradle/caches/modules-2/files-2.1/net.java.jinput/jinput/2.0.5/39c7796b469a600f72380316f6b1f11db6c2c7c4/jinput-2.0.5.jar
7f9620017000-7f9620018000 r--s 00068000 08:02 2375235                    /home/tookuk/.gradle/caches/modules-2/files-2.1/org.lwjgl.lwjgl/lwjgl-platform/2.9.2/d55b46b40b40249d627a83a7f7f22649709d70c3/lwjgl-platform-2.9.2-natives-osx.jar
7f9620018000-7f9620019000 r--s 0008d000 08:02 2375175                    /home/tookuk/.gradle/caches/modules-2/files-2.1/org.lwjgl.lwjgl/lwjgl-platform/2.9.2/d276cdf61fe2b516c7b7f4aa1b8dea91dbdc8d56/lwjgl-platform-2.9.2-natives-linux.jar
7f9620019000-7f962001a000 r--s 00095000 08:02 2375166                    /home/tookuk/.gradle/caches/modules-2/files-2.1/org.lwjgl.lwjgl/lwjgl-platform/2.9.2/510c7d317f5e9e700b9cfaac5fd38bdebf0702e0/lwjgl-platform-2.9.2-natives-windows.jar
7f962001a000-7f962001c000 r--s 00017000 08:02 2375163                    /home/tookuk/.gradle/caches/modules-2/files-2.1/org.jcraft/jorbis/0.0.17/8872d22b293e8f5d7d56ff92be966e6dc28ebdc6/jorbis-0.0.17.jar
7f962001c000-7f9620036000 r--s 001a0000 08:02 2374269                    /home/tookuk/.gradle/caches/modules-2/files-2.1/com.badlogicgames.gdx/gdx/1.7.1/2179cc613447c297623a4a6d2ba6692c3aaff804/gdx-1.7.1.jar
7f9620036000-7f9620052000 r--s 00393000 08:02 10223973                   /usr/lib/jvm/java-8-openjdk-amd64/jre/lib/ext/cldrdata.jar
7f9620052000-7f962006d000 r--s 001d7000 08:02 10223971                   /usr/lib/jvm/java-8-openjdk-amd64/jre/lib/ext/nashorn.jar
7f962006d000-7f9620070000 ---p 00000000 00:00 0 
7f9620070000-7f962016e000 rw-p 00000000 00:00 0                          [stack:6308]
7f962016e000-7f9620171000 ---p 00000000 00:00 0 
7f9620171000-7f962026f000 rw-p 00000000 00:00 0                          [stack:6307]
7f962026f000-7f9620272000 ---p 00000000 00:00 0 
7f9620272000-7f9620370000 rw-p 00000000 00:00 0                          [stack:6306]
7f9620370000-7f9620373000 ---p 00000000 00:00 0 
7f9620373000-7f9620471000 rw-p 00000000 00:00 0                          [stack:6305]
7f9620471000-7f9620472000 ---p 00000000 00:00 0 
7f9620472000-7f9621000000 rw-p 00000000 00:00 0                          [stack:6304]
7f9621000000-7f96215d0000 rwxp 00000000 00:00 0 
7f96215d0000-7f9630000000 ---p 00000000 00:00 0 
7f9630000000-7f9630449000 rw-p 00000000 00:00 0 
7f9630449000-7f9634000000 ---p 00000000 00:00 0 
7f9634000000-7f9634001000 r--s 00015000 08:02 2375162                    /home/tookuk/.gradle/caches/modules-2/files-2.1/com.badlogicgames.jlayer/jlayer/1.0.1-gdx/7cca83cec5c1b2f011362f4d85aabd71a73b049d/jlayer-1.0.1-gdx.jar
7f9634001000-7f9634005000 r--s 00027000 08:02 2375157                    /home/tookuk/.gradle/caches/modules-2/files-2.1/org.lwjgl.lwjgl/lwjgl_util/2.9.2/4b9e37300a87799856e0bd15ed81663cdb6b0947/lwjgl_util-2.9.2.jar
7f9634005000-7f9634013000 r--s 000f2000 08:02 2375112                    /home/tookuk/.gradle/caches/modules-2/files-2.1/org.lwjgl.lwjgl/lwjgl/2.9.2/a9d80fe5935c7a9149f6584d9777cfd471f65489/lwjgl-2.9.2.jar
7f9634013000-7f9634016000 r--s 00020000 08:02 2375044                    /home/tookuk/.gradle/caches/modules-2/files-2.1/com.badlogicgames.gdx/gdx-backend-lwjgl/1.7.1/d4531b364d1c2513cb99e7bdd9515ae317007cf5/gdx-backend-lwjgl-1.7.1.jar
7f9634016000-7f9634568000 rw-p 00000000 00:00 0 
7f9634568000-7f9634735000 r--s 03be5000 08:02 10223962                   /usr/lib/jvm/java-8-openjdk-amd64/jre/lib/rt.jar
7f9634735000-7f9635391000 rw-p 00000000 00:00 0 
7f9635391000-7f9635392000 ---p 00000000 00:00 0 
7f9635392000-7f9635492000 rw-p 00000000 00:00 0                          [stack:6303]
7f9635492000-7f9635493000 ---p 00000000 00:00 0 
7f9635493000-7f9635593000 rw-p 00000000 00:00 0                          [stack:6302]
7f9635593000-7f9635594000 ---p 00000000 00:00 0 
7f9635594000-7f9635694000 rw-p 00000000 00:00 0                          [stack:6301]
7f9635694000-7f9635695000 ---p 00000000 00:00 0 
7f9635695000-7f96357bf000 rw-p 00000000 00:00 0                          [stack:6300]
7f96357bf000-7f9635a2f000 ---p 00000000 00:00 0 
7f9635a2f000-7f9635a59000 rw-p 00000000 00:00 0 
7f9635a59000-7f9635cc8000 ---p 00000000 00:00 0 
7f9635cc8000-7f9635cde000 rw-p 00000000 00:00 0 
7f9635cde000-7f9635e15000 ---p 00000000 00:00 0 
7f9635e15000-7f9635e2e000 rw-p 00000000 00:00 0 
7f9635e2e000-7f96361d6000 ---p 00000000 00:00 0 
7f96361d6000-7f96361de000 r-xp 00000000 08:02 10223933                   /usr/lib/jvm/java-8-openjdk-amd64/jre/lib/amd64/libzip.so
7f96361de000-7f96363dd000 ---p 00008000 08:02 10223933                   /usr/lib/jvm/java-8-openjdk-amd64/jre/lib/amd64/libzip.so
7f96363dd000-7f96363de000 r--p 00007000 08:02 10223933                   /usr/lib/jvm/java-8-openjdk-amd64/jre/lib/amd64/libzip.so
7f96363de000-7f96363df000 rw-p 00008000 08:02 10223933                   /usr/lib/jvm/java-8-openjdk-amd64/jre/lib/amd64/libzip.so
7f96363df000-7f96363ea000 r-xp 00000000 08:02 4357895                    /lib/x86_64-linux-gnu/libnss_files-2.19.so
7f96363ea000-7f96365e9000 ---p 0000b000 08:02 4357895                    /lib/x86_64-linux-gnu/libnss_files-2.19.so
7f96365e9000-7f96365ea000 r--p 0000a000 08:02 4357895                    /lib/x86_64-linux-gnu/libnss_files-2.19.so
7f96365ea000-7f96365eb000 rw-p 0000b000 08:02 4357895                    /lib/x86_64-linux-gnu/libnss_files-2.19.so
7f96365eb000-7f96365f6000 r-xp 00000000 08:02 4357887                    /lib/x86_64-linux-gnu/libnss_nis-2.19.so
7f96365f6000-7f96367f5000 ---p 0000b000 08:02 4357887                    /lib/x86_64-linux-gnu/libnss_nis-2.19.so
7f96367f5000-7f96367f6000 r--p 0000a000 08:02 4357887                    /lib/x86_64-linux-gnu/libnss_nis-2.19.so
7f96367f6000-7f96367f7000 rw-p 0000b000 08:02 4357887                    /lib/x86_64-linux-gnu/libnss_nis-2.19.so
7f96367f7000-7f963680e000 r-xp 00000000 08:02 4357883                    /lib/x86_64-linux-gnu/libnsl-2.19.so
7f963680e000-7f9636a0d000 ---p 00017000 08:02 4357883                    /lib/x86_64-linux-gnu/libnsl-2.19.so
7f9636a0d000-7f9636a0e000 r--p 00016000 08:02 4357883                    /lib/x86_64-linux-gnu/libnsl-2.19.so
7f9636a0e000-7f9636a0f000 rw-p 00017000 08:02 4357883                    /lib/x86_64-linux-gnu/libnsl-2.19.so
7f9636a0f000-7f9636a11000 rw-p 00000000 00:00 0 
7f9636a11000-7f9636a1a000 r-xp 00000000 08:02 4357882                    /lib/x86_64-linux-gnu/libnss_compat-2.19.so
7f9636a1a000-7f9636c19000 ---p 00009000 08:02 4357882                    /lib/x86_64-linux-gnu/libnss_compat-2.19.so
7f9636c19000-7f9636c1a000 r--p 00008000 08:02 4357882                    /lib/x86_64-linux-gnu/libnss_compat-2.19.so
7f9636c1a000-7f9636c1b000 rw-p 00009000 08:02 4357882                    /lib/x86_64-linux-gnu/libnss_compat-2.19.so
7f9636c1b000-7f9636c47000 r-xp 00000000 08:02 10223919                   /usr/lib/jvm/java-8-openjdk-amd64/jre/lib/amd64/libjava.so
7f9636c47000-7f9636e47000 ---p 0002c000 08:02 10223919                   /usr/lib/jvm/java-8-openjdk-amd64/jre/lib/amd64/libjava.so
7f9636e47000-7f9636e48000 r--p 0002c000 08:02 10223919                   /usr/lib/jvm/java-8-openjdk-amd64/jre/lib/amd64/libjava.so
7f9636e48000-7f9636e4a000 rw-p 0002d000 08:02 10223919                   /usr/lib/jvm/java-8-openjdk-amd64/jre/lib/amd64/libjava.so
7f9636e4a000-7f9636e5a000 r-xp 00000000 08:02 10223920                   /usr/lib/jvm/java-8-openjdk-amd64/jre/lib/amd64/libverify.so
7f9636e5a000-7f9637059000 ---p 00010000 08:02 10223920                   /usr/lib/jvm/java-8-openjdk-amd64/jre/lib/amd64/libverify.so
7f9637059000-7f963705b000 r--p 0000f000 08:02 10223920                   /usr/lib/jvm/java-8-openjdk-amd64/jre/lib/amd64/libverify.so
7f963705b000-7f963705c000 rw-p 00011000 08:02 10223920                   /usr/lib/jvm/java-8-openjdk-amd64/jre/lib/amd64/libverify.so
7f963705c000-7f9637063000 r-xp 00000000 08:02 4357891                    /lib/x86_64-linux-gnu/librt-2.19.so
7f9637063000-7f9637262000 ---p 00007000 08:02 4357891                    /lib/x86_64-linux-gnu/librt-2.19.so
7f9637262000-7f9637263000 r--p 00006000 08:02 4357891                    /lib/x86_64-linux-gnu/librt-2.19.so
7f9637263000-7f9637264000 rw-p 00007000 08:02 4357891                    /lib/x86_64-linux-gnu/librt-2.19.so
7f9637264000-7f963727a000 r-xp 00000000 08:02 4349286                    /lib/x86_64-linux-gnu/libgcc_s.so.1
7f963727a000-7f9637479000 ---p 00016000 08:02 4349286                    /lib/x86_64-linux-gnu/libgcc_s.so.1
7f9637479000-7f963747a000 rw-p 00015000 08:02 4349286                    /lib/x86_64-linux-gnu/libgcc_s.so.1
7f963747a000-7f963757f000 r-xp 00000000 08:02 4340626                    /lib/x86_64-linux-gnu/libm-2.19.so
7f963757f000-7f963777e000 ---p 00105000 08:02 4340626                    /lib/x86_64-linux-gnu/libm-2.19.so
7f963777e000-7f963777f000 r--p 00104000 08:02 4340626                    /lib/x86_64-linux-gnu/libm-2.19.so
7f963777f000-7f9637780000 rw-p 00105000 08:02 4340626                    /lib/x86_64-linux-gnu/libm-2.19.so
7f9637780000-7f9637866000 r-xp 00000000 08:02 4850012                    /usr/lib/x86_64-linux-gnu/libstdc++.so.6.0.19
7f9637866000-7f9637a65000 ---p 000e6000 08:02 4850012                    /usr/lib/x86_64-linux-gnu/libstdc++.so.6.0.19
7f9637a65000-7f9637a6d000 r--p 000e5000 08:02 4850012                    /usr/lib/x86_64-linux-gnu/libstdc++.so.6.0.19
7f9637a6d000-7f9637a6f000 rw-p 000ed000 08:02 4850012                    /usr/lib/x86_64-linux-gnu/libstdc++.so.6.0.19
7f9637a6f000-7f9637a84000 rw-p 00000000 00:00 0 
7f9637a84000-7f9638670000 r-xp 00000000 08:02 10223931                   /usr/lib/jvm/java-8-openjdk-amd64/jre/lib/amd64/server/libjvm.so
7f9638670000-7f9638870000 ---p 00bec000 08:02 10223931                   /usr/lib/jvm/java-8-openjdk-amd64/jre/lib/amd64/server/libjvm.so
7f9638870000-7f963890e000 r--p 00bec000 08:02 10223931                   /usr/lib/jvm/java-8-openjdk-amd64/jre/lib/amd64/server/libjvm.so
7f963890e000-7f9638937000 rw-p 00c8a000 08:02 10223931                   /usr/lib/jvm/java-8-openjdk-amd64/jre/lib/amd64/server/libjvm.so
7f9638937000-7f9638967000 rw-p 00000000 00:00 0 
7f9638967000-7f9638980000 r-xp 00000000 08:02 4357884                    /lib/x86_64-linux-gnu/libpthread-2.19.so
7f9638980000-7f9638b7f000 ---p 00019000 08:02 4357884                    /lib/x86_64-linux-gnu/libpthread-2.19.so
7f9638b7f000-7f9638b80000 r--p 00018000 08:02 4357884                    /lib/x86_64-linux-gnu/libpthread-2.19.so
7f9638b80000-7f9638b81000 rw-p 00019000 08:02 4357884                    /lib/x86_64-linux-gnu/libpthread-2.19.so
7f9638b81000-7f9638b85000 rw-p 00000000 00:00 0 
7f9638b85000-7f9638b88000 r-xp 00000000 08:02 4357879                    /lib/x86_64-linux-gnu/libdl-2.19.so
7f9638b88000-7f9638d87000 ---p 00003000 08:02 4357879                    /lib/x86_64-linux-gnu/libdl-2.19.so
7f9638d87000-7f9638d88000 r--p 00002000 08:02 4357879                    /lib/x86_64-linux-gnu/libdl-2.19.so
7f9638d88000-7f9638d89000 rw-p 00003000 08:02 4357879                    /lib/x86_64-linux-gnu/libdl-2.19.so
7f9638d89000-7f9638da1000 r-xp 00000000 08:02 4329561                    /lib/x86_64-linux-gnu/libz.so.1.2.8
7f9638da1000-7f9638fa0000 ---p 00018000 08:02 4329561                    /lib/x86_64-linux-gnu/libz.so.1.2.8
7f9638fa0000-7f9638fa1000 r--p 00017000 08:02 4329561                    /lib/x86_64-linux-gnu/libz.so.1.2.8
7f9638fa1000-7f9638fa2000 rw-p 00018000 08:02 4329561                    /lib/x86_64-linux-gnu/libz.so.1.2.8
7f9638fa2000-7f963915d000 r-xp 00000000 08:02 4357892                    /lib/x86_64-linux-gnu/libc-2.19.so
7f963915d000-7f963935c000 ---p 001bb000 08:02 4357892                    /lib/x86_64-linux-gnu/libc-2.19.so
7f963935c000-7f9639360000 r--p 001ba000 08:02 4357892                    /lib/x86_64-linux-gnu/libc-2.19.so
7f9639360000-7f9639362000 rw-p 001be000 08:02 4357892                    /lib/x86_64-linux-gnu/libc-2.19.so
7f9639362000-7f9639367000 rw-p 00000000 00:00 0 
7f9639367000-7f9639374000 r-xp 00000000 08:02 10223946                   /usr/lib/jvm/java-8-openjdk-amd64/jre/lib/amd64/jli/libjli.so
7f9639374000-7f9639574000 ---p 0000d000 08:02 10223946                   /usr/lib/jvm/java-8-openjdk-amd64/jre/lib/amd64/jli/libjli.so
7f9639574000-7f9639575000 r--p 0000d000 08:02 10223946                   /usr/lib/jvm/java-8-openjdk-amd64/jre/lib/amd64/jli/libjli.so
7f9639575000-7f9639576000 rw-p 0000e000 08:02 10223946                   /usr/lib/jvm/java-8-openjdk-amd64/jre/lib/amd64/jli/libjli.so
7f9639576000-7f9639599000 r-xp 00000000 08:02 4357885                    /lib/x86_64-linux-gnu/ld-2.19.so
7f9639599000-7f963959a000 r--s 000fa000 08:02 2375101                    /home/tookuk/.gradle/caches/modules-2/files-2.1/com.badlogicgames.gdx/gdx-box2d-platform/1.7.1/6c9c371807914fcf8b354bb51ab67af2a4fda2dc/gdx-box2d-platform-1.7.1-natives-desktop.jar
7f963959a000-7f963959b000 r--s 000d2000 08:02 2375051                    /home/tookuk/.gradle/caches/modules-2/files-2.1/com.badlogicgames.gdx/gdx-platform/1.7.1/5cf3464f2b86da3534f6f5e3020bc303db3c4202/gdx-platform-1.7.1-natives-desktop.jar
7f963959b000-7f963959d000 r--s 00010000 08:02 2374270                    /home/tookuk/.gradle/caches/modules-2/files-2.1/com.badlogicgames.gdx/gdx-box2d/1.7.1/fd23897393900f8f888222795e3229eff600fb3d/gdx-box2d-1.7.1.jar
7f963959d000-7f963959e000 r--s 0000a000 08:02 10223975                   /usr/lib/jvm/java-8-openjdk-amd64/jre/lib/ext/jaccess.jar
7f963959e000-7f96395a0000 r--s 00001000 08:02 10223972                   /usr/lib/jvm/java-8-openjdk-amd64/jre/lib/ext/dnsns.jar
7f96395a0000-7f96395a4000 r--s 00037000 08:02 10223980                   /usr/lib/jvm/java-8-openjdk-amd64/jre/lib/ext/sunpkcs11.jar
7f96395a4000-7f963966f000 rw-p 00000000 00:00 0 
7f963966f000-7f9639672000 ---p 00000000 00:00 0 
7f9639672000-7f9639775000 rw-p 00000000 00:00 0                          [stack:6299]
7f9639775000-7f9639778000 r--s 0000f000 08:02 10223978                   /usr/lib/jvm/java-8-openjdk-amd64/jre/lib/ext/icedtea-sound.jar
7f9639778000-7f9639779000 r--s 00008000 08:02 10223974                   /usr/lib/jvm/java-8-openjdk-amd64/jre/lib/ext/sunec.jar
7f9639779000-7f963977a000 r--s 00010000 08:02 10223976                   /usr/lib/jvm/java-8-openjdk-amd64/jre/lib/ext/zipfs.jar
7f963977a000-7f9639784000 r--s 00116000 08:02 10223979                   /usr/lib/jvm/java-8-openjdk-amd64/jre/lib/ext/localedata.jar
7f9639784000-7f9639786000 r--s 00006000 08:02 5250933                    /usr/share/java/java-atk-wrapper.jar
7f9639786000-7f963978c000 r--s 0003a000 08:02 10223977                   /usr/lib/jvm/java-8-openjdk-amd64/jre/lib/ext/sunjce_provider.jar
7f963978c000-7f9639794000 rw-s 00000000 08:02 2361987                    /tmp/hsperfdata_tookuk/6294
7f9639794000-7f9639795000 rw-p 00000000 00:00 0 
7f9639795000-7f9639796000 r--p 00000000 00:00 0 
7f9639796000-7f9639798000 rw-p 00000000 00:00 0 
7f9639798000-7f9639799000 r--p 00022000 08:02 4357885                    /lib/x86_64-linux-gnu/ld-2.19.so
7f9639799000-7f963979a000 rw-p 00023000 08:02 4357885                    /lib/x86_64-linux-gnu/ld-2.19.so
7f963979a000-7f963979b000 rw-p 00000000 00:00 0 
7ffd4d277000-7ffd4d299000 rw-p 00000000 00:00 0                          [stack]
7ffd4d32f000-7ffd4d331000 r-xp 00000000 00:00 0                          [vdso]
ffffffffff600000-ffffffffff601000 r-xp 00000000 00:00 0                  [vsyscall]

VM Arguments:
jvm_args: -Dfile.encoding=UTF-8 
java_command: ru.wtf.desktop.DesktopLauncher
java_class_path (initial): /home/tookuk/eclipseWorkspace/tryGame/desktop/bin:/home/tookuk/eclipseWorkspace/tryGame/core/bin:/home/tookuk/.gradle/caches/modules-2/files-2.1/com.badlogicgames.gdx/gdx/1.7.1/2179cc613447c297623a4a6d2ba6692c3aaff804/gdx-1.7.1.jar:/home/tookuk/.gradle/caches/modules-2/files-2.1/com.badlogicgames.gdx/gdx-box2d/1.7.1/fd23897393900f8f888222795e3229eff600fb3d/gdx-box2d-1.7.1.jar:/home/tookuk/.gradle/caches/modules-2/files-2.1/com.badlogicgames.gdx/gdx-backend-lwjgl/1.7.1/d4531b364d1c2513cb99e7bdd9515ae317007cf5/gdx-backend-lwjgl-1.7.1.jar:/home/tookuk/.gradle/caches/modules-2/files-2.1/com.badlogicgames.gdx/gdx-platform/1.7.1/5cf3464f2b86da3534f6f5e3020bc303db3c4202/gdx-platform-1.7.1-natives-desktop.jar:/home/tookuk/.gradle/caches/modules-2/files-2.1/com.badlogicgames.gdx/gdx-box2d-platform/1.7.1/6c9c371807914fcf8b354bb51ab67af2a4fda2dc/gdx-box2d-platform-1.7.1-natives-desktop.jar:/home/tookuk/.gradle/caches/modules-2/files-2.1/org.lwjgl.lwjgl/lwjgl/2.9.2/a9d80fe5935c7a9149f6584d9777cfd471f65489/lwjgl-2.9.2.jar:/home/tookuk/.gradle/caches/modules-2/files-2.1/org.lwjgl.lwjgl/lwjgl_util/2.9.2/4b9e37300a87799856e0bd15ed81663cdb6b0947/lwjgl_util-2.9.2.jar:/home/tookuk/.gradle/caches/modules-2/files-2.1/com.badlogicgames.jlayer/jlayer/1.0.1-gdx/7cca83cec5c1b2f011362f4d85aabd71a73b049d/jlayer-1.0.1-gdx.jar:/home/tookuk/.gradle/caches/modules-2/files-2.1/org.jcraft/jorbis/0.0.17/8872d22b293e8f5d7d56ff92be966e6dc28ebdc6/jorbis-0.0.17.jar:/home/tookuk/.gradle/caches/modules-2/files-2.1/org.lwjgl.lwjgl/lwjgl-platform/2.9.2/510c7d317f5e9e700b9cfaac5fd38bdebf0702e0/lwjgl-platform-2.9.2-natives-windows.jar:/home/tookuk/.gradle/caches/modules-2/files-2.1/org.lwjgl.lwjgl/lwjgl-platform/2.9.2/d276cdf61fe2b516c7b7f4aa1b8dea91dbdc8d56/lwjgl-platform-2.9.2-natives-linux.jar:/home/tookuk/.gradle/caches/modules-2/files-2.1/org.lwjgl.lwjgl/lwjgl-platform/2.9.2/d55b46b40b40249d627a83a7f7f22649709d70c3/lwjgl-platform-2.9.2-natives-osx.jar:/home/tookuk/.gradle/cac
Launcher Type: SUN_STANDARD

Environment Variables:
JAVA_HOME=/usr/lib/jvm/java-8-openjdk-amd64
PATH=/usr/local/sbin:/usr/local/bin:/usr/sbin:/usr/bin:/sbin:/bin:/usr/games:/usr/local/games:/home/tookuk/bin:/usr/lib/jvm/java-8-openjdk-amd64/bin
SHELL=/bin/bash
DISPLAY=:0

Signal Handlers:
SIGSEGV: [libjvm.so+0x9f42a0], sa_mask[0]=11111111011111111101111111111110, sa_flags=SA_RESTART|SA_SIGINFO
SIGBUS: [libjvm.so+0x9f42a0], sa_mask[0]=11111111011111111101111111111110, sa_flags=SA_RESTART|SA_SIGINFO
SIGFPE: [libjvm.so+0x8558d0], sa_mask[0]=11111111011111111101111111111110, sa_flags=SA_RESTART|SA_SIGINFO
SIGPIPE: [libjvm.so+0x8558d0], sa_mask[0]=11111111011111111101111111111110, sa_flags=SA_RESTART|SA_SIGINFO
SIGXFSZ: [libjvm.so+0x8558d0], sa_mask[0]=11111111011111111101111111111110, sa_flags=SA_RESTART|SA_SIGINFO
SIGILL: [libjvm.so+0x8558d0], sa_mask[0]=11111111011111111101111111111110, sa_flags=SA_RESTART|SA_SIGINFO
SIGUSR1: SIG_DFL, sa_mask[0]=00000000000000000000000000000000, sa_flags=none
SIGUSR2: [libjvm.so+0x8557a0], sa_mask[0]=00100000000000000000000000000000, sa_flags=SA_RESTART|SA_SIGINFO
SIGHUP: [libjvm.so+0x855990], sa_mask[0]=11111111011111111101111111111110, sa_flags=SA_RESTART|SA_SIGINFO
SIGINT: [libjvm.so+0x855990], sa_mask[0]=11111111011111111101111111111110, sa_flags=SA_RESTART|SA_SIGINFO
SIGTERM: [libjvm.so+0x855990], sa_mask[0]=11111111011111111101111111111110, sa_flags=SA_RESTART|SA_SIGINFO
SIGQUIT: [libjvm.so+0x855990], sa_mask[0]=11111111011111111101111111111110, sa_flags=SA_RESTART|SA_SIGINFO


---------------  S Y S T E M  ---------------

OS:DISTRIB_ID=Ubuntu
DISTRIB_RELEASE=14.04
DISTRIB_CODENAME=trusty
DISTRIB_DESCRIPTION="Ubuntu 14.04.4 LTS"

uname:Linux 3.13.0-83-generic #127-Ubuntu SMP Fri Mar 11 00:25:37 UTC 2016 x86_64
libc:glibc 2.19 NPTL 2.19 
rlimit: STACK 8192k, CORE 0k, NPROC 63601, NOFILE 4096, AS infinity
load average:2,73 1,18 0,64

/proc/meminfo:
MemTotal:        8172168 kB
MemFree:         3174608 kB
Buffers:          597256 kB
Cached:          1477372 kB
SwapCached:            0 kB
Active:          3160824 kB
Inactive:        1245116 kB
Active(anon):    2333928 kB
Inactive(anon):   117420 kB
Active(file):     826896 kB
Inactive(file):  1127696 kB
Unevictable:          48 kB
Mlocked:              48 kB
SwapTotal:             0 kB
SwapFree:              0 kB
Dirty:               336 kB
Writeback:             0 kB
AnonPages:       2331388 kB
Mapped:           440844 kB
Shmem:            120040 kB
Slab:             387264 kB
SReclaimable:     349288 kB
SUnreclaim:        37976 kB
KernelStack:        4712 kB
PageTables:        41604 kB
NFS_Unstable:          0 kB
Bounce:                0 kB
WritebackTmp:          0 kB
CommitLimit:     4086084 kB
Committed_AS:    6781952 kB
VmallocTotal:   34359738367 kB
VmallocUsed:      119796 kB
VmallocChunk:   34359614588 kB
HardwareCorrupted:     0 kB
AnonHugePages:   1060864 kB
HugePages_Total:       0
HugePages_Free:        0
HugePages_Rsvd:        0
HugePages_Surp:        0
Hugepagesize:       2048 kB
DirectMap4k:      237440 kB
DirectMap2M:     8146944 kB


CPU:total 4 (4 cores per cpu, 1 threads per core) family 6 model 30 stepping 5, cmov, cx8, fxsr, mmx, sse, sse2, sse3, ssse3, sse4.1, sse4.2, popcnt, tsc, tscinvbit

/proc/cpuinfo:
processor	: 0
vendor_id	: GenuineIntel
cpu family	: 6
model		: 30
model name	: Intel(R) Core(TM) i5 CPU         760  @ 2.80GHz
stepping	: 5
microcode	: 0x3
cpu MHz		: 2926.000
cache size	: 8192 KB
physical id	: 0
siblings	: 4
core id		: 0
cpu cores	: 4
apicid		: 0
initial apicid	: 0
fpu		: yes
fpu_exception	: yes
cpuid level	: 11
wp		: yes
flags		: fpu vme de pse tsc msr pae mce cx8 apic sep mtrr pge mca cmov pat pse36 clflush dts acpi mmx fxsr sse sse2 ss ht tm pbe syscall nx rdtscp lm constant_tsc arch_perfmon pebs bts rep_good nopl xtopology nonstop_tsc aperfmperf pni dtes64 monitor ds_cpl vmx smx est tm2 ssse3 cx16 xtpr pdcm sse4_1 sse4_2 popcnt lahf_lm ida dtherm tpr_shadow vnmi flexpriority ept vpid
bogomips	: 5596.13
clflush size	: 64
cache_alignment	: 64
address sizes	: 36 bits physical, 48 bits virtual
power management:

processor	: 1
vendor_id	: GenuineIntel
cpu family	: 6
model		: 30
model name	: Intel(R) Core(TM) i5 CPU         760  @ 2.80GHz
stepping	: 5
microcode	: 0x3
cpu MHz		: 1330.000
cache size	: 8192 KB
physical id	: 0
siblings	: 4
core id		: 1
cpu cores	: 4
apicid		: 2
initial apicid	: 2
fpu		: yes
fpu_exception	: yes
cpuid level	: 11
wp		: yes
flags		: fpu vme de pse tsc msr pae mce cx8 apic sep mtrr pge mca cmov pat pse36 clflush dts acpi mmx fxsr sse sse2 ss ht tm pbe syscall nx rdtscp lm constant_tsc arch_perfmon pebs bts rep_good nopl xtopology nonstop_tsc aperfmperf pni dtes64 monitor ds_cpl vmx smx est tm2 ssse3 cx16 xtpr pdcm sse4_1 sse4_2 popcnt lahf_lm ida dtherm tpr_shadow vnmi flexpriority ept vpid
bogomips	: 5596.13
clflush size	: 64
cache_alignment	: 64
address sizes	: 36 bits physical, 48 bits virtual
power management:

processor	: 2
vendor_id	: GenuineIntel
cpu family	: 6
model		: 30
model name	: Intel(R) Core(TM) i5 CPU         760  @ 2.80GHz
stepping	: 5
microcode	: 0x3
cpu MHz		: 1197.000
cache size	: 8192 KB
physical id	: 0
siblings	: 4
core id		: 2
cpu cores	: 4
apicid		: 4
initial apicid	: 4
fpu		: yes
fpu_exception	: yes
cpuid level	: 11
wp		: yes
flags		: fpu vme de pse tsc msr pae mce cx8 apic sep mtrr pge mca cmov pat pse36 clflush dts acpi mmx fxsr sse sse2 ss ht tm pbe syscall nx rdtscp lm constant_tsc arch_perfmon pebs bts rep_good nopl xtopology nonstop_tsc aperfmperf pni dtes64 monitor ds_cpl vmx smx est tm2 ssse3 cx16 xtpr pdcm sse4_1 sse4_2 popcnt lahf_lm ida dtherm tpr_shadow vnmi flexpriority ept vpid
bogomips	: 5596.13
clflush size	: 64
cache_alignment	: 64
address sizes	: 36 bits physical, 48 bits virtual
power management:

processor	: 3
vendor_id	: GenuineIntel
cpu family	: 6
model		: 30
model name	: Intel(R) Core(TM) i5 CPU         760  @ 2.80GHz
stepping	: 5
microcode	: 0x3
cpu MHz		: 1330.000
cache size	: 8192 KB
physical id	: 0
siblings	: 4
core id		: 3
cpu cores	: 4
apicid		: 6
initial apicid	: 6
fpu		: yes
fpu_exception	: yes
cpuid level	: 11
wp		: yes
flags		: fpu vme de pse tsc msr pae mce cx8 apic sep mtrr pge mca cmov pat pse36 clflush dts acpi mmx fxsr sse sse2 ss ht tm pbe syscall nx rdtscp lm constant_tsc arch_perfmon pebs bts rep_good nopl xtopology nonstop_tsc aperfmperf pni dtes64 monitor ds_cpl vmx smx est tm2 ssse3 cx16 xtpr pdcm sse4_1 sse4_2 popcnt lahf_lm ida dtherm tpr_shadow vnmi flexpriority ept vpid
bogomips	: 5596.13
clflush size	: 64
cache_alignment	: 64
address sizes	: 36 bits physical, 48 bits virtual
power management:



Memory: 4k page, physical 8172168k(3174608k free), swap 0k(0k free)

vm_info: OpenJDK 64-Bit Server VM (25.72-b15) for linux-amd64 JRE (1.8.0_72-internal-b15), built on Jan 28 2016 23:42:34 by "buildd" with gcc 4.8.2

time: Mon Mar 21 22:05:39 2016
elapsed time: 26 seconds (0d 0h 0m 26s)

